ERROR - 2023-09-12 04:32:24 --> mysqli_sql_exception: Column 'status_id' cannot be null in C:\xampp\htdocs\isms-project\vendor\codeigniter4\framework\system\Database\MySQLi\Connection.php:295
Stack trace:
#0 C:\xampp\htdocs\isms-project\vendor\codeigniter4\framework\system\Database\MySQLi\Connection.php(295): mysqli->query('INSERT INTO `ti...', 0)
#1 C:\xampp\htdocs\isms-project\vendor\codeigniter4\framework\system\Database\BaseConnection.php(692): CodeIgniter\Database\MySQLi\Connection->execute('INSERT INTO `ti...')
#2 C:\xampp\htdocs\isms-project\vendor\codeigniter4\framework\system\Database\BaseConnection.php(606): CodeIgniter\Database\BaseConnection->simpleQuery('INSERT INTO `ti...')
#3 C:\xampp\htdocs\isms-project\vendor\codeigniter4\framework\system\Database\BaseBuilder.php(2309): CodeIgniter\Database\BaseConnection->query('INSERT INTO `ti...', Array, false)
#4 C:\xampp\htdocs\isms-project\vendor\codeigniter4\framework\system\Model.php(330): CodeIgniter\Database\BaseBuilder->insert()
#5 C:\xampp\htdocs\isms-project\vendor\codeigniter4\framework\system\BaseModel.php(782): CodeIgniter\Model->doInsert(Array)
#6 C:\xampp\htdocs\isms-project\vendor\codeigniter4\framework\system\Model.php(730): CodeIgniter\BaseModel->insert(Array, false)
#7 C:\xampp\htdocs\isms-project\vendor\codeigniter4\framework\system\BaseModel.php(692): CodeIgniter\Model->insert(Array, false)
#8 C:\xampp\htdocs\isms-project\app\Controllers\InterestedController.php(89): CodeIgniter\BaseModel->save(Array)
#9 C:\xampp\htdocs\isms-project\vendor\codeigniter4\framework\system\CodeIgniter.php(932): App\Controllers\InterestedController->store('2')
#10 C:\xampp\htdocs\isms-project\vendor\codeigniter4\framework\system\CodeIgniter.php(497): CodeIgniter\CodeIgniter->runController(Object(App\Controllers\InterestedController))
#11 C:\xampp\htdocs\isms-project\vendor\codeigniter4\framework\system\CodeIgniter.php(366): CodeIgniter\CodeIgniter->handleRequest(NULL, Object(Config\Cache), false)
#12 C:\xampp\htdocs\isms-project\index.php(67): CodeIgniter\CodeIgniter->run()
#13 {main}
CRITICAL - 2023-09-12 04:32:24 --> Column 'status_id' cannot be null
in SYSTEMPATH\Database\MySQLi\Connection.php on line 295.
 1 SYSTEMPATH\Database\MySQLi\Connection.php(295): mysqli->query('INSERT INTO `timeline_log` (`text_timeline`, `type_timeline`, `status_id`, `id_note`, `id_user`) VALUES (\'jirayut bandit Modified on Interested Party\', 1, NULL, NULL, \'1\')', 0)
 2 SYSTEMPATH\Database\BaseConnection.php(692): CodeIgniter\Database\MySQLi\Connection->execute('INSERT INTO `timeline_log` (`text_timeline`, `type_timeline`, `status_id`, `id_note`, `id_user`) VALUES (\'jirayut bandit Modified on Interested Party\', 1, NULL, NULL, \'1\')')
 3 SYSTEMPATH\Database\BaseConnection.php(606): CodeIgniter\Database\BaseConnection->simpleQuery('INSERT INTO `timeline_log` (`text_timeline`, `type_timeline`, `status_id`, `id_note`, `id_user`) VALUES (\'jirayut bandit Modified on Interested Party\', 1, NULL, NULL, \'1\')')
 4 SYSTEMPATH\Database\BaseBuilder.php(2309): CodeIgniter\Database\BaseConnection->query('INSERT INTO `timeline_log` (`text_timeline`, `type_timeline`, `status_id`, `id_note`, `id_user`) VALUES (:text_timeline:, :type_timeline:, :status_id:, :id_note:, :id_user:)', [...], false)
 5 SYSTEMPATH\Model.php(330): CodeIgniter\Database\BaseBuilder->insert()
 6 SYSTEMPATH\BaseModel.php(782): CodeIgniter\Model->doInsert([...])
 7 SYSTEMPATH\Model.php(730): CodeIgniter\BaseModel->insert([...], false)
 8 SYSTEMPATH\BaseModel.php(692): CodeIgniter\Model->insert([...], false)
 9 APPPATH\Controllers\InterestedController.php(89): CodeIgniter\BaseModel->save([...])
10 SYSTEMPATH\CodeIgniter.php(932): App\Controllers\InterestedController->store('2')
11 SYSTEMPATH\CodeIgniter.php(497): CodeIgniter\CodeIgniter->runController(Object(App\Controllers\InterestedController))
12 SYSTEMPATH\CodeIgniter.php(366): CodeIgniter\CodeIgniter->handleRequest(null, Object(Config\Cache), false)
13 FCPATH\index.php(67): CodeIgniter\CodeIgniter->run()
CRITICAL - 2023-09-12 07:08:25 --> Undefined variable $url
in APPPATH\Views\timeline.php on line 29.
 1 APPPATH\Views\timeline.php(29): CodeIgniter\Debug\Exceptions->errorHandler(2, 'Undefined variable $url', 'C:\\xampp\\htdocs\\isms-project\\app\\Views\\timeline.php', 29)
 2 SYSTEMPATH\View\View.php(224): include('C:\\xampp\\htdocs\\isms-project\\app\\Views\\timeline.php')
 3 SYSTEMPATH\View\View.php(227): CodeIgniter\View\View->CodeIgniter\View\{closure}()
 4 SYSTEMPATH\Common.php(1180): CodeIgniter\View\View->render('timeline', [], true)
 5 APPPATH\Controllers\TimelineController.php(22): view('timeline', [...])
 6 SYSTEMPATH\CodeIgniter.php(932): App\Controllers\TimelineController->index('2', '2')
 7 SYSTEMPATH\CodeIgniter.php(497): CodeIgniter\CodeIgniter->runController(Object(App\Controllers\TimelineController))
 8 SYSTEMPATH\CodeIgniter.php(366): CodeIgniter\CodeIgniter->handleRequest(null, Object(Config\Cache), false)
 9 FCPATH\index.php(67): CodeIgniter\CodeIgniter->run()
CRITICAL - 2023-09-12 07:08:40 --> Undefined variable $url
in APPPATH\Views\timeline.php on line 29.
 1 APPPATH\Views\timeline.php(29): CodeIgniter\Debug\Exceptions->errorHandler(2, 'Undefined variable $url', 'C:\\xampp\\htdocs\\isms-project\\app\\Views\\timeline.php', 29)
 2 SYSTEMPATH\View\View.php(224): include('C:\\xampp\\htdocs\\isms-project\\app\\Views\\timeline.php')
 3 SYSTEMPATH\View\View.php(227): CodeIgniter\View\View->CodeIgniter\View\{closure}()
 4 SYSTEMPATH\Common.php(1180): CodeIgniter\View\View->render('timeline', [], true)
 5 APPPATH\Controllers\TimelineController.php(22): view('timeline', [...])
 6 SYSTEMPATH\CodeIgniter.php(932): App\Controllers\TimelineController->index('2', '2')
 7 SYSTEMPATH\CodeIgniter.php(497): CodeIgniter\CodeIgniter->runController(Object(App\Controllers\TimelineController))
 8 SYSTEMPATH\CodeIgniter.php(366): CodeIgniter\CodeIgniter->handleRequest(null, Object(Config\Cache), false)
 9 FCPATH\index.php(67): CodeIgniter\CodeIgniter->run()
