CRITICAL - 2023-07-24 04:30:28 --> Undefined array key "id_interestednal_issues"
in APPPATH\Views\Database\context_description.php on line 191.
 1 APPPATH\Views\Database\context_description.php(191): CodeIgniter\Debug\Exceptions->errorHandler(2, 'Undefined array key "id_interestednal_issues"', 'C:\\xampp\\htdocs\\isms-project\\app\\Views\\Database\\context_description.php', 191)
 2 SYSTEMPATH\View\View.php(224): include('C:\\xampp\\htdocs\\isms-project\\app\\Views\\Database\\context_description.php')
 3 SYSTEMPATH\View\View.php(227): CodeIgniter\View\View->CodeIgniter\View\{closure}()
 4 SYSTEMPATH\Common.php(1180): CodeIgniter\View\View->render('database/context_description', [], true)
 5 APPPATH\Controllers\Context_DesController.php(37): view('database/context_description', [...])
 6 SYSTEMPATH\CodeIgniter.php(932): App\Controllers\Context_DesController->index()
 7 SYSTEMPATH\CodeIgniter.php(497): CodeIgniter\CodeIgniter->runController(Object(App\Controllers\Context_DesController))
 8 SYSTEMPATH\CodeIgniter.php(366): CodeIgniter\CodeIgniter->handleRequest(null, Object(Config\Cache), false)
 9 FCPATH\index.php(67): CodeIgniter\CodeIgniter->run()
CRITICAL - 2023-07-24 04:31:34 --> Undefined array key "id_id_interested_issues_issues"
in APPPATH\Views\Database\context_description.php on line 191.
 1 APPPATH\Views\Database\context_description.php(191): CodeIgniter\Debug\Exceptions->errorHandler(2, 'Undefined array key "id_id_interested_issues_issues"', 'C:\\xampp\\htdocs\\isms-project\\app\\Views\\Database\\context_description.php', 191)
 2 SYSTEMPATH\View\View.php(224): include('C:\\xampp\\htdocs\\isms-project\\app\\Views\\Database\\context_description.php')
 3 SYSTEMPATH\View\View.php(227): CodeIgniter\View\View->CodeIgniter\View\{closure}()
 4 SYSTEMPATH\Common.php(1180): CodeIgniter\View\View->render('database/context_description', [], true)
 5 APPPATH\Controllers\Context_DesController.php(37): view('database/context_description', [...])
 6 SYSTEMPATH\CodeIgniter.php(932): App\Controllers\Context_DesController->index()
 7 SYSTEMPATH\CodeIgniter.php(497): CodeIgniter\CodeIgniter->runController(Object(App\Controllers\Context_DesController))
 8 SYSTEMPATH\CodeIgniter.php(366): CodeIgniter\CodeIgniter->handleRequest(null, Object(Config\Cache), false)
 9 FCPATH\index.php(67): CodeIgniter\CodeIgniter->run()
CRITICAL - 2023-07-24 04:31:44 --> Undefined array key "id_id_interested_issues_issues"
in APPPATH\Views\Database\context_description.php on line 191.
 1 APPPATH\Views\Database\context_description.php(191): CodeIgniter\Debug\Exceptions->errorHandler(2, 'Undefined array key "id_id_interested_issues_issues"', 'C:\\xampp\\htdocs\\isms-project\\app\\Views\\Database\\context_description.php', 191)
 2 SYSTEMPATH\View\View.php(224): include('C:\\xampp\\htdocs\\isms-project\\app\\Views\\Database\\context_description.php')
 3 SYSTEMPATH\View\View.php(227): CodeIgniter\View\View->CodeIgniter\View\{closure}()
 4 SYSTEMPATH\Common.php(1180): CodeIgniter\View\View->render('database/context_description', [], true)
 5 APPPATH\Controllers\Context_DesController.php(37): view('database/context_description', [...])
 6 SYSTEMPATH\CodeIgniter.php(932): App\Controllers\Context_DesController->index()
 7 SYSTEMPATH\CodeIgniter.php(497): CodeIgniter\CodeIgniter->runController(Object(App\Controllers\Context_DesController))
 8 SYSTEMPATH\CodeIgniter.php(366): CodeIgniter\CodeIgniter->handleRequest(null, Object(Config\Cache), false)
 9 FCPATH\index.php(67): CodeIgniter\CodeIgniter->run()
ERROR - 2023-07-24 04:36:44 --> mysqli_sql_exception: Unknown column 'interested_issues_table.id_interested_party' in 'on clause' in C:\xampp\htdocs\isms-project\vendor\codeigniter4\framework\system\Database\MySQLi\Connection.php:295
Stack trace:
#0 C:\xampp\htdocs\isms-project\vendor\codeigniter4\framework\system\Database\MySQLi\Connection.php(295): mysqli->query('SELECT *, GROUP...', 0)
#1 C:\xampp\htdocs\isms-project\vendor\codeigniter4\framework\system\Database\BaseConnection.php(692): CodeIgniter\Database\MySQLi\Connection->execute('SELECT *, GROUP...')
#2 C:\xampp\htdocs\isms-project\vendor\codeigniter4\framework\system\Database\BaseConnection.php(606): CodeIgniter\Database\BaseConnection->simpleQuery('SELECT *, GROUP...')
#3 C:\xampp\htdocs\isms-project\vendor\codeigniter4\framework\system\Database\BaseBuilder.php(1616): CodeIgniter\Database\BaseConnection->query('SELECT *, GROUP...', Array, false)
#4 C:\xampp\htdocs\isms-project\app\Models\Interested_issuesModels.php(23): CodeIgniter\Database\BaseBuilder->get()
#5 C:\xampp\htdocs\isms-project\app\Controllers\Context_DesController.php(204): App\Models\Interested_issuesModels->getData_table('1', '1')
#6 C:\xampp\htdocs\isms-project\vendor\codeigniter4\framework\system\CodeIgniter.php(932): App\Controllers\Context_DesController->getdata_table('1', '1', '3')
#7 C:\xampp\htdocs\isms-project\vendor\codeigniter4\framework\system\CodeIgniter.php(497): CodeIgniter\CodeIgniter->runController(Object(App\Controllers\Context_DesController))
#8 C:\xampp\htdocs\isms-project\vendor\codeigniter4\framework\system\CodeIgniter.php(366): CodeIgniter\CodeIgniter->handleRequest(NULL, Object(Config\Cache), false)
#9 C:\xampp\htdocs\isms-project\index.php(67): CodeIgniter\CodeIgniter->run()
#10 {main}
CRITICAL - 2023-07-24 04:36:44 --> Unknown column 'interested_issues_table.id_interested_party' in 'on clause'
in SYSTEMPATH\Database\MySQLi\Connection.php on line 295.
 1 SYSTEMPATH\Database\MySQLi\Connection.php(295): mysqli->query('SELECT *, GROUP_CONCAT(interested_issues_table.activated) AS activated_issu, GROUP_CONCAT(interested_party_description_table.activated) AS activated_des, GROUP_CONCAT(interested_party_description_table.details) AS details_des, GROUP_CONCAT(interested_party_description_table.interested_party_description ) AS id, 3 AS `check`
FROM `interested_issues_table`
JOIN `interested_party_description_table` ON `interested_issues_table`.`id_interested_party` = `interested_party_description_table`.`id_interested_party`
JOIN `standard_table` ON `interested_party_description_table`.`standard_number` = `standard_table`.`id_standard`
WHERE `interested_party_description_table`.`id_interested_party` = \'1\'
AND `interested_party_description_table`.`standard_number` = \'1\'', 0)
 2 SYSTEMPATH\Database\BaseConnection.php(692): CodeIgniter\Database\MySQLi\Connection->execute('SELECT *, GROUP_CONCAT(interested_issues_table.activated) AS activated_issu, GROUP_CONCAT(interested_party_description_table.activated) AS activated_des, GROUP_CONCAT(interested_party_description_table.details) AS details_des, GROUP_CONCAT(interested_party_description_table.interested_party_description ) AS id, 3 AS `check`
FROM `interested_issues_table`
JOIN `interested_party_description_table` ON `interested_issues_table`.`id_interested_party` = `interested_party_description_table`.`id_interested_party`
JOIN `standard_table` ON `interested_party_description_table`.`standard_number` = `standard_table`.`id_standard`
WHERE `interested_party_description_table`.`id_interested_party` = \'1\'
AND `interested_party_description_table`.`standard_number` = \'1\'')
 3 SYSTEMPATH\Database\BaseConnection.php(606): CodeIgniter\Database\BaseConnection->simpleQuery('SELECT *, GROUP_CONCAT(interested_issues_table.activated) AS activated_issu, GROUP_CONCAT(interested_party_description_table.activated) AS activated_des, GROUP_CONCAT(interested_party_description_table.details) AS details_des, GROUP_CONCAT(interested_party_description_table.interested_party_description ) AS id, 3 AS `check`
FROM `interested_issues_table`
JOIN `interested_party_description_table` ON `interested_issues_table`.`id_interested_party` = `interested_party_description_table`.`id_interested_party`
JOIN `standard_table` ON `interested_party_description_table`.`standard_number` = `standard_table`.`id_standard`
WHERE `interested_party_description_table`.`id_interested_party` = \'1\'
AND `interested_party_description_table`.`standard_number` = \'1\'')
 4 SYSTEMPATH\Database\BaseBuilder.php(1616): CodeIgniter\Database\BaseConnection->query('SELECT *, GROUP_CONCAT(interested_issues_table.activated) AS activated_issu, GROUP_CONCAT(interested_party_description_table.activated) AS activated_des, GROUP_CONCAT(interested_party_description_table.details) AS details_des, GROUP_CONCAT(interested_party_description_table.interested_party_description ) AS id, 3 AS `check`
FROM `interested_issues_table`
JOIN `interested_party_description_table` ON `interested_issues_table`.`id_interested_party` = `interested_party_description_table`.`id_interested_party`
JOIN `standard_table` ON `interested_party_description_table`.`standard_number` = `standard_table`.`id_standard`
WHERE `interested_party_description_table`.`id_interested_party` = :interested_party_description_table.id_interested_party:
AND `interested_party_description_table`.`standard_number` = :interested_party_description_table.standard_number:', [...], false)
 5 APPPATH\Models\Interested_issuesModels.php(23): CodeIgniter\Database\BaseBuilder->get()
 6 APPPATH\Controllers\Context_DesController.php(204): App\Models\Interested_issuesModels->getData_table('1', '1')
 7 SYSTEMPATH\CodeIgniter.php(932): App\Controllers\Context_DesController->getdata_table('1', '1', '3')
 8 SYSTEMPATH\CodeIgniter.php(497): CodeIgniter\CodeIgniter->runController(Object(App\Controllers\Context_DesController))
 9 SYSTEMPATH\CodeIgniter.php(366): CodeIgniter\CodeIgniter->handleRequest(null, Object(Config\Cache), false)
10 FCPATH\index.php(67): CodeIgniter\CodeIgniter->run()
ERROR - 2023-07-24 04:36:56 --> mysqli_sql_exception: Unknown column 'interested_issues_table.id_interested_party' in 'on clause' in C:\xampp\htdocs\isms-project\vendor\codeigniter4\framework\system\Database\MySQLi\Connection.php:295
Stack trace:
#0 C:\xampp\htdocs\isms-project\vendor\codeigniter4\framework\system\Database\MySQLi\Connection.php(295): mysqli->query('SELECT *, GROUP...', 0)
#1 C:\xampp\htdocs\isms-project\vendor\codeigniter4\framework\system\Database\BaseConnection.php(692): CodeIgniter\Database\MySQLi\Connection->execute('SELECT *, GROUP...')
#2 C:\xampp\htdocs\isms-project\vendor\codeigniter4\framework\system\Database\BaseConnection.php(606): CodeIgniter\Database\BaseConnection->simpleQuery('SELECT *, GROUP...')
#3 C:\xampp\htdocs\isms-project\vendor\codeigniter4\framework\system\Database\BaseBuilder.php(1616): CodeIgniter\Database\BaseConnection->query('SELECT *, GROUP...', Array, false)
#4 C:\xampp\htdocs\isms-project\app\Models\Interested_issuesModels.php(23): CodeIgniter\Database\BaseBuilder->get()
#5 C:\xampp\htdocs\isms-project\app\Controllers\Context_DesController.php(204): App\Models\Interested_issuesModels->getData_table('1', '1')
#6 C:\xampp\htdocs\isms-project\vendor\codeigniter4\framework\system\CodeIgniter.php(932): App\Controllers\Context_DesController->getdata_table('1', '1', '3')
#7 C:\xampp\htdocs\isms-project\vendor\codeigniter4\framework\system\CodeIgniter.php(497): CodeIgniter\CodeIgniter->runController(Object(App\Controllers\Context_DesController))
#8 C:\xampp\htdocs\isms-project\vendor\codeigniter4\framework\system\CodeIgniter.php(366): CodeIgniter\CodeIgniter->handleRequest(NULL, Object(Config\Cache), false)
#9 C:\xampp\htdocs\isms-project\index.php(67): CodeIgniter\CodeIgniter->run()
#10 {main}
CRITICAL - 2023-07-24 04:36:56 --> Unknown column 'interested_issues_table.id_interested_party' in 'on clause'
in SYSTEMPATH\Database\MySQLi\Connection.php on line 295.
 1 SYSTEMPATH\Database\MySQLi\Connection.php(295): mysqli->query('SELECT *, GROUP_CONCAT(interested_issues_table.activated) AS activated_issu, GROUP_CONCAT(interested_party_description_table.activated) AS activated_des, GROUP_CONCAT(interested_party_description_table.details) AS details_des, GROUP_CONCAT(interested_party_description_table.interested_party_description ) AS id, 3 AS `check`
FROM `interested_issues_table`
JOIN `interested_party_description_table` ON `interested_issues_table`.`id_interested_party` = `interested_party_description_table`.`id_interested_party`
JOIN `standard_table` ON `interested_party_description_table`.`standard_number` = `standard_table`.`id_standard`
WHERE `interested_party_description_table`.`id_interested_party` = \'1\'
AND `interested_party_description_table`.`standard_number` = \'1\'', 0)
 2 SYSTEMPATH\Database\BaseConnection.php(692): CodeIgniter\Database\MySQLi\Connection->execute('SELECT *, GROUP_CONCAT(interested_issues_table.activated) AS activated_issu, GROUP_CONCAT(interested_party_description_table.activated) AS activated_des, GROUP_CONCAT(interested_party_description_table.details) AS details_des, GROUP_CONCAT(interested_party_description_table.interested_party_description ) AS id, 3 AS `check`
FROM `interested_issues_table`
JOIN `interested_party_description_table` ON `interested_issues_table`.`id_interested_party` = `interested_party_description_table`.`id_interested_party`
JOIN `standard_table` ON `interested_party_description_table`.`standard_number` = `standard_table`.`id_standard`
WHERE `interested_party_description_table`.`id_interested_party` = \'1\'
AND `interested_party_description_table`.`standard_number` = \'1\'')
 3 SYSTEMPATH\Database\BaseConnection.php(606): CodeIgniter\Database\BaseConnection->simpleQuery('SELECT *, GROUP_CONCAT(interested_issues_table.activated) AS activated_issu, GROUP_CONCAT(interested_party_description_table.activated) AS activated_des, GROUP_CONCAT(interested_party_description_table.details) AS details_des, GROUP_CONCAT(interested_party_description_table.interested_party_description ) AS id, 3 AS `check`
FROM `interested_issues_table`
JOIN `interested_party_description_table` ON `interested_issues_table`.`id_interested_party` = `interested_party_description_table`.`id_interested_party`
JOIN `standard_table` ON `interested_party_description_table`.`standard_number` = `standard_table`.`id_standard`
WHERE `interested_party_description_table`.`id_interested_party` = \'1\'
AND `interested_party_description_table`.`standard_number` = \'1\'')
 4 SYSTEMPATH\Database\BaseBuilder.php(1616): CodeIgniter\Database\BaseConnection->query('SELECT *, GROUP_CONCAT(interested_issues_table.activated) AS activated_issu, GROUP_CONCAT(interested_party_description_table.activated) AS activated_des, GROUP_CONCAT(interested_party_description_table.details) AS details_des, GROUP_CONCAT(interested_party_description_table.interested_party_description ) AS id, 3 AS `check`
FROM `interested_issues_table`
JOIN `interested_party_description_table` ON `interested_issues_table`.`id_interested_party` = `interested_party_description_table`.`id_interested_party`
JOIN `standard_table` ON `interested_party_description_table`.`standard_number` = `standard_table`.`id_standard`
WHERE `interested_party_description_table`.`id_interested_party` = :interested_party_description_table.id_interested_party:
AND `interested_party_description_table`.`standard_number` = :interested_party_description_table.standard_number:', [...], false)
 5 APPPATH\Models\Interested_issuesModels.php(23): CodeIgniter\Database\BaseBuilder->get()
 6 APPPATH\Controllers\Context_DesController.php(204): App\Models\Interested_issuesModels->getData_table('1', '1')
 7 SYSTEMPATH\CodeIgniter.php(932): App\Controllers\Context_DesController->getdata_table('1', '1', '3')
 8 SYSTEMPATH\CodeIgniter.php(497): CodeIgniter\CodeIgniter->runController(Object(App\Controllers\Context_DesController))
 9 SYSTEMPATH\CodeIgniter.php(366): CodeIgniter\CodeIgniter->handleRequest(null, Object(Config\Cache), false)
10 FCPATH\index.php(67): CodeIgniter\CodeIgniter->run()
ERROR - 2023-07-24 07:15:56 --> mysqli_sql_exception: Unknown column 'interested_party_description_table.id_interested_issues' in 'group statement' in C:\xampp\htdocs\isms-project\vendor\codeigniter4\framework\system\Database\MySQLi\Connection.php:295
Stack trace:
#0 C:\xampp\htdocs\isms-project\vendor\codeigniter4\framework\system\Database\MySQLi\Connection.php(295): mysqli->query('SELECT *, GROUP...', 0)
#1 C:\xampp\htdocs\isms-project\vendor\codeigniter4\framework\system\Database\BaseConnection.php(692): CodeIgniter\Database\MySQLi\Connection->execute('SELECT *, GROUP...')
#2 C:\xampp\htdocs\isms-project\vendor\codeigniter4\framework\system\Database\BaseConnection.php(606): CodeIgniter\Database\BaseConnection->simpleQuery('SELECT *, GROUP...')
#3 C:\xampp\htdocs\isms-project\vendor\codeigniter4\framework\system\Database\BaseBuilder.php(1616): CodeIgniter\Database\BaseConnection->query('SELECT *, GROUP...', Array, false)
#4 C:\xampp\htdocs\isms-project\app\Models\Interested_issuesModels.php(24): CodeIgniter\Database\BaseBuilder->get()
#5 C:\xampp\htdocs\isms-project\app\Controllers\Context_DesController.php(198): App\Models\Interested_issuesModels->getData_table('1', '1')
#6 C:\xampp\htdocs\isms-project\vendor\codeigniter4\framework\system\CodeIgniter.php(932): App\Controllers\Context_DesController->getdata_table('1', '1', '3')
#7 C:\xampp\htdocs\isms-project\vendor\codeigniter4\framework\system\CodeIgniter.php(497): CodeIgniter\CodeIgniter->runController(Object(App\Controllers\Context_DesController))
#8 C:\xampp\htdocs\isms-project\vendor\codeigniter4\framework\system\CodeIgniter.php(366): CodeIgniter\CodeIgniter->handleRequest(NULL, Object(Config\Cache), false)
#9 C:\xampp\htdocs\isms-project\index.php(67): CodeIgniter\CodeIgniter->run()
#10 {main}
CRITICAL - 2023-07-24 07:15:56 --> Unknown column 'interested_party_description_table.id_interested_issues' in 'group statement'
in SYSTEMPATH\Database\MySQLi\Connection.php on line 295.
 1 SYSTEMPATH\Database\MySQLi\Connection.php(295): mysqli->query('SELECT *, GROUP_CONCAT(interested_issues_table.activated) AS activated_issu, GROUP_CONCAT(interested_party_description_table.activated) AS activated_des, GROUP_CONCAT(interested_party_description_table.details) AS details_des, GROUP_CONCAT(interested_party_description_table.interested_party_description ) AS id, 3 AS `check`
FROM `interested_issues_table`
JOIN `interested_party_description_table` ON `interested_issues_table`.`id_interested_issues` = `interested_party_description_table`.`id_interested_party`
JOIN `standard_table` ON `interested_party_description_table`.`standard_number` = `standard_table`.`id_standard`
WHERE `interested_party_description_table`.`id_interested_party` = \'1\'
AND `interested_party_description_table`.`standard_number` = \'1\'
GROUP BY `interested_party_description_table`.`id_interested_issues`', 0)
 2 SYSTEMPATH\Database\BaseConnection.php(692): CodeIgniter\Database\MySQLi\Connection->execute('SELECT *, GROUP_CONCAT(interested_issues_table.activated) AS activated_issu, GROUP_CONCAT(interested_party_description_table.activated) AS activated_des, GROUP_CONCAT(interested_party_description_table.details) AS details_des, GROUP_CONCAT(interested_party_description_table.interested_party_description ) AS id, 3 AS `check`
FROM `interested_issues_table`
JOIN `interested_party_description_table` ON `interested_issues_table`.`id_interested_issues` = `interested_party_description_table`.`id_interested_party`
JOIN `standard_table` ON `interested_party_description_table`.`standard_number` = `standard_table`.`id_standard`
WHERE `interested_party_description_table`.`id_interested_party` = \'1\'
AND `interested_party_description_table`.`standard_number` = \'1\'
GROUP BY `interested_party_description_table`.`id_interested_issues`')
 3 SYSTEMPATH\Database\BaseConnection.php(606): CodeIgniter\Database\BaseConnection->simpleQuery('SELECT *, GROUP_CONCAT(interested_issues_table.activated) AS activated_issu, GROUP_CONCAT(interested_party_description_table.activated) AS activated_des, GROUP_CONCAT(interested_party_description_table.details) AS details_des, GROUP_CONCAT(interested_party_description_table.interested_party_description ) AS id, 3 AS `check`
FROM `interested_issues_table`
JOIN `interested_party_description_table` ON `interested_issues_table`.`id_interested_issues` = `interested_party_description_table`.`id_interested_party`
JOIN `standard_table` ON `interested_party_description_table`.`standard_number` = `standard_table`.`id_standard`
WHERE `interested_party_description_table`.`id_interested_party` = \'1\'
AND `interested_party_description_table`.`standard_number` = \'1\'
GROUP BY `interested_party_description_table`.`id_interested_issues`')
 4 SYSTEMPATH\Database\BaseBuilder.php(1616): CodeIgniter\Database\BaseConnection->query('SELECT *, GROUP_CONCAT(interested_issues_table.activated) AS activated_issu, GROUP_CONCAT(interested_party_description_table.activated) AS activated_des, GROUP_CONCAT(interested_party_description_table.details) AS details_des, GROUP_CONCAT(interested_party_description_table.interested_party_description ) AS id, 3 AS `check`
FROM `interested_issues_table`
JOIN `interested_party_description_table` ON `interested_issues_table`.`id_interested_issues` = `interested_party_description_table`.`id_interested_party`
JOIN `standard_table` ON `interested_party_description_table`.`standard_number` = `standard_table`.`id_standard`
WHERE `interested_party_description_table`.`id_interested_party` = :interested_party_description_table.id_interested_party:
AND `interested_party_description_table`.`standard_number` = :interested_party_description_table.standard_number:
GROUP BY `interested_party_description_table`.`id_interested_issues`', [...], false)
 5 APPPATH\Models\Interested_issuesModels.php(24): CodeIgniter\Database\BaseBuilder->get()
 6 APPPATH\Controllers\Context_DesController.php(198): App\Models\Interested_issuesModels->getData_table('1', '1')
 7 SYSTEMPATH\CodeIgniter.php(932): App\Controllers\Context_DesController->getdata_table('1', '1', '3')
 8 SYSTEMPATH\CodeIgniter.php(497): CodeIgniter\CodeIgniter->runController(Object(App\Controllers\Context_DesController))
 9 SYSTEMPATH\CodeIgniter.php(366): CodeIgniter\CodeIgniter->handleRequest(null, Object(Config\Cache), false)
10 FCPATH\index.php(67): CodeIgniter\CodeIgniter->run()
ERROR - 2023-07-24 07:16:00 --> mysqli_sql_exception: Unknown column 'interested_party_description_table.id_interested_issues' in 'group statement' in C:\xampp\htdocs\isms-project\vendor\codeigniter4\framework\system\Database\MySQLi\Connection.php:295
Stack trace:
#0 C:\xampp\htdocs\isms-project\vendor\codeigniter4\framework\system\Database\MySQLi\Connection.php(295): mysqli->query('SELECT *, GROUP...', 0)
#1 C:\xampp\htdocs\isms-project\vendor\codeigniter4\framework\system\Database\BaseConnection.php(692): CodeIgniter\Database\MySQLi\Connection->execute('SELECT *, GROUP...')
#2 C:\xampp\htdocs\isms-project\vendor\codeigniter4\framework\system\Database\BaseConnection.php(606): CodeIgniter\Database\BaseConnection->simpleQuery('SELECT *, GROUP...')
#3 C:\xampp\htdocs\isms-project\vendor\codeigniter4\framework\system\Database\BaseBuilder.php(1616): CodeIgniter\Database\BaseConnection->query('SELECT *, GROUP...', Array, false)
#4 C:\xampp\htdocs\isms-project\app\Models\Interested_issuesModels.php(24): CodeIgniter\Database\BaseBuilder->get()
#5 C:\xampp\htdocs\isms-project\app\Controllers\Context_DesController.php(198): App\Models\Interested_issuesModels->getData_table('1', '1')
#6 C:\xampp\htdocs\isms-project\vendor\codeigniter4\framework\system\CodeIgniter.php(932): App\Controllers\Context_DesController->getdata_table('1', '1', '3')
#7 C:\xampp\htdocs\isms-project\vendor\codeigniter4\framework\system\CodeIgniter.php(497): CodeIgniter\CodeIgniter->runController(Object(App\Controllers\Context_DesController))
#8 C:\xampp\htdocs\isms-project\vendor\codeigniter4\framework\system\CodeIgniter.php(366): CodeIgniter\CodeIgniter->handleRequest(NULL, Object(Config\Cache), false)
#9 C:\xampp\htdocs\isms-project\index.php(67): CodeIgniter\CodeIgniter->run()
#10 {main}
CRITICAL - 2023-07-24 07:16:00 --> Unknown column 'interested_party_description_table.id_interested_issues' in 'group statement'
in SYSTEMPATH\Database\MySQLi\Connection.php on line 295.
 1 SYSTEMPATH\Database\MySQLi\Connection.php(295): mysqli->query('SELECT *, GROUP_CONCAT(interested_issues_table.activated) AS activated_issu, GROUP_CONCAT(interested_party_description_table.activated) AS activated_des, GROUP_CONCAT(interested_party_description_table.details) AS details_des, GROUP_CONCAT(interested_party_description_table.interested_party_description ) AS id, 3 AS `check`
FROM `interested_issues_table`
JOIN `interested_party_description_table` ON `interested_issues_table`.`id_interested_issues` = `interested_party_description_table`.`id_interested_party`
JOIN `standard_table` ON `interested_party_description_table`.`standard_number` = `standard_table`.`id_standard`
WHERE `interested_party_description_table`.`id_interested_party` = \'1\'
AND `interested_party_description_table`.`standard_number` = \'1\'
GROUP BY `interested_party_description_table`.`id_interested_issues`', 0)
 2 SYSTEMPATH\Database\BaseConnection.php(692): CodeIgniter\Database\MySQLi\Connection->execute('SELECT *, GROUP_CONCAT(interested_issues_table.activated) AS activated_issu, GROUP_CONCAT(interested_party_description_table.activated) AS activated_des, GROUP_CONCAT(interested_party_description_table.details) AS details_des, GROUP_CONCAT(interested_party_description_table.interested_party_description ) AS id, 3 AS `check`
FROM `interested_issues_table`
JOIN `interested_party_description_table` ON `interested_issues_table`.`id_interested_issues` = `interested_party_description_table`.`id_interested_party`
JOIN `standard_table` ON `interested_party_description_table`.`standard_number` = `standard_table`.`id_standard`
WHERE `interested_party_description_table`.`id_interested_party` = \'1\'
AND `interested_party_description_table`.`standard_number` = \'1\'
GROUP BY `interested_party_description_table`.`id_interested_issues`')
 3 SYSTEMPATH\Database\BaseConnection.php(606): CodeIgniter\Database\BaseConnection->simpleQuery('SELECT *, GROUP_CONCAT(interested_issues_table.activated) AS activated_issu, GROUP_CONCAT(interested_party_description_table.activated) AS activated_des, GROUP_CONCAT(interested_party_description_table.details) AS details_des, GROUP_CONCAT(interested_party_description_table.interested_party_description ) AS id, 3 AS `check`
FROM `interested_issues_table`
JOIN `interested_party_description_table` ON `interested_issues_table`.`id_interested_issues` = `interested_party_description_table`.`id_interested_party`
JOIN `standard_table` ON `interested_party_description_table`.`standard_number` = `standard_table`.`id_standard`
WHERE `interested_party_description_table`.`id_interested_party` = \'1\'
AND `interested_party_description_table`.`standard_number` = \'1\'
GROUP BY `interested_party_description_table`.`id_interested_issues`')
 4 SYSTEMPATH\Database\BaseBuilder.php(1616): CodeIgniter\Database\BaseConnection->query('SELECT *, GROUP_CONCAT(interested_issues_table.activated) AS activated_issu, GROUP_CONCAT(interested_party_description_table.activated) AS activated_des, GROUP_CONCAT(interested_party_description_table.details) AS details_des, GROUP_CONCAT(interested_party_description_table.interested_party_description ) AS id, 3 AS `check`
FROM `interested_issues_table`
JOIN `interested_party_description_table` ON `interested_issues_table`.`id_interested_issues` = `interested_party_description_table`.`id_interested_party`
JOIN `standard_table` ON `interested_party_description_table`.`standard_number` = `standard_table`.`id_standard`
WHERE `interested_party_description_table`.`id_interested_party` = :interested_party_description_table.id_interested_party:
AND `interested_party_description_table`.`standard_number` = :interested_party_description_table.standard_number:
GROUP BY `interested_party_description_table`.`id_interested_issues`', [...], false)
 5 APPPATH\Models\Interested_issuesModels.php(24): CodeIgniter\Database\BaseBuilder->get()
 6 APPPATH\Controllers\Context_DesController.php(198): App\Models\Interested_issuesModels->getData_table('1', '1')
 7 SYSTEMPATH\CodeIgniter.php(932): App\Controllers\Context_DesController->getdata_table('1', '1', '3')
 8 SYSTEMPATH\CodeIgniter.php(497): CodeIgniter\CodeIgniter->runController(Object(App\Controllers\Context_DesController))
 9 SYSTEMPATH\CodeIgniter.php(366): CodeIgniter\CodeIgniter->handleRequest(null, Object(Config\Cache), false)
10 FCPATH\index.php(67): CodeIgniter\CodeIgniter->run()
ERROR - 2023-07-24 07:16:07 --> mysqli_sql_exception: Unknown column 'interested_party_description_table.id_interested_issues' in 'group statement' in C:\xampp\htdocs\isms-project\vendor\codeigniter4\framework\system\Database\MySQLi\Connection.php:295
Stack trace:
#0 C:\xampp\htdocs\isms-project\vendor\codeigniter4\framework\system\Database\MySQLi\Connection.php(295): mysqli->query('SELECT *, GROUP...', 0)
#1 C:\xampp\htdocs\isms-project\vendor\codeigniter4\framework\system\Database\BaseConnection.php(692): CodeIgniter\Database\MySQLi\Connection->execute('SELECT *, GROUP...')
#2 C:\xampp\htdocs\isms-project\vendor\codeigniter4\framework\system\Database\BaseConnection.php(606): CodeIgniter\Database\BaseConnection->simpleQuery('SELECT *, GROUP...')
#3 C:\xampp\htdocs\isms-project\vendor\codeigniter4\framework\system\Database\BaseBuilder.php(1616): CodeIgniter\Database\BaseConnection->query('SELECT *, GROUP...', Array, false)
#4 C:\xampp\htdocs\isms-project\app\Models\Interested_issuesModels.php(24): CodeIgniter\Database\BaseBuilder->get()
#5 C:\xampp\htdocs\isms-project\app\Controllers\Context_DesController.php(198): App\Models\Interested_issuesModels->getData_table('1', '1')
#6 C:\xampp\htdocs\isms-project\vendor\codeigniter4\framework\system\CodeIgniter.php(932): App\Controllers\Context_DesController->getdata_table('1', '1', '3')
#7 C:\xampp\htdocs\isms-project\vendor\codeigniter4\framework\system\CodeIgniter.php(497): CodeIgniter\CodeIgniter->runController(Object(App\Controllers\Context_DesController))
#8 C:\xampp\htdocs\isms-project\vendor\codeigniter4\framework\system\CodeIgniter.php(366): CodeIgniter\CodeIgniter->handleRequest(NULL, Object(Config\Cache), false)
#9 C:\xampp\htdocs\isms-project\index.php(67): CodeIgniter\CodeIgniter->run()
#10 {main}
CRITICAL - 2023-07-24 07:16:07 --> Unknown column 'interested_party_description_table.id_interested_issues' in 'group statement'
in SYSTEMPATH\Database\MySQLi\Connection.php on line 295.
 1 SYSTEMPATH\Database\MySQLi\Connection.php(295): mysqli->query('SELECT *, GROUP_CONCAT(interested_issues_table.activated) AS activated_issu, GROUP_CONCAT(interested_party_description_table.activated) AS activated_des, GROUP_CONCAT(interested_party_description_table.details) AS details_des, GROUP_CONCAT(interested_party_description_table.interested_party_description ) AS id, 3 AS `check`
FROM `interested_issues_table`
JOIN `interested_party_description_table` ON `interested_issues_table`.`id_interested_issues` = `interested_party_description_table`.`id_interested_party`
JOIN `standard_table` ON `interested_party_description_table`.`standard_number` = `standard_table`.`id_standard`
WHERE `interested_party_description_table`.`id_interested_party` = \'1\'
AND `interested_party_description_table`.`standard_number` = \'1\'
GROUP BY `interested_party_description_table`.`id_interested_issues`', 0)
 2 SYSTEMPATH\Database\BaseConnection.php(692): CodeIgniter\Database\MySQLi\Connection->execute('SELECT *, GROUP_CONCAT(interested_issues_table.activated) AS activated_issu, GROUP_CONCAT(interested_party_description_table.activated) AS activated_des, GROUP_CONCAT(interested_party_description_table.details) AS details_des, GROUP_CONCAT(interested_party_description_table.interested_party_description ) AS id, 3 AS `check`
FROM `interested_issues_table`
JOIN `interested_party_description_table` ON `interested_issues_table`.`id_interested_issues` = `interested_party_description_table`.`id_interested_party`
JOIN `standard_table` ON `interested_party_description_table`.`standard_number` = `standard_table`.`id_standard`
WHERE `interested_party_description_table`.`id_interested_party` = \'1\'
AND `interested_party_description_table`.`standard_number` = \'1\'
GROUP BY `interested_party_description_table`.`id_interested_issues`')
 3 SYSTEMPATH\Database\BaseConnection.php(606): CodeIgniter\Database\BaseConnection->simpleQuery('SELECT *, GROUP_CONCAT(interested_issues_table.activated) AS activated_issu, GROUP_CONCAT(interested_party_description_table.activated) AS activated_des, GROUP_CONCAT(interested_party_description_table.details) AS details_des, GROUP_CONCAT(interested_party_description_table.interested_party_description ) AS id, 3 AS `check`
FROM `interested_issues_table`
JOIN `interested_party_description_table` ON `interested_issues_table`.`id_interested_issues` = `interested_party_description_table`.`id_interested_party`
JOIN `standard_table` ON `interested_party_description_table`.`standard_number` = `standard_table`.`id_standard`
WHERE `interested_party_description_table`.`id_interested_party` = \'1\'
AND `interested_party_description_table`.`standard_number` = \'1\'
GROUP BY `interested_party_description_table`.`id_interested_issues`')
 4 SYSTEMPATH\Database\BaseBuilder.php(1616): CodeIgniter\Database\BaseConnection->query('SELECT *, GROUP_CONCAT(interested_issues_table.activated) AS activated_issu, GROUP_CONCAT(interested_party_description_table.activated) AS activated_des, GROUP_CONCAT(interested_party_description_table.details) AS details_des, GROUP_CONCAT(interested_party_description_table.interested_party_description ) AS id, 3 AS `check`
FROM `interested_issues_table`
JOIN `interested_party_description_table` ON `interested_issues_table`.`id_interested_issues` = `interested_party_description_table`.`id_interested_party`
JOIN `standard_table` ON `interested_party_description_table`.`standard_number` = `standard_table`.`id_standard`
WHERE `interested_party_description_table`.`id_interested_party` = :interested_party_description_table.id_interested_party:
AND `interested_party_description_table`.`standard_number` = :interested_party_description_table.standard_number:
GROUP BY `interested_party_description_table`.`id_interested_issues`', [...], false)
 5 APPPATH\Models\Interested_issuesModels.php(24): CodeIgniter\Database\BaseBuilder->get()
 6 APPPATH\Controllers\Context_DesController.php(198): App\Models\Interested_issuesModels->getData_table('1', '1')
 7 SYSTEMPATH\CodeIgniter.php(932): App\Controllers\Context_DesController->getdata_table('1', '1', '3')
 8 SYSTEMPATH\CodeIgniter.php(497): CodeIgniter\CodeIgniter->runController(Object(App\Controllers\Context_DesController))
 9 SYSTEMPATH\CodeIgniter.php(366): CodeIgniter\CodeIgniter->handleRequest(null, Object(Config\Cache), false)
10 FCPATH\index.php(67): CodeIgniter\CodeIgniter->run()
CRITICAL - 2023-07-24 09:28:21 --> Undefined variable $details
in APPPATH\Views\Context\context-ana\context_version.php on line 231.
 1 APPPATH\Views\Context\context-ana\context_version.php(231): CodeIgniter\Debug\Exceptions->errorHandler(2, 'Undefined variable $details', 'C:\\xampp\\htdocs\\isms-project\\app\\Views\\Context\\context-ana\\context_version.php', 231)
 2 SYSTEMPATH\View\View.php(224): include('C:\\xampp\\htdocs\\isms-project\\app\\Views\\Context\\context-ana\\context_version.php')
 3 SYSTEMPATH\View\View.php(227): CodeIgniter\View\View->CodeIgniter\View\{closure}()
 4 SYSTEMPATH\Common.php(1180): CodeIgniter\View\View->render('Context/context-ana/context_version', [], true)
 5 APPPATH\Controllers\ContextController.php(91): view('Context/context-ana/context_version', [...])
 6 SYSTEMPATH\CodeIgniter.php(932): App\Controllers\ContextController->context_analysis_version('3')
 7 SYSTEMPATH\CodeIgniter.php(497): CodeIgniter\CodeIgniter->runController(Object(App\Controllers\ContextController))
 8 SYSTEMPATH\CodeIgniter.php(366): CodeIgniter\CodeIgniter->handleRequest(null, Object(Config\Cache), false)
 9 FCPATH\index.php(67): CodeIgniter\CodeIgniter->run()
