CRITICAL - 2023-07-17 02:41:12 --> Call to undefined function form_open()
in APPPATH\Views\Database\user_list.php on line 167.
 1 SYSTEMPATH\View\View.php(224): include()
 2 SYSTEMPATH\View\View.php(227): CodeIgniter\View\View->CodeIgniter\View\{closure}()
 3 SYSTEMPATH\Common.php(1180): CodeIgniter\View\View->render('database/user_list', [], true)
 4 APPPATH\Controllers\UserController.php(15): view('database/user_list', [...])
 5 SYSTEMPATH\CodeIgniter.php(932): App\Controllers\UserController->index()
 6 SYSTEMPATH\CodeIgniter.php(497): CodeIgniter\CodeIgniter->runController(Object(App\Controllers\UserController))
 7 SYSTEMPATH\CodeIgniter.php(366): CodeIgniter\CodeIgniter->handleRequest(null, Object(Config\Cache), false)
 8 FCPATH\index.php(67): CodeIgniter\CodeIgniter->run()
 9 SYSTEMPATH\Commands\Server\rewrite.php(47): require_once('E:\\work\\ISMS\\isms-project\\public\\index.php')
CRITICAL - 2023-07-17 02:44:41 --> Call to undefined function form_open()
in APPPATH\Views\Database\user_list.php on line 167.
 1 SYSTEMPATH\View\View.php(224): include()
 2 SYSTEMPATH\View\View.php(227): CodeIgniter\View\View->CodeIgniter\View\{closure}()
 3 SYSTEMPATH\Common.php(1180): CodeIgniter\View\View->render('database/user_list', [], true)
 4 APPPATH\Controllers\UserController.php(15): view('database/user_list', [...])
 5 SYSTEMPATH\CodeIgniter.php(932): App\Controllers\UserController->index()
 6 SYSTEMPATH\CodeIgniter.php(497): CodeIgniter\CodeIgniter->runController(Object(App\Controllers\UserController))
 7 SYSTEMPATH\CodeIgniter.php(366): CodeIgniter\CodeIgniter->handleRequest(null, Object(Config\Cache), false)
 8 FCPATH\index.php(67): CodeIgniter\CodeIgniter->run()
 9 SYSTEMPATH\Commands\Server\rewrite.php(47): require_once('E:\\work\\ISMS\\isms-project\\public\\index.php')
