CRITICAL - 2023-07-18 04:06:02 --> Undefined variable $data_model
in APPPATH\Views\Database\context_select.php on line 103.
 1 APPPATH\Views\Database\context_select.php(103): CodeIgniter\Debug\Exceptions->errorHandler(2, 'Undefined variable $data_model', 'E:\\work\\ISMS\\isms-project\\app\\Views\\Database\\context_select.php', 103)
 2 SYSTEMPATH\View\View.php(224): include('E:\\work\\ISMS\\isms-project\\app\\Views\\Database\\context_select.php')
 3 SYSTEMPATH\View\View.php(227): CodeIgniter\View\View->CodeIgniter\View\{closure}()
 4 SYSTEMPATH\Common.php(1180): CodeIgniter\View\View->render('database/context_select', [], true)
 5 APPPATH\Controllers\Context_SelectController.php(32): view('database/context_select', [...])
 6 SYSTEMPATH\CodeIgniter.php(932): App\Controllers\Context_SelectController->index()
 7 SYSTEMPATH\CodeIgniter.php(497): CodeIgniter\CodeIgniter->runController(Object(App\Controllers\Context_SelectController))
 8 SYSTEMPATH\CodeIgniter.php(366): CodeIgniter\CodeIgniter->handleRequest(null, Object(Config\Cache), false)
 9 FCPATH\index.php(67): CodeIgniter\CodeIgniter->run()
10 SYSTEMPATH\Commands\Server\rewrite.php(47): require_once('E:\\work\\ISMS\\isms-project\\public\\index.php')
CRITICAL - 2023-07-18 04:21:18 --> Undefined array key "id_internal_issues "
in APPPATH\Views\Database\context_select.php on line 108.
 1 APPPATH\Views\Database\context_select.php(108): CodeIgniter\Debug\Exceptions->errorHandler(2, 'Undefined array key "id_internal_issues "', 'E:\\work\\ISMS\\isms-project\\app\\Views\\Database\\context_select.php', 108)
 2 SYSTEMPATH\View\View.php(224): include('E:\\work\\ISMS\\isms-project\\app\\Views\\Database\\context_select.php')
 3 SYSTEMPATH\View\View.php(227): CodeIgniter\View\View->CodeIgniter\View\{closure}()
 4 SYSTEMPATH\Common.php(1180): CodeIgniter\View\View->render('database/context_select', [], true)
 5 APPPATH\Controllers\Context_SelectController.php(32): view('database/context_select', [...])
 6 SYSTEMPATH\CodeIgniter.php(932): App\Controllers\Context_SelectController->index()
 7 SYSTEMPATH\CodeIgniter.php(497): CodeIgniter\CodeIgniter->runController(Object(App\Controllers\Context_SelectController))
 8 SYSTEMPATH\CodeIgniter.php(366): CodeIgniter\CodeIgniter->handleRequest(null, Object(Config\Cache), false)
 9 FCPATH\index.php(67): CodeIgniter\CodeIgniter->run()
10 SYSTEMPATH\Commands\Server\rewrite.php(47): require_once('E:\\work\\ISMS\\isms-project\\public\\index.php')
CRITICAL - 2023-07-18 06:23:23 --> Undefined variable $data
in APPPATH\Views\Database\context_select.php on line 79.
 1 APPPATH\Views\Database\context_select.php(79): CodeIgniter\Debug\Exceptions->errorHandler(2, 'Undefined variable $data', 'E:\\work\\ISMS\\isms-project\\app\\Views\\Database\\context_select.php', 79)
 2 SYSTEMPATH\View\View.php(224): include('E:\\work\\ISMS\\isms-project\\app\\Views\\Database\\context_select.php')
 3 SYSTEMPATH\View\View.php(227): CodeIgniter\View\View->CodeIgniter\View\{closure}()
 4 SYSTEMPATH\Common.php(1180): CodeIgniter\View\View->render('database/context_select', [], true)
 5 APPPATH\Controllers\Context_SelectController.php(32): view('database/context_select', [...])
 6 SYSTEMPATH\CodeIgniter.php(932): App\Controllers\Context_SelectController->index()
 7 SYSTEMPATH\CodeIgniter.php(497): CodeIgniter\CodeIgniter->runController(Object(App\Controllers\Context_SelectController))
 8 SYSTEMPATH\CodeIgniter.php(366): CodeIgniter\CodeIgniter->handleRequest(null, Object(Config\Cache), false)
 9 FCPATH\index.php(67): CodeIgniter\CodeIgniter->run()
10 SYSTEMPATH\Commands\Server\rewrite.php(47): require_once('E:\\work\\ISMS\\isms-project\\public\\index.php')
CRITICAL - 2023-07-18 10:37:48 --> rmdir(./uploads/8/): No such file or directory
in APPPATH\Controllers\ContextController.php on line 304.
 1 [internal function]: CodeIgniter\Debug\Exceptions->errorHandler(2, 'rmdir(./uploads/8/): No such file or directory', 'C:\\xampp\\htdocs\\isms-project\\app\\Controllers\\ContextController.php', 304)
 2 APPPATH\Controllers\ContextController.php(304): rmdir('./uploads/8/')
 3 SYSTEMPATH\CodeIgniter.php(932): App\Controllers\ContextController->delete('11')
 4 SYSTEMPATH\CodeIgniter.php(497): CodeIgniter\CodeIgniter->runController(Object(App\Controllers\ContextController))
 5 SYSTEMPATH\CodeIgniter.php(366): CodeIgniter\CodeIgniter->handleRequest(null, Object(Config\Cache), false)
 6 FCPATH\index.php(67): CodeIgniter\CodeIgniter->run()
CRITICAL - 2023-07-18 10:37:52 --> rmdir(./uploads/8/): No such file or directory
in APPPATH\Controllers\ContextController.php on line 304.
 1 [internal function]: CodeIgniter\Debug\Exceptions->errorHandler(2, 'rmdir(./uploads/8/): No such file or directory', 'C:\\xampp\\htdocs\\isms-project\\app\\Controllers\\ContextController.php', 304)
 2 APPPATH\Controllers\ContextController.php(304): rmdir('./uploads/8/')
 3 SYSTEMPATH\CodeIgniter.php(932): App\Controllers\ContextController->delete('11')
 4 SYSTEMPATH\CodeIgniter.php(497): CodeIgniter\CodeIgniter->runController(Object(App\Controllers\ContextController))
 5 SYSTEMPATH\CodeIgniter.php(366): CodeIgniter\CodeIgniter->handleRequest(null, Object(Config\Cache), false)
 6 FCPATH\index.php(67): CodeIgniter\CodeIgniter->run()
