CRITICAL - 2023-08-30 02:38:24 --> Undefined variable $data_requirement
in APPPATH\Views\Modal\Requirement_Modal.php on line 7.
 1 APPPATH\Views\Modal\Requirement_Modal.php(7): CodeIgniter\Debug\Exceptions->errorHandler(2, 'Undefined variable $data_requirement', 'C:\\xampp\\htdocs\\isms-project\\app\\Views\\Modal\\Requirement_Modal.php', 7)
 2 SYSTEMPATH\View\View.php(224): include('C:\\xampp\\htdocs\\isms-project\\app\\Views\\Modal\\Requirement_Modal.php')
 3 SYSTEMPATH\View\View.php(227): CodeIgniter\View\View->CodeIgniter\View\{closure}()
 4 SYSTEMPATH\View\View.php(452): CodeIgniter\View\View->render('Modal/Requirement_Modal', null, true)
 5 APPPATH\Views\dashboard.php(180): CodeIgniter\View\View->include('Modal/Requirement_Modal')
 6 SYSTEMPATH\View\View.php(224): include('C:\\xampp\\htdocs\\isms-project\\app\\Views\\dashboard.php')
 7 SYSTEMPATH\View\View.php(227): CodeIgniter\View\View->CodeIgniter\View\{closure}()
 8 SYSTEMPATH\Common.php(1180): CodeIgniter\View\View->render('dashboard', [], true)
 9 APPPATH\Controllers\Home.php(28): view('dashboard', [...])
10 SYSTEMPATH\CodeIgniter.php(932): App\Controllers\Home->index()
11 SYSTEMPATH\CodeIgniter.php(497): CodeIgniter\CodeIgniter->runController(Object(App\Controllers\Home))
12 SYSTEMPATH\CodeIgniter.php(366): CodeIgniter\CodeIgniter->handleRequest(null, Object(Config\Cache), false)
13 FCPATH\index.php(67): CodeIgniter\CodeIgniter->run()
CRITICAL - 2023-08-30 02:55:10 --> Invalid file: "Modal/Role_Management.php"
in SYSTEMPATH\Exceptions\FrameworkException.php on line 33.
 1 SYSTEMPATH\View\View.php(212): CodeIgniter\Exceptions\FrameworkException::forInvalidFile('Modal/Role_Management.php')
 2 SYSTEMPATH\View\View.php(452): CodeIgniter\View\View->render('Modal/Role_Management', null, true)
 3 APPPATH\Views\Database\Role_Management.php(129): CodeIgniter\View\View->include('Modal/Role_Management')
 4 SYSTEMPATH\View\View.php(224): include('C:\\xampp\\htdocs\\isms-project\\app\\Views\\Database\\Role_Management.php')
 5 SYSTEMPATH\View\View.php(227): CodeIgniter\View\View->CodeIgniter\View\{closure}()
 6 SYSTEMPATH\Common.php(1180): CodeIgniter\View\View->render('Database/role_management', [], true)
 7 APPPATH\Controllers\Role_Controller.php(14): view('Database/role_management', [...])
 8 SYSTEMPATH\CodeIgniter.php(932): App\Controllers\Role_Controller->index()
 9 SYSTEMPATH\CodeIgniter.php(497): CodeIgniter\CodeIgniter->runController(Object(App\Controllers\Role_Controller))
10 SYSTEMPATH\CodeIgniter.php(366): CodeIgniter\CodeIgniter->handleRequest(null, Object(Config\Cache), false)
11 FCPATH\index.php(67): CodeIgniter\CodeIgniter->run()
CRITICAL - 2023-08-30 02:55:38 --> Invalid file: "Modal/Role_Management.php"
in SYSTEMPATH\Exceptions\FrameworkException.php on line 33.
 1 SYSTEMPATH\View\View.php(212): CodeIgniter\Exceptions\FrameworkException::forInvalidFile('Modal/Role_Management.php')
 2 SYSTEMPATH\View\View.php(452): CodeIgniter\View\View->render('Modal/Role_Management', null, true)
 3 APPPATH\Views\Database\role_Management.php(129): CodeIgniter\View\View->include('Modal/Role_Management')
 4 SYSTEMPATH\View\View.php(224): include('C:\\xampp\\htdocs\\isms-project\\app\\Views\\Database\\role_Management.php')
 5 SYSTEMPATH\View\View.php(227): CodeIgniter\View\View->CodeIgniter\View\{closure}()
 6 SYSTEMPATH\Common.php(1180): CodeIgniter\View\View->render('Database/role_management', [], true)
 7 APPPATH\Controllers\Role_Controller.php(14): view('Database/role_management', [...])
 8 SYSTEMPATH\CodeIgniter.php(932): App\Controllers\Role_Controller->index()
 9 SYSTEMPATH\CodeIgniter.php(497): CodeIgniter\CodeIgniter->runController(Object(App\Controllers\Role_Controller))
10 SYSTEMPATH\CodeIgniter.php(366): CodeIgniter\CodeIgniter->handleRequest(null, Object(Config\Cache), false)
11 FCPATH\index.php(67): CodeIgniter\CodeIgniter->run()
ERROR - 2023-08-30 03:17:15 --> mysqli_sql_exception: Column 'group' cannot be null in C:\xampp\htdocs\isms-project\vendor\codeigniter4\framework\system\Database\MySQLi\Connection.php:295
Stack trace:
#0 C:\xampp\htdocs\isms-project\vendor\codeigniter4\framework\system\Database\MySQLi\Connection.php(295): mysqli->query('INSERT INTO `us...', 0)
#1 C:\xampp\htdocs\isms-project\vendor\codeigniter4\framework\system\Database\BaseConnection.php(692): CodeIgniter\Database\MySQLi\Connection->execute('INSERT INTO `us...')
#2 C:\xampp\htdocs\isms-project\vendor\codeigniter4\framework\system\Database\BaseConnection.php(606): CodeIgniter\Database\BaseConnection->simpleQuery('INSERT INTO `us...')
#3 C:\xampp\htdocs\isms-project\vendor\codeigniter4\framework\system\Database\BaseBuilder.php(2309): CodeIgniter\Database\BaseConnection->query('INSERT INTO `us...', Array, false)
#4 C:\xampp\htdocs\isms-project\vendor\codeigniter4\framework\system\Model.php(330): CodeIgniter\Database\BaseBuilder->insert()
#5 C:\xampp\htdocs\isms-project\vendor\codeigniter4\framework\system\BaseModel.php(782): CodeIgniter\Model->doInsert(Array)
#6 C:\xampp\htdocs\isms-project\vendor\codeigniter4\framework\system\Model.php(730): CodeIgniter\BaseModel->insert(Array, false)
#7 C:\xampp\htdocs\isms-project\vendor\codeigniter4\framework\system\BaseModel.php(692): CodeIgniter\Model->insert(Array, false)
#8 C:\xampp\htdocs\isms-project\app\Controllers\User_Controller.php(44): CodeIgniter\BaseModel->save(Array)
#9 C:\xampp\htdocs\isms-project\vendor\codeigniter4\framework\system\CodeIgniter.php(932): App\Controllers\User_Controller->create_User()
#10 C:\xampp\htdocs\isms-project\vendor\codeigniter4\framework\system\CodeIgniter.php(497): CodeIgniter\CodeIgniter->runController(Object(App\Controllers\User_Controller))
#11 C:\xampp\htdocs\isms-project\vendor\codeigniter4\framework\system\CodeIgniter.php(366): CodeIgniter\CodeIgniter->handleRequest(NULL, Object(Config\Cache), false)
#12 C:\xampp\htdocs\isms-project\index.php(67): CodeIgniter\CodeIgniter->run()
#13 {main}
CRITICAL - 2023-08-30 03:17:15 --> Column 'group' cannot be null
in SYSTEMPATH\Database\MySQLi\Connection.php on line 295.
 1 SYSTEMPATH\Database\MySQLi\Connection.php(295): mysqli->query('INSERT INTO `user_table` (`name_user`, `lastname_user`, `email_user`, `password_user`, `group`, `role`, `status`) VALUES (\'jriayut\', \'bandit\', \'water@gmail.com\', \'$2y$10$vjLeQcoorTuDUUICkPqKPulRxEsfoMbSYc8lT7eY8LJw1LZ3dPTAW\', NULL, NULL, \'0\')', 0)
 2 SYSTEMPATH\Database\BaseConnection.php(692): CodeIgniter\Database\MySQLi\Connection->execute('INSERT INTO `user_table` (`name_user`, `lastname_user`, `email_user`, `password_user`, `group`, `role`, `status`) VALUES (\'jriayut\', \'bandit\', \'water@gmail.com\', \'$2y$10$vjLeQcoorTuDUUICkPqKPulRxEsfoMbSYc8lT7eY8LJw1LZ3dPTAW\', NULL, NULL, \'0\')')
 3 SYSTEMPATH\Database\BaseConnection.php(606): CodeIgniter\Database\BaseConnection->simpleQuery('INSERT INTO `user_table` (`name_user`, `lastname_user`, `email_user`, `password_user`, `group`, `role`, `status`) VALUES (\'jriayut\', \'bandit\', \'water@gmail.com\', \'$2y$10$vjLeQcoorTuDUUICkPqKPulRxEsfoMbSYc8lT7eY8LJw1LZ3dPTAW\', NULL, NULL, \'0\')')
 4 SYSTEMPATH\Database\BaseBuilder.php(2309): CodeIgniter\Database\BaseConnection->query('INSERT INTO `user_table` (`name_user`, `lastname_user`, `email_user`, `password_user`, `group`, `role`, `status`) VALUES (:name_user:, :lastname_user:, :email_user:, :password_user:, :group:, :role:, :status:)', [...], false)
 5 SYSTEMPATH\Model.php(330): CodeIgniter\Database\BaseBuilder->insert()
 6 SYSTEMPATH\BaseModel.php(782): CodeIgniter\Model->doInsert([...])
 7 SYSTEMPATH\Model.php(730): CodeIgniter\BaseModel->insert([...], false)
 8 SYSTEMPATH\BaseModel.php(692): CodeIgniter\Model->insert([...], false)
 9 APPPATH\Controllers\User_Controller.php(44): CodeIgniter\BaseModel->save([...])
10 SYSTEMPATH\CodeIgniter.php(932): App\Controllers\User_Controller->create_User()
11 SYSTEMPATH\CodeIgniter.php(497): CodeIgniter\CodeIgniter->runController(Object(App\Controllers\User_Controller))
12 SYSTEMPATH\CodeIgniter.php(366): CodeIgniter\CodeIgniter->handleRequest(null, Object(Config\Cache), false)
13 FCPATH\index.php(67): CodeIgniter\CodeIgniter->run()
