CRITICAL - 2023-10-26 02:06:17 --> rmdir(public/uploads/Leadership/2/): No such file or directory
in APPPATH\Controllers\Leadership_FilesController.php on line 86.
 1 [internal function]: CodeIgniter\Debug\Exceptions->errorHandler(2, 'rmdir(public/uploads/Leadership/2/): No such file or directory', 'C:\\xampp\\htdocs\\iso-optimize-test\\app\\Controllers\\Leadership_FilesController.php', 86)
 2 APPPATH\Controllers\Leadership_FilesController.php(86): rmdir('public/uploads/Leadership/2/')
 3 SYSTEMPATH\CodeIgniter.php(932): App\Controllers\Leadership_FilesController->file_ls_delete('2')
 4 SYSTEMPATH\CodeIgniter.php(497): CodeIgniter\CodeIgniter->runController(Object(App\Controllers\Leadership_FilesController))
 5 SYSTEMPATH\CodeIgniter.php(366): CodeIgniter\CodeIgniter->handleRequest(null, Object(Config\Cache), false)
 6 FCPATH\index.php(67): CodeIgniter\CodeIgniter->run()
CRITICAL - 2023-10-26 02:06:24 --> rmdir(public/uploads/Leadership/3/): No such file or directory
in APPPATH\Controllers\Leadership_FilesController.php on line 86.
 1 [internal function]: CodeIgniter\Debug\Exceptions->errorHandler(2, 'rmdir(public/uploads/Leadership/3/): No such file or directory', 'C:\\xampp\\htdocs\\iso-optimize-test\\app\\Controllers\\Leadership_FilesController.php', 86)
 2 APPPATH\Controllers\Leadership_FilesController.php(86): rmdir('public/uploads/Leadership/3/')
 3 SYSTEMPATH\CodeIgniter.php(932): App\Controllers\Leadership_FilesController->file_ls_delete('3')
 4 SYSTEMPATH\CodeIgniter.php(497): CodeIgniter\CodeIgniter->runController(Object(App\Controllers\Leadership_FilesController))
 5 SYSTEMPATH\CodeIgniter.php(366): CodeIgniter\CodeIgniter->handleRequest(null, Object(Config\Cache), false)
 6 FCPATH\index.php(67): CodeIgniter\CodeIgniter->run()
CRITICAL - 2023-10-26 02:06:37 --> rmdir(public/uploads/Leadership/4/): No such file or directory
in APPPATH\Controllers\Leadership_FilesController.php on line 86.
 1 [internal function]: CodeIgniter\Debug\Exceptions->errorHandler(2, 'rmdir(public/uploads/Leadership/4/): No such file or directory', 'C:\\xampp\\htdocs\\iso-optimize-test\\app\\Controllers\\Leadership_FilesController.php', 86)
 2 APPPATH\Controllers\Leadership_FilesController.php(86): rmdir('public/uploads/Leadership/4/')
 3 SYSTEMPATH\CodeIgniter.php(932): App\Controllers\Leadership_FilesController->file_ls_delete('4')
 4 SYSTEMPATH\CodeIgniter.php(497): CodeIgniter\CodeIgniter->runController(Object(App\Controllers\Leadership_FilesController))
 5 SYSTEMPATH\CodeIgniter.php(366): CodeIgniter\CodeIgniter->handleRequest(null, Object(Config\Cache), false)
 6 FCPATH\index.php(67): CodeIgniter\CodeIgniter->run()
CRITICAL - 2023-10-26 02:06:45 --> rmdir(public/uploads/Leadership/5/): No such file or directory
in APPPATH\Controllers\Leadership_FilesController.php on line 86.
 1 [internal function]: CodeIgniter\Debug\Exceptions->errorHandler(2, 'rmdir(public/uploads/Leadership/5/): No such file or directory', 'C:\\xampp\\htdocs\\iso-optimize-test\\app\\Controllers\\Leadership_FilesController.php', 86)
 2 APPPATH\Controllers\Leadership_FilesController.php(86): rmdir('public/uploads/Leadership/5/')
 3 SYSTEMPATH\CodeIgniter.php(932): App\Controllers\Leadership_FilesController->file_ls_delete('5')
 4 SYSTEMPATH\CodeIgniter.php(497): CodeIgniter\CodeIgniter->runController(Object(App\Controllers\Leadership_FilesController))
 5 SYSTEMPATH\CodeIgniter.php(366): CodeIgniter\CodeIgniter->handleRequest(null, Object(Config\Cache), false)
 6 FCPATH\index.php(67): CodeIgniter\CodeIgniter->run()
