CRITICAL - 2023-09-06 07:56:07 --> Undefined variable $data
in APPPATH\Views\Context\timeline.php on line 42.
 1 APPPATH\Views\Context\timeline.php(42): CodeIgniter\Debug\Exceptions->errorHandler(2, 'Undefined variable $data', 'C:\\xampp\\htdocs\\isms-project\\app\\Views\\Context\\timeline.php', 42)
 2 SYSTEMPATH\View\View.php(224): include('C:\\xampp\\htdocs\\isms-project\\app\\Views\\Context\\timeline.php')
 3 SYSTEMPATH\View\View.php(227): CodeIgniter\View\View->CodeIgniter\View\{closure}()
 4 SYSTEMPATH\Common.php(1180): CodeIgniter\View\View->render('Context/timeline', [], true)
 5 APPPATH\Controllers\TimelineController.php(16): view('Context/timeline', [...])
 6 SYSTEMPATH\CodeIgniter.php(932): App\Controllers\TimelineController->index()
 7 SYSTEMPATH\CodeIgniter.php(497): CodeIgniter\CodeIgniter->runController(Object(App\Controllers\TimelineController))
 8 SYSTEMPATH\CodeIgniter.php(366): CodeIgniter\CodeIgniter->handleRequest(null, Object(Config\Cache), false)
 9 FCPATH\index.php(67): CodeIgniter\CodeIgniter->run()
CRITICAL - 2023-09-06 07:56:49 --> Undefined variable $data
in APPPATH\Views\Context\timeline.php on line 42.
 1 APPPATH\Views\Context\timeline.php(42): CodeIgniter\Debug\Exceptions->errorHandler(2, 'Undefined variable $data', 'C:\\xampp\\htdocs\\isms-project\\app\\Views\\Context\\timeline.php', 42)
 2 SYSTEMPATH\View\View.php(224): include('C:\\xampp\\htdocs\\isms-project\\app\\Views\\Context\\timeline.php')
 3 SYSTEMPATH\View\View.php(227): CodeIgniter\View\View->CodeIgniter\View\{closure}()
 4 SYSTEMPATH\Common.php(1180): CodeIgniter\View\View->render('Context/timeline', [], true)
 5 APPPATH\Controllers\TimelineController.php(16): view('Context/timeline', [...])
 6 SYSTEMPATH\CodeIgniter.php(932): App\Controllers\TimelineController->index()
 7 SYSTEMPATH\CodeIgniter.php(497): CodeIgniter\CodeIgniter->runController(Object(App\Controllers\TimelineController))
 8 SYSTEMPATH\CodeIgniter.php(366): CodeIgniter\CodeIgniter->handleRequest(null, Object(Config\Cache), false)
 9 FCPATH\index.php(67): CodeIgniter\CodeIgniter->run()
CRITICAL - 2023-09-06 07:59:25 --> Undefined variable $data
in APPPATH\Views\Context\timeline.php on line 44.
 1 APPPATH\Views\Context\timeline.php(44): CodeIgniter\Debug\Exceptions->errorHandler(2, 'Undefined variable $data', 'C:\\xampp\\htdocs\\isms-project\\app\\Views\\Context\\timeline.php', 44)
 2 SYSTEMPATH\View\View.php(224): include('C:\\xampp\\htdocs\\isms-project\\app\\Views\\Context\\timeline.php')
 3 SYSTEMPATH\View\View.php(227): CodeIgniter\View\View->CodeIgniter\View\{closure}()
 4 SYSTEMPATH\Common.php(1180): CodeIgniter\View\View->render('Context/timeline', [], true)
 5 APPPATH\Controllers\TimelineController.php(16): view('Context/timeline', [...])
 6 SYSTEMPATH\CodeIgniter.php(932): App\Controllers\TimelineController->index()
 7 SYSTEMPATH\CodeIgniter.php(497): CodeIgniter\CodeIgniter->runController(Object(App\Controllers\TimelineController))
 8 SYSTEMPATH\CodeIgniter.php(366): CodeIgniter\CodeIgniter->handleRequest(null, Object(Config\Cache), false)
 9 FCPATH\index.php(67): CodeIgniter\CodeIgniter->run()
CRITICAL - 2023-09-06 08:00:00 --> Undefined variable $data_requirement
in APPPATH\Views\Modal\Requirement_Modal.php on line 7.
 1 APPPATH\Views\Modal\Requirement_Modal.php(7): CodeIgniter\Debug\Exceptions->errorHandler(2, 'Undefined variable $data_requirement', 'C:\\xampp\\htdocs\\isms-project\\app\\Views\\Modal\\Requirement_Modal.php', 7)
 2 SYSTEMPATH\View\View.php(224): include('C:\\xampp\\htdocs\\isms-project\\app\\Views\\Modal\\Requirement_Modal.php')
 3 SYSTEMPATH\View\View.php(227): CodeIgniter\View\View->CodeIgniter\View\{closure}()
 4 SYSTEMPATH\View\View.php(452): CodeIgniter\View\View->render('Modal/Requirement_Modal', null, true)
 5 APPPATH\Views\Context\timeline.php(41): CodeIgniter\View\View->include('Modal/Requirement_Modal')
 6 SYSTEMPATH\View\View.php(224): include('C:\\xampp\\htdocs\\isms-project\\app\\Views\\Context\\timeline.php')
 7 SYSTEMPATH\View\View.php(227): CodeIgniter\View\View->CodeIgniter\View\{closure}()
 8 SYSTEMPATH\Common.php(1180): CodeIgniter\View\View->render('Context/timeline', [], true)
 9 APPPATH\Controllers\TimelineController.php(16): view('Context/timeline', [...])
10 SYSTEMPATH\CodeIgniter.php(932): App\Controllers\TimelineController->index()
11 SYSTEMPATH\CodeIgniter.php(497): CodeIgniter\CodeIgniter->runController(Object(App\Controllers\TimelineController))
12 SYSTEMPATH\CodeIgniter.php(366): CodeIgniter\CodeIgniter->handleRequest(null, Object(Config\Cache), false)
13 FCPATH\index.php(67): CodeIgniter\CodeIgniter->run()
CRITICAL - 2023-09-06 08:00:15 --> Undefined variable $data_requirement
in APPPATH\Views\Modal\Requirement_Modal.php on line 7.
 1 APPPATH\Views\Modal\Requirement_Modal.php(7): CodeIgniter\Debug\Exceptions->errorHandler(2, 'Undefined variable $data_requirement', 'C:\\xampp\\htdocs\\isms-project\\app\\Views\\Modal\\Requirement_Modal.php', 7)
 2 SYSTEMPATH\View\View.php(224): include('C:\\xampp\\htdocs\\isms-project\\app\\Views\\Modal\\Requirement_Modal.php')
 3 SYSTEMPATH\View\View.php(227): CodeIgniter\View\View->CodeIgniter\View\{closure}()
 4 SYSTEMPATH\View\View.php(452): CodeIgniter\View\View->render('Modal/Requirement_Modal', null, true)
 5 APPPATH\Views\Context\timeline.php(41): CodeIgniter\View\View->include('Modal/Requirement_Modal')
 6 SYSTEMPATH\View\View.php(224): include('C:\\xampp\\htdocs\\isms-project\\app\\Views\\Context\\timeline.php')
 7 SYSTEMPATH\View\View.php(227): CodeIgniter\View\View->CodeIgniter\View\{closure}()
 8 SYSTEMPATH\Common.php(1180): CodeIgniter\View\View->render('Context/timeline', [], true)
 9 APPPATH\Controllers\TimelineController.php(16): view('Context/timeline', [...])
10 SYSTEMPATH\CodeIgniter.php(932): App\Controllers\TimelineController->index()
11 SYSTEMPATH\CodeIgniter.php(497): CodeIgniter\CodeIgniter->runController(Object(App\Controllers\TimelineController))
12 SYSTEMPATH\CodeIgniter.php(366): CodeIgniter\CodeIgniter->handleRequest(null, Object(Config\Cache), false)
13 FCPATH\index.php(67): CodeIgniter\CodeIgniter->run()
CRITICAL - 2023-09-06 08:00:17 --> Undefined variable $data_requirement
in APPPATH\Views\Modal\Requirement_Modal.php on line 7.
 1 APPPATH\Views\Modal\Requirement_Modal.php(7): CodeIgniter\Debug\Exceptions->errorHandler(2, 'Undefined variable $data_requirement', 'C:\\xampp\\htdocs\\isms-project\\app\\Views\\Modal\\Requirement_Modal.php', 7)
 2 SYSTEMPATH\View\View.php(224): include('C:\\xampp\\htdocs\\isms-project\\app\\Views\\Modal\\Requirement_Modal.php')
 3 SYSTEMPATH\View\View.php(227): CodeIgniter\View\View->CodeIgniter\View\{closure}()
 4 SYSTEMPATH\View\View.php(452): CodeIgniter\View\View->render('Modal/Requirement_Modal', null, true)
 5 APPPATH\Views\Context\timeline.php(41): CodeIgniter\View\View->include('Modal/Requirement_Modal')
 6 SYSTEMPATH\View\View.php(224): include('C:\\xampp\\htdocs\\isms-project\\app\\Views\\Context\\timeline.php')
 7 SYSTEMPATH\View\View.php(227): CodeIgniter\View\View->CodeIgniter\View\{closure}()
 8 SYSTEMPATH\Common.php(1180): CodeIgniter\View\View->render('Context/timeline', [], true)
 9 APPPATH\Controllers\TimelineController.php(16): view('Context/timeline', [...])
10 SYSTEMPATH\CodeIgniter.php(932): App\Controllers\TimelineController->index()
11 SYSTEMPATH\CodeIgniter.php(497): CodeIgniter\CodeIgniter->runController(Object(App\Controllers\TimelineController))
12 SYSTEMPATH\CodeIgniter.php(366): CodeIgniter\CodeIgniter->handleRequest(null, Object(Config\Cache), false)
13 FCPATH\index.php(67): CodeIgniter\CodeIgniter->run()
CRITICAL - 2023-09-06 08:00:40 --> Undefined variable $data_requirement
in APPPATH\Views\Modal\Requirement_Modal.php on line 7.
 1 APPPATH\Views\Modal\Requirement_Modal.php(7): CodeIgniter\Debug\Exceptions->errorHandler(2, 'Undefined variable $data_requirement', 'C:\\xampp\\htdocs\\isms-project\\app\\Views\\Modal\\Requirement_Modal.php', 7)
 2 SYSTEMPATH\View\View.php(224): include('C:\\xampp\\htdocs\\isms-project\\app\\Views\\Modal\\Requirement_Modal.php')
 3 SYSTEMPATH\View\View.php(227): CodeIgniter\View\View->CodeIgniter\View\{closure}()
 4 SYSTEMPATH\View\View.php(452): CodeIgniter\View\View->render('Modal/Requirement_Modal', null, true)
 5 APPPATH\Views\Context\timeline.php(39): CodeIgniter\View\View->include('Modal/Requirement_Modal')
 6 SYSTEMPATH\View\View.php(224): include('C:\\xampp\\htdocs\\isms-project\\app\\Views\\Context\\timeline.php')
 7 SYSTEMPATH\View\View.php(227): CodeIgniter\View\View->CodeIgniter\View\{closure}()
 8 SYSTEMPATH\Common.php(1180): CodeIgniter\View\View->render('Context/timeline', [], true)
 9 APPPATH\Controllers\TimelineController.php(16): view('Context/timeline', [...])
10 SYSTEMPATH\CodeIgniter.php(932): App\Controllers\TimelineController->index()
11 SYSTEMPATH\CodeIgniter.php(497): CodeIgniter\CodeIgniter->runController(Object(App\Controllers\TimelineController))
12 SYSTEMPATH\CodeIgniter.php(366): CodeIgniter\CodeIgniter->handleRequest(null, Object(Config\Cache), false)
13 FCPATH\index.php(67): CodeIgniter\CodeIgniter->run()
CRITICAL - 2023-09-06 08:01:22 --> Undefined variable $data_requirement
in APPPATH\Views\Modal\Requirement_Modal.php on line 7.
 1 APPPATH\Views\Modal\Requirement_Modal.php(7): CodeIgniter\Debug\Exceptions->errorHandler(2, 'Undefined variable $data_requirement', 'C:\\xampp\\htdocs\\isms-project\\app\\Views\\Modal\\Requirement_Modal.php', 7)
 2 SYSTEMPATH\View\View.php(224): include('C:\\xampp\\htdocs\\isms-project\\app\\Views\\Modal\\Requirement_Modal.php')
 3 SYSTEMPATH\View\View.php(227): CodeIgniter\View\View->CodeIgniter\View\{closure}()
 4 SYSTEMPATH\View\View.php(452): CodeIgniter\View\View->render('Modal/Requirement_Modal', null, true)
 5 APPPATH\Views\Context\timeline.php(41): CodeIgniter\View\View->include('Modal/Requirement_Modal')
 6 SYSTEMPATH\View\View.php(224): include('C:\\xampp\\htdocs\\isms-project\\app\\Views\\Context\\timeline.php')
 7 SYSTEMPATH\View\View.php(227): CodeIgniter\View\View->CodeIgniter\View\{closure}()
 8 SYSTEMPATH\Common.php(1180): CodeIgniter\View\View->render('Context/timeline', [], true)
 9 APPPATH\Controllers\TimelineController.php(16): view('Context/timeline', [...])
10 SYSTEMPATH\CodeIgniter.php(932): App\Controllers\TimelineController->index()
11 SYSTEMPATH\CodeIgniter.php(497): CodeIgniter\CodeIgniter->runController(Object(App\Controllers\TimelineController))
12 SYSTEMPATH\CodeIgniter.php(366): CodeIgniter\CodeIgniter->handleRequest(null, Object(Config\Cache), false)
13 FCPATH\index.php(67): CodeIgniter\CodeIgniter->run()
CRITICAL - 2023-09-06 08:01:29 --> Undefined variable $data_requirement
in APPPATH\Views\Modal\Requirement_Modal.php on line 7.
 1 APPPATH\Views\Modal\Requirement_Modal.php(7): CodeIgniter\Debug\Exceptions->errorHandler(2, 'Undefined variable $data_requirement', 'C:\\xampp\\htdocs\\isms-project\\app\\Views\\Modal\\Requirement_Modal.php', 7)
 2 SYSTEMPATH\View\View.php(224): include('C:\\xampp\\htdocs\\isms-project\\app\\Views\\Modal\\Requirement_Modal.php')
 3 SYSTEMPATH\View\View.php(227): CodeIgniter\View\View->CodeIgniter\View\{closure}()
 4 SYSTEMPATH\View\View.php(452): CodeIgniter\View\View->render('Modal/Requirement_Modal', null, true)
 5 APPPATH\Views\Context\timeline.php(41): CodeIgniter\View\View->include('Modal/Requirement_Modal')
 6 SYSTEMPATH\View\View.php(224): include('C:\\xampp\\htdocs\\isms-project\\app\\Views\\Context\\timeline.php')
 7 SYSTEMPATH\View\View.php(227): CodeIgniter\View\View->CodeIgniter\View\{closure}()
 8 SYSTEMPATH\Common.php(1180): CodeIgniter\View\View->render('Context/timeline', [], true)
 9 APPPATH\Controllers\TimelineController.php(16): view('Context/timeline', [...])
10 SYSTEMPATH\CodeIgniter.php(932): App\Controllers\TimelineController->index()
11 SYSTEMPATH\CodeIgniter.php(497): CodeIgniter\CodeIgniter->runController(Object(App\Controllers\TimelineController))
12 SYSTEMPATH\CodeIgniter.php(366): CodeIgniter\CodeIgniter->handleRequest(null, Object(Config\Cache), false)
13 FCPATH\index.php(67): CodeIgniter\CodeIgniter->run()
CRITICAL - 2023-09-06 08:02:30 --> Call to undefined method CodeIgniter\View\View::base_url()
in APPPATH\Views\Context\timeline.php on line 41.
 1 SYSTEMPATH\View\View.php(224): include()
 2 SYSTEMPATH\View\View.php(227): CodeIgniter\View\View->CodeIgniter\View\{closure}()
 3 SYSTEMPATH\Common.php(1180): CodeIgniter\View\View->render('Context/timeline', [], true)
 4 APPPATH\Controllers\TimelineController.php(16): view('Context/timeline', [...])
 5 SYSTEMPATH\CodeIgniter.php(932): App\Controllers\TimelineController->index()
 6 SYSTEMPATH\CodeIgniter.php(497): CodeIgniter\CodeIgniter->runController(Object(App\Controllers\TimelineController))
 7 SYSTEMPATH\CodeIgniter.php(366): CodeIgniter\CodeIgniter->handleRequest(null, Object(Config\Cache), false)
 8 FCPATH\index.php(67): CodeIgniter\CodeIgniter->run()
CRITICAL - 2023-09-06 08:03:06 --> Undefined variable $data_requirement
in APPPATH\Views\Modal\Requirement_Modal.php on line 7.
 1 APPPATH\Views\Modal\Requirement_Modal.php(7): CodeIgniter\Debug\Exceptions->errorHandler(2, 'Undefined variable $data_requirement', 'C:\\xampp\\htdocs\\isms-project\\app\\Views\\Modal\\Requirement_Modal.php', 7)
 2 SYSTEMPATH\View\View.php(224): include('C:\\xampp\\htdocs\\isms-project\\app\\Views\\Modal\\Requirement_Modal.php')
 3 SYSTEMPATH\View\View.php(227): CodeIgniter\View\View->CodeIgniter\View\{closure}()
 4 SYSTEMPATH\View\View.php(452): CodeIgniter\View\View->render('/Modal/Requirement_Modal', null, true)
 5 APPPATH\Views\Context\timeline.php(41): CodeIgniter\View\View->include('/Modal/Requirement_Modal')
 6 SYSTEMPATH\View\View.php(224): include('C:\\xampp\\htdocs\\isms-project\\app\\Views\\Context\\timeline.php')
 7 SYSTEMPATH\View\View.php(227): CodeIgniter\View\View->CodeIgniter\View\{closure}()
 8 SYSTEMPATH\Common.php(1180): CodeIgniter\View\View->render('Context/timeline', [], true)
 9 APPPATH\Controllers\TimelineController.php(16): view('Context/timeline', [...])
10 SYSTEMPATH\CodeIgniter.php(932): App\Controllers\TimelineController->index()
11 SYSTEMPATH\CodeIgniter.php(497): CodeIgniter\CodeIgniter->runController(Object(App\Controllers\TimelineController))
12 SYSTEMPATH\CodeIgniter.php(366): CodeIgniter\CodeIgniter->handleRequest(null, Object(Config\Cache), false)
13 FCPATH\index.php(67): CodeIgniter\CodeIgniter->run()
CRITICAL - 2023-09-06 08:03:12 --> Invalid file: "../Modal/Requirement_Modal.php"
in SYSTEMPATH\Exceptions\FrameworkException.php on line 33.
 1 SYSTEMPATH\View\View.php(212): CodeIgniter\Exceptions\FrameworkException::forInvalidFile('../Modal/Requirement_Modal.php')
 2 SYSTEMPATH\View\View.php(452): CodeIgniter\View\View->render('../Modal/Requirement_Modal', null, true)
 3 APPPATH\Views\Context\timeline.php(41): CodeIgniter\View\View->include('../Modal/Requirement_Modal')
 4 SYSTEMPATH\View\View.php(224): include('C:\\xampp\\htdocs\\isms-project\\app\\Views\\Context\\timeline.php')
 5 SYSTEMPATH\View\View.php(227): CodeIgniter\View\View->CodeIgniter\View\{closure}()
 6 SYSTEMPATH\Common.php(1180): CodeIgniter\View\View->render('Context/timeline', [], true)
 7 APPPATH\Controllers\TimelineController.php(16): view('Context/timeline', [...])
 8 SYSTEMPATH\CodeIgniter.php(932): App\Controllers\TimelineController->index()
 9 SYSTEMPATH\CodeIgniter.php(497): CodeIgniter\CodeIgniter->runController(Object(App\Controllers\TimelineController))
10 SYSTEMPATH\CodeIgniter.php(366): CodeIgniter\CodeIgniter->handleRequest(null, Object(Config\Cache), false)
11 FCPATH\index.php(67): CodeIgniter\CodeIgniter->run()
CRITICAL - 2023-09-06 08:03:22 --> Invalid file: ".../Modal/Requirement_Modal.php"
in SYSTEMPATH\Exceptions\FrameworkException.php on line 33.
 1 SYSTEMPATH\View\View.php(212): CodeIgniter\Exceptions\FrameworkException::forInvalidFile('.../Modal/Requirement_Modal.php')
 2 SYSTEMPATH\View\View.php(452): CodeIgniter\View\View->render('.../Modal/Requirement_Modal', null, true)
 3 APPPATH\Views\Context\timeline.php(41): CodeIgniter\View\View->include('.../Modal/Requirement_Modal')
 4 SYSTEMPATH\View\View.php(224): include('C:\\xampp\\htdocs\\isms-project\\app\\Views\\Context\\timeline.php')
 5 SYSTEMPATH\View\View.php(227): CodeIgniter\View\View->CodeIgniter\View\{closure}()
 6 SYSTEMPATH\Common.php(1180): CodeIgniter\View\View->render('Context/timeline', [], true)
 7 APPPATH\Controllers\TimelineController.php(16): view('Context/timeline', [...])
 8 SYSTEMPATH\CodeIgniter.php(932): App\Controllers\TimelineController->index()
 9 SYSTEMPATH\CodeIgniter.php(497): CodeIgniter\CodeIgniter->runController(Object(App\Controllers\TimelineController))
10 SYSTEMPATH\CodeIgniter.php(366): CodeIgniter\CodeIgniter->handleRequest(null, Object(Config\Cache), false)
11 FCPATH\index.php(67): CodeIgniter\CodeIgniter->run()
CRITICAL - 2023-09-06 08:03:42 --> Undefined variable $data_requirement
in APPPATH\Views\Modal\Requirement_Modal.php on line 7.
 1 APPPATH\Views\Modal\Requirement_Modal.php(7): CodeIgniter\Debug\Exceptions->errorHandler(2, 'Undefined variable $data_requirement', 'C:\\xampp\\htdocs\\isms-project\\app\\Views\\Modal\\Requirement_Modal.php', 7)
 2 SYSTEMPATH\View\View.php(224): include('C:\\xampp\\htdocs\\isms-project\\app\\Views\\Modal\\Requirement_Modal.php')
 3 SYSTEMPATH\View\View.php(227): CodeIgniter\View\View->CodeIgniter\View\{closure}()
 4 SYSTEMPATH\View\View.php(452): CodeIgniter\View\View->render('Modal/Requirement_Modal', null, true)
 5 APPPATH\Views\Context\timeline.php(41): CodeIgniter\View\View->include('Modal/Requirement_Modal')
 6 SYSTEMPATH\View\View.php(224): include('C:\\xampp\\htdocs\\isms-project\\app\\Views\\Context\\timeline.php')
 7 SYSTEMPATH\View\View.php(227): CodeIgniter\View\View->CodeIgniter\View\{closure}()
 8 SYSTEMPATH\Common.php(1180): CodeIgniter\View\View->render('Context/timeline', [], true)
 9 APPPATH\Controllers\TimelineController.php(16): view('Context/timeline', [...])
10 SYSTEMPATH\CodeIgniter.php(932): App\Controllers\TimelineController->index()
11 SYSTEMPATH\CodeIgniter.php(497): CodeIgniter\CodeIgniter->runController(Object(App\Controllers\TimelineController))
12 SYSTEMPATH\CodeIgniter.php(366): CodeIgniter\CodeIgniter->handleRequest(null, Object(Config\Cache), false)
13 FCPATH\index.php(67): CodeIgniter\CodeIgniter->run()
CRITICAL - 2023-09-06 08:04:03 --> Undefined variable $data_requirement
in APPPATH\Views\Modal\Requirement_Modal.php on line 7.
 1 APPPATH\Views\Modal\Requirement_Modal.php(7): CodeIgniter\Debug\Exceptions->errorHandler(2, 'Undefined variable $data_requirement', 'C:\\xampp\\htdocs\\isms-project\\app\\Views\\Modal\\Requirement_Modal.php', 7)
 2 SYSTEMPATH\View\View.php(224): include('C:\\xampp\\htdocs\\isms-project\\app\\Views\\Modal\\Requirement_Modal.php')
 3 SYSTEMPATH\View\View.php(227): CodeIgniter\View\View->CodeIgniter\View\{closure}()
 4 SYSTEMPATH\View\View.php(452): CodeIgniter\View\View->render('Modal/Requirement_Modal', null, true)
 5 APPPATH\Views\Context\timeline.php(41): CodeIgniter\View\View->include('Modal/Requirement_Modal')
 6 SYSTEMPATH\View\View.php(224): include('C:\\xampp\\htdocs\\isms-project\\app\\Views\\Context\\timeline.php')
 7 SYSTEMPATH\View\View.php(227): CodeIgniter\View\View->CodeIgniter\View\{closure}()
 8 SYSTEMPATH\Common.php(1180): CodeIgniter\View\View->render('Context/timeline', [], true)
 9 APPPATH\Controllers\TimelineController.php(16): view('Context/timeline', [...])
10 SYSTEMPATH\CodeIgniter.php(932): App\Controllers\TimelineController->index()
11 SYSTEMPATH\CodeIgniter.php(497): CodeIgniter\CodeIgniter->runController(Object(App\Controllers\TimelineController))
12 SYSTEMPATH\CodeIgniter.php(366): CodeIgniter\CodeIgniter->handleRequest(null, Object(Config\Cache), false)
13 FCPATH\index.php(67): CodeIgniter\CodeIgniter->run()
CRITICAL - 2023-09-06 08:13:55 --> Undefined variable $data
in APPPATH\Views\Context\timeline.php on line 51.
 1 APPPATH\Views\Context\timeline.php(51): CodeIgniter\Debug\Exceptions->errorHandler(2, 'Undefined variable $data', 'C:\\xampp\\htdocs\\isms-project\\app\\Views\\Context\\timeline.php', 51)
 2 SYSTEMPATH\View\View.php(224): include('C:\\xampp\\htdocs\\isms-project\\app\\Views\\Context\\timeline.php')
 3 SYSTEMPATH\View\View.php(227): CodeIgniter\View\View->CodeIgniter\View\{closure}()
 4 SYSTEMPATH\Common.php(1180): CodeIgniter\View\View->render('Context/timeline', [], true)
 5 APPPATH\Controllers\TimelineController.php(20): view('Context/timeline', [...])
 6 SYSTEMPATH\CodeIgniter.php(932): App\Controllers\TimelineController->index()
 7 SYSTEMPATH\CodeIgniter.php(497): CodeIgniter\CodeIgniter->runController(Object(App\Controllers\TimelineController))
 8 SYSTEMPATH\CodeIgniter.php(366): CodeIgniter\CodeIgniter->handleRequest(null, Object(Config\Cache), false)
 9 FCPATH\index.php(67): CodeIgniter\CodeIgniter->run()
