CRITICAL - 2023-07-06 02:47:58 --> Undefined array key 11
in APPPATH\Views\Context\context-ana\context_ana.php on line 193.
 1 APPPATH\Views\Context\context-ana\context_ana.php(193): CodeIgniter\Debug\Exceptions->errorHandler(2, 'Undefined array key 11', 'E:\\work\\ISMS\\isms-project\\app\\Views\\Context\\context-ana\\context_ana.php', 193)
 2 SYSTEMPATH\View\View.php(224): include('E:\\work\\ISMS\\isms-project\\app\\Views\\Context\\context-ana\\context_ana.php')
 3 SYSTEMPATH\View\View.php(227): CodeIgniter\View\View->CodeIgniter\View\{closure}()
 4 SYSTEMPATH\Common.php(1180): CodeIgniter\View\View->render('Context/context-ana/context_ana', [], true)
 5 APPPATH\Controllers\Context.php(15): view('Context/context-ana/context_ana', [...])
 6 SYSTEMPATH\CodeIgniter.php(932): App\Controllers\Context->context_analysis_index()
 7 SYSTEMPATH\CodeIgniter.php(497): CodeIgniter\CodeIgniter->runController(Object(App\Controllers\Context))
 8 SYSTEMPATH\CodeIgniter.php(366): CodeIgniter\CodeIgniter->handleRequest(null, Object(Config\Cache), false)
 9 FCPATH\index.php(67): CodeIgniter\CodeIgniter->run()
10 SYSTEMPATH\Commands\Server\rewrite.php(47): require_once('E:\\work\\ISMS\\isms-project\\public\\index.php')
CRITICAL - 2023-07-06 02:48:12 --> Undefined array key 11
in APPPATH\Views\Context\context-ana\context_ana.php on line 192.
 1 APPPATH\Views\Context\context-ana\context_ana.php(192): CodeIgniter\Debug\Exceptions->errorHandler(2, 'Undefined array key 11', 'E:\\work\\ISMS\\isms-project\\app\\Views\\Context\\context-ana\\context_ana.php', 192)
 2 SYSTEMPATH\View\View.php(224): include('E:\\work\\ISMS\\isms-project\\app\\Views\\Context\\context-ana\\context_ana.php')
 3 SYSTEMPATH\View\View.php(227): CodeIgniter\View\View->CodeIgniter\View\{closure}()
 4 SYSTEMPATH\Common.php(1180): CodeIgniter\View\View->render('Context/context-ana/context_ana', [], true)
 5 APPPATH\Controllers\Context.php(15): view('Context/context-ana/context_ana', [...])
 6 SYSTEMPATH\CodeIgniter.php(932): App\Controllers\Context->context_analysis_index()
 7 SYSTEMPATH\CodeIgniter.php(497): CodeIgniter\CodeIgniter->runController(Object(App\Controllers\Context))
 8 SYSTEMPATH\CodeIgniter.php(366): CodeIgniter\CodeIgniter->handleRequest(null, Object(Config\Cache), false)
 9 FCPATH\index.php(67): CodeIgniter\CodeIgniter->run()
10 SYSTEMPATH\Commands\Server\rewrite.php(47): require_once('E:\\work\\ISMS\\isms-project\\public\\index.php')
CRITICAL - 2023-07-06 02:48:54 --> Undefined array key 11
in APPPATH\Views\Context\context-ana\context_ana.php on line 193.
 1 APPPATH\Views\Context\context-ana\context_ana.php(193): CodeIgniter\Debug\Exceptions->errorHandler(2, 'Undefined array key 11', 'E:\\work\\ISMS\\isms-project\\app\\Views\\Context\\context-ana\\context_ana.php', 193)
 2 SYSTEMPATH\View\View.php(224): include('E:\\work\\ISMS\\isms-project\\app\\Views\\Context\\context-ana\\context_ana.php')
 3 SYSTEMPATH\View\View.php(227): CodeIgniter\View\View->CodeIgniter\View\{closure}()
 4 SYSTEMPATH\Common.php(1180): CodeIgniter\View\View->render('Context/context-ana/context_ana', [], true)
 5 APPPATH\Controllers\Context.php(15): view('Context/context-ana/context_ana', [...])
 6 SYSTEMPATH\CodeIgniter.php(932): App\Controllers\Context->context_analysis_index()
 7 SYSTEMPATH\CodeIgniter.php(497): CodeIgniter\CodeIgniter->runController(Object(App\Controllers\Context))
 8 SYSTEMPATH\CodeIgniter.php(366): CodeIgniter\CodeIgniter->handleRequest(null, Object(Config\Cache), false)
 9 FCPATH\index.php(67): CodeIgniter\CodeIgniter->run()
10 SYSTEMPATH\Commands\Server\rewrite.php(47): require_once('E:\\work\\ISMS\\isms-project\\public\\index.php')
CRITICAL - 2023-07-06 02:51:18 --> Undefined array key 11
in APPPATH\Views\Context\context-ana\context_ana.php on line 192.
 1 APPPATH\Views\Context\context-ana\context_ana.php(192): CodeIgniter\Debug\Exceptions->errorHandler(2, 'Undefined array key 11', 'E:\\work\\ISMS\\isms-project\\app\\Views\\Context\\context-ana\\context_ana.php', 192)
 2 SYSTEMPATH\View\View.php(224): include('E:\\work\\ISMS\\isms-project\\app\\Views\\Context\\context-ana\\context_ana.php')
 3 SYSTEMPATH\View\View.php(227): CodeIgniter\View\View->CodeIgniter\View\{closure}()
 4 SYSTEMPATH\Common.php(1180): CodeIgniter\View\View->render('Context/context-ana/context_ana', [], true)
 5 APPPATH\Controllers\Context.php(15): view('Context/context-ana/context_ana', [...])
 6 SYSTEMPATH\CodeIgniter.php(932): App\Controllers\Context->context_analysis_index()
 7 SYSTEMPATH\CodeIgniter.php(497): CodeIgniter\CodeIgniter->runController(Object(App\Controllers\Context))
 8 SYSTEMPATH\CodeIgniter.php(366): CodeIgniter\CodeIgniter->handleRequest(null, Object(Config\Cache), false)
 9 FCPATH\index.php(67): CodeIgniter\CodeIgniter->run()
10 SYSTEMPATH\Commands\Server\rewrite.php(47): require_once('E:\\work\\ISMS\\isms-project\\public\\index.php')
CRITICAL - 2023-07-06 02:52:11 --> Undefined variable $id
in APPPATH\Views\Context\context-ana\context_ana.php on line 104.
 1 APPPATH\Views\Context\context-ana\context_ana.php(104): CodeIgniter\Debug\Exceptions->errorHandler(2, 'Undefined variable $id', 'E:\\work\\ISMS\\isms-project\\app\\Views\\Context\\context-ana\\context_ana.php', 104)
 2 SYSTEMPATH\View\View.php(224): include('E:\\work\\ISMS\\isms-project\\app\\Views\\Context\\context-ana\\context_ana.php')
 3 SYSTEMPATH\View\View.php(227): CodeIgniter\View\View->CodeIgniter\View\{closure}()
 4 SYSTEMPATH\Common.php(1180): CodeIgniter\View\View->render('Context/context-ana/context_ana', [], true)
 5 APPPATH\Controllers\Context.php(15): view('Context/context-ana/context_ana', [...])
 6 SYSTEMPATH\CodeIgniter.php(932): App\Controllers\Context->context_analysis_index()
 7 SYSTEMPATH\CodeIgniter.php(497): CodeIgniter\CodeIgniter->runController(Object(App\Controllers\Context))
 8 SYSTEMPATH\CodeIgniter.php(366): CodeIgniter\CodeIgniter->handleRequest(null, Object(Config\Cache), false)
 9 FCPATH\index.php(67): CodeIgniter\CodeIgniter->run()
10 SYSTEMPATH\Commands\Server\rewrite.php(47): require_once('E:\\work\\ISMS\\isms-project\\public\\index.php')
CRITICAL - 2023-07-06 02:54:57 --> Undefined array key 11
in APPPATH\Views\Context\context-ana\context_ana.php on line 192.
 1 APPPATH\Views\Context\context-ana\context_ana.php(192): CodeIgniter\Debug\Exceptions->errorHandler(2, 'Undefined array key 11', 'E:\\work\\ISMS\\isms-project\\app\\Views\\Context\\context-ana\\context_ana.php', 192)
 2 SYSTEMPATH\View\View.php(224): include('E:\\work\\ISMS\\isms-project\\app\\Views\\Context\\context-ana\\context_ana.php')
 3 SYSTEMPATH\View\View.php(227): CodeIgniter\View\View->CodeIgniter\View\{closure}()
 4 SYSTEMPATH\Common.php(1180): CodeIgniter\View\View->render('Context/context-ana/context_ana', [], true)
 5 APPPATH\Controllers\Context.php(15): view('Context/context-ana/context_ana', [...])
 6 SYSTEMPATH\CodeIgniter.php(932): App\Controllers\Context->context_analysis_index()
 7 SYSTEMPATH\CodeIgniter.php(497): CodeIgniter\CodeIgniter->runController(Object(App\Controllers\Context))
 8 SYSTEMPATH\CodeIgniter.php(366): CodeIgniter\CodeIgniter->handleRequest(null, Object(Config\Cache), false)
 9 FCPATH\index.php(67): CodeIgniter\CodeIgniter->run()
10 SYSTEMPATH\Commands\Server\rewrite.php(47): require_once('E:\\work\\ISMS\\isms-project\\public\\index.php')
CRITICAL - 2023-07-06 02:55:21 --> Undefined array key 11
in APPPATH\Views\Context\context-ana\context_ana.php on line 192.
 1 APPPATH\Views\Context\context-ana\context_ana.php(192): CodeIgniter\Debug\Exceptions->errorHandler(2, 'Undefined array key 11', 'E:\\work\\ISMS\\isms-project\\app\\Views\\Context\\context-ana\\context_ana.php', 192)
 2 SYSTEMPATH\View\View.php(224): include('E:\\work\\ISMS\\isms-project\\app\\Views\\Context\\context-ana\\context_ana.php')
 3 SYSTEMPATH\View\View.php(227): CodeIgniter\View\View->CodeIgniter\View\{closure}()
 4 SYSTEMPATH\Common.php(1180): CodeIgniter\View\View->render('Context/context-ana/context_ana', [], true)
 5 APPPATH\Controllers\Context.php(15): view('Context/context-ana/context_ana', [...])
 6 SYSTEMPATH\CodeIgniter.php(932): App\Controllers\Context->context_analysis_index()
 7 SYSTEMPATH\CodeIgniter.php(497): CodeIgniter\CodeIgniter->runController(Object(App\Controllers\Context))
 8 SYSTEMPATH\CodeIgniter.php(366): CodeIgniter\CodeIgniter->handleRequest(null, Object(Config\Cache), false)
 9 FCPATH\index.php(67): CodeIgniter\CodeIgniter->run()
10 SYSTEMPATH\Commands\Server\rewrite.php(47): require_once('E:\\work\\ISMS\\isms-project\\public\\index.php')
CRITICAL - 2023-07-06 02:55:50 --> Undefined array key 11
in APPPATH\Views\Context\context-ana\context_ana.php on line 192.
 1 APPPATH\Views\Context\context-ana\context_ana.php(192): CodeIgniter\Debug\Exceptions->errorHandler(2, 'Undefined array key 11', 'E:\\work\\ISMS\\isms-project\\app\\Views\\Context\\context-ana\\context_ana.php', 192)
 2 SYSTEMPATH\View\View.php(224): include('E:\\work\\ISMS\\isms-project\\app\\Views\\Context\\context-ana\\context_ana.php')
 3 SYSTEMPATH\View\View.php(227): CodeIgniter\View\View->CodeIgniter\View\{closure}()
 4 SYSTEMPATH\Common.php(1180): CodeIgniter\View\View->render('Context/context-ana/context_ana', [], true)
 5 APPPATH\Controllers\Context.php(15): view('Context/context-ana/context_ana', [...])
 6 SYSTEMPATH\CodeIgniter.php(932): App\Controllers\Context->context_analysis_index()
 7 SYSTEMPATH\CodeIgniter.php(497): CodeIgniter\CodeIgniter->runController(Object(App\Controllers\Context))
 8 SYSTEMPATH\CodeIgniter.php(366): CodeIgniter\CodeIgniter->handleRequest(null, Object(Config\Cache), false)
 9 FCPATH\index.php(67): CodeIgniter\CodeIgniter->run()
10 SYSTEMPATH\Commands\Server\rewrite.php(47): require_once('E:\\work\\ISMS\\isms-project\\public\\index.php')
CRITICAL - 2023-07-06 02:56:42 --> Illegal offset type
in APPPATH\Views\Context\context-ana\context_ana.php on line 192.
 1 SYSTEMPATH\View\View.php(224): include()
 2 SYSTEMPATH\View\View.php(227): CodeIgniter\View\View->CodeIgniter\View\{closure}()
 3 SYSTEMPATH\Common.php(1180): CodeIgniter\View\View->render('Context/context-ana/context_ana', [], true)
 4 APPPATH\Controllers\Context.php(15): view('Context/context-ana/context_ana', [...])
 5 SYSTEMPATH\CodeIgniter.php(932): App\Controllers\Context->context_analysis_index()
 6 SYSTEMPATH\CodeIgniter.php(497): CodeIgniter\CodeIgniter->runController(Object(App\Controllers\Context))
 7 SYSTEMPATH\CodeIgniter.php(366): CodeIgniter\CodeIgniter->handleRequest(null, Object(Config\Cache), false)
 8 FCPATH\index.php(67): CodeIgniter\CodeIgniter->run()
 9 SYSTEMPATH\Commands\Server\rewrite.php(47): require_once('E:\\work\\ISMS\\isms-project\\public\\index.php')
CRITICAL - 2023-07-06 02:57:03 --> Undefined array key 11
in APPPATH\Views\Context\context-ana\context_ana.php on line 192.
 1 APPPATH\Views\Context\context-ana\context_ana.php(192): CodeIgniter\Debug\Exceptions->errorHandler(2, 'Undefined array key 11', 'E:\\work\\ISMS\\isms-project\\app\\Views\\Context\\context-ana\\context_ana.php', 192)
 2 SYSTEMPATH\View\View.php(224): include('E:\\work\\ISMS\\isms-project\\app\\Views\\Context\\context-ana\\context_ana.php')
 3 SYSTEMPATH\View\View.php(227): CodeIgniter\View\View->CodeIgniter\View\{closure}()
 4 SYSTEMPATH\Common.php(1180): CodeIgniter\View\View->render('Context/context-ana/context_ana', [], true)
 5 APPPATH\Controllers\Context.php(15): view('Context/context-ana/context_ana', [...])
 6 SYSTEMPATH\CodeIgniter.php(932): App\Controllers\Context->context_analysis_index()
 7 SYSTEMPATH\CodeIgniter.php(497): CodeIgniter\CodeIgniter->runController(Object(App\Controllers\Context))
 8 SYSTEMPATH\CodeIgniter.php(366): CodeIgniter\CodeIgniter->handleRequest(null, Object(Config\Cache), false)
 9 FCPATH\index.php(67): CodeIgniter\CodeIgniter->run()
10 SYSTEMPATH\Commands\Server\rewrite.php(47): require_once('E:\\work\\ISMS\\isms-project\\public\\index.php')
CRITICAL - 2023-07-06 02:57:44 --> Array to string conversion
in APPPATH\Views\Context\context-ana\context_ana.php on line 103.
 1 APPPATH\Views\Context\context-ana\context_ana.php(103): CodeIgniter\Debug\Exceptions->errorHandler(2, 'Array to string conversion', 'E:\\work\\ISMS\\isms-project\\app\\Views\\Context\\context-ana\\context_ana.php', 103)
 2 SYSTEMPATH\View\View.php(224): include('E:\\work\\ISMS\\isms-project\\app\\Views\\Context\\context-ana\\context_ana.php')
 3 SYSTEMPATH\View\View.php(227): CodeIgniter\View\View->CodeIgniter\View\{closure}()
 4 SYSTEMPATH\Common.php(1180): CodeIgniter\View\View->render('Context/context-ana/context_ana', [], true)
 5 APPPATH\Controllers\Context.php(15): view('Context/context-ana/context_ana', [...])
 6 SYSTEMPATH\CodeIgniter.php(932): App\Controllers\Context->context_analysis_index()
 7 SYSTEMPATH\CodeIgniter.php(497): CodeIgniter\CodeIgniter->runController(Object(App\Controllers\Context))
 8 SYSTEMPATH\CodeIgniter.php(366): CodeIgniter\CodeIgniter->handleRequest(null, Object(Config\Cache), false)
 9 FCPATH\index.php(67): CodeIgniter\CodeIgniter->run()
10 SYSTEMPATH\Commands\Server\rewrite.php(47): require_once('E:\\work\\ISMS\\isms-project\\public\\index.php')
CRITICAL - 2023-07-06 02:59:02 --> Illegal offset type
in APPPATH\Views\Context\context-ana\context_ana.php on line 192.
 1 SYSTEMPATH\View\View.php(224): include()
 2 SYSTEMPATH\View\View.php(227): CodeIgniter\View\View->CodeIgniter\View\{closure}()
 3 SYSTEMPATH\Common.php(1180): CodeIgniter\View\View->render('Context/context-ana/context_ana', [], true)
 4 APPPATH\Controllers\Context.php(15): view('Context/context-ana/context_ana', [...])
 5 SYSTEMPATH\CodeIgniter.php(932): App\Controllers\Context->context_analysis_index()
 6 SYSTEMPATH\CodeIgniter.php(497): CodeIgniter\CodeIgniter->runController(Object(App\Controllers\Context))
 7 SYSTEMPATH\CodeIgniter.php(366): CodeIgniter\CodeIgniter->handleRequest(null, Object(Config\Cache), false)
 8 FCPATH\index.php(67): CodeIgniter\CodeIgniter->run()
 9 SYSTEMPATH\Commands\Server\rewrite.php(47): require_once('E:\\work\\ISMS\\isms-project\\public\\index.php')
CRITICAL - 2023-07-06 03:00:05 --> Trying to access array offset on value of type int
in APPPATH\Views\Context\context-ana\context_ana.php on line 103.
 1 APPPATH\Views\Context\context-ana\context_ana.php(103): CodeIgniter\Debug\Exceptions->errorHandler(2, 'Trying to access array offset on value of type int', 'E:\\work\\ISMS\\isms-project\\app\\Views\\Context\\context-ana\\context_ana.php', 103)
 2 SYSTEMPATH\View\View.php(224): include('E:\\work\\ISMS\\isms-project\\app\\Views\\Context\\context-ana\\context_ana.php')
 3 SYSTEMPATH\View\View.php(227): CodeIgniter\View\View->CodeIgniter\View\{closure}()
 4 SYSTEMPATH\Common.php(1180): CodeIgniter\View\View->render('Context/context-ana/context_ana', [], true)
 5 APPPATH\Controllers\Context.php(15): view('Context/context-ana/context_ana', [...])
 6 SYSTEMPATH\CodeIgniter.php(932): App\Controllers\Context->context_analysis_index()
 7 SYSTEMPATH\CodeIgniter.php(497): CodeIgniter\CodeIgniter->runController(Object(App\Controllers\Context))
 8 SYSTEMPATH\CodeIgniter.php(366): CodeIgniter\CodeIgniter->handleRequest(null, Object(Config\Cache), false)
 9 FCPATH\index.php(67): CodeIgniter\CodeIgniter->run()
10 SYSTEMPATH\Commands\Server\rewrite.php(47): require_once('E:\\work\\ISMS\\isms-project\\public\\index.php')
CRITICAL - 2023-07-06 03:01:04 --> Trying to access array offset on value of type int
in APPPATH\Views\Context\context-ana\context_ana.php on line 111.
 1 APPPATH\Views\Context\context-ana\context_ana.php(111): CodeIgniter\Debug\Exceptions->errorHandler(2, 'Trying to access array offset on value of type int', 'E:\\work\\ISMS\\isms-project\\app\\Views\\Context\\context-ana\\context_ana.php', 111)
 2 SYSTEMPATH\View\View.php(224): include('E:\\work\\ISMS\\isms-project\\app\\Views\\Context\\context-ana\\context_ana.php')
 3 SYSTEMPATH\View\View.php(227): CodeIgniter\View\View->CodeIgniter\View\{closure}()
 4 SYSTEMPATH\Common.php(1180): CodeIgniter\View\View->render('Context/context-ana/context_ana', [], true)
 5 APPPATH\Controllers\Context.php(15): view('Context/context-ana/context_ana', [...])
 6 SYSTEMPATH\CodeIgniter.php(932): App\Controllers\Context->context_analysis_index()
 7 SYSTEMPATH\CodeIgniter.php(497): CodeIgniter\CodeIgniter->runController(Object(App\Controllers\Context))
 8 SYSTEMPATH\CodeIgniter.php(366): CodeIgniter\CodeIgniter->handleRequest(null, Object(Config\Cache), false)
 9 FCPATH\index.php(67): CodeIgniter\CodeIgniter->run()
10 SYSTEMPATH\Commands\Server\rewrite.php(47): require_once('E:\\work\\ISMS\\isms-project\\public\\index.php')
CRITICAL - 2023-07-06 03:02:23 --> Illegal offset type
in APPPATH\Views\Context\context-ana\context_ana.php on line 192.
 1 SYSTEMPATH\View\View.php(224): include()
 2 SYSTEMPATH\View\View.php(227): CodeIgniter\View\View->CodeIgniter\View\{closure}()
 3 SYSTEMPATH\Common.php(1180): CodeIgniter\View\View->render('Context/context-ana/context_ana', [], true)
 4 APPPATH\Controllers\Context.php(15): view('Context/context-ana/context_ana', [...])
 5 SYSTEMPATH\CodeIgniter.php(932): App\Controllers\Context->context_analysis_index()
 6 SYSTEMPATH\CodeIgniter.php(497): CodeIgniter\CodeIgniter->runController(Object(App\Controllers\Context))
 7 SYSTEMPATH\CodeIgniter.php(366): CodeIgniter\CodeIgniter->handleRequest(null, Object(Config\Cache), false)
 8 FCPATH\index.php(67): CodeIgniter\CodeIgniter->run()
 9 SYSTEMPATH\Commands\Server\rewrite.php(47): require_once('E:\\work\\ISMS\\isms-project\\public\\index.php')
CRITICAL - 2023-07-06 03:02:37 --> Illegal offset type
in APPPATH\Views\Context\context-ana\context_ana.php on line 192.
 1 SYSTEMPATH\View\View.php(224): include()
 2 SYSTEMPATH\View\View.php(227): CodeIgniter\View\View->CodeIgniter\View\{closure}()
 3 SYSTEMPATH\Common.php(1180): CodeIgniter\View\View->render('Context/context-ana/context_ana', [], true)
 4 APPPATH\Controllers\Context.php(15): view('Context/context-ana/context_ana', [...])
 5 SYSTEMPATH\CodeIgniter.php(932): App\Controllers\Context->context_analysis_index()
 6 SYSTEMPATH\CodeIgniter.php(497): CodeIgniter\CodeIgniter->runController(Object(App\Controllers\Context))
 7 SYSTEMPATH\CodeIgniter.php(366): CodeIgniter\CodeIgniter->handleRequest(null, Object(Config\Cache), false)
 8 FCPATH\index.php(67): CodeIgniter\CodeIgniter->run()
 9 SYSTEMPATH\Commands\Server\rewrite.php(47): require_once('E:\\work\\ISMS\\isms-project\\public\\index.php')
CRITICAL - 2023-07-06 03:03:59 --> Illegal offset type
in APPPATH\Views\Context\context-ana\context_ana.php on line 193.
 1 SYSTEMPATH\View\View.php(224): include()
 2 SYSTEMPATH\View\View.php(227): CodeIgniter\View\View->CodeIgniter\View\{closure}()
 3 SYSTEMPATH\Common.php(1180): CodeIgniter\View\View->render('Context/context-ana/context_ana', [], true)
 4 APPPATH\Controllers\Context.php(15): view('Context/context-ana/context_ana', [...])
 5 SYSTEMPATH\CodeIgniter.php(932): App\Controllers\Context->context_analysis_index()
 6 SYSTEMPATH\CodeIgniter.php(497): CodeIgniter\CodeIgniter->runController(Object(App\Controllers\Context))
 7 SYSTEMPATH\CodeIgniter.php(366): CodeIgniter\CodeIgniter->handleRequest(null, Object(Config\Cache), false)
 8 FCPATH\index.php(67): CodeIgniter\CodeIgniter->run()
 9 SYSTEMPATH\Commands\Server\rewrite.php(47): require_once('E:\\work\\ISMS\\isms-project\\public\\index.php')
CRITICAL - 2023-07-06 03:04:06 --> Illegal offset type
in APPPATH\Views\Context\context-ana\context_ana.php on line 193.
 1 SYSTEMPATH\View\View.php(224): include()
 2 SYSTEMPATH\View\View.php(227): CodeIgniter\View\View->CodeIgniter\View\{closure}()
 3 SYSTEMPATH\Common.php(1180): CodeIgniter\View\View->render('Context/context-ana/context_ana', [], true)
 4 APPPATH\Controllers\Context.php(15): view('Context/context-ana/context_ana', [...])
 5 SYSTEMPATH\CodeIgniter.php(932): App\Controllers\Context->context_analysis_index()
 6 SYSTEMPATH\CodeIgniter.php(497): CodeIgniter\CodeIgniter->runController(Object(App\Controllers\Context))
 7 SYSTEMPATH\CodeIgniter.php(366): CodeIgniter\CodeIgniter->handleRequest(null, Object(Config\Cache), false)
 8 FCPATH\index.php(67): CodeIgniter\CodeIgniter->run()
 9 SYSTEMPATH\Commands\Server\rewrite.php(47): require_once('E:\\work\\ISMS\\isms-project\\public\\index.php')
CRITICAL - 2023-07-06 03:07:59 --> Illegal offset type
in APPPATH\Views\Context\context-ana\context_ana.php on line 192.
 1 SYSTEMPATH\View\View.php(224): include()
 2 SYSTEMPATH\View\View.php(227): CodeIgniter\View\View->CodeIgniter\View\{closure}()
 3 SYSTEMPATH\Common.php(1180): CodeIgniter\View\View->render('Context/context-ana/context_ana', [], true)
 4 APPPATH\Controllers\Context.php(15): view('Context/context-ana/context_ana', [...])
 5 SYSTEMPATH\CodeIgniter.php(932): App\Controllers\Context->context_analysis_index()
 6 SYSTEMPATH\CodeIgniter.php(497): CodeIgniter\CodeIgniter->runController(Object(App\Controllers\Context))
 7 SYSTEMPATH\CodeIgniter.php(366): CodeIgniter\CodeIgniter->handleRequest(null, Object(Config\Cache), false)
 8 FCPATH\index.php(67): CodeIgniter\CodeIgniter->run()
 9 SYSTEMPATH\Commands\Server\rewrite.php(47): require_once('E:\\work\\ISMS\\isms-project\\public\\index.php')
CRITICAL - 2023-07-06 03:14:47 --> Trying to access array offset on value of type int
in APPPATH\Views\Context\context-ana\context_ana.php on line 103.
 1 APPPATH\Views\Context\context-ana\context_ana.php(103): CodeIgniter\Debug\Exceptions->errorHandler(2, 'Trying to access array offset on value of type int', 'E:\\work\\ISMS\\isms-project\\app\\Views\\Context\\context-ana\\context_ana.php', 103)
 2 SYSTEMPATH\View\View.php(224): include('E:\\work\\ISMS\\isms-project\\app\\Views\\Context\\context-ana\\context_ana.php')
 3 SYSTEMPATH\View\View.php(227): CodeIgniter\View\View->CodeIgniter\View\{closure}()
 4 SYSTEMPATH\Common.php(1180): CodeIgniter\View\View->render('Context/context-ana/context_ana', [], true)
 5 APPPATH\Controllers\Context.php(15): view('Context/context-ana/context_ana', [...])
 6 SYSTEMPATH\CodeIgniter.php(932): App\Controllers\Context->context_analysis_index()
 7 SYSTEMPATH\CodeIgniter.php(497): CodeIgniter\CodeIgniter->runController(Object(App\Controllers\Context))
 8 SYSTEMPATH\CodeIgniter.php(366): CodeIgniter\CodeIgniter->handleRequest(null, Object(Config\Cache), false)
 9 FCPATH\index.php(67): CodeIgniter\CodeIgniter->run()
10 SYSTEMPATH\Commands\Server\rewrite.php(47): require_once('E:\\work\\ISMS\\isms-project\\public\\index.php')
CRITICAL - 2023-07-06 03:15:05 --> Attempt to read property "modifiend_data" on array
in APPPATH\Views\Context\context-ana\context_ana.php on line 192.
 1 APPPATH\Views\Context\context-ana\context_ana.php(192): CodeIgniter\Debug\Exceptions->errorHandler(2, 'Attempt to read property "modifiend_data" on array', 'E:\\work\\ISMS\\isms-project\\app\\Views\\Context\\context-ana\\context_ana.php', 192)
 2 SYSTEMPATH\View\View.php(224): include('E:\\work\\ISMS\\isms-project\\app\\Views\\Context\\context-ana\\context_ana.php')
 3 SYSTEMPATH\View\View.php(227): CodeIgniter\View\View->CodeIgniter\View\{closure}()
 4 SYSTEMPATH\Common.php(1180): CodeIgniter\View\View->render('Context/context-ana/context_ana', [], true)
 5 APPPATH\Controllers\Context.php(15): view('Context/context-ana/context_ana', [...])
 6 SYSTEMPATH\CodeIgniter.php(932): App\Controllers\Context->context_analysis_index()
 7 SYSTEMPATH\CodeIgniter.php(497): CodeIgniter\CodeIgniter->runController(Object(App\Controllers\Context))
 8 SYSTEMPATH\CodeIgniter.php(366): CodeIgniter\CodeIgniter->handleRequest(null, Object(Config\Cache), false)
 9 FCPATH\index.php(67): CodeIgniter\CodeIgniter->run()
10 SYSTEMPATH\Commands\Server\rewrite.php(47): require_once('E:\\work\\ISMS\\isms-project\\public\\index.php')
CRITICAL - 2023-07-06 03:20:59 --> Cannot access offset of type string on string
in APPPATH\Views\Context\context-ana\context_ana.php on line 192.
 1 SYSTEMPATH\View\View.php(224): include()
 2 SYSTEMPATH\View\View.php(227): CodeIgniter\View\View->CodeIgniter\View\{closure}()
 3 SYSTEMPATH\Common.php(1180): CodeIgniter\View\View->render('Context/context-ana/context_ana', [], true)
 4 APPPATH\Controllers\Context.php(15): view('Context/context-ana/context_ana', [...])
 5 SYSTEMPATH\CodeIgniter.php(932): App\Controllers\Context->context_analysis_index()
 6 SYSTEMPATH\CodeIgniter.php(497): CodeIgniter\CodeIgniter->runController(Object(App\Controllers\Context))
 7 SYSTEMPATH\CodeIgniter.php(366): CodeIgniter\CodeIgniter->handleRequest(null, Object(Config\Cache), false)
 8 FCPATH\index.php(67): CodeIgniter\CodeIgniter->run()
 9 SYSTEMPATH\Commands\Server\rewrite.php(47): require_once('E:\\work\\ISMS\\isms-project\\public\\index.php')
CRITICAL - 2023-07-06 03:23:12 --> Cannot access offset of type string on string
in APPPATH\Views\Context\context-ana\context_ana.php on line 192.
 1 SYSTEMPATH\View\View.php(224): include()
 2 SYSTEMPATH\View\View.php(227): CodeIgniter\View\View->CodeIgniter\View\{closure}()
 3 SYSTEMPATH\Common.php(1180): CodeIgniter\View\View->render('Context/context-ana/context_ana', [], true)
 4 APPPATH\Controllers\Context.php(15): view('Context/context-ana/context_ana', [...])
 5 SYSTEMPATH\CodeIgniter.php(932): App\Controllers\Context->context_analysis_index()
 6 SYSTEMPATH\CodeIgniter.php(497): CodeIgniter\CodeIgniter->runController(Object(App\Controllers\Context))
 7 SYSTEMPATH\CodeIgniter.php(366): CodeIgniter\CodeIgniter->handleRequest(null, Object(Config\Cache), false)
 8 FCPATH\index.php(67): CodeIgniter\CodeIgniter->run()
 9 SYSTEMPATH\Commands\Server\rewrite.php(47): require_once('E:\\work\\ISMS\\isms-project\\public\\index.php')
CRITICAL - 2023-07-06 03:23:29 --> Cannot access offset of type string on string
in APPPATH\Views\Context\context-ana\context_ana.php on line 192.
 1 SYSTEMPATH\View\View.php(224): include()
 2 SYSTEMPATH\View\View.php(227): CodeIgniter\View\View->CodeIgniter\View\{closure}()
 3 SYSTEMPATH\Common.php(1180): CodeIgniter\View\View->render('Context/context-ana/context_ana', [], true)
 4 APPPATH\Controllers\Context.php(15): view('Context/context-ana/context_ana', [...])
 5 SYSTEMPATH\CodeIgniter.php(932): App\Controllers\Context->context_analysis_index()
 6 SYSTEMPATH\CodeIgniter.php(497): CodeIgniter\CodeIgniter->runController(Object(App\Controllers\Context))
 7 SYSTEMPATH\CodeIgniter.php(366): CodeIgniter\CodeIgniter->handleRequest(null, Object(Config\Cache), false)
 8 FCPATH\index.php(67): CodeIgniter\CodeIgniter->run()
 9 SYSTEMPATH\Commands\Server\rewrite.php(47): require_once('E:\\work\\ISMS\\isms-project\\public\\index.php')
CRITICAL - 2023-07-06 03:23:42 --> Cannot access offset of type string on string
in APPPATH\Views\Context\context-ana\context_ana.php on line 192.
 1 SYSTEMPATH\View\View.php(224): include()
 2 SYSTEMPATH\View\View.php(227): CodeIgniter\View\View->CodeIgniter\View\{closure}()
 3 SYSTEMPATH\Common.php(1180): CodeIgniter\View\View->render('Context/context-ana/context_ana', [], true)
 4 APPPATH\Controllers\Context.php(15): view('Context/context-ana/context_ana', [...])
 5 SYSTEMPATH\CodeIgniter.php(932): App\Controllers\Context->context_analysis_index()
 6 SYSTEMPATH\CodeIgniter.php(497): CodeIgniter\CodeIgniter->runController(Object(App\Controllers\Context))
 7 SYSTEMPATH\CodeIgniter.php(366): CodeIgniter\CodeIgniter->handleRequest(null, Object(Config\Cache), false)
 8 FCPATH\index.php(67): CodeIgniter\CodeIgniter->run()
 9 SYSTEMPATH\Commands\Server\rewrite.php(47): require_once('E:\\work\\ISMS\\isms-project\\public\\index.php')
CRITICAL - 2023-07-06 03:29:34 --> Undefined variable $id
in APPPATH\Views\Context\context-ana\context_ana.php on line 104.
 1 APPPATH\Views\Context\context-ana\context_ana.php(104): CodeIgniter\Debug\Exceptions->errorHandler(2, 'Undefined variable $id', 'E:\\work\\ISMS\\isms-project\\app\\Views\\Context\\context-ana\\context_ana.php', 104)
 2 SYSTEMPATH\View\View.php(224): include('E:\\work\\ISMS\\isms-project\\app\\Views\\Context\\context-ana\\context_ana.php')
 3 SYSTEMPATH\View\View.php(227): CodeIgniter\View\View->CodeIgniter\View\{closure}()
 4 SYSTEMPATH\Common.php(1180): CodeIgniter\View\View->render('Context/context-ana/context_ana', [], true)
 5 APPPATH\Controllers\Context.php(15): view('Context/context-ana/context_ana', [...])
 6 SYSTEMPATH\CodeIgniter.php(932): App\Controllers\Context->context_analysis_index()
 7 SYSTEMPATH\CodeIgniter.php(497): CodeIgniter\CodeIgniter->runController(Object(App\Controllers\Context))
 8 SYSTEMPATH\CodeIgniter.php(366): CodeIgniter\CodeIgniter->handleRequest(null, Object(Config\Cache), false)
 9 FCPATH\index.php(67): CodeIgniter\CodeIgniter->run()
10 SYSTEMPATH\Commands\Server\rewrite.php(47): require_once('E:\\work\\ISMS\\isms-project\\public\\index.php')
CRITICAL - 2023-07-06 03:32:10 --> Undefined variable $id
in APPPATH\Views\Context\context-ana\context_ana.php on line 180.
 1 APPPATH\Views\Context\context-ana\context_ana.php(180): CodeIgniter\Debug\Exceptions->errorHandler(2, 'Undefined variable $id', 'E:\\work\\ISMS\\isms-project\\app\\Views\\Context\\context-ana\\context_ana.php', 180)
 2 SYSTEMPATH\View\View.php(224): include('E:\\work\\ISMS\\isms-project\\app\\Views\\Context\\context-ana\\context_ana.php')
 3 SYSTEMPATH\View\View.php(227): CodeIgniter\View\View->CodeIgniter\View\{closure}()
 4 SYSTEMPATH\Common.php(1180): CodeIgniter\View\View->render('Context/context-ana/context_ana', [], true)
 5 APPPATH\Controllers\Context.php(15): view('Context/context-ana/context_ana', [...])
 6 SYSTEMPATH\CodeIgniter.php(932): App\Controllers\Context->context_analysis_index()
 7 SYSTEMPATH\CodeIgniter.php(497): CodeIgniter\CodeIgniter->runController(Object(App\Controllers\Context))
 8 SYSTEMPATH\CodeIgniter.php(366): CodeIgniter\CodeIgniter->handleRequest(null, Object(Config\Cache), false)
 9 FCPATH\index.php(67): CodeIgniter\CodeIgniter->run()
10 SYSTEMPATH\Commands\Server\rewrite.php(47): require_once('E:\\work\\ISMS\\isms-project\\public\\index.php')
CRITICAL - 2023-07-06 03:44:42 --> Array to string conversion
in APPPATH\Views\Context\context-ana\context_ana.php on line 104.
 1 APPPATH\Views\Context\context-ana\context_ana.php(104): CodeIgniter\Debug\Exceptions->errorHandler(2, 'Array to string conversion', 'E:\\work\\ISMS\\isms-project\\app\\Views\\Context\\context-ana\\context_ana.php', 104)
 2 SYSTEMPATH\View\View.php(224): include('E:\\work\\ISMS\\isms-project\\app\\Views\\Context\\context-ana\\context_ana.php')
 3 SYSTEMPATH\View\View.php(227): CodeIgniter\View\View->CodeIgniter\View\{closure}()
 4 SYSTEMPATH\Common.php(1180): CodeIgniter\View\View->render('Context/context-ana/context_ana', [], true)
 5 APPPATH\Controllers\Context.php(15): view('Context/context-ana/context_ana', [...])
 6 SYSTEMPATH\CodeIgniter.php(932): App\Controllers\Context->context_analysis_index()
 7 SYSTEMPATH\CodeIgniter.php(497): CodeIgniter\CodeIgniter->runController(Object(App\Controllers\Context))
 8 SYSTEMPATH\CodeIgniter.php(366): CodeIgniter\CodeIgniter->handleRequest(null, Object(Config\Cache), false)
 9 FCPATH\index.php(67): CodeIgniter\CodeIgniter->run()
10 SYSTEMPATH\Commands\Server\rewrite.php(47): require_once('E:\\work\\ISMS\\isms-project\\public\\index.php')
CRITICAL - 2023-07-06 03:45:19 --> Array to string conversion
in APPPATH\Views\Context\context-ana\context_ana.php on line 104.
 1 APPPATH\Views\Context\context-ana\context_ana.php(104): CodeIgniter\Debug\Exceptions->errorHandler(2, 'Array to string conversion', 'E:\\work\\ISMS\\isms-project\\app\\Views\\Context\\context-ana\\context_ana.php', 104)
 2 SYSTEMPATH\View\View.php(224): include('E:\\work\\ISMS\\isms-project\\app\\Views\\Context\\context-ana\\context_ana.php')
 3 SYSTEMPATH\View\View.php(227): CodeIgniter\View\View->CodeIgniter\View\{closure}()
 4 SYSTEMPATH\Common.php(1180): CodeIgniter\View\View->render('Context/context-ana/context_ana', [], true)
 5 APPPATH\Controllers\Context.php(15): view('Context/context-ana/context_ana', [...])
 6 SYSTEMPATH\CodeIgniter.php(932): App\Controllers\Context->context_analysis_index()
 7 SYSTEMPATH\CodeIgniter.php(497): CodeIgniter\CodeIgniter->runController(Object(App\Controllers\Context))
 8 SYSTEMPATH\CodeIgniter.php(366): CodeIgniter\CodeIgniter->handleRequest(null, Object(Config\Cache), false)
 9 FCPATH\index.php(67): CodeIgniter\CodeIgniter->run()
10 SYSTEMPATH\Commands\Server\rewrite.php(47): require_once('E:\\work\\ISMS\\isms-project\\public\\index.php')
CRITICAL - 2023-07-06 03:46:17 --> Undefined variable $id
in APPPATH\Views\Context\context-ana\context_ana.php on line 258.
 1 APPPATH\Views\Context\context-ana\context_ana.php(258): CodeIgniter\Debug\Exceptions->errorHandler(2, 'Undefined variable $id', 'E:\\work\\ISMS\\isms-project\\app\\Views\\Context\\context-ana\\context_ana.php', 258)
 2 SYSTEMPATH\View\View.php(224): include('E:\\work\\ISMS\\isms-project\\app\\Views\\Context\\context-ana\\context_ana.php')
 3 SYSTEMPATH\View\View.php(227): CodeIgniter\View\View->CodeIgniter\View\{closure}()
 4 SYSTEMPATH\Common.php(1180): CodeIgniter\View\View->render('Context/context-ana/context_ana', [], true)
 5 APPPATH\Controllers\Context.php(15): view('Context/context-ana/context_ana', [...])
 6 SYSTEMPATH\CodeIgniter.php(932): App\Controllers\Context->context_analysis_index()
 7 SYSTEMPATH\CodeIgniter.php(497): CodeIgniter\CodeIgniter->runController(Object(App\Controllers\Context))
 8 SYSTEMPATH\CodeIgniter.php(366): CodeIgniter\CodeIgniter->handleRequest(null, Object(Config\Cache), false)
 9 FCPATH\index.php(67): CodeIgniter\CodeIgniter->run()
10 SYSTEMPATH\Commands\Server\rewrite.php(47): require_once('E:\\work\\ISMS\\isms-project\\public\\index.php')
CRITICAL - 2023-07-06 03:52:56 --> Trying to access array offset on value of type int
in APPPATH\Views\Context\context-ana\context_ana.php on line 111.
 1 APPPATH\Views\Context\context-ana\context_ana.php(111): CodeIgniter\Debug\Exceptions->errorHandler(2, 'Trying to access array offset on value of type int', 'E:\\work\\ISMS\\isms-project\\app\\Views\\Context\\context-ana\\context_ana.php', 111)
 2 SYSTEMPATH\View\View.php(224): include('E:\\work\\ISMS\\isms-project\\app\\Views\\Context\\context-ana\\context_ana.php')
 3 SYSTEMPATH\View\View.php(227): CodeIgniter\View\View->CodeIgniter\View\{closure}()
 4 SYSTEMPATH\Common.php(1180): CodeIgniter\View\View->render('Context/context-ana/context_ana', [], true)
 5 APPPATH\Controllers\Context.php(15): view('Context/context-ana/context_ana', [...])
 6 SYSTEMPATH\CodeIgniter.php(932): App\Controllers\Context->context_analysis_index()
 7 SYSTEMPATH\CodeIgniter.php(497): CodeIgniter\CodeIgniter->runController(Object(App\Controllers\Context))
 8 SYSTEMPATH\CodeIgniter.php(366): CodeIgniter\CodeIgniter->handleRequest(null, Object(Config\Cache), false)
 9 FCPATH\index.php(67): CodeIgniter\CodeIgniter->run()
10 SYSTEMPATH\Commands\Server\rewrite.php(47): require_once('E:\\work\\ISMS\\isms-project\\public\\index.php')
CRITICAL - 2023-07-06 04:16:42 --> Undefined array key 11
in APPPATH\Views\Context\context-ana\context_ana.php on line 192.
 1 APPPATH\Views\Context\context-ana\context_ana.php(192): CodeIgniter\Debug\Exceptions->errorHandler(2, 'Undefined array key 11', 'E:\\work\\ISMS\\isms-project\\app\\Views\\Context\\context-ana\\context_ana.php', 192)
 2 SYSTEMPATH\View\View.php(224): include('E:\\work\\ISMS\\isms-project\\app\\Views\\Context\\context-ana\\context_ana.php')
 3 SYSTEMPATH\View\View.php(227): CodeIgniter\View\View->CodeIgniter\View\{closure}()
 4 SYSTEMPATH\Common.php(1180): CodeIgniter\View\View->render('Context/context-ana/context_ana', [], true)
 5 APPPATH\Controllers\Context.php(15): view('Context/context-ana/context_ana', [...])
 6 SYSTEMPATH\CodeIgniter.php(932): App\Controllers\Context->context_analysis_index()
 7 SYSTEMPATH\CodeIgniter.php(497): CodeIgniter\CodeIgniter->runController(Object(App\Controllers\Context))
 8 SYSTEMPATH\CodeIgniter.php(366): CodeIgniter\CodeIgniter->handleRequest(null, Object(Config\Cache), false)
 9 FCPATH\index.php(67): CodeIgniter\CodeIgniter->run()
10 SYSTEMPATH\Commands\Server\rewrite.php(47): require_once('E:\\work\\ISMS\\isms-project\\public\\index.php')
CRITICAL - 2023-07-06 04:17:00 --> Undefined array key "modified_date"
in APPPATH\Views\Context\context-ana\context_ana.php on line 192.
 1 APPPATH\Views\Context\context-ana\context_ana.php(192): CodeIgniter\Debug\Exceptions->errorHandler(2, 'Undefined array key "modified_date"', 'E:\\work\\ISMS\\isms-project\\app\\Views\\Context\\context-ana\\context_ana.php', 192)
 2 SYSTEMPATH\View\View.php(224): include('E:\\work\\ISMS\\isms-project\\app\\Views\\Context\\context-ana\\context_ana.php')
 3 SYSTEMPATH\View\View.php(227): CodeIgniter\View\View->CodeIgniter\View\{closure}()
 4 SYSTEMPATH\Common.php(1180): CodeIgniter\View\View->render('Context/context-ana/context_ana', [], true)
 5 APPPATH\Controllers\Context.php(15): view('Context/context-ana/context_ana', [...])
 6 SYSTEMPATH\CodeIgniter.php(932): App\Controllers\Context->context_analysis_index()
 7 SYSTEMPATH\CodeIgniter.php(497): CodeIgniter\CodeIgniter->runController(Object(App\Controllers\Context))
 8 SYSTEMPATH\CodeIgniter.php(366): CodeIgniter\CodeIgniter->handleRequest(null, Object(Config\Cache), false)
 9 FCPATH\index.php(67): CodeIgniter\CodeIgniter->run()
10 SYSTEMPATH\Commands\Server\rewrite.php(47): require_once('E:\\work\\ISMS\\isms-project\\public\\index.php')
CRITICAL - 2023-07-06 04:20:29 --> Undefined variable $id
in APPPATH\Views\Context\context-ana\context_ana.php on line 180.
 1 APPPATH\Views\Context\context-ana\context_ana.php(180): CodeIgniter\Debug\Exceptions->errorHandler(2, 'Undefined variable $id', 'E:\\work\\ISMS\\isms-project\\app\\Views\\Context\\context-ana\\context_ana.php', 180)
 2 SYSTEMPATH\View\View.php(224): include('E:\\work\\ISMS\\isms-project\\app\\Views\\Context\\context-ana\\context_ana.php')
 3 SYSTEMPATH\View\View.php(227): CodeIgniter\View\View->CodeIgniter\View\{closure}()
 4 SYSTEMPATH\Common.php(1180): CodeIgniter\View\View->render('Context/context-ana/context_ana', [], true)
 5 APPPATH\Controllers\Context.php(15): view('Context/context-ana/context_ana', [...])
 6 SYSTEMPATH\CodeIgniter.php(932): App\Controllers\Context->context_analysis_index()
 7 SYSTEMPATH\CodeIgniter.php(497): CodeIgniter\CodeIgniter->runController(Object(App\Controllers\Context))
 8 SYSTEMPATH\CodeIgniter.php(366): CodeIgniter\CodeIgniter->handleRequest(null, Object(Config\Cache), false)
 9 FCPATH\index.php(67): CodeIgniter\CodeIgniter->run()
10 SYSTEMPATH\Commands\Server\rewrite.php(47): require_once('E:\\work\\ISMS\\isms-project\\public\\index.php')
CRITICAL - 2023-07-06 04:21:25 --> Undefined variable $id
in APPPATH\Views\Context\context-ana\context_ana.php on line 180.
 1 APPPATH\Views\Context\context-ana\context_ana.php(180): CodeIgniter\Debug\Exceptions->errorHandler(2, 'Undefined variable $id', 'E:\\work\\ISMS\\isms-project\\app\\Views\\Context\\context-ana\\context_ana.php', 180)
 2 SYSTEMPATH\View\View.php(224): include('E:\\work\\ISMS\\isms-project\\app\\Views\\Context\\context-ana\\context_ana.php')
 3 SYSTEMPATH\View\View.php(227): CodeIgniter\View\View->CodeIgniter\View\{closure}()
 4 SYSTEMPATH\Common.php(1180): CodeIgniter\View\View->render('Context/context-ana/context_ana', [], true)
 5 APPPATH\Controllers\Context.php(15): view('Context/context-ana/context_ana', [...])
 6 SYSTEMPATH\CodeIgniter.php(932): App\Controllers\Context->context_analysis_index()
 7 SYSTEMPATH\CodeIgniter.php(497): CodeIgniter\CodeIgniter->runController(Object(App\Controllers\Context))
 8 SYSTEMPATH\CodeIgniter.php(366): CodeIgniter\CodeIgniter->handleRequest(null, Object(Config\Cache), false)
 9 FCPATH\index.php(67): CodeIgniter\CodeIgniter->run()
10 SYSTEMPATH\Commands\Server\rewrite.php(47): require_once('E:\\work\\ISMS\\isms-project\\public\\index.php')
CRITICAL - 2023-07-06 04:21:42 --> Undefined variable $id
in APPPATH\Views\Context\context-ana\context_ana.php on line 253.
 1 APPPATH\Views\Context\context-ana\context_ana.php(253): CodeIgniter\Debug\Exceptions->errorHandler(2, 'Undefined variable $id', 'E:\\work\\ISMS\\isms-project\\app\\Views\\Context\\context-ana\\context_ana.php', 253)
 2 SYSTEMPATH\View\View.php(224): include('E:\\work\\ISMS\\isms-project\\app\\Views\\Context\\context-ana\\context_ana.php')
 3 SYSTEMPATH\View\View.php(227): CodeIgniter\View\View->CodeIgniter\View\{closure}()
 4 SYSTEMPATH\Common.php(1180): CodeIgniter\View\View->render('Context/context-ana/context_ana', [], true)
 5 APPPATH\Controllers\Context.php(15): view('Context/context-ana/context_ana', [...])
 6 SYSTEMPATH\CodeIgniter.php(932): App\Controllers\Context->context_analysis_index()
 7 SYSTEMPATH\CodeIgniter.php(497): CodeIgniter\CodeIgniter->runController(Object(App\Controllers\Context))
 8 SYSTEMPATH\CodeIgniter.php(366): CodeIgniter\CodeIgniter->handleRequest(null, Object(Config\Cache), false)
 9 FCPATH\index.php(67): CodeIgniter\CodeIgniter->run()
10 SYSTEMPATH\Commands\Server\rewrite.php(47): require_once('E:\\work\\ISMS\\isms-project\\public\\index.php')
CRITICAL - 2023-07-06 08:22:54 --> Undefined variable $item
in APPPATH\Views\Context\context-ana\context_version.php on line 216.
 1 APPPATH\Views\Context\context-ana\context_version.php(216): CodeIgniter\Debug\Exceptions->errorHandler(2, 'Undefined variable $item', 'E:\\work\\ISMS\\isms-project\\app\\Views\\Context\\context-ana\\context_version.php', 216)
 2 SYSTEMPATH\View\View.php(224): include('E:\\work\\ISMS\\isms-project\\app\\Views\\Context\\context-ana\\context_version.php')
 3 SYSTEMPATH\View\View.php(227): CodeIgniter\View\View->CodeIgniter\View\{closure}()
 4 SYSTEMPATH\Common.php(1180): CodeIgniter\View\View->render('Context/context-ana/context_version', [], true)
 5 APPPATH\Controllers\Context.php(29): view('Context/context-ana/context_version', [...])
 6 SYSTEMPATH\CodeIgniter.php(932): App\Controllers\Context->context_analysis_version('1')
 7 SYSTEMPATH\CodeIgniter.php(497): CodeIgniter\CodeIgniter->runController(Object(App\Controllers\Context))
 8 SYSTEMPATH\CodeIgniter.php(366): CodeIgniter\CodeIgniter->handleRequest(null, Object(Config\Cache), false)
 9 FCPATH\index.php(67): CodeIgniter\CodeIgniter->run()
10 SYSTEMPATH\Commands\Server\rewrite.php(47): require_once('E:\\work\\ISMS\\isms-project\\public\\index.php')
CRITICAL - 2023-07-06 08:23:45 --> Undefined variable $item
in APPPATH\Views\Context\context-ana\context_version.php on line 222.
 1 APPPATH\Views\Context\context-ana\context_version.php(222): CodeIgniter\Debug\Exceptions->errorHandler(2, 'Undefined variable $item', 'E:\\work\\ISMS\\isms-project\\app\\Views\\Context\\context-ana\\context_version.php', 222)
 2 SYSTEMPATH\View\View.php(224): include('E:\\work\\ISMS\\isms-project\\app\\Views\\Context\\context-ana\\context_version.php')
 3 SYSTEMPATH\View\View.php(227): CodeIgniter\View\View->CodeIgniter\View\{closure}()
 4 SYSTEMPATH\Common.php(1180): CodeIgniter\View\View->render('Context/context-ana/context_version', [], true)
 5 APPPATH\Controllers\Context.php(29): view('Context/context-ana/context_version', [...])
 6 SYSTEMPATH\CodeIgniter.php(932): App\Controllers\Context->context_analysis_version('1')
 7 SYSTEMPATH\CodeIgniter.php(497): CodeIgniter\CodeIgniter->runController(Object(App\Controllers\Context))
 8 SYSTEMPATH\CodeIgniter.php(366): CodeIgniter\CodeIgniter->handleRequest(null, Object(Config\Cache), false)
 9 FCPATH\index.php(67): CodeIgniter\CodeIgniter->run()
10 SYSTEMPATH\Commands\Server\rewrite.php(47): require_once('E:\\work\\ISMS\\isms-project\\public\\index.php')
CRITICAL - 2023-07-06 08:24:54 --> Undefined variable $item
in APPPATH\Views\Context\context-ana\context_version.php on line 222.
 1 APPPATH\Views\Context\context-ana\context_version.php(222): CodeIgniter\Debug\Exceptions->errorHandler(2, 'Undefined variable $item', 'E:\\work\\ISMS\\isms-project\\app\\Views\\Context\\context-ana\\context_version.php', 222)
 2 SYSTEMPATH\View\View.php(224): include('E:\\work\\ISMS\\isms-project\\app\\Views\\Context\\context-ana\\context_version.php')
 3 SYSTEMPATH\View\View.php(227): CodeIgniter\View\View->CodeIgniter\View\{closure}()
 4 SYSTEMPATH\Common.php(1180): CodeIgniter\View\View->render('Context/context-ana/context_version', [], true)
 5 APPPATH\Controllers\Context.php(29): view('Context/context-ana/context_version', [...])
 6 SYSTEMPATH\CodeIgniter.php(932): App\Controllers\Context->context_analysis_version('1')
 7 SYSTEMPATH\CodeIgniter.php(497): CodeIgniter\CodeIgniter->runController(Object(App\Controllers\Context))
 8 SYSTEMPATH\CodeIgniter.php(366): CodeIgniter\CodeIgniter->handleRequest(null, Object(Config\Cache), false)
 9 FCPATH\index.php(67): CodeIgniter\CodeIgniter->run()
10 SYSTEMPATH\Commands\Server\rewrite.php(47): require_once('E:\\work\\ISMS\\isms-project\\public\\index.php')
CRITICAL - 2023-07-06 08:25:06 --> Undefined variable $item
in APPPATH\Views\Context\context-ana\context_version.php on line 222.
 1 APPPATH\Views\Context\context-ana\context_version.php(222): CodeIgniter\Debug\Exceptions->errorHandler(2, 'Undefined variable $item', 'E:\\work\\ISMS\\isms-project\\app\\Views\\Context\\context-ana\\context_version.php', 222)
 2 SYSTEMPATH\View\View.php(224): include('E:\\work\\ISMS\\isms-project\\app\\Views\\Context\\context-ana\\context_version.php')
 3 SYSTEMPATH\View\View.php(227): CodeIgniter\View\View->CodeIgniter\View\{closure}()
 4 SYSTEMPATH\Common.php(1180): CodeIgniter\View\View->render('Context/context-ana/context_version', [], true)
 5 APPPATH\Controllers\Context.php(29): view('Context/context-ana/context_version', [...])
 6 SYSTEMPATH\CodeIgniter.php(932): App\Controllers\Context->context_analysis_version('1')
 7 SYSTEMPATH\CodeIgniter.php(497): CodeIgniter\CodeIgniter->runController(Object(App\Controllers\Context))
 8 SYSTEMPATH\CodeIgniter.php(366): CodeIgniter\CodeIgniter->handleRequest(null, Object(Config\Cache), false)
 9 FCPATH\index.php(67): CodeIgniter\CodeIgniter->run()
10 SYSTEMPATH\Commands\Server\rewrite.php(47): require_once('E:\\work\\ISMS\\isms-project\\public\\index.php')
CRITICAL - 2023-07-06 08:25:58 --> Undefined variable $item
in APPPATH\Views\Context\context-ana\context_version.php on line 221.
 1 APPPATH\Views\Context\context-ana\context_version.php(221): CodeIgniter\Debug\Exceptions->errorHandler(2, 'Undefined variable $item', 'E:\\work\\ISMS\\isms-project\\app\\Views\\Context\\context-ana\\context_version.php', 221)
 2 SYSTEMPATH\View\View.php(224): include('E:\\work\\ISMS\\isms-project\\app\\Views\\Context\\context-ana\\context_version.php')
 3 SYSTEMPATH\View\View.php(227): CodeIgniter\View\View->CodeIgniter\View\{closure}()
 4 SYSTEMPATH\Common.php(1180): CodeIgniter\View\View->render('Context/context-ana/context_version', [], true)
 5 APPPATH\Controllers\Context.php(29): view('Context/context-ana/context_version', [...])
 6 SYSTEMPATH\CodeIgniter.php(932): App\Controllers\Context->context_analysis_version('1')
 7 SYSTEMPATH\CodeIgniter.php(497): CodeIgniter\CodeIgniter->runController(Object(App\Controllers\Context))
 8 SYSTEMPATH\CodeIgniter.php(366): CodeIgniter\CodeIgniter->handleRequest(null, Object(Config\Cache), false)
 9 FCPATH\index.php(67): CodeIgniter\CodeIgniter->run()
10 SYSTEMPATH\Commands\Server\rewrite.php(47): require_once('E:\\work\\ISMS\\isms-project\\public\\index.php')
CRITICAL - 2023-07-06 08:28:42 --> Undefined variable $item
in APPPATH\Views\Context\context-ana\context_version.php on line 221.
 1 APPPATH\Views\Context\context-ana\context_version.php(221): CodeIgniter\Debug\Exceptions->errorHandler(2, 'Undefined variable $item', 'E:\\work\\ISMS\\isms-project\\app\\Views\\Context\\context-ana\\context_version.php', 221)
 2 SYSTEMPATH\View\View.php(224): include('E:\\work\\ISMS\\isms-project\\app\\Views\\Context\\context-ana\\context_version.php')
 3 SYSTEMPATH\View\View.php(227): CodeIgniter\View\View->CodeIgniter\View\{closure}()
 4 SYSTEMPATH\Common.php(1180): CodeIgniter\View\View->render('Context/context-ana/context_version', [], true)
 5 APPPATH\Controllers\Context.php(29): view('Context/context-ana/context_version', [...])
 6 SYSTEMPATH\CodeIgniter.php(932): App\Controllers\Context->context_analysis_version('1')
 7 SYSTEMPATH\CodeIgniter.php(497): CodeIgniter\CodeIgniter->runController(Object(App\Controllers\Context))
 8 SYSTEMPATH\CodeIgniter.php(366): CodeIgniter\CodeIgniter->handleRequest(null, Object(Config\Cache), false)
 9 FCPATH\index.php(67): CodeIgniter\CodeIgniter->run()
10 SYSTEMPATH\Commands\Server\rewrite.php(47): require_once('E:\\work\\ISMS\\isms-project\\public\\index.php')
CRITICAL - 2023-07-06 09:29:56 --> Attempt to read property "details" on array
in APPPATH\Views\Context\context-ana\context_version.php on line 477.
 1 APPPATH\Views\Context\context-ana\context_version.php(477): CodeIgniter\Debug\Exceptions->errorHandler(2, 'Attempt to read property "details" on array', 'E:\\work\\ISMS\\isms-project\\app\\Views\\Context\\context-ana\\context_version.php', 477)
 2 SYSTEMPATH\View\View.php(224): include('E:\\work\\ISMS\\isms-project\\app\\Views\\Context\\context-ana\\context_version.php')
 3 SYSTEMPATH\View\View.php(227): CodeIgniter\View\View->CodeIgniter\View\{closure}()
 4 SYSTEMPATH\Common.php(1180): CodeIgniter\View\View->render('Context/context-ana/context_version', [], true)
 5 APPPATH\Controllers\Context.php(29): view('Context/context-ana/context_version', [...])
 6 SYSTEMPATH\CodeIgniter.php(932): App\Controllers\Context->context_analysis_version('1')
 7 SYSTEMPATH\CodeIgniter.php(497): CodeIgniter\CodeIgniter->runController(Object(App\Controllers\Context))
 8 SYSTEMPATH\CodeIgniter.php(366): CodeIgniter\CodeIgniter->handleRequest(null, Object(Config\Cache), false)
 9 FCPATH\index.php(67): CodeIgniter\CodeIgniter->run()
10 SYSTEMPATH\Commands\Server\rewrite.php(47): require_once('E:\\work\\ISMS\\isms-project\\public\\index.php')
CRITICAL - 2023-07-06 09:31:03 --> Attempt to read property "details" on array
in APPPATH\Views\Context\context-ana\context_version.php on line 477.
 1 APPPATH\Views\Context\context-ana\context_version.php(477): CodeIgniter\Debug\Exceptions->errorHandler(2, 'Attempt to read property "details" on array', 'E:\\work\\ISMS\\isms-project\\app\\Views\\Context\\context-ana\\context_version.php', 477)
 2 SYSTEMPATH\View\View.php(224): include('E:\\work\\ISMS\\isms-project\\app\\Views\\Context\\context-ana\\context_version.php')
 3 SYSTEMPATH\View\View.php(227): CodeIgniter\View\View->CodeIgniter\View\{closure}()
 4 SYSTEMPATH\Common.php(1180): CodeIgniter\View\View->render('Context/context-ana/context_version', [], true)
 5 APPPATH\Controllers\Context.php(29): view('Context/context-ana/context_version', [...])
 6 SYSTEMPATH\CodeIgniter.php(932): App\Controllers\Context->context_analysis_version('1')
 7 SYSTEMPATH\CodeIgniter.php(497): CodeIgniter\CodeIgniter->runController(Object(App\Controllers\Context))
 8 SYSTEMPATH\CodeIgniter.php(366): CodeIgniter\CodeIgniter->handleRequest(null, Object(Config\Cache), false)
 9 FCPATH\index.php(67): CodeIgniter\CodeIgniter->run()
10 SYSTEMPATH\Commands\Server\rewrite.php(47): require_once('E:\\work\\ISMS\\isms-project\\public\\index.php')
CRITICAL - 2023-07-06 09:31:16 --> Attempt to read property "details" on array
in APPPATH\Views\Context\context-ana\context_version.php on line 477.
 1 APPPATH\Views\Context\context-ana\context_version.php(477): CodeIgniter\Debug\Exceptions->errorHandler(2, 'Attempt to read property "details" on array', 'E:\\work\\ISMS\\isms-project\\app\\Views\\Context\\context-ana\\context_version.php', 477)
 2 SYSTEMPATH\View\View.php(224): include('E:\\work\\ISMS\\isms-project\\app\\Views\\Context\\context-ana\\context_version.php')
 3 SYSTEMPATH\View\View.php(227): CodeIgniter\View\View->CodeIgniter\View\{closure}()
 4 SYSTEMPATH\Common.php(1180): CodeIgniter\View\View->render('Context/context-ana/context_version', [], true)
 5 APPPATH\Controllers\Context.php(29): view('Context/context-ana/context_version', [...])
 6 SYSTEMPATH\CodeIgniter.php(932): App\Controllers\Context->context_analysis_version('1')
 7 SYSTEMPATH\CodeIgniter.php(497): CodeIgniter\CodeIgniter->runController(Object(App\Controllers\Context))
 8 SYSTEMPATH\CodeIgniter.php(366): CodeIgniter\CodeIgniter->handleRequest(null, Object(Config\Cache), false)
 9 FCPATH\index.php(67): CodeIgniter\CodeIgniter->run()
10 SYSTEMPATH\Commands\Server\rewrite.php(47): require_once('E:\\work\\ISMS\\isms-project\\public\\index.php')
CRITICAL - 2023-07-06 09:32:18 --> Undefined array key 0
in APPPATH\Views\Context\context-ana\context_version.php on line 477.
 1 APPPATH\Views\Context\context-ana\context_version.php(477): CodeIgniter\Debug\Exceptions->errorHandler(2, 'Undefined array key 0', 'E:\\work\\ISMS\\isms-project\\app\\Views\\Context\\context-ana\\context_version.php', 477)
 2 SYSTEMPATH\View\View.php(224): include('E:\\work\\ISMS\\isms-project\\app\\Views\\Context\\context-ana\\context_version.php')
 3 SYSTEMPATH\View\View.php(227): CodeIgniter\View\View->CodeIgniter\View\{closure}()
 4 SYSTEMPATH\Common.php(1180): CodeIgniter\View\View->render('Context/context-ana/context_version', [], true)
 5 APPPATH\Controllers\Context.php(29): view('Context/context-ana/context_version', [...])
 6 SYSTEMPATH\CodeIgniter.php(932): App\Controllers\Context->context_analysis_version('1')
 7 SYSTEMPATH\CodeIgniter.php(497): CodeIgniter\CodeIgniter->runController(Object(App\Controllers\Context))
 8 SYSTEMPATH\CodeIgniter.php(366): CodeIgniter\CodeIgniter->handleRequest(null, Object(Config\Cache), false)
 9 FCPATH\index.php(67): CodeIgniter\CodeIgniter->run()
10 SYSTEMPATH\Commands\Server\rewrite.php(47): require_once('E:\\work\\ISMS\\isms-project\\public\\index.php')
CRITICAL - 2023-07-06 09:32:25 --> Undefined array key 0
in APPPATH\Views\Context\context-ana\context_version.php on line 477.
 1 APPPATH\Views\Context\context-ana\context_version.php(477): CodeIgniter\Debug\Exceptions->errorHandler(2, 'Undefined array key 0', 'E:\\work\\ISMS\\isms-project\\app\\Views\\Context\\context-ana\\context_version.php', 477)
 2 SYSTEMPATH\View\View.php(224): include('E:\\work\\ISMS\\isms-project\\app\\Views\\Context\\context-ana\\context_version.php')
 3 SYSTEMPATH\View\View.php(227): CodeIgniter\View\View->CodeIgniter\View\{closure}()
 4 SYSTEMPATH\Common.php(1180): CodeIgniter\View\View->render('Context/context-ana/context_version', [], true)
 5 APPPATH\Controllers\Context.php(29): view('Context/context-ana/context_version', [...])
 6 SYSTEMPATH\CodeIgniter.php(932): App\Controllers\Context->context_analysis_version('1')
 7 SYSTEMPATH\CodeIgniter.php(497): CodeIgniter\CodeIgniter->runController(Object(App\Controllers\Context))
 8 SYSTEMPATH\CodeIgniter.php(366): CodeIgniter\CodeIgniter->handleRequest(null, Object(Config\Cache), false)
 9 FCPATH\index.php(67): CodeIgniter\CodeIgniter->run()
10 SYSTEMPATH\Commands\Server\rewrite.php(47): require_once('E:\\work\\ISMS\\isms-project\\public\\index.php')
CRITICAL - 2023-07-06 09:32:43 --> Undefined array key 0
in APPPATH\Views\Context\context-ana\context_version.php on line 477.
 1 APPPATH\Views\Context\context-ana\context_version.php(477): CodeIgniter\Debug\Exceptions->errorHandler(2, 'Undefined array key 0', 'E:\\work\\ISMS\\isms-project\\app\\Views\\Context\\context-ana\\context_version.php', 477)
 2 SYSTEMPATH\View\View.php(224): include('E:\\work\\ISMS\\isms-project\\app\\Views\\Context\\context-ana\\context_version.php')
 3 SYSTEMPATH\View\View.php(227): CodeIgniter\View\View->CodeIgniter\View\{closure}()
 4 SYSTEMPATH\Common.php(1180): CodeIgniter\View\View->render('Context/context-ana/context_version', [], true)
 5 APPPATH\Controllers\Context.php(29): view('Context/context-ana/context_version', [...])
 6 SYSTEMPATH\CodeIgniter.php(932): App\Controllers\Context->context_analysis_version('1')
 7 SYSTEMPATH\CodeIgniter.php(497): CodeIgniter\CodeIgniter->runController(Object(App\Controllers\Context))
 8 SYSTEMPATH\CodeIgniter.php(366): CodeIgniter\CodeIgniter->handleRequest(null, Object(Config\Cache), false)
 9 FCPATH\index.php(67): CodeIgniter\CodeIgniter->run()
10 SYSTEMPATH\Commands\Server\rewrite.php(47): require_once('E:\\work\\ISMS\\isms-project\\public\\index.php')
CRITICAL - 2023-07-06 09:35:03 --> Attempt to read property "details" on array
in APPPATH\Views\Context\context-ana\context_version.php on line 477.
 1 APPPATH\Views\Context\context-ana\context_version.php(477): CodeIgniter\Debug\Exceptions->errorHandler(2, 'Attempt to read property "details" on array', 'E:\\work\\ISMS\\isms-project\\app\\Views\\Context\\context-ana\\context_version.php', 477)
 2 SYSTEMPATH\View\View.php(224): include('E:\\work\\ISMS\\isms-project\\app\\Views\\Context\\context-ana\\context_version.php')
 3 SYSTEMPATH\View\View.php(227): CodeIgniter\View\View->CodeIgniter\View\{closure}()
 4 SYSTEMPATH\Common.php(1180): CodeIgniter\View\View->render('Context/context-ana/context_version', [], true)
 5 APPPATH\Controllers\Context.php(29): view('Context/context-ana/context_version', [...])
 6 SYSTEMPATH\CodeIgniter.php(932): App\Controllers\Context->context_analysis_version('1')
 7 SYSTEMPATH\CodeIgniter.php(497): CodeIgniter\CodeIgniter->runController(Object(App\Controllers\Context))
 8 SYSTEMPATH\CodeIgniter.php(366): CodeIgniter\CodeIgniter->handleRequest(null, Object(Config\Cache), false)
 9 FCPATH\index.php(67): CodeIgniter\CodeIgniter->run()
10 SYSTEMPATH\Commands\Server\rewrite.php(47): require_once('E:\\work\\ISMS\\isms-project\\public\\index.php')
CRITICAL - 2023-07-06 09:35:55 --> Attempt to read property "details" on array
in APPPATH\Views\Context\context-ana\context_version.php on line 477.
 1 APPPATH\Views\Context\context-ana\context_version.php(477): CodeIgniter\Debug\Exceptions->errorHandler(2, 'Attempt to read property "details" on array', 'E:\\work\\ISMS\\isms-project\\app\\Views\\Context\\context-ana\\context_version.php', 477)
 2 SYSTEMPATH\View\View.php(224): include('E:\\work\\ISMS\\isms-project\\app\\Views\\Context\\context-ana\\context_version.php')
 3 SYSTEMPATH\View\View.php(227): CodeIgniter\View\View->CodeIgniter\View\{closure}()
 4 SYSTEMPATH\Common.php(1180): CodeIgniter\View\View->render('Context/context-ana/context_version', [], true)
 5 APPPATH\Controllers\Context.php(29): view('Context/context-ana/context_version', [...])
 6 SYSTEMPATH\CodeIgniter.php(932): App\Controllers\Context->context_analysis_version('1')
 7 SYSTEMPATH\CodeIgniter.php(497): CodeIgniter\CodeIgniter->runController(Object(App\Controllers\Context))
 8 SYSTEMPATH\CodeIgniter.php(366): CodeIgniter\CodeIgniter->handleRequest(null, Object(Config\Cache), false)
 9 FCPATH\index.php(67): CodeIgniter\CodeIgniter->run()
10 SYSTEMPATH\Commands\Server\rewrite.php(47): require_once('E:\\work\\ISMS\\isms-project\\public\\index.php')
CRITICAL - 2023-07-06 09:36:04 --> Undefined array key 0
in APPPATH\Views\Context\context-ana\context_version.php on line 477.
 1 APPPATH\Views\Context\context-ana\context_version.php(477): CodeIgniter\Debug\Exceptions->errorHandler(2, 'Undefined array key 0', 'E:\\work\\ISMS\\isms-project\\app\\Views\\Context\\context-ana\\context_version.php', 477)
 2 SYSTEMPATH\View\View.php(224): include('E:\\work\\ISMS\\isms-project\\app\\Views\\Context\\context-ana\\context_version.php')
 3 SYSTEMPATH\View\View.php(227): CodeIgniter\View\View->CodeIgniter\View\{closure}()
 4 SYSTEMPATH\Common.php(1180): CodeIgniter\View\View->render('Context/context-ana/context_version', [], true)
 5 APPPATH\Controllers\Context.php(29): view('Context/context-ana/context_version', [...])
 6 SYSTEMPATH\CodeIgniter.php(932): App\Controllers\Context->context_analysis_version('1')
 7 SYSTEMPATH\CodeIgniter.php(497): CodeIgniter\CodeIgniter->runController(Object(App\Controllers\Context))
 8 SYSTEMPATH\CodeIgniter.php(366): CodeIgniter\CodeIgniter->handleRequest(null, Object(Config\Cache), false)
 9 FCPATH\index.php(67): CodeIgniter\CodeIgniter->run()
10 SYSTEMPATH\Commands\Server\rewrite.php(47): require_once('E:\\work\\ISMS\\isms-project\\public\\index.php')
CRITICAL - 2023-07-06 09:36:24 --> Undefined array key 1
in APPPATH\Views\Context\context-ana\context_version.php on line 477.
 1 APPPATH\Views\Context\context-ana\context_version.php(477): CodeIgniter\Debug\Exceptions->errorHandler(2, 'Undefined array key 1', 'E:\\work\\ISMS\\isms-project\\app\\Views\\Context\\context-ana\\context_version.php', 477)
 2 SYSTEMPATH\View\View.php(224): include('E:\\work\\ISMS\\isms-project\\app\\Views\\Context\\context-ana\\context_version.php')
 3 SYSTEMPATH\View\View.php(227): CodeIgniter\View\View->CodeIgniter\View\{closure}()
 4 SYSTEMPATH\Common.php(1180): CodeIgniter\View\View->render('Context/context-ana/context_version', [], true)
 5 APPPATH\Controllers\Context.php(29): view('Context/context-ana/context_version', [...])
 6 SYSTEMPATH\CodeIgniter.php(932): App\Controllers\Context->context_analysis_version('1')
 7 SYSTEMPATH\CodeIgniter.php(497): CodeIgniter\CodeIgniter->runController(Object(App\Controllers\Context))
 8 SYSTEMPATH\CodeIgniter.php(366): CodeIgniter\CodeIgniter->handleRequest(null, Object(Config\Cache), false)
 9 FCPATH\index.php(67): CodeIgniter\CodeIgniter->run()
10 SYSTEMPATH\Commands\Server\rewrite.php(47): require_once('E:\\work\\ISMS\\isms-project\\public\\index.php')
CRITICAL - 2023-07-06 09:43:57 --> Array to string conversion
in APPPATH\Views\Context\context-ana\context_version.php on line 477.
 1 APPPATH\Views\Context\context-ana\context_version.php(477): CodeIgniter\Debug\Exceptions->errorHandler(2, 'Array to string conversion', 'E:\\work\\ISMS\\isms-project\\app\\Views\\Context\\context-ana\\context_version.php', 477)
 2 SYSTEMPATH\View\View.php(224): include('E:\\work\\ISMS\\isms-project\\app\\Views\\Context\\context-ana\\context_version.php')
 3 SYSTEMPATH\View\View.php(227): CodeIgniter\View\View->CodeIgniter\View\{closure}()
 4 SYSTEMPATH\Common.php(1180): CodeIgniter\View\View->render('Context/context-ana/context_version', [], true)
 5 APPPATH\Controllers\Context.php(29): view('Context/context-ana/context_version', [...])
 6 SYSTEMPATH\CodeIgniter.php(932): App\Controllers\Context->context_analysis_version('1')
 7 SYSTEMPATH\CodeIgniter.php(497): CodeIgniter\CodeIgniter->runController(Object(App\Controllers\Context))
 8 SYSTEMPATH\CodeIgniter.php(366): CodeIgniter\CodeIgniter->handleRequest(null, Object(Config\Cache), false)
 9 FCPATH\index.php(67): CodeIgniter\CodeIgniter->run()
10 SYSTEMPATH\Commands\Server\rewrite.php(47): require_once('E:\\work\\ISMS\\isms-project\\public\\index.php')
CRITICAL - 2023-07-06 09:44:08 --> Attempt to read property "id_context" on array
in APPPATH\Views\Context\context-ana\context_version.php on line 477.
 1 APPPATH\Views\Context\context-ana\context_version.php(477): CodeIgniter\Debug\Exceptions->errorHandler(2, 'Attempt to read property "id_context" on array', 'E:\\work\\ISMS\\isms-project\\app\\Views\\Context\\context-ana\\context_version.php', 477)
 2 SYSTEMPATH\View\View.php(224): include('E:\\work\\ISMS\\isms-project\\app\\Views\\Context\\context-ana\\context_version.php')
 3 SYSTEMPATH\View\View.php(227): CodeIgniter\View\View->CodeIgniter\View\{closure}()
 4 SYSTEMPATH\Common.php(1180): CodeIgniter\View\View->render('Context/context-ana/context_version', [], true)
 5 APPPATH\Controllers\Context.php(29): view('Context/context-ana/context_version', [...])
 6 SYSTEMPATH\CodeIgniter.php(932): App\Controllers\Context->context_analysis_version('1')
 7 SYSTEMPATH\CodeIgniter.php(497): CodeIgniter\CodeIgniter->runController(Object(App\Controllers\Context))
 8 SYSTEMPATH\CodeIgniter.php(366): CodeIgniter\CodeIgniter->handleRequest(null, Object(Config\Cache), false)
 9 FCPATH\index.php(67): CodeIgniter\CodeIgniter->run()
10 SYSTEMPATH\Commands\Server\rewrite.php(47): require_once('E:\\work\\ISMS\\isms-project\\public\\index.php')
CRITICAL - 2023-07-06 10:12:11 --> mb_substr(): Argument #4 ($encoding) must be a valid encoding, "<br>" given
in APPPATH\Views\Context\context-ana\context_version.php on line 493.
 1 APPPATH\Views\Context\context-ana\context_version.php(493): mb_substr(' (governance),  (organizational structure),  (roles and accountabilities)', 0, 10, '<br>')
 2 SYSTEMPATH\View\View.php(224): include('E:\\work\\ISMS\\isms-project\\app\\Views\\Context\\context-ana\\context_version.php')
 3 SYSTEMPATH\View\View.php(227): CodeIgniter\View\View->CodeIgniter\View\{closure}()
 4 SYSTEMPATH\Common.php(1180): CodeIgniter\View\View->render('Context/context-ana/context_version', [], true)
 5 APPPATH\Controllers\Context.php(32): view('Context/context-ana/context_version', [...])
 6 SYSTEMPATH\CodeIgniter.php(932): App\Controllers\Context->context_analysis_version('1')
 7 SYSTEMPATH\CodeIgniter.php(497): CodeIgniter\CodeIgniter->runController(Object(App\Controllers\Context))
 8 SYSTEMPATH\CodeIgniter.php(366): CodeIgniter\CodeIgniter->handleRequest(null, Object(Config\Cache), false)
 9 FCPATH\index.php(67): CodeIgniter\CodeIgniter->run()
10 SYSTEMPATH\Commands\Server\rewrite.php(47): require_once('E:\\work\\ISMS\\isms-project\\public\\index.php')
