ERROR - 2023-09-14 01:59:11 --> Error connecting to the database: mysqli_sql_exception: No connection could be made because the target machine actively refused it in C:\xampp\htdocs\isms-project\vendor\codeigniter4\framework\system\Database\MySQLi\Connection.php:173
Stack trace:
#0 C:\xampp\htdocs\isms-project\vendor\codeigniter4\framework\system\Database\MySQLi\Connection.php(173): mysqli->real_connect('localhost', 'root', Object(SensitiveParameterValue), 'isms', 3306, '', 0)
#1 C:\xampp\htdocs\isms-project\vendor\codeigniter4\framework\system\Database\BaseConnection.php(391): CodeIgniter\Database\MySQLi\Connection->connect(false)
#2 C:\xampp\htdocs\isms-project\vendor\codeigniter4\framework\system\Database\BaseConnection.php(574): CodeIgniter\Database\BaseConnection->initialize()
#3 C:\xampp\htdocs\isms-project\vendor\codeigniter4\framework\system\Database\BaseBuilder.php(1616): CodeIgniter\Database\BaseConnection->query('SELECT *\nFROM `...', Array, false)
#4 C:\xampp\htdocs\isms-project\vendor\codeigniter4\framework\system\Model.php(268): CodeIgniter\Database\BaseBuilder->get()
#5 C:\xampp\htdocs\isms-project\vendor\codeigniter4\framework\system\BaseModel.php(656): CodeIgniter\Model->doFirst()
#6 C:\xampp\htdocs\isms-project\app\Controllers\LoginController.php(27): CodeIgniter\BaseModel->first()
#7 C:\xampp\htdocs\isms-project\vendor\codeigniter4\framework\system\CodeIgniter.php(932): App\Controllers\LoginController->loginAuth()
#8 C:\xampp\htdocs\isms-project\vendor\codeigniter4\framework\system\CodeIgniter.php(497): CodeIgniter\CodeIgniter->runController(Object(App\Controllers\LoginController))
#9 C:\xampp\htdocs\isms-project\vendor\codeigniter4\framework\system\CodeIgniter.php(366): CodeIgniter\CodeIgniter->handleRequest(NULL, Object(Config\Cache), false)
#10 C:\xampp\htdocs\isms-project\index.php(67): CodeIgniter\CodeIgniter->run()
#11 {main}

Next CodeIgniter\Database\Exceptions\DatabaseException: No connection could be made because the target machine actively refused it in C:\xampp\htdocs\isms-project\vendor\codeigniter4\framework\system\Database\MySQLi\Connection.php:218
Stack trace:
#0 C:\xampp\htdocs\isms-project\vendor\codeigniter4\framework\system\Database\BaseConnection.php(391): CodeIgniter\Database\MySQLi\Connection->connect(false)
#1 C:\xampp\htdocs\isms-project\vendor\codeigniter4\framework\system\Database\BaseConnection.php(574): CodeIgniter\Database\BaseConnection->initialize()
#2 C:\xampp\htdocs\isms-project\vendor\codeigniter4\framework\system\Database\BaseBuilder.php(1616): CodeIgniter\Database\BaseConnection->query('SELECT *\nFROM `...', Array, false)
#3 C:\xampp\htdocs\isms-project\vendor\codeigniter4\framework\system\Model.php(268): CodeIgniter\Database\BaseBuilder->get()
#4 C:\xampp\htdocs\isms-project\vendor\codeigniter4\framework\system\BaseModel.php(656): CodeIgniter\Model->doFirst()
#5 C:\xampp\htdocs\isms-project\app\Controllers\LoginController.php(27): CodeIgniter\BaseModel->first()
#6 C:\xampp\htdocs\isms-project\vendor\codeigniter4\framework\system\CodeIgniter.php(932): App\Controllers\LoginController->loginAuth()
#7 C:\xampp\htdocs\isms-project\vendor\codeigniter4\framework\system\CodeIgniter.php(497): CodeIgniter\CodeIgniter->runController(Object(App\Controllers\LoginController))
#8 C:\xampp\htdocs\isms-project\vendor\codeigniter4\framework\system\CodeIgniter.php(366): CodeIgniter\CodeIgniter->handleRequest(NULL, Object(Config\Cache), false)
#9 C:\xampp\htdocs\isms-project\index.php(67): CodeIgniter\CodeIgniter->run()
#10 {main}
CRITICAL - 2023-09-14 01:59:11 --> Unable to connect to the database.
Main connection [MySQLi]: No connection could be made because the target machine actively refused it
in SYSTEMPATH\Database\BaseConnection.php on line 427.
 1 SYSTEMPATH\Database\BaseConnection.php(574): CodeIgniter\Database\BaseConnection->initialize()
 2 SYSTEMPATH\Database\BaseBuilder.php(1616): CodeIgniter\Database\BaseConnection->query('SELECT *
FROM `user_table`
WHERE `email_user` = :email_user:
 LIMIT 1', [...], false)
 3 SYSTEMPATH\Model.php(268): CodeIgniter\Database\BaseBuilder->get()
 4 SYSTEMPATH\BaseModel.php(656): CodeIgniter\Model->doFirst()
 5 APPPATH\Controllers\LoginController.php(27): CodeIgniter\BaseModel->first()
 6 SYSTEMPATH\CodeIgniter.php(932): App\Controllers\LoginController->loginAuth()
 7 SYSTEMPATH\CodeIgniter.php(497): CodeIgniter\CodeIgniter->runController(Object(App\Controllers\LoginController))
 8 SYSTEMPATH\CodeIgniter.php(366): CodeIgniter\CodeIgniter->handleRequest(null, Object(Config\Cache), false)
 9 FCPATH\index.php(67): CodeIgniter\CodeIgniter->run()
CRITICAL - 2023-09-14 02:22:07 --> Array to string conversion
in APPPATH\Views\timeline.php on line 71.
 1 APPPATH\Views\timeline.php(71): CodeIgniter\Debug\Exceptions->errorHandler(2, 'Array to string conversion', 'C:\\xampp\\htdocs\\isms-project\\app\\Views\\timeline.php', 71)
 2 SYSTEMPATH\View\View.php(224): include('C:\\xampp\\htdocs\\isms-project\\app\\Views\\timeline.php')
 3 SYSTEMPATH\View\View.php(227): CodeIgniter\View\View->CodeIgniter\View\{closure}()
 4 SYSTEMPATH\Common.php(1180): CodeIgniter\View\View->render('timeline', [], true)
 5 APPPATH\Controllers\TimelineController.php(31): view('timeline', [...])
 6 SYSTEMPATH\CodeIgniter.php(932): App\Controllers\TimelineController->index('1', '1', '1')
 7 SYSTEMPATH\CodeIgniter.php(497): CodeIgniter\CodeIgniter->runController(Object(App\Controllers\TimelineController))
 8 SYSTEMPATH\CodeIgniter.php(366): CodeIgniter\CodeIgniter->handleRequest(null, Object(Config\Cache), false)
 9 FCPATH\index.php(67): CodeIgniter\CodeIgniter->run()
CRITICAL - 2023-09-14 02:23:22 --> syntax error, unexpected end of file, expecting "elseif" or "else" or "endif"
in APPPATH\Views\timeline.php on line 186.
 1 SYSTEMPATH\View\View.php(227): CodeIgniter\View\View->CodeIgniter\View\{closure}()
 2 SYSTEMPATH\Common.php(1180): CodeIgniter\View\View->render('timeline', [], true)
 3 APPPATH\Controllers\TimelineController.php(31): view('timeline', [...])
 4 SYSTEMPATH\CodeIgniter.php(932): App\Controllers\TimelineController->index('1', '1', '1')
 5 SYSTEMPATH\CodeIgniter.php(497): CodeIgniter\CodeIgniter->runController(Object(App\Controllers\TimelineController))
 6 SYSTEMPATH\CodeIgniter.php(366): CodeIgniter\CodeIgniter->handleRequest(null, Object(Config\Cache), false)
 7 FCPATH\index.php(67): CodeIgniter\CodeIgniter->run()
CRITICAL - 2023-09-14 04:19:52 --> syntax error, unexpected token ")"
in APPPATH\Views\timeline.php on line 108.
 1 SYSTEMPATH\View\View.php(227): CodeIgniter\View\View->CodeIgniter\View\{closure}()
 2 SYSTEMPATH\Common.php(1180): CodeIgniter\View\View->render('timeline', [], true)
 3 APPPATH\Controllers\TimelineController.php(32): view('timeline', [...])
 4 SYSTEMPATH\CodeIgniter.php(932): App\Controllers\TimelineController->index('1', '1', '1')
 5 SYSTEMPATH\CodeIgniter.php(497): CodeIgniter\CodeIgniter->runController(Object(App\Controllers\TimelineController))
 6 SYSTEMPATH\CodeIgniter.php(366): CodeIgniter\CodeIgniter->handleRequest(null, Object(Config\Cache), false)
 7 FCPATH\index.php(67): CodeIgniter\CodeIgniter->run()
CRITICAL - 2023-09-14 04:58:07 --> Undefined variable $date_type
in APPPATH\Views\timeline.php on line 90.
 1 APPPATH\Views\timeline.php(90): CodeIgniter\Debug\Exceptions->errorHandler(2, 'Undefined variable $date_type', 'C:\\xampp\\htdocs\\isms-project\\app\\Views\\timeline.php', 90)
 2 SYSTEMPATH\View\View.php(224): include('C:\\xampp\\htdocs\\isms-project\\app\\Views\\timeline.php')
 3 SYSTEMPATH\View\View.php(227): CodeIgniter\View\View->CodeIgniter\View\{closure}()
 4 SYSTEMPATH\Common.php(1180): CodeIgniter\View\View->render('timeline', [], true)
 5 APPPATH\Controllers\TimelineController.php(32): view('timeline', [...])
 6 SYSTEMPATH\CodeIgniter.php(932): App\Controllers\TimelineController->index('1', '1', '1')
 7 SYSTEMPATH\CodeIgniter.php(497): CodeIgniter\CodeIgniter->runController(Object(App\Controllers\TimelineController))
 8 SYSTEMPATH\CodeIgniter.php(366): CodeIgniter\CodeIgniter->handleRequest(null, Object(Config\Cache), false)
 9 FCPATH\index.php(67): CodeIgniter\CodeIgniter->run()
CRITICAL - 2023-09-14 04:58:51 --> Undefined variable $date_type
in APPPATH\Views\timeline.php on line 90.
 1 APPPATH\Views\timeline.php(90): CodeIgniter\Debug\Exceptions->errorHandler(2, 'Undefined variable $date_type', 'C:\\xampp\\htdocs\\isms-project\\app\\Views\\timeline.php', 90)
 2 SYSTEMPATH\View\View.php(224): include('C:\\xampp\\htdocs\\isms-project\\app\\Views\\timeline.php')
 3 SYSTEMPATH\View\View.php(227): CodeIgniter\View\View->CodeIgniter\View\{closure}()
 4 SYSTEMPATH\Common.php(1180): CodeIgniter\View\View->render('timeline', [], true)
 5 APPPATH\Controllers\TimelineController.php(32): view('timeline', [...])
 6 SYSTEMPATH\CodeIgniter.php(932): App\Controllers\TimelineController->index('1', '1', '1')
 7 SYSTEMPATH\CodeIgniter.php(497): CodeIgniter\CodeIgniter->runController(Object(App\Controllers\TimelineController))
 8 SYSTEMPATH\CodeIgniter.php(366): CodeIgniter\CodeIgniter->handleRequest(null, Object(Config\Cache), false)
 9 FCPATH\index.php(67): CodeIgniter\CodeIgniter->run()
CRITICAL - 2023-09-14 04:58:55 --> Undefined variable $date_type
in APPPATH\Views\timeline.php on line 90.
 1 APPPATH\Views\timeline.php(90): CodeIgniter\Debug\Exceptions->errorHandler(2, 'Undefined variable $date_type', 'C:\\xampp\\htdocs\\isms-project\\app\\Views\\timeline.php', 90)
 2 SYSTEMPATH\View\View.php(224): include('C:\\xampp\\htdocs\\isms-project\\app\\Views\\timeline.php')
 3 SYSTEMPATH\View\View.php(227): CodeIgniter\View\View->CodeIgniter\View\{closure}()
 4 SYSTEMPATH\Common.php(1180): CodeIgniter\View\View->render('timeline', [], true)
 5 APPPATH\Controllers\TimelineController.php(32): view('timeline', [...])
 6 SYSTEMPATH\CodeIgniter.php(932): App\Controllers\TimelineController->index('1', '1', '1')
 7 SYSTEMPATH\CodeIgniter.php(497): CodeIgniter\CodeIgniter->runController(Object(App\Controllers\TimelineController))
 8 SYSTEMPATH\CodeIgniter.php(366): CodeIgniter\CodeIgniter->handleRequest(null, Object(Config\Cache), false)
 9 FCPATH\index.php(67): CodeIgniter\CodeIgniter->run()
CRITICAL - 2023-09-14 06:47:31 --> Array to string conversion
in APPPATH\Views\timeline.php on line 137.
 1 APPPATH\Views\timeline.php(137): CodeIgniter\Debug\Exceptions->errorHandler(2, 'Array to string conversion', 'C:\\xampp\\htdocs\\isms-project\\app\\Views\\timeline.php', 137)
 2 SYSTEMPATH\View\View.php(224): include('C:\\xampp\\htdocs\\isms-project\\app\\Views\\timeline.php')
 3 SYSTEMPATH\View\View.php(227): CodeIgniter\View\View->CodeIgniter\View\{closure}()
 4 SYSTEMPATH\Common.php(1180): CodeIgniter\View\View->render('timeline', [], true)
 5 APPPATH\Controllers\TimelineController.php(32): view('timeline', [...])
 6 SYSTEMPATH\CodeIgniter.php(932): App\Controllers\TimelineController->index('1', '1', '1')
 7 SYSTEMPATH\CodeIgniter.php(497): CodeIgniter\CodeIgniter->runController(Object(App\Controllers\TimelineController))
 8 SYSTEMPATH\CodeIgniter.php(366): CodeIgniter\CodeIgniter->handleRequest(null, Object(Config\Cache), false)
 9 FCPATH\index.php(67): CodeIgniter\CodeIgniter->run()
CRITICAL - 2023-09-14 06:49:08 --> syntax error, unexpected token ";"
in APPPATH\Views\timeline.php on line 137.
 1 SYSTEMPATH\View\View.php(227): CodeIgniter\View\View->CodeIgniter\View\{closure}()
 2 SYSTEMPATH\Common.php(1180): CodeIgniter\View\View->render('timeline', [], true)
 3 APPPATH\Controllers\TimelineController.php(32): view('timeline', [...])
 4 SYSTEMPATH\CodeIgniter.php(932): App\Controllers\TimelineController->index('1', '1', '1')
 5 SYSTEMPATH\CodeIgniter.php(497): CodeIgniter\CodeIgniter->runController(Object(App\Controllers\TimelineController))
 6 SYSTEMPATH\CodeIgniter.php(366): CodeIgniter\CodeIgniter->handleRequest(null, Object(Config\Cache), false)
 7 FCPATH\index.php(67): CodeIgniter\CodeIgniter->run()
CRITICAL - 2023-09-14 06:58:26 --> strlen() expects exactly 1 argument, 2 given
in APPPATH\Views\timeline.php on line 137.
 1 APPPATH\Views\timeline.php(137): strlen('jirayut', 'bandit')
 2 SYSTEMPATH\View\View.php(224): include('C:\\xampp\\htdocs\\isms-project\\app\\Views\\timeline.php')
 3 SYSTEMPATH\View\View.php(227): CodeIgniter\View\View->CodeIgniter\View\{closure}()
 4 SYSTEMPATH\Common.php(1180): CodeIgniter\View\View->render('timeline', [], true)
 5 APPPATH\Controllers\TimelineController.php(32): view('timeline', [...])
 6 SYSTEMPATH\CodeIgniter.php(932): App\Controllers\TimelineController->index('1', '1', '1')
 7 SYSTEMPATH\CodeIgniter.php(497): CodeIgniter\CodeIgniter->runController(Object(App\Controllers\TimelineController))
 8 SYSTEMPATH\CodeIgniter.php(366): CodeIgniter\CodeIgniter->handleRequest(null, Object(Config\Cache), false)
 9 FCPATH\index.php(67): CodeIgniter\CodeIgniter->run()
CRITICAL - 2023-09-14 07:29:23 --> Trying to access array offset on value of type int
in APPPATH\Views\timeline.php on line 85.
 1 APPPATH\Views\timeline.php(85): CodeIgniter\Debug\Exceptions->errorHandler(2, 'Trying to access array offset on value of type int', 'C:\\xampp\\htdocs\\isms-project\\app\\Views\\timeline.php', 85)
 2 SYSTEMPATH\View\View.php(224): include('C:\\xampp\\htdocs\\isms-project\\app\\Views\\timeline.php')
 3 SYSTEMPATH\View\View.php(227): CodeIgniter\View\View->CodeIgniter\View\{closure}()
 4 SYSTEMPATH\Common.php(1180): CodeIgniter\View\View->render('timeline', [], true)
 5 APPPATH\Controllers\TimelineController.php(32): view('timeline', [...])
 6 SYSTEMPATH\CodeIgniter.php(932): App\Controllers\TimelineController->index('1', '1', '1')
 7 SYSTEMPATH\CodeIgniter.php(497): CodeIgniter\CodeIgniter->runController(Object(App\Controllers\TimelineController))
 8 SYSTEMPATH\CodeIgniter.php(366): CodeIgniter\CodeIgniter->handleRequest(null, Object(Config\Cache), false)
 9 FCPATH\index.php(67): CodeIgniter\CodeIgniter->run()
CRITICAL - 2023-09-14 07:30:07 --> Undefined array key 1
in APPPATH\Views\timeline.php on line 87.
 1 APPPATH\Views\timeline.php(87): CodeIgniter\Debug\Exceptions->errorHandler(2, 'Undefined array key 1', 'C:\\xampp\\htdocs\\isms-project\\app\\Views\\timeline.php', 87)
 2 SYSTEMPATH\View\View.php(224): include('C:\\xampp\\htdocs\\isms-project\\app\\Views\\timeline.php')
 3 SYSTEMPATH\View\View.php(227): CodeIgniter\View\View->CodeIgniter\View\{closure}()
 4 SYSTEMPATH\Common.php(1180): CodeIgniter\View\View->render('timeline', [], true)
 5 APPPATH\Controllers\TimelineController.php(32): view('timeline', [...])
 6 SYSTEMPATH\CodeIgniter.php(932): App\Controllers\TimelineController->index('1', '1', '1')
 7 SYSTEMPATH\CodeIgniter.php(497): CodeIgniter\CodeIgniter->runController(Object(App\Controllers\TimelineController))
 8 SYSTEMPATH\CodeIgniter.php(366): CodeIgniter\CodeIgniter->handleRequest(null, Object(Config\Cache), false)
 9 FCPATH\index.php(67): CodeIgniter\CodeIgniter->run()
CRITICAL - 2023-09-14 07:30:19 --> Undefined array key 0
in APPPATH\Views\timeline.php on line 87.
 1 APPPATH\Views\timeline.php(87): CodeIgniter\Debug\Exceptions->errorHandler(2, 'Undefined array key 0', 'C:\\xampp\\htdocs\\isms-project\\app\\Views\\timeline.php', 87)
 2 SYSTEMPATH\View\View.php(224): include('C:\\xampp\\htdocs\\isms-project\\app\\Views\\timeline.php')
 3 SYSTEMPATH\View\View.php(227): CodeIgniter\View\View->CodeIgniter\View\{closure}()
 4 SYSTEMPATH\Common.php(1180): CodeIgniter\View\View->render('timeline', [], true)
 5 APPPATH\Controllers\TimelineController.php(32): view('timeline', [...])
 6 SYSTEMPATH\CodeIgniter.php(932): App\Controllers\TimelineController->index('1', '1', '1')
 7 SYSTEMPATH\CodeIgniter.php(497): CodeIgniter\CodeIgniter->runController(Object(App\Controllers\TimelineController))
 8 SYSTEMPATH\CodeIgniter.php(366): CodeIgniter\CodeIgniter->handleRequest(null, Object(Config\Cache), false)
 9 FCPATH\index.php(67): CodeIgniter\CodeIgniter->run()
CRITICAL - 2023-09-14 07:30:40 --> Unsupported operand types: array + int
in APPPATH\Views\timeline.php on line 87.
 1 SYSTEMPATH\View\View.php(224): include()
 2 SYSTEMPATH\View\View.php(227): CodeIgniter\View\View->CodeIgniter\View\{closure}()
 3 SYSTEMPATH\Common.php(1180): CodeIgniter\View\View->render('timeline', [], true)
 4 APPPATH\Controllers\TimelineController.php(32): view('timeline', [...])
 5 SYSTEMPATH\CodeIgniter.php(932): App\Controllers\TimelineController->index('1', '1', '1')
 6 SYSTEMPATH\CodeIgniter.php(497): CodeIgniter\CodeIgniter->runController(Object(App\Controllers\TimelineController))
 7 SYSTEMPATH\CodeIgniter.php(366): CodeIgniter\CodeIgniter->handleRequest(null, Object(Config\Cache), false)
 8 FCPATH\index.php(67): CodeIgniter\CodeIgniter->run()
CRITICAL - 2023-09-14 07:30:56 --> Trying to access array offset on value of type int
in APPPATH\Views\timeline.php on line 87.
 1 APPPATH\Views\timeline.php(87): CodeIgniter\Debug\Exceptions->errorHandler(2, 'Trying to access array offset on value of type int', 'C:\\xampp\\htdocs\\isms-project\\app\\Views\\timeline.php', 87)
 2 SYSTEMPATH\View\View.php(224): include('C:\\xampp\\htdocs\\isms-project\\app\\Views\\timeline.php')
 3 SYSTEMPATH\View\View.php(227): CodeIgniter\View\View->CodeIgniter\View\{closure}()
 4 SYSTEMPATH\Common.php(1180): CodeIgniter\View\View->render('timeline', [], true)
 5 APPPATH\Controllers\TimelineController.php(32): view('timeline', [...])
 6 SYSTEMPATH\CodeIgniter.php(932): App\Controllers\TimelineController->index('1', '1', '1')
 7 SYSTEMPATH\CodeIgniter.php(497): CodeIgniter\CodeIgniter->runController(Object(App\Controllers\TimelineController))
 8 SYSTEMPATH\CodeIgniter.php(366): CodeIgniter\CodeIgniter->handleRequest(null, Object(Config\Cache), false)
 9 FCPATH\index.php(67): CodeIgniter\CodeIgniter->run()
CRITICAL - 2023-09-14 07:31:06 --> Trying to access array offset on value of type int
in APPPATH\Views\timeline.php on line 87.
 1 APPPATH\Views\timeline.php(87): CodeIgniter\Debug\Exceptions->errorHandler(2, 'Trying to access array offset on value of type int', 'C:\\xampp\\htdocs\\isms-project\\app\\Views\\timeline.php', 87)
 2 SYSTEMPATH\View\View.php(224): include('C:\\xampp\\htdocs\\isms-project\\app\\Views\\timeline.php')
 3 SYSTEMPATH\View\View.php(227): CodeIgniter\View\View->CodeIgniter\View\{closure}()
 4 SYSTEMPATH\Common.php(1180): CodeIgniter\View\View->render('timeline', [], true)
 5 APPPATH\Controllers\TimelineController.php(32): view('timeline', [...])
 6 SYSTEMPATH\CodeIgniter.php(932): App\Controllers\TimelineController->index('1', '1', '1')
 7 SYSTEMPATH\CodeIgniter.php(497): CodeIgniter\CodeIgniter->runController(Object(App\Controllers\TimelineController))
 8 SYSTEMPATH\CodeIgniter.php(366): CodeIgniter\CodeIgniter->handleRequest(null, Object(Config\Cache), false)
 9 FCPATH\index.php(67): CodeIgniter\CodeIgniter->run()
CRITICAL - 2023-09-14 07:31:16 --> Trying to access array offset on value of type int
in APPPATH\Views\timeline.php on line 87.
 1 APPPATH\Views\timeline.php(87): CodeIgniter\Debug\Exceptions->errorHandler(2, 'Trying to access array offset on value of type int', 'C:\\xampp\\htdocs\\isms-project\\app\\Views\\timeline.php', 87)
 2 SYSTEMPATH\View\View.php(224): include('C:\\xampp\\htdocs\\isms-project\\app\\Views\\timeline.php')
 3 SYSTEMPATH\View\View.php(227): CodeIgniter\View\View->CodeIgniter\View\{closure}()
 4 SYSTEMPATH\Common.php(1180): CodeIgniter\View\View->render('timeline', [], true)
 5 APPPATH\Controllers\TimelineController.php(32): view('timeline', [...])
 6 SYSTEMPATH\CodeIgniter.php(932): App\Controllers\TimelineController->index('1', '1', '1')
 7 SYSTEMPATH\CodeIgniter.php(497): CodeIgniter\CodeIgniter->runController(Object(App\Controllers\TimelineController))
 8 SYSTEMPATH\CodeIgniter.php(366): CodeIgniter\CodeIgniter->handleRequest(null, Object(Config\Cache), false)
 9 FCPATH\index.php(67): CodeIgniter\CodeIgniter->run()
CRITICAL - 2023-09-14 07:31:41 --> Trying to access array offset on value of type int
in APPPATH\Views\timeline.php on line 87.
 1 APPPATH\Views\timeline.php(87): CodeIgniter\Debug\Exceptions->errorHandler(2, 'Trying to access array offset on value of type int', 'C:\\xampp\\htdocs\\isms-project\\app\\Views\\timeline.php', 87)
 2 SYSTEMPATH\View\View.php(224): include('C:\\xampp\\htdocs\\isms-project\\app\\Views\\timeline.php')
 3 SYSTEMPATH\View\View.php(227): CodeIgniter\View\View->CodeIgniter\View\{closure}()
 4 SYSTEMPATH\Common.php(1180): CodeIgniter\View\View->render('timeline', [], true)
 5 APPPATH\Controllers\TimelineController.php(32): view('timeline', [...])
 6 SYSTEMPATH\CodeIgniter.php(932): App\Controllers\TimelineController->index('1', '1', '1')
 7 SYSTEMPATH\CodeIgniter.php(497): CodeIgniter\CodeIgniter->runController(Object(App\Controllers\TimelineController))
 8 SYSTEMPATH\CodeIgniter.php(366): CodeIgniter\CodeIgniter->handleRequest(null, Object(Config\Cache), false)
 9 FCPATH\index.php(67): CodeIgniter\CodeIgniter->run()
CRITICAL - 2023-09-14 07:31:50 --> Trying to access array offset on value of type int
in APPPATH\Views\timeline.php on line 87.
 1 APPPATH\Views\timeline.php(87): CodeIgniter\Debug\Exceptions->errorHandler(2, 'Trying to access array offset on value of type int', 'C:\\xampp\\htdocs\\isms-project\\app\\Views\\timeline.php', 87)
 2 SYSTEMPATH\View\View.php(224): include('C:\\xampp\\htdocs\\isms-project\\app\\Views\\timeline.php')
 3 SYSTEMPATH\View\View.php(227): CodeIgniter\View\View->CodeIgniter\View\{closure}()
 4 SYSTEMPATH\Common.php(1180): CodeIgniter\View\View->render('timeline', [], true)
 5 APPPATH\Controllers\TimelineController.php(32): view('timeline', [...])
 6 SYSTEMPATH\CodeIgniter.php(932): App\Controllers\TimelineController->index('1', '1', '1')
 7 SYSTEMPATH\CodeIgniter.php(497): CodeIgniter\CodeIgniter->runController(Object(App\Controllers\TimelineController))
 8 SYSTEMPATH\CodeIgniter.php(366): CodeIgniter\CodeIgniter->handleRequest(null, Object(Config\Cache), false)
 9 FCPATH\index.php(67): CodeIgniter\CodeIgniter->run()
CRITICAL - 2023-09-14 07:33:17 --> Undefined array key 0
in APPPATH\Views\timeline.php on line 87.
 1 APPPATH\Views\timeline.php(87): CodeIgniter\Debug\Exceptions->errorHandler(2, 'Undefined array key 0', 'C:\\xampp\\htdocs\\isms-project\\app\\Views\\timeline.php', 87)
 2 SYSTEMPATH\View\View.php(224): include('C:\\xampp\\htdocs\\isms-project\\app\\Views\\timeline.php')
 3 SYSTEMPATH\View\View.php(227): CodeIgniter\View\View->CodeIgniter\View\{closure}()
 4 SYSTEMPATH\Common.php(1180): CodeIgniter\View\View->render('timeline', [], true)
 5 APPPATH\Controllers\TimelineController.php(32): view('timeline', [...])
 6 SYSTEMPATH\CodeIgniter.php(932): App\Controllers\TimelineController->index('1', '1', '1')
 7 SYSTEMPATH\CodeIgniter.php(497): CodeIgniter\CodeIgniter->runController(Object(App\Controllers\TimelineController))
 8 SYSTEMPATH\CodeIgniter.php(366): CodeIgniter\CodeIgniter->handleRequest(null, Object(Config\Cache), false)
 9 FCPATH\index.php(67): CodeIgniter\CodeIgniter->run()
CRITICAL - 2023-09-14 07:34:08 --> Array to string conversion
in APPPATH\Views\timeline.php on line 87.
 1 APPPATH\Views\timeline.php(87): CodeIgniter\Debug\Exceptions->errorHandler(2, 'Array to string conversion', 'C:\\xampp\\htdocs\\isms-project\\app\\Views\\timeline.php', 87)
 2 SYSTEMPATH\View\View.php(224): include('C:\\xampp\\htdocs\\isms-project\\app\\Views\\timeline.php')
 3 SYSTEMPATH\View\View.php(227): CodeIgniter\View\View->CodeIgniter\View\{closure}()
 4 SYSTEMPATH\Common.php(1180): CodeIgniter\View\View->render('timeline', [], true)
 5 APPPATH\Controllers\TimelineController.php(32): view('timeline', [...])
 6 SYSTEMPATH\CodeIgniter.php(932): App\Controllers\TimelineController->index('1', '1', '1')
 7 SYSTEMPATH\CodeIgniter.php(497): CodeIgniter\CodeIgniter->runController(Object(App\Controllers\TimelineController))
 8 SYSTEMPATH\CodeIgniter.php(366): CodeIgniter\CodeIgniter->handleRequest(null, Object(Config\Cache), false)
 9 FCPATH\index.php(67): CodeIgniter\CodeIgniter->run()
CRITICAL - 2023-09-14 07:47:59 --> syntax error, unexpected token "<"
in APPPATH\Views\timeline.php on line 120.
 1 SYSTEMPATH\View\View.php(227): CodeIgniter\View\View->CodeIgniter\View\{closure}()
 2 SYSTEMPATH\Common.php(1180): CodeIgniter\View\View->render('timeline', [], true)
 3 APPPATH\Controllers\TimelineController.php(32): view('timeline', [...])
 4 SYSTEMPATH\CodeIgniter.php(932): App\Controllers\TimelineController->index('1', '1', '1')
 5 SYSTEMPATH\CodeIgniter.php(497): CodeIgniter\CodeIgniter->runController(Object(App\Controllers\TimelineController))
 6 SYSTEMPATH\CodeIgniter.php(366): CodeIgniter\CodeIgniter->handleRequest(null, Object(Config\Cache), false)
 7 FCPATH\index.php(67): CodeIgniter\CodeIgniter->run()
CRITICAL - 2023-09-14 08:41:52 --> Undefined array key 10
in APPPATH\Views\timeline.php on line 181.
 1 APPPATH\Views\timeline.php(181): CodeIgniter\Debug\Exceptions->errorHandler(2, 'Undefined array key 10', 'C:\\xampp\\htdocs\\isms-project\\app\\Views\\timeline.php', 181)
 2 SYSTEMPATH\View\View.php(224): include('C:\\xampp\\htdocs\\isms-project\\app\\Views\\timeline.php')
 3 SYSTEMPATH\View\View.php(227): CodeIgniter\View\View->CodeIgniter\View\{closure}()
 4 SYSTEMPATH\Common.php(1180): CodeIgniter\View\View->render('timeline', [], true)
 5 APPPATH\Controllers\TimelineController.php(32): view('timeline', [...])
 6 SYSTEMPATH\CodeIgniter.php(932): App\Controllers\TimelineController->index('1', '1', '1')
 7 SYSTEMPATH\CodeIgniter.php(497): CodeIgniter\CodeIgniter->runController(Object(App\Controllers\TimelineController))
 8 SYSTEMPATH\CodeIgniter.php(366): CodeIgniter\CodeIgniter->handleRequest(null, Object(Config\Cache), false)
 9 FCPATH\index.php(67): CodeIgniter\CodeIgniter->run()
CRITICAL - 2023-09-14 08:42:50 --> Undefined array key 10
in APPPATH\Views\timeline.php on line 181.
 1 APPPATH\Views\timeline.php(181): CodeIgniter\Debug\Exceptions->errorHandler(2, 'Undefined array key 10', 'C:\\xampp\\htdocs\\isms-project\\app\\Views\\timeline.php', 181)
 2 SYSTEMPATH\View\View.php(224): include('C:\\xampp\\htdocs\\isms-project\\app\\Views\\timeline.php')
 3 SYSTEMPATH\View\View.php(227): CodeIgniter\View\View->CodeIgniter\View\{closure}()
 4 SYSTEMPATH\Common.php(1180): CodeIgniter\View\View->render('timeline', [], true)
 5 APPPATH\Controllers\TimelineController.php(32): view('timeline', [...])
 6 SYSTEMPATH\CodeIgniter.php(932): App\Controllers\TimelineController->index('1', '1', '1')
 7 SYSTEMPATH\CodeIgniter.php(497): CodeIgniter\CodeIgniter->runController(Object(App\Controllers\TimelineController))
 8 SYSTEMPATH\CodeIgniter.php(366): CodeIgniter\CodeIgniter->handleRequest(null, Object(Config\Cache), false)
 9 FCPATH\index.php(67): CodeIgniter\CodeIgniter->run()
CRITICAL - 2023-09-14 08:43:02 --> Undefined array key 10
in APPPATH\Views\timeline.php on line 181.
 1 APPPATH\Views\timeline.php(181): CodeIgniter\Debug\Exceptions->errorHandler(2, 'Undefined array key 10', 'C:\\xampp\\htdocs\\isms-project\\app\\Views\\timeline.php', 181)
 2 SYSTEMPATH\View\View.php(224): include('C:\\xampp\\htdocs\\isms-project\\app\\Views\\timeline.php')
 3 SYSTEMPATH\View\View.php(227): CodeIgniter\View\View->CodeIgniter\View\{closure}()
 4 SYSTEMPATH\Common.php(1180): CodeIgniter\View\View->render('timeline', [], true)
 5 APPPATH\Controllers\TimelineController.php(32): view('timeline', [...])
 6 SYSTEMPATH\CodeIgniter.php(932): App\Controllers\TimelineController->index('1', '1', '1')
 7 SYSTEMPATH\CodeIgniter.php(497): CodeIgniter\CodeIgniter->runController(Object(App\Controllers\TimelineController))
 8 SYSTEMPATH\CodeIgniter.php(366): CodeIgniter\CodeIgniter->handleRequest(null, Object(Config\Cache), false)
 9 FCPATH\index.php(67): CodeIgniter\CodeIgniter->run()
CRITICAL - 2023-09-14 08:43:08 --> Undefined array key 10
in APPPATH\Views\timeline.php on line 181.
 1 APPPATH\Views\timeline.php(181): CodeIgniter\Debug\Exceptions->errorHandler(2, 'Undefined array key 10', 'C:\\xampp\\htdocs\\isms-project\\app\\Views\\timeline.php', 181)
 2 SYSTEMPATH\View\View.php(224): include('C:\\xampp\\htdocs\\isms-project\\app\\Views\\timeline.php')
 3 SYSTEMPATH\View\View.php(227): CodeIgniter\View\View->CodeIgniter\View\{closure}()
 4 SYSTEMPATH\Common.php(1180): CodeIgniter\View\View->render('timeline', [], true)
 5 APPPATH\Controllers\TimelineController.php(32): view('timeline', [...])
 6 SYSTEMPATH\CodeIgniter.php(932): App\Controllers\TimelineController->index('1', '1', '1')
 7 SYSTEMPATH\CodeIgniter.php(497): CodeIgniter\CodeIgniter->runController(Object(App\Controllers\TimelineController))
 8 SYSTEMPATH\CodeIgniter.php(366): CodeIgniter\CodeIgniter->handleRequest(null, Object(Config\Cache), false)
 9 FCPATH\index.php(67): CodeIgniter\CodeIgniter->run()
