ERROR - 2023-07-08 15:20:28 --> Error connecting to the database: mysqli_sql_exception: No connection could be made because the target machine actively refused it in E:\work\ISMS\isms-project\vendor\codeigniter4\framework\system\Database\MySQLi\Connection.php:173
Stack trace:
#0 E:\work\ISMS\isms-project\vendor\codeigniter4\framework\system\Database\MySQLi\Connection.php(173): mysqli->real_connect('localhost', 'root', Object(SensitiveParameterValue), 'isms', 3306, '', 0)
#1 E:\work\ISMS\isms-project\vendor\codeigniter4\framework\system\Database\BaseConnection.php(391): CodeIgniter\Database\MySQLi\Connection->connect(false)
#2 E:\work\ISMS\isms-project\vendor\codeigniter4\framework\system\Database\BaseConnection.php(574): CodeIgniter\Database\BaseConnection->initialize()
#3 E:\work\ISMS\isms-project\vendor\codeigniter4\framework\system\Database\BaseBuilder.php(1616): CodeIgniter\Database\BaseConnection->query('SELECT *\nFROM `...', Array, false)
#4 E:\work\ISMS\isms-project\vendor\codeigniter4\framework\system\Model.php(241): CodeIgniter\Database\BaseBuilder->get()
#5 E:\work\ISMS\isms-project\vendor\codeigniter4\framework\system\BaseModel.php(618): CodeIgniter\Model->doFindAll(0, 0)
#6 E:\work\ISMS\isms-project\app\Controllers\ContextController.php(17): CodeIgniter\BaseModel->findAll()
#7 E:\work\ISMS\isms-project\vendor\codeigniter4\framework\system\CodeIgniter.php(932): App\Controllers\ContextController->context_analysis_index()
#8 E:\work\ISMS\isms-project\vendor\codeigniter4\framework\system\CodeIgniter.php(497): CodeIgniter\CodeIgniter->runController(Object(App\Controllers\ContextController))
#9 E:\work\ISMS\isms-project\vendor\codeigniter4\framework\system\CodeIgniter.php(366): CodeIgniter\CodeIgniter->handleRequest(NULL, Object(Config\Cache), false)
#10 E:\work\ISMS\isms-project\public\index.php(67): CodeIgniter\CodeIgniter->run()
#11 E:\work\ISMS\isms-project\vendor\codeigniter4\framework\system\Commands\Server\rewrite.php(47): require_once('E:\\work\\ISMS\\is...')
#12 {main}

Next CodeIgniter\Database\Exceptions\DatabaseException: No connection could be made because the target machine actively refused it in E:\work\ISMS\isms-project\vendor\codeigniter4\framework\system\Database\MySQLi\Connection.php:218
Stack trace:
#0 E:\work\ISMS\isms-project\vendor\codeigniter4\framework\system\Database\BaseConnection.php(391): CodeIgniter\Database\MySQLi\Connection->connect(false)
#1 E:\work\ISMS\isms-project\vendor\codeigniter4\framework\system\Database\BaseConnection.php(574): CodeIgniter\Database\BaseConnection->initialize()
#2 E:\work\ISMS\isms-project\vendor\codeigniter4\framework\system\Database\BaseBuilder.php(1616): CodeIgniter\Database\BaseConnection->query('SELECT *\nFROM `...', Array, false)
#3 E:\work\ISMS\isms-project\vendor\codeigniter4\framework\system\Model.php(241): CodeIgniter\Database\BaseBuilder->get()
#4 E:\work\ISMS\isms-project\vendor\codeigniter4\framework\system\BaseModel.php(618): CodeIgniter\Model->doFindAll(0, 0)
#5 E:\work\ISMS\isms-project\app\Controllers\ContextController.php(17): CodeIgniter\BaseModel->findAll()
#6 E:\work\ISMS\isms-project\vendor\codeigniter4\framework\system\CodeIgniter.php(932): App\Controllers\ContextController->context_analysis_index()
#7 E:\work\ISMS\isms-project\vendor\codeigniter4\framework\system\CodeIgniter.php(497): CodeIgniter\CodeIgniter->runController(Object(App\Controllers\ContextController))
#8 E:\work\ISMS\isms-project\vendor\codeigniter4\framework\system\CodeIgniter.php(366): CodeIgniter\CodeIgniter->handleRequest(NULL, Object(Config\Cache), false)
#9 E:\work\ISMS\isms-project\public\index.php(67): CodeIgniter\CodeIgniter->run()
#10 E:\work\ISMS\isms-project\vendor\codeigniter4\framework\system\Commands\Server\rewrite.php(47): require_once('E:\\work\\ISMS\\is...')
#11 {main}
CRITICAL - 2023-07-08 15:20:28 --> Unable to connect to the database.
Main connection [MySQLi]: No connection could be made because the target machine actively refused it
in SYSTEMPATH\Database\BaseConnection.php on line 427.
 1 SYSTEMPATH\Database\BaseConnection.php(574): CodeIgniter\Database\BaseConnection->initialize()
 2 SYSTEMPATH\Database\BaseBuilder.php(1616): CodeIgniter\Database\BaseConnection->query('SELECT *
FROM `context_table`', [], false)
 3 SYSTEMPATH\Model.php(241): CodeIgniter\Database\BaseBuilder->get()
 4 SYSTEMPATH\BaseModel.php(618): CodeIgniter\Model->doFindAll(0, 0)
 5 APPPATH\Controllers\ContextController.php(17): CodeIgniter\BaseModel->findAll()
 6 SYSTEMPATH\CodeIgniter.php(932): App\Controllers\ContextController->context_analysis_index()
 7 SYSTEMPATH\CodeIgniter.php(497): CodeIgniter\CodeIgniter->runController(Object(App\Controllers\ContextController))
 8 SYSTEMPATH\CodeIgniter.php(366): CodeIgniter\CodeIgniter->handleRequest(null, Object(Config\Cache), false)
 9 FCPATH\index.php(67): CodeIgniter\CodeIgniter->run()
10 SYSTEMPATH\Commands\Server\rewrite.php(47): require_once('E:\\work\\ISMS\\isms-project\\public\\index.php')
CRITICAL - 2023-07-08 15:38:28 --> Undefined variable $route
in APPPATH\Config\Routes.php on line 33.
 1 APPPATH\Config\Routes.php(33): CodeIgniter\Debug\Exceptions->errorHandler(2, 'Undefined variable $route', 'E:\\work\\ISMS\\isms-project\\app\\Config\\Routes.php', 33)
 2 SYSTEMPATH\Router\RouteCollection.php(267): require('E:\\work\\ISMS\\isms-project\\app\\Config\\Routes.php')
 3 SYSTEMPATH\CodeIgniter.php(800): CodeIgniter\Router\RouteCollection->loadRoutes()
 4 SYSTEMPATH\CodeIgniter.php(447): CodeIgniter\CodeIgniter->tryToRouteIt(null)
 5 SYSTEMPATH\CodeIgniter.php(366): CodeIgniter\CodeIgniter->handleRequest(null, Object(Config\Cache), false)
 6 FCPATH\index.php(67): CodeIgniter\CodeIgniter->run()
 7 SYSTEMPATH\Commands\Server\rewrite.php(47): require_once('E:\\work\\ISMS\\isms-project\\public\\index.php')
CRITICAL - 2023-07-08 15:38:36 --> Undefined variable $route
in APPPATH\Config\Routes.php on line 33.
 1 APPPATH\Config\Routes.php(33): CodeIgniter\Debug\Exceptions->errorHandler(2, 'Undefined variable $route', 'E:\\work\\ISMS\\isms-project\\app\\Config\\Routes.php', 33)
 2 SYSTEMPATH\Router\RouteCollection.php(267): require('E:\\work\\ISMS\\isms-project\\app\\Config\\Routes.php')
 3 SYSTEMPATH\CodeIgniter.php(800): CodeIgniter\Router\RouteCollection->loadRoutes()
 4 SYSTEMPATH\CodeIgniter.php(447): CodeIgniter\CodeIgniter->tryToRouteIt(null)
 5 SYSTEMPATH\CodeIgniter.php(366): CodeIgniter\CodeIgniter->handleRequest(null, Object(Config\Cache), false)
 6 FCPATH\index.php(67): CodeIgniter\CodeIgniter->run()
 7 SYSTEMPATH\Commands\Server\rewrite.php(47): require_once('E:\\work\\ISMS\\isms-project\\public\\index.php')
CRITICAL - 2023-07-08 15:38:38 --> Undefined variable $route
in APPPATH\Config\Routes.php on line 33.
 1 APPPATH\Config\Routes.php(33): CodeIgniter\Debug\Exceptions->errorHandler(2, 'Undefined variable $route', 'E:\\work\\ISMS\\isms-project\\app\\Config\\Routes.php', 33)
 2 SYSTEMPATH\Router\RouteCollection.php(267): require('E:\\work\\ISMS\\isms-project\\app\\Config\\Routes.php')
 3 SYSTEMPATH\CodeIgniter.php(800): CodeIgniter\Router\RouteCollection->loadRoutes()
 4 SYSTEMPATH\CodeIgniter.php(447): CodeIgniter\CodeIgniter->tryToRouteIt(null)
 5 SYSTEMPATH\CodeIgniter.php(366): CodeIgniter\CodeIgniter->handleRequest(null, Object(Config\Cache), false)
 6 FCPATH\index.php(67): CodeIgniter\CodeIgniter->run()
 7 SYSTEMPATH\Commands\Server\rewrite.php(47): require_once('E:\\work\\ISMS\\isms-project\\public\\index.php')
CRITICAL - 2023-07-08 15:38:52 --> Undefined variable $route
in APPPATH\Config\Routes.php on line 33.
 1 APPPATH\Config\Routes.php(33): CodeIgniter\Debug\Exceptions->errorHandler(2, 'Undefined variable $route', 'E:\\work\\ISMS\\isms-project\\app\\Config\\Routes.php', 33)
 2 SYSTEMPATH\Router\RouteCollection.php(267): require('E:\\work\\ISMS\\isms-project\\app\\Config\\Routes.php')
 3 SYSTEMPATH\CodeIgniter.php(800): CodeIgniter\Router\RouteCollection->loadRoutes()
 4 SYSTEMPATH\CodeIgniter.php(447): CodeIgniter\CodeIgniter->tryToRouteIt(null)
 5 SYSTEMPATH\CodeIgniter.php(366): CodeIgniter\CodeIgniter->handleRequest(null, Object(Config\Cache), false)
 6 FCPATH\index.php(67): CodeIgniter\CodeIgniter->run()
 7 SYSTEMPATH\Commands\Server\rewrite.php(47): require_once('E:\\work\\ISMS\\isms-project\\public\\index.php')
CRITICAL - 2023-07-08 15:39:44 --> Call to undefined method App\Models\internalModels::getFirstPage
in SYSTEMPATH\Model.php on line 838.
 1 APPPATH\Controllers\ContextController.php(31): CodeIgniter\Model->__call('getFirstPage', [...])
 2 SYSTEMPATH\CodeIgniter.php(932): App\Controllers\ContextController->context_analysis_version('1')
 3 SYSTEMPATH\CodeIgniter.php(497): CodeIgniter\CodeIgniter->runController(Object(App\Controllers\ContextController))
 4 SYSTEMPATH\CodeIgniter.php(366): CodeIgniter\CodeIgniter->handleRequest(null, Object(Config\Cache), false)
 5 FCPATH\index.php(67): CodeIgniter\CodeIgniter->run()
 6 SYSTEMPATH\Commands\Server\rewrite.php(47): require_once('E:\\work\\ISMS\\isms-project\\public\\index.php')
CRITICAL - 2023-07-08 16:40:05 --> Undefined variable $data
in APPPATH\Views\Context\context-ana\context_ana.php on line 260.
 1 APPPATH\Views\Context\context-ana\context_ana.php(260): CodeIgniter\Debug\Exceptions->errorHandler(2, 'Undefined variable $data', 'E:\\work\\ISMS\\isms-project\\app\\Views\\Context\\context-ana\\context_ana.php', 260)
 2 SYSTEMPATH\View\View.php(224): include('E:\\work\\ISMS\\isms-project\\app\\Views\\Context\\context-ana\\context_ana.php')
 3 SYSTEMPATH\View\View.php(227): CodeIgniter\View\View->CodeIgniter\View\{closure}()
 4 SYSTEMPATH\Common.php(1180): CodeIgniter\View\View->render('Context/context-ana/context_ana', [], true)
 5 APPPATH\Controllers\ContextController.php(27): view('Context/context-ana/context_ana')
 6 SYSTEMPATH\CodeIgniter.php(932): App\Controllers\ContextController->context_analysis_index()
 7 SYSTEMPATH\CodeIgniter.php(497): CodeIgniter\CodeIgniter->runController(Object(App\Controllers\ContextController))
 8 SYSTEMPATH\CodeIgniter.php(366): CodeIgniter\CodeIgniter->handleRequest(null, Object(Config\Cache), false)
 9 FCPATH\index.php(67): CodeIgniter\CodeIgniter->run()
10 SYSTEMPATH\Commands\Server\rewrite.php(47): require_once('E:\\work\\ISMS\\isms-project\\public\\index.php')
CRITICAL - 2023-07-08 16:40:43 --> Undefined variable $data
in APPPATH\Views\Context\context-ana\context_ana.php on line 260.
 1 APPPATH\Views\Context\context-ana\context_ana.php(260): CodeIgniter\Debug\Exceptions->errorHandler(2, 'Undefined variable $data', 'E:\\work\\ISMS\\isms-project\\app\\Views\\Context\\context-ana\\context_ana.php', 260)
 2 SYSTEMPATH\View\View.php(224): include('E:\\work\\ISMS\\isms-project\\app\\Views\\Context\\context-ana\\context_ana.php')
 3 SYSTEMPATH\View\View.php(227): CodeIgniter\View\View->CodeIgniter\View\{closure}()
 4 SYSTEMPATH\Common.php(1180): CodeIgniter\View\View->render('Context/context-ana/context_ana', [], true)
 5 APPPATH\Controllers\ContextController.php(27): view('Context/context-ana/context_ana')
 6 SYSTEMPATH\CodeIgniter.php(932): App\Controllers\ContextController->context_analysis_index()
 7 SYSTEMPATH\CodeIgniter.php(497): CodeIgniter\CodeIgniter->runController(Object(App\Controllers\ContextController))
 8 SYSTEMPATH\CodeIgniter.php(366): CodeIgniter\CodeIgniter->handleRequest(null, Object(Config\Cache), false)
 9 FCPATH\index.php(67): CodeIgniter\CodeIgniter->run()
10 SYSTEMPATH\Commands\Server\rewrite.php(47): require_once('E:\\work\\ISMS\\isms-project\\public\\index.php')
ERROR - 2023-07-08 17:34:28 --> mysqli_sql_exception: You have an error in your SQL syntax; check the manual that corresponds to your MariaDB server version for the right syntax to use near '-1' at line 3 in E:\work\ISMS\isms-project\vendor\codeigniter4\framework\system\Database\MySQLi\Connection.php:295
Stack trace:
#0 E:\work\ISMS\isms-project\vendor\codeigniter4\framework\system\Database\MySQLi\Connection.php(295): mysqli->query('SELECT *\nFROM `...', 0)
#1 E:\work\ISMS\isms-project\vendor\codeigniter4\framework\system\Database\BaseConnection.php(692): CodeIgniter\Database\MySQLi\Connection->execute('SELECT *\nFROM `...')
#2 E:\work\ISMS\isms-project\vendor\codeigniter4\framework\system\Database\BaseConnection.php(606): CodeIgniter\Database\BaseConnection->simpleQuery('SELECT *\nFROM `...')
#3 E:\work\ISMS\isms-project\vendor\codeigniter4\framework\system\Database\BaseBuilder.php(1616): CodeIgniter\Database\BaseConnection->query('SELECT *\nFROM `...', Array, false)
#4 E:\work\ISMS\isms-project\vendor\codeigniter4\framework\system\Model.php(241): CodeIgniter\Database\BaseBuilder->get()
#5 E:\work\ISMS\isms-project\vendor\codeigniter4\framework\system\BaseModel.php(618): CodeIgniter\Model->doFindAll(-1, 0)
#6 E:\work\ISMS\isms-project\app\Controllers\ContextController.php(22): CodeIgniter\BaseModel->findAll(-1, 0)
#7 E:\work\ISMS\isms-project\vendor\codeigniter4\framework\system\CodeIgniter.php(932): App\Controllers\ContextController->getAllcontexts()
#8 E:\work\ISMS\isms-project\vendor\codeigniter4\framework\system\CodeIgniter.php(497): CodeIgniter\CodeIgniter->runController(Object(App\Controllers\ContextController))
#9 E:\work\ISMS\isms-project\vendor\codeigniter4\framework\system\CodeIgniter.php(366): CodeIgniter\CodeIgniter->handleRequest(NULL, Object(Config\Cache), false)
#10 E:\work\ISMS\isms-project\public\index.php(67): CodeIgniter\CodeIgniter->run()
#11 E:\work\ISMS\isms-project\vendor\codeigniter4\framework\system\Commands\Server\rewrite.php(47): require_once('E:\\work\\ISMS\\is...')
#12 {main}
CRITICAL - 2023-07-08 17:34:28 --> You have an error in your SQL syntax; check the manual that corresponds to your MariaDB server version for the right syntax to use near '-1' at line 3
in SYSTEMPATH\Database\MySQLi\Connection.php on line 295.
 1 SYSTEMPATH\Database\MySQLi\Connection.php(295): mysqli->query('SELECT *
FROM `context_table`
 LIMIT -1', 0)
 2 SYSTEMPATH\Database\BaseConnection.php(692): CodeIgniter\Database\MySQLi\Connection->execute('SELECT *
FROM `context_table`
 LIMIT -1')
 3 SYSTEMPATH\Database\BaseConnection.php(606): CodeIgniter\Database\BaseConnection->simpleQuery('SELECT *
FROM `context_table`
 LIMIT -1')
 4 SYSTEMPATH\Database\BaseBuilder.php(1616): CodeIgniter\Database\BaseConnection->query('SELECT *
FROM `context_table`
 LIMIT -1', [], false)
 5 SYSTEMPATH\Model.php(241): CodeIgniter\Database\BaseBuilder->get()
 6 SYSTEMPATH\BaseModel.php(618): CodeIgniter\Model->doFindAll(-1, 0)
 7 APPPATH\Controllers\ContextController.php(22): CodeIgniter\BaseModel->findAll(-1, 0)
 8 SYSTEMPATH\CodeIgniter.php(932): App\Controllers\ContextController->getAllcontexts()
 9 SYSTEMPATH\CodeIgniter.php(497): CodeIgniter\CodeIgniter->runController(Object(App\Controllers\ContextController))
10 SYSTEMPATH\CodeIgniter.php(366): CodeIgniter\CodeIgniter->handleRequest(null, Object(Config\Cache), false)
11 FCPATH\index.php(67): CodeIgniter\CodeIgniter->run()
12 SYSTEMPATH\Commands\Server\rewrite.php(47): require_once('E:\\work\\ISMS\\isms-project\\public\\index.php')
ERROR - 2023-07-08 17:34:37 --> mysqli_sql_exception: You have an error in your SQL syntax; check the manual that corresponds to your MariaDB server version for the right syntax to use near '-1' at line 3 in E:\work\ISMS\isms-project\vendor\codeigniter4\framework\system\Database\MySQLi\Connection.php:295
Stack trace:
#0 E:\work\ISMS\isms-project\vendor\codeigniter4\framework\system\Database\MySQLi\Connection.php(295): mysqli->query('SELECT *\nFROM `...', 0)
#1 E:\work\ISMS\isms-project\vendor\codeigniter4\framework\system\Database\BaseConnection.php(692): CodeIgniter\Database\MySQLi\Connection->execute('SELECT *\nFROM `...')
#2 E:\work\ISMS\isms-project\vendor\codeigniter4\framework\system\Database\BaseConnection.php(606): CodeIgniter\Database\BaseConnection->simpleQuery('SELECT *\nFROM `...')
#3 E:\work\ISMS\isms-project\vendor\codeigniter4\framework\system\Database\BaseBuilder.php(1616): CodeIgniter\Database\BaseConnection->query('SELECT *\nFROM `...', Array, false)
#4 E:\work\ISMS\isms-project\vendor\codeigniter4\framework\system\Model.php(241): CodeIgniter\Database\BaseBuilder->get()
#5 E:\work\ISMS\isms-project\vendor\codeigniter4\framework\system\BaseModel.php(618): CodeIgniter\Model->doFindAll(-1, 0)
#6 E:\work\ISMS\isms-project\app\Controllers\ContextController.php(22): CodeIgniter\BaseModel->findAll(-1, 0)
#7 E:\work\ISMS\isms-project\vendor\codeigniter4\framework\system\CodeIgniter.php(932): App\Controllers\ContextController->getAllcontexts()
#8 E:\work\ISMS\isms-project\vendor\codeigniter4\framework\system\CodeIgniter.php(497): CodeIgniter\CodeIgniter->runController(Object(App\Controllers\ContextController))
#9 E:\work\ISMS\isms-project\vendor\codeigniter4\framework\system\CodeIgniter.php(366): CodeIgniter\CodeIgniter->handleRequest(NULL, Object(Config\Cache), false)
#10 E:\work\ISMS\isms-project\public\index.php(67): CodeIgniter\CodeIgniter->run()
#11 E:\work\ISMS\isms-project\vendor\codeigniter4\framework\system\Commands\Server\rewrite.php(47): require_once('E:\\work\\ISMS\\is...')
#12 {main}
CRITICAL - 2023-07-08 17:34:37 --> You have an error in your SQL syntax; check the manual that corresponds to your MariaDB server version for the right syntax to use near '-1' at line 3
in SYSTEMPATH\Database\MySQLi\Connection.php on line 295.
 1 SYSTEMPATH\Database\MySQLi\Connection.php(295): mysqli->query('SELECT *
FROM `context_table`
 LIMIT -1', 0)
 2 SYSTEMPATH\Database\BaseConnection.php(692): CodeIgniter\Database\MySQLi\Connection->execute('SELECT *
FROM `context_table`
 LIMIT -1')
 3 SYSTEMPATH\Database\BaseConnection.php(606): CodeIgniter\Database\BaseConnection->simpleQuery('SELECT *
FROM `context_table`
 LIMIT -1')
 4 SYSTEMPATH\Database\BaseBuilder.php(1616): CodeIgniter\Database\BaseConnection->query('SELECT *
FROM `context_table`
 LIMIT -1', [], false)
 5 SYSTEMPATH\Model.php(241): CodeIgniter\Database\BaseBuilder->get()
 6 SYSTEMPATH\BaseModel.php(618): CodeIgniter\Model->doFindAll(-1, 0)
 7 APPPATH\Controllers\ContextController.php(22): CodeIgniter\BaseModel->findAll(-1, 0)
 8 SYSTEMPATH\CodeIgniter.php(932): App\Controllers\ContextController->getAllcontexts()
 9 SYSTEMPATH\CodeIgniter.php(497): CodeIgniter\CodeIgniter->runController(Object(App\Controllers\ContextController))
10 SYSTEMPATH\CodeIgniter.php(366): CodeIgniter\CodeIgniter->handleRequest(null, Object(Config\Cache), false)
11 FCPATH\index.php(67): CodeIgniter\CodeIgniter->run()
12 SYSTEMPATH\Commands\Server\rewrite.php(47): require_once('E:\\work\\ISMS\\isms-project\\public\\index.php')
CRITICAL - 2023-07-08 17:46:12 --> Undefined variable $data
in APPPATH\Views\Context\context-ana\context_ana.php on line 291.
 1 APPPATH\Views\Context\context-ana\context_ana.php(291): CodeIgniter\Debug\Exceptions->errorHandler(2, 'Undefined variable $data', 'E:\\work\\ISMS\\isms-project\\app\\Views\\Context\\context-ana\\context_ana.php', 291)
 2 SYSTEMPATH\View\View.php(224): include('E:\\work\\ISMS\\isms-project\\app\\Views\\Context\\context-ana\\context_ana.php')
 3 SYSTEMPATH\View\View.php(227): CodeIgniter\View\View->CodeIgniter\View\{closure}()
 4 SYSTEMPATH\Common.php(1180): CodeIgniter\View\View->render('Context/context-ana/context_ana', [], true)
 5 APPPATH\Controllers\ContextController.php(40): view('Context/context-ana/context_ana')
 6 SYSTEMPATH\CodeIgniter.php(932): App\Controllers\ContextController->context_analysis_index()
 7 SYSTEMPATH\CodeIgniter.php(497): CodeIgniter\CodeIgniter->runController(Object(App\Controllers\ContextController))
 8 SYSTEMPATH\CodeIgniter.php(366): CodeIgniter\CodeIgniter->handleRequest(null, Object(Config\Cache), false)
 9 FCPATH\index.php(67): CodeIgniter\CodeIgniter->run()
10 SYSTEMPATH\Commands\Server\rewrite.php(47): require_once('E:\\work\\ISMS\\isms-project\\public\\index.php')
CRITICAL - 2023-07-08 17:48:39 --> Undefined variable $data
in APPPATH\Views\Context\context-ana\context_ana.php on line 303.
 1 APPPATH\Views\Context\context-ana\context_ana.php(303): CodeIgniter\Debug\Exceptions->errorHandler(2, 'Undefined variable $data', 'E:\\work\\ISMS\\isms-project\\app\\Views\\Context\\context-ana\\context_ana.php', 303)
 2 SYSTEMPATH\View\View.php(224): include('E:\\work\\ISMS\\isms-project\\app\\Views\\Context\\context-ana\\context_ana.php')
 3 SYSTEMPATH\View\View.php(227): CodeIgniter\View\View->CodeIgniter\View\{closure}()
 4 SYSTEMPATH\Common.php(1180): CodeIgniter\View\View->render('Context/context-ana/context_ana', [], true)
 5 APPPATH\Controllers\ContextController.php(40): view('Context/context-ana/context_ana')
 6 SYSTEMPATH\CodeIgniter.php(932): App\Controllers\ContextController->context_analysis_index()
 7 SYSTEMPATH\CodeIgniter.php(497): CodeIgniter\CodeIgniter->runController(Object(App\Controllers\ContextController))
 8 SYSTEMPATH\CodeIgniter.php(366): CodeIgniter\CodeIgniter->handleRequest(null, Object(Config\Cache), false)
 9 FCPATH\index.php(67): CodeIgniter\CodeIgniter->run()
10 SYSTEMPATH\Commands\Server\rewrite.php(47): require_once('E:\\work\\ISMS\\isms-project\\public\\index.php')
CRITICAL - 2023-07-08 17:48:58 --> Undefined variable $data
in APPPATH\Views\Context\context-ana\context_ana.php on line 303.
 1 APPPATH\Views\Context\context-ana\context_ana.php(303): CodeIgniter\Debug\Exceptions->errorHandler(2, 'Undefined variable $data', 'E:\\work\\ISMS\\isms-project\\app\\Views\\Context\\context-ana\\context_ana.php', 303)
 2 SYSTEMPATH\View\View.php(224): include('E:\\work\\ISMS\\isms-project\\app\\Views\\Context\\context-ana\\context_ana.php')
 3 SYSTEMPATH\View\View.php(227): CodeIgniter\View\View->CodeIgniter\View\{closure}()
 4 SYSTEMPATH\Common.php(1180): CodeIgniter\View\View->render('Context/context-ana/context_ana', [], true)
 5 APPPATH\Controllers\ContextController.php(40): view('Context/context-ana/context_ana')
 6 SYSTEMPATH\CodeIgniter.php(932): App\Controllers\ContextController->context_analysis_index()
 7 SYSTEMPATH\CodeIgniter.php(497): CodeIgniter\CodeIgniter->runController(Object(App\Controllers\ContextController))
 8 SYSTEMPATH\CodeIgniter.php(366): CodeIgniter\CodeIgniter->handleRequest(null, Object(Config\Cache), false)
 9 FCPATH\index.php(67): CodeIgniter\CodeIgniter->run()
10 SYSTEMPATH\Commands\Server\rewrite.php(47): require_once('E:\\work\\ISMS\\isms-project\\public\\index.php')
CRITICAL - 2023-07-08 18:15:35 --> Undefined variable $data
in APPPATH\Views\Context\context-ana\context_ana_copy.php on line 105.
 1 APPPATH\Views\Context\context-ana\context_ana_copy.php(105): CodeIgniter\Debug\Exceptions->errorHandler(2, 'Undefined variable $data', 'E:\\work\\ISMS\\isms-project\\app\\Views\\Context\\context-ana\\context_ana_copy.php', 105)
 2 SYSTEMPATH\View\View.php(224): include('E:\\work\\ISMS\\isms-project\\app\\Views\\Context\\context-ana\\context_ana_copy.php')
 3 SYSTEMPATH\View\View.php(227): CodeIgniter\View\View->CodeIgniter\View\{closure}()
 4 SYSTEMPATH\Common.php(1180): CodeIgniter\View\View->render('Context/context-ana/context_ana_copy', [], true)
 5 APPPATH\Controllers\ContextController.php(40): view('Context/context-ana/context_ana_copy')
 6 SYSTEMPATH\CodeIgniter.php(932): App\Controllers\ContextController->context_analysis_index()
 7 SYSTEMPATH\CodeIgniter.php(497): CodeIgniter\CodeIgniter->runController(Object(App\Controllers\ContextController))
 8 SYSTEMPATH\CodeIgniter.php(366): CodeIgniter\CodeIgniter->handleRequest(null, Object(Config\Cache), false)
 9 FCPATH\index.php(67): CodeIgniter\CodeIgniter->run()
10 SYSTEMPATH\Commands\Server\rewrite.php(47): require_once('E:\\work\\ISMS\\isms-project\\public\\index.php')
CRITICAL - 2023-07-08 18:15:59 --> Undefined variable $data
in APPPATH\Views\Context\context-ana\context_ana_copy.php on line 105.
 1 APPPATH\Views\Context\context-ana\context_ana_copy.php(105): CodeIgniter\Debug\Exceptions->errorHandler(2, 'Undefined variable $data', 'E:\\work\\ISMS\\isms-project\\app\\Views\\Context\\context-ana\\context_ana_copy.php', 105)
 2 SYSTEMPATH\View\View.php(224): include('E:\\work\\ISMS\\isms-project\\app\\Views\\Context\\context-ana\\context_ana_copy.php')
 3 SYSTEMPATH\View\View.php(227): CodeIgniter\View\View->CodeIgniter\View\{closure}()
 4 SYSTEMPATH\Common.php(1180): CodeIgniter\View\View->render('Context/context-ana/context_ana_copy', [], true)
 5 APPPATH\Controllers\ContextController.php(40): view('Context/context-ana/context_ana_copy')
 6 SYSTEMPATH\CodeIgniter.php(932): App\Controllers\ContextController->context_analysis_index()
 7 SYSTEMPATH\CodeIgniter.php(497): CodeIgniter\CodeIgniter->runController(Object(App\Controllers\ContextController))
 8 SYSTEMPATH\CodeIgniter.php(366): CodeIgniter\CodeIgniter->handleRequest(null, Object(Config\Cache), false)
 9 FCPATH\index.php(67): CodeIgniter\CodeIgniter->run()
10 SYSTEMPATH\Commands\Server\rewrite.php(47): require_once('E:\\work\\ISMS\\isms-project\\public\\index.php')
CRITICAL - 2023-07-08 18:17:03 --> Undefined variable $data
in APPPATH\Views\Context\context-ana\context_ana_copy.php on line 105.
 1 APPPATH\Views\Context\context-ana\context_ana_copy.php(105): CodeIgniter\Debug\Exceptions->errorHandler(2, 'Undefined variable $data', 'E:\\work\\ISMS\\isms-project\\app\\Views\\Context\\context-ana\\context_ana_copy.php', 105)
 2 SYSTEMPATH\View\View.php(224): include('E:\\work\\ISMS\\isms-project\\app\\Views\\Context\\context-ana\\context_ana_copy.php')
 3 SYSTEMPATH\View\View.php(227): CodeIgniter\View\View->CodeIgniter\View\{closure}()
 4 SYSTEMPATH\Common.php(1180): CodeIgniter\View\View->render('Context/context-ana/context_ana_copy', [], true)
 5 APPPATH\Controllers\ContextController.php(40): view('Context/context-ana/context_ana_copy')
 6 SYSTEMPATH\CodeIgniter.php(932): App\Controllers\ContextController->context_analysis_index()
 7 SYSTEMPATH\CodeIgniter.php(497): CodeIgniter\CodeIgniter->runController(Object(App\Controllers\ContextController))
 8 SYSTEMPATH\CodeIgniter.php(366): CodeIgniter\CodeIgniter->handleRequest(null, Object(Config\Cache), false)
 9 FCPATH\index.php(67): CodeIgniter\CodeIgniter->run()
10 SYSTEMPATH\Commands\Server\rewrite.php(47): require_once('E:\\work\\ISMS\\isms-project\\public\\index.php')
