CRITICAL - 2023-10-16 02:20:13 --> Cannot use [] for reading
in APPPATH\Views\Modal\Requirement_Modal.php on line 13.
 1 [internal function]: CodeIgniter\Debug\Exceptions->shutdownHandler()
CRITICAL - 2023-10-16 02:20:20 --> Cannot use [] for reading
in APPPATH\Views\Modal\Requirement_Modal.php on line 13.
 1 [internal function]: CodeIgniter\Debug\Exceptions->shutdownHandler()
CRITICAL - 2023-10-16 02:51:44 --> Call to undefined method App\Models\RequirementModels::getData
in SYSTEMPATH\Model.php on line 838.
 1 APPPATH\Controllers\InterestedController.php(20): CodeIgniter\Model->__call('getData', [])
 2 SYSTEMPATH\CodeIgniter.php(932): App\Controllers\InterestedController->interested_index('118', '1')
 3 SYSTEMPATH\CodeIgniter.php(497): CodeIgniter\CodeIgniter->runController(Object(App\Controllers\InterestedController))
 4 SYSTEMPATH\CodeIgniter.php(366): CodeIgniter\CodeIgniter->handleRequest(null, Object(Config\Cache), false)
 5 FCPATH\index.php(67): CodeIgniter\CodeIgniter->run()
CRITICAL - 2023-10-16 02:52:06 --> Call to undefined method App\Models\RequirementModels::getData
in SYSTEMPATH\Model.php on line 838.
 1 APPPATH\Controllers\InterestedController.php(20): CodeIgniter\Model->__call('getData', [])
 2 SYSTEMPATH\CodeIgniter.php(932): App\Controllers\InterestedController->interested_index('118', '1')
 3 SYSTEMPATH\CodeIgniter.php(497): CodeIgniter\CodeIgniter->runController(Object(App\Controllers\InterestedController))
 4 SYSTEMPATH\CodeIgniter.php(366): CodeIgniter\CodeIgniter->handleRequest(null, Object(Config\Cache), false)
 5 FCPATH\index.php(67): CodeIgniter\CodeIgniter->run()
CRITICAL - 2023-10-16 02:52:44 --> Call to undefined method App\Models\RequirementModels::getData
in SYSTEMPATH\Model.php on line 838.
 1 APPPATH\Controllers\InterestedController.php(20): CodeIgniter\Model->__call('getData', [])
 2 SYSTEMPATH\CodeIgniter.php(932): App\Controllers\InterestedController->interested_index('118', '1')
 3 SYSTEMPATH\CodeIgniter.php(497): CodeIgniter\CodeIgniter->runController(Object(App\Controllers\InterestedController))
 4 SYSTEMPATH\CodeIgniter.php(366): CodeIgniter\CodeIgniter->handleRequest(null, Object(Config\Cache), false)
 5 FCPATH\index.php(67): CodeIgniter\CodeIgniter->run()
CRITICAL - 2023-10-16 02:52:45 --> Call to undefined method App\Models\RequirementModels::getData
in SYSTEMPATH\Model.php on line 838.
 1 APPPATH\Controllers\InterestedController.php(20): CodeIgniter\Model->__call('getData', [])
 2 SYSTEMPATH\CodeIgniter.php(932): App\Controllers\InterestedController->interested_index('118', '1')
 3 SYSTEMPATH\CodeIgniter.php(497): CodeIgniter\CodeIgniter->runController(Object(App\Controllers\InterestedController))
 4 SYSTEMPATH\CodeIgniter.php(366): CodeIgniter\CodeIgniter->handleRequest(null, Object(Config\Cache), false)
 5 FCPATH\index.php(67): CodeIgniter\CodeIgniter->run()
CRITICAL - 2023-10-16 02:52:46 --> Call to undefined method App\Models\RequirementModels::getData
in SYSTEMPATH\Model.php on line 838.
 1 APPPATH\Controllers\InterestedController.php(20): CodeIgniter\Model->__call('getData', [])
 2 SYSTEMPATH\CodeIgniter.php(932): App\Controllers\InterestedController->interested_index('118', '1')
 3 SYSTEMPATH\CodeIgniter.php(497): CodeIgniter\CodeIgniter->runController(Object(App\Controllers\InterestedController))
 4 SYSTEMPATH\CodeIgniter.php(366): CodeIgniter\CodeIgniter->handleRequest(null, Object(Config\Cache), false)
 5 FCPATH\index.php(67): CodeIgniter\CodeIgniter->run()
CRITICAL - 2023-10-16 02:54:37 --> Call to undefined method App\Models\RequirementModels::getData
in SYSTEMPATH\Model.php on line 838.
 1 APPPATH\Controllers\InterestedController.php(20): CodeIgniter\Model->__call('getData', [])
 2 SYSTEMPATH\CodeIgniter.php(932): App\Controllers\InterestedController->interested_index('118', '1')
 3 SYSTEMPATH\CodeIgniter.php(497): CodeIgniter\CodeIgniter->runController(Object(App\Controllers\InterestedController))
 4 SYSTEMPATH\CodeIgniter.php(366): CodeIgniter\CodeIgniter->handleRequest(null, Object(Config\Cache), false)
 5 FCPATH\index.php(67): CodeIgniter\CodeIgniter->run()
CRITICAL - 2023-10-16 02:59:56 --> Call to undefined method App\Models\RequirementModels::getData
in SYSTEMPATH\Model.php on line 838.
 1 APPPATH\Controllers\InterestedController.php(20): CodeIgniter\Model->__call('getData', [])
 2 SYSTEMPATH\CodeIgniter.php(932): App\Controllers\InterestedController->interested_index('118', '1')
 3 SYSTEMPATH\CodeIgniter.php(497): CodeIgniter\CodeIgniter->runController(Object(App\Controllers\InterestedController))
 4 SYSTEMPATH\CodeIgniter.php(366): CodeIgniter\CodeIgniter->handleRequest(null, Object(Config\Cache), false)
 5 FCPATH\index.php(67): CodeIgniter\CodeIgniter->run()
CRITICAL - 2023-10-16 04:44:13 --> Undefined variable $c
in APPPATH\Views\Modal\Requirement_Modal.php on line 7.
 1 APPPATH\Views\Modal\Requirement_Modal.php(7): CodeIgniter\Debug\Exceptions->errorHandler(2, 'Undefined variable $c', 'C:\\xampp8\\htdocs\\e-iso-optimize\\app\\Views\\Modal\\Requirement_Modal.php', 7)
 2 SYSTEMPATH\View\View.php(224): include('C:\\xampp8\\htdocs\\e-iso-optimize\\app\\Views\\Modal\\Requirement_Modal.php')
 3 SYSTEMPATH\View\View.php(227): CodeIgniter\View\View->CodeIgniter\View\{closure}()
 4 SYSTEMPATH\View\View.php(452): CodeIgniter\View\View->render('Modal/Requirement_Modal', null, true)
 5 APPPATH\Views\Context\interested.php(277): CodeIgniter\View\View->include('Modal/Requirement_Modal')
 6 SYSTEMPATH\View\View.php(224): include('C:\\xampp8\\htdocs\\e-iso-optimize\\app\\Views\\Context\\interested.php')
 7 SYSTEMPATH\View\View.php(227): CodeIgniter\View\View->CodeIgniter\View\{closure}()
 8 SYSTEMPATH\Common.php(1180): CodeIgniter\View\View->render('Context/interested', [], true)
 9 APPPATH\Controllers\InterestedController.php(31): view('Context/interested', [...])
10 SYSTEMPATH\CodeIgniter.php(932): App\Controllers\InterestedController->interested_index('118', '1')
11 SYSTEMPATH\CodeIgniter.php(497): CodeIgniter\CodeIgniter->runController(Object(App\Controllers\InterestedController))
12 SYSTEMPATH\CodeIgniter.php(366): CodeIgniter\CodeIgniter->handleRequest(null, Object(Config\Cache), false)
13 FCPATH\index.php(67): CodeIgniter\CodeIgniter->run()
CRITICAL - 2023-10-16 04:44:20 --> Undefined variable $c
in APPPATH\Views\Modal\Requirement_Modal.php on line 7.
 1 APPPATH\Views\Modal\Requirement_Modal.php(7): CodeIgniter\Debug\Exceptions->errorHandler(2, 'Undefined variable $c', 'C:\\xampp8\\htdocs\\e-iso-optimize\\app\\Views\\Modal\\Requirement_Modal.php', 7)
 2 SYSTEMPATH\View\View.php(224): include('C:\\xampp8\\htdocs\\e-iso-optimize\\app\\Views\\Modal\\Requirement_Modal.php')
 3 SYSTEMPATH\View\View.php(227): CodeIgniter\View\View->CodeIgniter\View\{closure}()
 4 SYSTEMPATH\View\View.php(452): CodeIgniter\View\View->render('Modal/Requirement_Modal', null, true)
 5 APPPATH\Views\Context\interested.php(277): CodeIgniter\View\View->include('Modal/Requirement_Modal')
 6 SYSTEMPATH\View\View.php(224): include('C:\\xampp8\\htdocs\\e-iso-optimize\\app\\Views\\Context\\interested.php')
 7 SYSTEMPATH\View\View.php(227): CodeIgniter\View\View->CodeIgniter\View\{closure}()
 8 SYSTEMPATH\Common.php(1180): CodeIgniter\View\View->render('Context/interested', [], true)
 9 APPPATH\Controllers\InterestedController.php(31): view('Context/interested', [...])
10 SYSTEMPATH\CodeIgniter.php(932): App\Controllers\InterestedController->interested_index('118', '1')
11 SYSTEMPATH\CodeIgniter.php(497): CodeIgniter\CodeIgniter->runController(Object(App\Controllers\InterestedController))
12 SYSTEMPATH\CodeIgniter.php(366): CodeIgniter\CodeIgniter->handleRequest(null, Object(Config\Cache), false)
13 FCPATH\index.php(67): CodeIgniter\CodeIgniter->run()
CRITICAL - 2023-10-16 04:45:00 --> Undefined array key "topic_standart"
in APPPATH\Views\Modal\Requirement_Modal.php on line 7.
 1 APPPATH\Views\Modal\Requirement_Modal.php(7): CodeIgniter\Debug\Exceptions->errorHandler(2, 'Undefined array key "topic_standart"', 'C:\\xampp8\\htdocs\\e-iso-optimize\\app\\Views\\Modal\\Requirement_Modal.php', 7)
 2 SYSTEMPATH\View\View.php(224): include('C:\\xampp8\\htdocs\\e-iso-optimize\\app\\Views\\Modal\\Requirement_Modal.php')
 3 SYSTEMPATH\View\View.php(227): CodeIgniter\View\View->CodeIgniter\View\{closure}()
 4 SYSTEMPATH\View\View.php(452): CodeIgniter\View\View->render('Modal/Requirement_Modal', null, true)
 5 APPPATH\Views\Context\interested.php(277): CodeIgniter\View\View->include('Modal/Requirement_Modal')
 6 SYSTEMPATH\View\View.php(224): include('C:\\xampp8\\htdocs\\e-iso-optimize\\app\\Views\\Context\\interested.php')
 7 SYSTEMPATH\View\View.php(227): CodeIgniter\View\View->CodeIgniter\View\{closure}()
 8 SYSTEMPATH\Common.php(1180): CodeIgniter\View\View->render('Context/interested', [], true)
 9 APPPATH\Controllers\InterestedController.php(31): view('Context/interested', [...])
10 SYSTEMPATH\CodeIgniter.php(932): App\Controllers\InterestedController->interested_index('118', '1')
11 SYSTEMPATH\CodeIgniter.php(497): CodeIgniter\CodeIgniter->runController(Object(App\Controllers\InterestedController))
12 SYSTEMPATH\CodeIgniter.php(366): CodeIgniter\CodeIgniter->handleRequest(null, Object(Config\Cache), false)
13 FCPATH\index.php(67): CodeIgniter\CodeIgniter->run()
CRITICAL - 2023-10-16 04:49:20 --> Undefined variable $ida
in APPPATH\Controllers\InterestedController.php on line 27.
 1 APPPATH\Controllers\InterestedController.php(27): CodeIgniter\Debug\Exceptions->errorHandler(2, 'Undefined variable $ida', 'C:\\xampp8\\htdocs\\e-iso-optimize\\app\\Controllers\\InterestedController.php', 27)
 2 SYSTEMPATH\CodeIgniter.php(932): App\Controllers\InterestedController->interested_index('118', '1')
 3 SYSTEMPATH\CodeIgniter.php(497): CodeIgniter\CodeIgniter->runController(Object(App\Controllers\InterestedController))
 4 SYSTEMPATH\CodeIgniter.php(366): CodeIgniter\CodeIgniter->handleRequest(null, Object(Config\Cache), false)
 5 FCPATH\index.php(67): CodeIgniter\CodeIgniter->run()
CRITICAL - 2023-10-16 04:49:42 --> Trying to access array offset on value of type null
in APPPATH\Views\Modal\Requirement_Modal.php on line 7.
 1 APPPATH\Views\Modal\Requirement_Modal.php(7): CodeIgniter\Debug\Exceptions->errorHandler(2, 'Trying to access array offset on value of type null', 'C:\\xampp8\\htdocs\\e-iso-optimize\\app\\Views\\Modal\\Requirement_Modal.php', 7)
 2 SYSTEMPATH\View\View.php(224): include('C:\\xampp8\\htdocs\\e-iso-optimize\\app\\Views\\Modal\\Requirement_Modal.php')
 3 SYSTEMPATH\View\View.php(227): CodeIgniter\View\View->CodeIgniter\View\{closure}()
 4 SYSTEMPATH\View\View.php(452): CodeIgniter\View\View->render('Modal/Requirement_Modal', null, true)
 5 APPPATH\Views\Context\interested.php(277): CodeIgniter\View\View->include('Modal/Requirement_Modal')
 6 SYSTEMPATH\View\View.php(224): include('C:\\xampp8\\htdocs\\e-iso-optimize\\app\\Views\\Context\\interested.php')
 7 SYSTEMPATH\View\View.php(227): CodeIgniter\View\View->CodeIgniter\View\{closure}()
 8 SYSTEMPATH\Common.php(1180): CodeIgniter\View\View->render('Context/interested', [], true)
 9 APPPATH\Controllers\InterestedController.php(39): view('Context/interested', [...])
10 SYSTEMPATH\CodeIgniter.php(932): App\Controllers\InterestedController->interested_index('118', '1')
11 SYSTEMPATH\CodeIgniter.php(497): CodeIgniter\CodeIgniter->runController(Object(App\Controllers\InterestedController))
12 SYSTEMPATH\CodeIgniter.php(366): CodeIgniter\CodeIgniter->handleRequest(null, Object(Config\Cache), false)
13 FCPATH\index.php(67): CodeIgniter\CodeIgniter->run()
CRITICAL - 2023-10-16 06:28:09 --> Undefined array key "topic_standart"
in APPPATH\Views\Modal\Requirement_Modal.php on line 7.
 1 APPPATH\Views\Modal\Requirement_Modal.php(7): CodeIgniter\Debug\Exceptions->errorHandler(2, 'Undefined array key "topic_standart"', 'C:\\xampp8\\htdocs\\e-iso-optimize\\app\\Views\\Modal\\Requirement_Modal.php', 7)
 2 SYSTEMPATH\View\View.php(224): include('C:\\xampp8\\htdocs\\e-iso-optimize\\app\\Views\\Modal\\Requirement_Modal.php')
 3 SYSTEMPATH\View\View.php(227): CodeIgniter\View\View->CodeIgniter\View\{closure}()
 4 SYSTEMPATH\View\View.php(452): CodeIgniter\View\View->render('Modal/Requirement_Modal', null, true)
 5 APPPATH\Views\timeline.php(552): CodeIgniter\View\View->include('Modal/Requirement_Modal')
 6 SYSTEMPATH\View\View.php(224): include('C:\\xampp8\\htdocs\\e-iso-optimize\\app\\Views\\timeline.php')
 7 SYSTEMPATH\View\View.php(227): CodeIgniter\View\View->CodeIgniter\View\{closure}()
 8 SYSTEMPATH\Common.php(1180): CodeIgniter\View\View->render('timeline', [], true)
 9 APPPATH\Controllers\TimelineController.php(69): view('timeline', [...])
10 SYSTEMPATH\CodeIgniter.php(932): App\Controllers\TimelineController->index('118', '2', '1')
11 SYSTEMPATH\CodeIgniter.php(497): CodeIgniter\CodeIgniter->runController(Object(App\Controllers\TimelineController))
12 SYSTEMPATH\CodeIgniter.php(366): CodeIgniter\CodeIgniter->handleRequest(null, Object(Config\Cache), false)
13 FCPATH\index.php(67): CodeIgniter\CodeIgniter->run()
CRITICAL - 2023-10-16 06:29:17 --> Undefined array key "topic_standart"
in APPPATH\Views\Modal\Requirement_Modal.php on line 7.
 1 APPPATH\Views\Modal\Requirement_Modal.php(7): CodeIgniter\Debug\Exceptions->errorHandler(2, 'Undefined array key "topic_standart"', 'C:\\xampp8\\htdocs\\e-iso-optimize\\app\\Views\\Modal\\Requirement_Modal.php', 7)
 2 SYSTEMPATH\View\View.php(224): include('C:\\xampp8\\htdocs\\e-iso-optimize\\app\\Views\\Modal\\Requirement_Modal.php')
 3 SYSTEMPATH\View\View.php(227): CodeIgniter\View\View->CodeIgniter\View\{closure}()
 4 SYSTEMPATH\View\View.php(452): CodeIgniter\View\View->render('Modal/Requirement_Modal', null, true)
 5 APPPATH\Views\Context\context_analysis.php(297): CodeIgniter\View\View->include('Modal/Requirement_Modal')
 6 SYSTEMPATH\View\View.php(224): include('C:\\xampp8\\htdocs\\e-iso-optimize\\app\\Views\\Context\\context_analysis.php')
 7 SYSTEMPATH\View\View.php(227): CodeIgniter\View\View->CodeIgniter\View\{closure}()
 8 SYSTEMPATH\Common.php(1180): CodeIgniter\View\View->render('Context/context_analysis', [], true)
 9 APPPATH\Controllers\AllversionController.php(167): view('Context/context_analysis', [...])
10 SYSTEMPATH\CodeIgniter.php(932): App\Controllers\AllversionController->context_analysis_version('141', '1')
11 SYSTEMPATH\CodeIgniter.php(497): CodeIgniter\CodeIgniter->runController(Object(App\Controllers\AllversionController))
12 SYSTEMPATH\CodeIgniter.php(366): CodeIgniter\CodeIgniter->handleRequest(null, Object(Config\Cache), false)
13 FCPATH\index.php(67): CodeIgniter\CodeIgniter->run()
CRITICAL - 2023-10-16 06:30:10 --> Undefined array key "topic_standart"
in APPPATH\Views\Modal\Requirement_Modal.php on line 7.
 1 APPPATH\Views\Modal\Requirement_Modal.php(7): CodeIgniter\Debug\Exceptions->errorHandler(2, 'Undefined array key "topic_standart"', 'C:\\xampp8\\htdocs\\e-iso-optimize\\app\\Views\\Modal\\Requirement_Modal.php', 7)
 2 SYSTEMPATH\View\View.php(224): include('C:\\xampp8\\htdocs\\e-iso-optimize\\app\\Views\\Modal\\Requirement_Modal.php')
 3 SYSTEMPATH\View\View.php(227): CodeIgniter\View\View->CodeIgniter\View\{closure}()
 4 SYSTEMPATH\View\View.php(452): CodeIgniter\View\View->render('Modal/Requirement_Modal', null, true)
 5 APPPATH\Views\Context\context_analysis.php(297): CodeIgniter\View\View->include('Modal/Requirement_Modal')
 6 SYSTEMPATH\View\View.php(224): include('C:\\xampp8\\htdocs\\e-iso-optimize\\app\\Views\\Context\\context_analysis.php')
 7 SYSTEMPATH\View\View.php(227): CodeIgniter\View\View->CodeIgniter\View\{closure}()
 8 SYSTEMPATH\Common.php(1180): CodeIgniter\View\View->render('Context/context_analysis', [], true)
 9 APPPATH\Controllers\AllversionController.php(167): view('Context/context_analysis', [...])
10 SYSTEMPATH\CodeIgniter.php(932): App\Controllers\AllversionController->context_analysis_version('141', '1')
11 SYSTEMPATH\CodeIgniter.php(497): CodeIgniter\CodeIgniter->runController(Object(App\Controllers\AllversionController))
12 SYSTEMPATH\CodeIgniter.php(366): CodeIgniter\CodeIgniter->handleRequest(null, Object(Config\Cache), false)
13 FCPATH\index.php(67): CodeIgniter\CodeIgniter->run()
CRITICAL - 2023-10-16 06:30:16 --> Undefined array key "topic_standart"
in APPPATH\Views\Modal\Requirement_Modal.php on line 7.
 1 APPPATH\Views\Modal\Requirement_Modal.php(7): CodeIgniter\Debug\Exceptions->errorHandler(2, 'Undefined array key "topic_standart"', 'C:\\xampp8\\htdocs\\e-iso-optimize\\app\\Views\\Modal\\Requirement_Modal.php', 7)
 2 SYSTEMPATH\View\View.php(224): include('C:\\xampp8\\htdocs\\e-iso-optimize\\app\\Views\\Modal\\Requirement_Modal.php')
 3 SYSTEMPATH\View\View.php(227): CodeIgniter\View\View->CodeIgniter\View\{closure}()
 4 SYSTEMPATH\View\View.php(452): CodeIgniter\View\View->render('Modal/Requirement_Modal', null, true)
 5 APPPATH\Views\Context\context_analysis.php(297): CodeIgniter\View\View->include('Modal/Requirement_Modal')
 6 SYSTEMPATH\View\View.php(224): include('C:\\xampp8\\htdocs\\e-iso-optimize\\app\\Views\\Context\\context_analysis.php')
 7 SYSTEMPATH\View\View.php(227): CodeIgniter\View\View->CodeIgniter\View\{closure}()
 8 SYSTEMPATH\Common.php(1180): CodeIgniter\View\View->render('Context/context_analysis', [], true)
 9 APPPATH\Controllers\AllversionController.php(167): view('Context/context_analysis', [...])
10 SYSTEMPATH\CodeIgniter.php(932): App\Controllers\AllversionController->context_analysis_version('141', '1')
11 SYSTEMPATH\CodeIgniter.php(497): CodeIgniter\CodeIgniter->runController(Object(App\Controllers\AllversionController))
12 SYSTEMPATH\CodeIgniter.php(366): CodeIgniter\CodeIgniter->handleRequest(null, Object(Config\Cache), false)
13 FCPATH\index.php(67): CodeIgniter\CodeIgniter->run()
CRITICAL - 2023-10-16 06:30:25 --> Undefined array key "topic_standart"
in APPPATH\Views\Modal\Requirement_Modal.php on line 7.
 1 APPPATH\Views\Modal\Requirement_Modal.php(7): CodeIgniter\Debug\Exceptions->errorHandler(2, 'Undefined array key "topic_standart"', 'C:\\xampp8\\htdocs\\e-iso-optimize\\app\\Views\\Modal\\Requirement_Modal.php', 7)
 2 SYSTEMPATH\View\View.php(224): include('C:\\xampp8\\htdocs\\e-iso-optimize\\app\\Views\\Modal\\Requirement_Modal.php')
 3 SYSTEMPATH\View\View.php(227): CodeIgniter\View\View->CodeIgniter\View\{closure}()
 4 SYSTEMPATH\View\View.php(452): CodeIgniter\View\View->render('Modal/Requirement_Modal', null, true)
 5 APPPATH\Views\Context\isms_scope.php(390): CodeIgniter\View\View->include('Modal/Requirement_Modal')
 6 SYSTEMPATH\View\View.php(224): include('C:\\xampp8\\htdocs\\e-iso-optimize\\app\\Views\\Context\\isms_scope.php')
 7 SYSTEMPATH\View\View.php(227): CodeIgniter\View\View->CodeIgniter\View\{closure}()
 8 SYSTEMPATH\Common.php(1180): CodeIgniter\View\View->render('Context/isms_scope', [], true)
 9 APPPATH\Controllers\ISMS_ScopeController.php(32): view('Context/isms_scope', [...])
10 SYSTEMPATH\CodeIgniter.php(932): App\Controllers\ISMS_ScopeController->isms_scope_index('154', '9')
11 SYSTEMPATH\CodeIgniter.php(497): CodeIgniter\CodeIgniter->runController(Object(App\Controllers\ISMS_ScopeController))
12 SYSTEMPATH\CodeIgniter.php(366): CodeIgniter\CodeIgniter->handleRequest(null, Object(Config\Cache), false)
13 FCPATH\index.php(67): CodeIgniter\CodeIgniter->run()
CRITICAL - 2023-10-16 06:30:35 --> Undefined array key "topic_standart"
in APPPATH\Views\Modal\Requirement_Modal.php on line 7.
 1 APPPATH\Views\Modal\Requirement_Modal.php(7): CodeIgniter\Debug\Exceptions->errorHandler(2, 'Undefined array key "topic_standart"', 'C:\\xampp8\\htdocs\\e-iso-optimize\\app\\Views\\Modal\\Requirement_Modal.php', 7)
 2 SYSTEMPATH\View\View.php(224): include('C:\\xampp8\\htdocs\\e-iso-optimize\\app\\Views\\Modal\\Requirement_Modal.php')
 3 SYSTEMPATH\View\View.php(227): CodeIgniter\View\View->CodeIgniter\View\{closure}()
 4 SYSTEMPATH\View\View.php(452): CodeIgniter\View\View->render('Modal/Requirement_Modal', null, true)
 5 APPPATH\Views\Context\isms_process.php(146): CodeIgniter\View\View->include('Modal/Requirement_Modal')
 6 SYSTEMPATH\View\View.php(224): include('C:\\xampp8\\htdocs\\e-iso-optimize\\app\\Views\\Context\\isms_process.php')
 7 SYSTEMPATH\View\View.php(227): CodeIgniter\View\View->CodeIgniter\View\{closure}()
 8 SYSTEMPATH\Common.php(1180): CodeIgniter\View\View->render('Context/isms_process', [], true)
 9 APPPATH\Controllers\ISMS_ProcessController.php(32): view('Context/isms_process', [...])
10 SYSTEMPATH\CodeIgniter.php(932): App\Controllers\ISMS_ProcessController->isms_process_index('120', '1')
11 SYSTEMPATH\CodeIgniter.php(497): CodeIgniter\CodeIgniter->runController(Object(App\Controllers\ISMS_ProcessController))
12 SYSTEMPATH\CodeIgniter.php(366): CodeIgniter\CodeIgniter->handleRequest(null, Object(Config\Cache), false)
13 FCPATH\index.php(67): CodeIgniter\CodeIgniter->run()
CRITICAL - 2023-10-16 06:30:43 --> Undefined array key "topic_standart"
in APPPATH\Views\Modal\Requirement_Modal.php on line 7.
 1 APPPATH\Views\Modal\Requirement_Modal.php(7): CodeIgniter\Debug\Exceptions->errorHandler(2, 'Undefined array key "topic_standart"', 'C:\\xampp8\\htdocs\\e-iso-optimize\\app\\Views\\Modal\\Requirement_Modal.php', 7)
 2 SYSTEMPATH\View\View.php(224): include('C:\\xampp8\\htdocs\\e-iso-optimize\\app\\Views\\Modal\\Requirement_Modal.php')
 3 SYSTEMPATH\View\View.php(227): CodeIgniter\View\View->CodeIgniter\View\{closure}()
 4 SYSTEMPATH\View\View.php(452): CodeIgniter\View\View->render('Modal/Requirement_Modal', null, true)
 5 APPPATH\Views\Leadership\Commitment.php(366): CodeIgniter\View\View->include('Modal/Requirement_Modal')
 6 SYSTEMPATH\View\View.php(224): include('C:\\xampp8\\htdocs\\e-iso-optimize\\app\\Views\\Leadership\\Commitment.php')
 7 SYSTEMPATH\View\View.php(227): CodeIgniter\View\View->CodeIgniter\View\{closure}()
 8 SYSTEMPATH\Common.php(1180): CodeIgniter\View\View->render('Leadership/Commitment', [], true)
 9 APPPATH\Controllers\Leadership_CommitmentController.php(70): view('Leadership/Commitment', [...])
10 SYSTEMPATH\CodeIgniter.php(932): App\Controllers\Leadership_CommitmentController->is_objective_index('159', '1')
11 SYSTEMPATH\CodeIgniter.php(497): CodeIgniter\CodeIgniter->runController(Object(App\Controllers\Leadership_CommitmentController))
12 SYSTEMPATH\CodeIgniter.php(366): CodeIgniter\CodeIgniter->handleRequest(null, Object(Config\Cache), false)
13 FCPATH\index.php(67): CodeIgniter\CodeIgniter->run()
CRITICAL - 2023-10-16 06:30:53 --> Undefined array key "topic_standart"
in APPPATH\Views\Modal\Requirement_Modal.php on line 7.
 1 APPPATH\Views\Modal\Requirement_Modal.php(7): CodeIgniter\Debug\Exceptions->errorHandler(2, 'Undefined array key "topic_standart"', 'C:\\xampp8\\htdocs\\e-iso-optimize\\app\\Views\\Modal\\Requirement_Modal.php', 7)
 2 SYSTEMPATH\View\View.php(224): include('C:\\xampp8\\htdocs\\e-iso-optimize\\app\\Views\\Modal\\Requirement_Modal.php')
 3 SYSTEMPATH\View\View.php(227): CodeIgniter\View\View->CodeIgniter\View\{closure}()
 4 SYSTEMPATH\View\View.php(452): CodeIgniter\View\View->render('Modal/Requirement_Modal', null, true)
 5 APPPATH\Views\Leadership\is_policy.php(146): CodeIgniter\View\View->include('Modal/Requirement_Modal')
 6 SYSTEMPATH\View\View.php(224): include('C:\\xampp8\\htdocs\\e-iso-optimize\\app\\Views\\Leadership\\is_policy.php')
 7 SYSTEMPATH\View\View.php(227): CodeIgniter\View\View->CodeIgniter\View\{closure}()
 8 SYSTEMPATH\Common.php(1180): CodeIgniter\View\View->render('Leadership/is_policy', [], true)
 9 APPPATH\Controllers\Leadership_PolicyController.php(30): view('Leadership/is_policy', [...])
10 SYSTEMPATH\CodeIgniter.php(932): App\Controllers\Leadership_PolicyController->is_policy_index('157', '1')
11 SYSTEMPATH\CodeIgniter.php(497): CodeIgniter\CodeIgniter->runController(Object(App\Controllers\Leadership_PolicyController))
12 SYSTEMPATH\CodeIgniter.php(366): CodeIgniter\CodeIgniter->handleRequest(null, Object(Config\Cache), false)
13 FCPATH\index.php(67): CodeIgniter\CodeIgniter->run()
CRITICAL - 2023-10-16 06:30:57 --> Undefined array key "topic_standart"
in APPPATH\Views\Modal\Requirement_Modal.php on line 7.
 1 APPPATH\Views\Modal\Requirement_Modal.php(7): CodeIgniter\Debug\Exceptions->errorHandler(2, 'Undefined array key "topic_standart"', 'C:\\xampp8\\htdocs\\e-iso-optimize\\app\\Views\\Modal\\Requirement_Modal.php', 7)
 2 SYSTEMPATH\View\View.php(224): include('C:\\xampp8\\htdocs\\e-iso-optimize\\app\\Views\\Modal\\Requirement_Modal.php')
 3 SYSTEMPATH\View\View.php(227): CodeIgniter\View\View->CodeIgniter\View\{closure}()
 4 SYSTEMPATH\View\View.php(452): CodeIgniter\View\View->render('Modal/Requirement_Modal', null, true)
 5 APPPATH\Views\Leadership\is_policy.php(146): CodeIgniter\View\View->include('Modal/Requirement_Modal')
 6 SYSTEMPATH\View\View.php(224): include('C:\\xampp8\\htdocs\\e-iso-optimize\\app\\Views\\Leadership\\is_policy.php')
 7 SYSTEMPATH\View\View.php(227): CodeIgniter\View\View->CodeIgniter\View\{closure}()
 8 SYSTEMPATH\Common.php(1180): CodeIgniter\View\View->render('Leadership/is_policy', [], true)
 9 APPPATH\Controllers\Leadership_PolicyController.php(30): view('Leadership/is_policy', [...])
10 SYSTEMPATH\CodeIgniter.php(932): App\Controllers\Leadership_PolicyController->is_policy_index('157', '1')
11 SYSTEMPATH\CodeIgniter.php(497): CodeIgniter\CodeIgniter->runController(Object(App\Controllers\Leadership_PolicyController))
12 SYSTEMPATH\CodeIgniter.php(366): CodeIgniter\CodeIgniter->handleRequest(null, Object(Config\Cache), false)
13 FCPATH\index.php(67): CodeIgniter\CodeIgniter->run()
CRITICAL - 2023-10-16 06:31:01 --> Undefined array key "topic_standart"
in APPPATH\Views\Modal\Requirement_Modal.php on line 7.
 1 APPPATH\Views\Modal\Requirement_Modal.php(7): CodeIgniter\Debug\Exceptions->errorHandler(2, 'Undefined array key "topic_standart"', 'C:\\xampp8\\htdocs\\e-iso-optimize\\app\\Views\\Modal\\Requirement_Modal.php', 7)
 2 SYSTEMPATH\View\View.php(224): include('C:\\xampp8\\htdocs\\e-iso-optimize\\app\\Views\\Modal\\Requirement_Modal.php')
 3 SYSTEMPATH\View\View.php(227): CodeIgniter\View\View->CodeIgniter\View\{closure}()
 4 SYSTEMPATH\View\View.php(452): CodeIgniter\View\View->render('Modal/Requirement_Modal', null, true)
 5 APPPATH\Views\Leadership\ISMS_Roles_Responsibi.php(161): CodeIgniter\View\View->include('Modal/Requirement_Modal')
 6 SYSTEMPATH\View\View.php(224): include('C:\\xampp8\\htdocs\\e-iso-optimize\\app\\Views\\Leadership\\ISMS_Roles_Responsibi.php')
 7 SYSTEMPATH\View\View.php(227): CodeIgniter\View\View->CodeIgniter\View\{closure}()
 8 SYSTEMPATH\Common.php(1180): CodeIgniter\View\View->render('Leadership/ISMS_Roles_Responsibi', [], true)
 9 APPPATH\Controllers\Leadership_ISMSController.php(20): view('Leadership/ISMS_Roles_Responsibi', [...])
10 SYSTEMPATH\CodeIgniter.php(932): App\Controllers\Leadership_ISMSController->index('158')
11 SYSTEMPATH\CodeIgniter.php(497): CodeIgniter\CodeIgniter->runController(Object(App\Controllers\Leadership_ISMSController))
12 SYSTEMPATH\CodeIgniter.php(366): CodeIgniter\CodeIgniter->handleRequest(null, Object(Config\Cache), false)
13 FCPATH\index.php(67): CodeIgniter\CodeIgniter->run()
CRITICAL - 2023-10-16 06:31:07 --> Undefined array key "topic_standart"
in APPPATH\Views\Modal\Requirement_Modal.php on line 7.
 1 APPPATH\Views\Modal\Requirement_Modal.php(7): CodeIgniter\Debug\Exceptions->errorHandler(2, 'Undefined array key "topic_standart"', 'C:\\xampp8\\htdocs\\e-iso-optimize\\app\\Views\\Modal\\Requirement_Modal.php', 7)
 2 SYSTEMPATH\View\View.php(224): include('C:\\xampp8\\htdocs\\e-iso-optimize\\app\\Views\\Modal\\Requirement_Modal.php')
 3 SYSTEMPATH\View\View.php(227): CodeIgniter\View\View->CodeIgniter\View\{closure}()
 4 SYSTEMPATH\View\View.php(452): CodeIgniter\View\View->render('Modal/Requirement_Modal', null, true)
 5 APPPATH\Views\Leadership\ISMS_Roles_Responsibi.php(161): CodeIgniter\View\View->include('Modal/Requirement_Modal')
 6 SYSTEMPATH\View\View.php(224): include('C:\\xampp8\\htdocs\\e-iso-optimize\\app\\Views\\Leadership\\ISMS_Roles_Responsibi.php')
 7 SYSTEMPATH\View\View.php(227): CodeIgniter\View\View->CodeIgniter\View\{closure}()
 8 SYSTEMPATH\Common.php(1180): CodeIgniter\View\View->render('Leadership/ISMS_Roles_Responsibi', [], true)
 9 APPPATH\Controllers\Leadership_ISMSController.php(20): view('Leadership/ISMS_Roles_Responsibi', [...])
10 SYSTEMPATH\CodeIgniter.php(932): App\Controllers\Leadership_ISMSController->index('158')
11 SYSTEMPATH\CodeIgniter.php(497): CodeIgniter\CodeIgniter->runController(Object(App\Controllers\Leadership_ISMSController))
12 SYSTEMPATH\CodeIgniter.php(366): CodeIgniter\CodeIgniter->handleRequest(null, Object(Config\Cache), false)
13 FCPATH\index.php(67): CodeIgniter\CodeIgniter->run()
CRITICAL - 2023-10-16 06:31:15 --> Undefined array key "topic_standart"
in APPPATH\Views\Modal\Requirement_Modal.php on line 7.
 1 APPPATH\Views\Modal\Requirement_Modal.php(7): CodeIgniter\Debug\Exceptions->errorHandler(2, 'Undefined array key "topic_standart"', 'C:\\xampp8\\htdocs\\e-iso-optimize\\app\\Views\\Modal\\Requirement_Modal.php', 7)
 2 SYSTEMPATH\View\View.php(224): include('C:\\xampp8\\htdocs\\e-iso-optimize\\app\\Views\\Modal\\Requirement_Modal.php')
 3 SYSTEMPATH\View\View.php(227): CodeIgniter\View\View->CodeIgniter\View\{closure}()
 4 SYSTEMPATH\View\View.php(452): CodeIgniter\View\View->render('Modal/Requirement_Modal', null, true)
 5 APPPATH\Views\Leadership\is_policy.php(146): CodeIgniter\View\View->include('Modal/Requirement_Modal')
 6 SYSTEMPATH\View\View.php(224): include('C:\\xampp8\\htdocs\\e-iso-optimize\\app\\Views\\Leadership\\is_policy.php')
 7 SYSTEMPATH\View\View.php(227): CodeIgniter\View\View->CodeIgniter\View\{closure}()
 8 SYSTEMPATH\Common.php(1180): CodeIgniter\View\View->render('Leadership/is_policy', [], true)
 9 APPPATH\Controllers\Leadership_PolicyController.php(30): view('Leadership/is_policy', [...])
10 SYSTEMPATH\CodeIgniter.php(932): App\Controllers\Leadership_PolicyController->is_policy_index('157', '1')
11 SYSTEMPATH\CodeIgniter.php(497): CodeIgniter\CodeIgniter->runController(Object(App\Controllers\Leadership_PolicyController))
12 SYSTEMPATH\CodeIgniter.php(366): CodeIgniter\CodeIgniter->handleRequest(null, Object(Config\Cache), false)
13 FCPATH\index.php(67): CodeIgniter\CodeIgniter->run()
CRITICAL - 2023-10-16 06:31:30 --> Undefined array key "topic_standart"
in APPPATH\Views\Modal\Requirement_Modal.php on line 7.
 1 APPPATH\Views\Modal\Requirement_Modal.php(7): CodeIgniter\Debug\Exceptions->errorHandler(2, 'Undefined array key "topic_standart"', 'C:\\xampp8\\htdocs\\e-iso-optimize\\app\\Views\\Modal\\Requirement_Modal.php', 7)
 2 SYSTEMPATH\View\View.php(224): include('C:\\xampp8\\htdocs\\e-iso-optimize\\app\\Views\\Modal\\Requirement_Modal.php')
 3 SYSTEMPATH\View\View.php(227): CodeIgniter\View\View->CodeIgniter\View\{closure}()
 4 SYSTEMPATH\View\View.php(452): CodeIgniter\View\View->render('Modal/Requirement_Modal', null, true)
 5 APPPATH\Views\Leadership\Commitment.php(366): CodeIgniter\View\View->include('Modal/Requirement_Modal')
 6 SYSTEMPATH\View\View.php(224): include('C:\\xampp8\\htdocs\\e-iso-optimize\\app\\Views\\Leadership\\Commitment.php')
 7 SYSTEMPATH\View\View.php(227): CodeIgniter\View\View->CodeIgniter\View\{closure}()
 8 SYSTEMPATH\Common.php(1180): CodeIgniter\View\View->render('Leadership/Commitment', [], true)
 9 APPPATH\Controllers\Leadership_CommitmentController.php(70): view('Leadership/Commitment', [...])
10 SYSTEMPATH\CodeIgniter.php(932): App\Controllers\Leadership_CommitmentController->is_objective_index('159', '1')
11 SYSTEMPATH\CodeIgniter.php(497): CodeIgniter\CodeIgniter->runController(Object(App\Controllers\Leadership_CommitmentController))
12 SYSTEMPATH\CodeIgniter.php(366): CodeIgniter\CodeIgniter->handleRequest(null, Object(Config\Cache), false)
13 FCPATH\index.php(67): CodeIgniter\CodeIgniter->run()
CRITICAL - 2023-10-16 06:31:39 --> Undefined array key "topic_standart"
in APPPATH\Views\Modal\Requirement_Modal.php on line 7.
 1 APPPATH\Views\Modal\Requirement_Modal.php(7): CodeIgniter\Debug\Exceptions->errorHandler(2, 'Undefined array key "topic_standart"', 'C:\\xampp8\\htdocs\\e-iso-optimize\\app\\Views\\Modal\\Requirement_Modal.php', 7)
 2 SYSTEMPATH\View\View.php(224): include('C:\\xampp8\\htdocs\\e-iso-optimize\\app\\Views\\Modal\\Requirement_Modal.php')
 3 SYSTEMPATH\View\View.php(227): CodeIgniter\View\View->CodeIgniter\View\{closure}()
 4 SYSTEMPATH\View\View.php(452): CodeIgniter\View\View->render('Modal/Requirement_Modal', null, true)
 5 APPPATH\Views\Leadership\is_policy.php(146): CodeIgniter\View\View->include('Modal/Requirement_Modal')
 6 SYSTEMPATH\View\View.php(224): include('C:\\xampp8\\htdocs\\e-iso-optimize\\app\\Views\\Leadership\\is_policy.php')
 7 SYSTEMPATH\View\View.php(227): CodeIgniter\View\View->CodeIgniter\View\{closure}()
 8 SYSTEMPATH\Common.php(1180): CodeIgniter\View\View->render('Leadership/is_policy', [], true)
 9 APPPATH\Controllers\Leadership_PolicyController.php(30): view('Leadership/is_policy', [...])
10 SYSTEMPATH\CodeIgniter.php(932): App\Controllers\Leadership_PolicyController->is_policy_index('157', '1')
11 SYSTEMPATH\CodeIgniter.php(497): CodeIgniter\CodeIgniter->runController(Object(App\Controllers\Leadership_PolicyController))
12 SYSTEMPATH\CodeIgniter.php(366): CodeIgniter\CodeIgniter->handleRequest(null, Object(Config\Cache), false)
13 FCPATH\index.php(67): CodeIgniter\CodeIgniter->run()
CRITICAL - 2023-10-16 06:31:47 --> Undefined array key "topic_standart"
in APPPATH\Views\Modal\Requirement_Modal.php on line 7.
 1 APPPATH\Views\Modal\Requirement_Modal.php(7): CodeIgniter\Debug\Exceptions->errorHandler(2, 'Undefined array key "topic_standart"', 'C:\\xampp8\\htdocs\\e-iso-optimize\\app\\Views\\Modal\\Requirement_Modal.php', 7)
 2 SYSTEMPATH\View\View.php(224): include('C:\\xampp8\\htdocs\\e-iso-optimize\\app\\Views\\Modal\\Requirement_Modal.php')
 3 SYSTEMPATH\View\View.php(227): CodeIgniter\View\View->CodeIgniter\View\{closure}()
 4 SYSTEMPATH\View\View.php(452): CodeIgniter\View\View->render('Modal/Requirement_Modal', null, true)
 5 APPPATH\Views\Leadership\Commitment.php(366): CodeIgniter\View\View->include('Modal/Requirement_Modal')
 6 SYSTEMPATH\View\View.php(224): include('C:\\xampp8\\htdocs\\e-iso-optimize\\app\\Views\\Leadership\\Commitment.php')
 7 SYSTEMPATH\View\View.php(227): CodeIgniter\View\View->CodeIgniter\View\{closure}()
 8 SYSTEMPATH\Common.php(1180): CodeIgniter\View\View->render('Leadership/Commitment', [], true)
 9 APPPATH\Controllers\Leadership_CommitmentController.php(70): view('Leadership/Commitment', [...])
10 SYSTEMPATH\CodeIgniter.php(932): App\Controllers\Leadership_CommitmentController->is_objective_index('159', '1')
11 SYSTEMPATH\CodeIgniter.php(497): CodeIgniter\CodeIgniter->runController(Object(App\Controllers\Leadership_CommitmentController))
12 SYSTEMPATH\CodeIgniter.php(366): CodeIgniter\CodeIgniter->handleRequest(null, Object(Config\Cache), false)
13 FCPATH\index.php(67): CodeIgniter\CodeIgniter->run()
CRITICAL - 2023-10-16 06:31:50 --> Undefined array key "topic_standart"
in APPPATH\Views\Modal\Requirement_Modal.php on line 7.
 1 APPPATH\Views\Modal\Requirement_Modal.php(7): CodeIgniter\Debug\Exceptions->errorHandler(2, 'Undefined array key "topic_standart"', 'C:\\xampp8\\htdocs\\e-iso-optimize\\app\\Views\\Modal\\Requirement_Modal.php', 7)
 2 SYSTEMPATH\View\View.php(224): include('C:\\xampp8\\htdocs\\e-iso-optimize\\app\\Views\\Modal\\Requirement_Modal.php')
 3 SYSTEMPATH\View\View.php(227): CodeIgniter\View\View->CodeIgniter\View\{closure}()
 4 SYSTEMPATH\View\View.php(452): CodeIgniter\View\View->render('Modal/Requirement_Modal', null, true)
 5 APPPATH\Views\Leadership\ISMS_Roles_Responsibi.php(161): CodeIgniter\View\View->include('Modal/Requirement_Modal')
 6 SYSTEMPATH\View\View.php(224): include('C:\\xampp8\\htdocs\\e-iso-optimize\\app\\Views\\Leadership\\ISMS_Roles_Responsibi.php')
 7 SYSTEMPATH\View\View.php(227): CodeIgniter\View\View->CodeIgniter\View\{closure}()
 8 SYSTEMPATH\Common.php(1180): CodeIgniter\View\View->render('Leadership/ISMS_Roles_Responsibi', [], true)
 9 APPPATH\Controllers\Leadership_ISMSController.php(20): view('Leadership/ISMS_Roles_Responsibi', [...])
10 SYSTEMPATH\CodeIgniter.php(932): App\Controllers\Leadership_ISMSController->index('158')
11 SYSTEMPATH\CodeIgniter.php(497): CodeIgniter\CodeIgniter->runController(Object(App\Controllers\Leadership_ISMSController))
12 SYSTEMPATH\CodeIgniter.php(366): CodeIgniter\CodeIgniter->handleRequest(null, Object(Config\Cache), false)
13 FCPATH\index.php(67): CodeIgniter\CodeIgniter->run()
CRITICAL - 2023-10-16 06:33:28 --> Undefined array key "topic_standart"
in APPPATH\Views\Modal\Requirement_Modal.php on line 7.
 1 APPPATH\Views\Modal\Requirement_Modal.php(7): CodeIgniter\Debug\Exceptions->errorHandler(2, 'Undefined array key "topic_standart"', 'C:\\xampp8\\htdocs\\e-iso-optimize\\app\\Views\\Modal\\Requirement_Modal.php', 7)
 2 SYSTEMPATH\View\View.php(224): include('C:\\xampp8\\htdocs\\e-iso-optimize\\app\\Views\\Modal\\Requirement_Modal.php')
 3 SYSTEMPATH\View\View.php(227): CodeIgniter\View\View->CodeIgniter\View\{closure}()
 4 SYSTEMPATH\View\View.php(452): CodeIgniter\View\View->render('Modal/Requirement_Modal', null, true)
 5 APPPATH\Views\Leadership\ISMS_Roles_Responsibi.php(161): CodeIgniter\View\View->include('Modal/Requirement_Modal')
 6 SYSTEMPATH\View\View.php(224): include('C:\\xampp8\\htdocs\\e-iso-optimize\\app\\Views\\Leadership\\ISMS_Roles_Responsibi.php')
 7 SYSTEMPATH\View\View.php(227): CodeIgniter\View\View->CodeIgniter\View\{closure}()
 8 SYSTEMPATH\Common.php(1180): CodeIgniter\View\View->render('Leadership/ISMS_Roles_Responsibi', [], true)
 9 APPPATH\Controllers\Leadership_ISMSController.php(20): view('Leadership/ISMS_Roles_Responsibi', [...])
10 SYSTEMPATH\CodeIgniter.php(932): App\Controllers\Leadership_ISMSController->index('158')
11 SYSTEMPATH\CodeIgniter.php(497): CodeIgniter\CodeIgniter->runController(Object(App\Controllers\Leadership_ISMSController))
12 SYSTEMPATH\CodeIgniter.php(366): CodeIgniter\CodeIgniter->handleRequest(null, Object(Config\Cache), false)
13 FCPATH\index.php(67): CodeIgniter\CodeIgniter->run()
CRITICAL - 2023-10-16 06:33:57 --> Undefined array key "topic_standart"
in APPPATH\Views\Modal\Requirement_Modal.php on line 7.
 1 APPPATH\Views\Modal\Requirement_Modal.php(7): CodeIgniter\Debug\Exceptions->errorHandler(2, 'Undefined array key "topic_standart"', 'C:\\xampp8\\htdocs\\e-iso-optimize\\app\\Views\\Modal\\Requirement_Modal.php', 7)
 2 SYSTEMPATH\View\View.php(224): include('C:\\xampp8\\htdocs\\e-iso-optimize\\app\\Views\\Modal\\Requirement_Modal.php')
 3 SYSTEMPATH\View\View.php(227): CodeIgniter\View\View->CodeIgniter\View\{closure}()
 4 SYSTEMPATH\View\View.php(452): CodeIgniter\View\View->render('Modal/Requirement_Modal', null, true)
 5 APPPATH\Views\Leadership\ISMS_Roles_Responsibi.php(161): CodeIgniter\View\View->include('Modal/Requirement_Modal')
 6 SYSTEMPATH\View\View.php(224): include('C:\\xampp8\\htdocs\\e-iso-optimize\\app\\Views\\Leadership\\ISMS_Roles_Responsibi.php')
 7 SYSTEMPATH\View\View.php(227): CodeIgniter\View\View->CodeIgniter\View\{closure}()
 8 SYSTEMPATH\Common.php(1180): CodeIgniter\View\View->render('Leadership/ISMS_Roles_Responsibi', [], true)
 9 APPPATH\Controllers\Leadership_ISMSController.php(20): view('Leadership/ISMS_Roles_Responsibi', [...])
10 SYSTEMPATH\CodeIgniter.php(932): App\Controllers\Leadership_ISMSController->index('158')
11 SYSTEMPATH\CodeIgniter.php(497): CodeIgniter\CodeIgniter->runController(Object(App\Controllers\Leadership_ISMSController))
12 SYSTEMPATH\CodeIgniter.php(366): CodeIgniter\CodeIgniter->handleRequest(null, Object(Config\Cache), false)
13 FCPATH\index.php(67): CodeIgniter\CodeIgniter->run()
CRITICAL - 2023-10-16 06:33:57 --> Undefined array key "topic_standart"
in APPPATH\Views\Modal\Requirement_Modal.php on line 7.
 1 APPPATH\Views\Modal\Requirement_Modal.php(7): CodeIgniter\Debug\Exceptions->errorHandler(2, 'Undefined array key "topic_standart"', 'C:\\xampp8\\htdocs\\e-iso-optimize\\app\\Views\\Modal\\Requirement_Modal.php', 7)
 2 SYSTEMPATH\View\View.php(224): include('C:\\xampp8\\htdocs\\e-iso-optimize\\app\\Views\\Modal\\Requirement_Modal.php')
 3 SYSTEMPATH\View\View.php(227): CodeIgniter\View\View->CodeIgniter\View\{closure}()
 4 SYSTEMPATH\View\View.php(452): CodeIgniter\View\View->render('Modal/Requirement_Modal', null, true)
 5 APPPATH\Views\Leadership\ISMS_Roles_Responsibi.php(161): CodeIgniter\View\View->include('Modal/Requirement_Modal')
 6 SYSTEMPATH\View\View.php(224): include('C:\\xampp8\\htdocs\\e-iso-optimize\\app\\Views\\Leadership\\ISMS_Roles_Responsibi.php')
 7 SYSTEMPATH\View\View.php(227): CodeIgniter\View\View->CodeIgniter\View\{closure}()
 8 SYSTEMPATH\Common.php(1180): CodeIgniter\View\View->render('Leadership/ISMS_Roles_Responsibi', [], true)
 9 APPPATH\Controllers\Leadership_ISMSController.php(20): view('Leadership/ISMS_Roles_Responsibi', [...])
10 SYSTEMPATH\CodeIgniter.php(932): App\Controllers\Leadership_ISMSController->index('158')
11 SYSTEMPATH\CodeIgniter.php(497): CodeIgniter\CodeIgniter->runController(Object(App\Controllers\Leadership_ISMSController))
12 SYSTEMPATH\CodeIgniter.php(366): CodeIgniter\CodeIgniter->handleRequest(null, Object(Config\Cache), false)
13 FCPATH\index.php(67): CodeIgniter\CodeIgniter->run()
CRITICAL - 2023-10-16 06:34:03 --> Undefined array key "topic_standart"
in APPPATH\Views\Modal\Requirement_Modal.php on line 7.
 1 APPPATH\Views\Modal\Requirement_Modal.php(7): CodeIgniter\Debug\Exceptions->errorHandler(2, 'Undefined array key "topic_standart"', 'C:\\xampp8\\htdocs\\e-iso-optimize\\app\\Views\\Modal\\Requirement_Modal.php', 7)
 2 SYSTEMPATH\View\View.php(224): include('C:\\xampp8\\htdocs\\e-iso-optimize\\app\\Views\\Modal\\Requirement_Modal.php')
 3 SYSTEMPATH\View\View.php(227): CodeIgniter\View\View->CodeIgniter\View\{closure}()
 4 SYSTEMPATH\View\View.php(452): CodeIgniter\View\View->render('Modal/Requirement_Modal', null, true)
 5 APPPATH\Views\Leadership\Commitment.php(366): CodeIgniter\View\View->include('Modal/Requirement_Modal')
 6 SYSTEMPATH\View\View.php(224): include('C:\\xampp8\\htdocs\\e-iso-optimize\\app\\Views\\Leadership\\Commitment.php')
 7 SYSTEMPATH\View\View.php(227): CodeIgniter\View\View->CodeIgniter\View\{closure}()
 8 SYSTEMPATH\Common.php(1180): CodeIgniter\View\View->render('Leadership/Commitment', [], true)
 9 APPPATH\Controllers\Leadership_CommitmentController.php(70): view('Leadership/Commitment', [...])
10 SYSTEMPATH\CodeIgniter.php(932): App\Controllers\Leadership_CommitmentController->is_objective_index('159', '1')
11 SYSTEMPATH\CodeIgniter.php(497): CodeIgniter\CodeIgniter->runController(Object(App\Controllers\Leadership_CommitmentController))
12 SYSTEMPATH\CodeIgniter.php(366): CodeIgniter\CodeIgniter->handleRequest(null, Object(Config\Cache), false)
13 FCPATH\index.php(67): CodeIgniter\CodeIgniter->run()
CRITICAL - 2023-10-16 06:35:28 --> Undefined array key "topic_standart"
in APPPATH\Views\Modal\Requirement_Modal.php on line 7.
 1 APPPATH\Views\Modal\Requirement_Modal.php(7): CodeIgniter\Debug\Exceptions->errorHandler(2, 'Undefined array key "topic_standart"', 'C:\\xampp8\\htdocs\\e-iso-optimize\\app\\Views\\Modal\\Requirement_Modal.php', 7)
 2 SYSTEMPATH\View\View.php(224): include('C:\\xampp8\\htdocs\\e-iso-optimize\\app\\Views\\Modal\\Requirement_Modal.php')
 3 SYSTEMPATH\View\View.php(227): CodeIgniter\View\View->CodeIgniter\View\{closure}()
 4 SYSTEMPATH\View\View.php(452): CodeIgniter\View\View->render('Modal/Requirement_Modal', null, true)
 5 APPPATH\Views\Context\context_analysis.php(297): CodeIgniter\View\View->include('Modal/Requirement_Modal')
 6 SYSTEMPATH\View\View.php(224): include('C:\\xampp8\\htdocs\\e-iso-optimize\\app\\Views\\Context\\context_analysis.php')
 7 SYSTEMPATH\View\View.php(227): CodeIgniter\View\View->CodeIgniter\View\{closure}()
 8 SYSTEMPATH\Common.php(1180): CodeIgniter\View\View->render('Context/context_analysis', [], true)
 9 APPPATH\Controllers\AllversionController.php(167): view('Context/context_analysis', [...])
10 SYSTEMPATH\CodeIgniter.php(932): App\Controllers\AllversionController->context_analysis_version('141', '1')
11 SYSTEMPATH\CodeIgniter.php(497): CodeIgniter\CodeIgniter->runController(Object(App\Controllers\AllversionController))
12 SYSTEMPATH\CodeIgniter.php(366): CodeIgniter\CodeIgniter->handleRequest(null, Object(Config\Cache), false)
13 FCPATH\index.php(67): CodeIgniter\CodeIgniter->run()
CRITICAL - 2023-10-16 06:35:34 --> Undefined array key "topic_standart"
in APPPATH\Views\Modal\Requirement_Modal.php on line 7.
 1 APPPATH\Views\Modal\Requirement_Modal.php(7): CodeIgniter\Debug\Exceptions->errorHandler(2, 'Undefined array key "topic_standart"', 'C:\\xampp8\\htdocs\\e-iso-optimize\\app\\Views\\Modal\\Requirement_Modal.php', 7)
 2 SYSTEMPATH\View\View.php(224): include('C:\\xampp8\\htdocs\\e-iso-optimize\\app\\Views\\Modal\\Requirement_Modal.php')
 3 SYSTEMPATH\View\View.php(227): CodeIgniter\View\View->CodeIgniter\View\{closure}()
 4 SYSTEMPATH\View\View.php(452): CodeIgniter\View\View->render('Modal/Requirement_Modal', null, true)
 5 APPPATH\Views\Context\context_analysis.php(297): CodeIgniter\View\View->include('Modal/Requirement_Modal')
 6 SYSTEMPATH\View\View.php(224): include('C:\\xampp8\\htdocs\\e-iso-optimize\\app\\Views\\Context\\context_analysis.php')
 7 SYSTEMPATH\View\View.php(227): CodeIgniter\View\View->CodeIgniter\View\{closure}()
 8 SYSTEMPATH\Common.php(1180): CodeIgniter\View\View->render('Context/context_analysis', [], true)
 9 APPPATH\Controllers\AllversionController.php(167): view('Context/context_analysis', [...])
10 SYSTEMPATH\CodeIgniter.php(932): App\Controllers\AllversionController->context_analysis_version('141', '1')
11 SYSTEMPATH\CodeIgniter.php(497): CodeIgniter\CodeIgniter->runController(Object(App\Controllers\AllversionController))
12 SYSTEMPATH\CodeIgniter.php(366): CodeIgniter\CodeIgniter->handleRequest(null, Object(Config\Cache), false)
13 FCPATH\index.php(67): CodeIgniter\CodeIgniter->run()
CRITICAL - 2023-10-16 06:36:47 --> Undefined array key "topic_standart"
in APPPATH\Views\Modal\Requirement_Modal.php on line 7.
 1 APPPATH\Views\Modal\Requirement_Modal.php(7): CodeIgniter\Debug\Exceptions->errorHandler(2, 'Undefined array key "topic_standart"', 'C:\\xampp8\\htdocs\\e-iso-optimize\\app\\Views\\Modal\\Requirement_Modal.php', 7)
 2 SYSTEMPATH\View\View.php(224): include('C:\\xampp8\\htdocs\\e-iso-optimize\\app\\Views\\Modal\\Requirement_Modal.php')
 3 SYSTEMPATH\View\View.php(227): CodeIgniter\View\View->CodeIgniter\View\{closure}()
 4 SYSTEMPATH\View\View.php(452): CodeIgniter\View\View->render('Modal/Requirement_Modal', null, true)
 5 APPPATH\Views\Context\isms_scope.php(390): CodeIgniter\View\View->include('Modal/Requirement_Modal')
 6 SYSTEMPATH\View\View.php(224): include('C:\\xampp8\\htdocs\\e-iso-optimize\\app\\Views\\Context\\isms_scope.php')
 7 SYSTEMPATH\View\View.php(227): CodeIgniter\View\View->CodeIgniter\View\{closure}()
 8 SYSTEMPATH\Common.php(1180): CodeIgniter\View\View->render('Context/isms_scope', [], true)
 9 APPPATH\Controllers\ISMS_ScopeController.php(32): view('Context/isms_scope', [...])
10 SYSTEMPATH\CodeIgniter.php(932): App\Controllers\ISMS_ScopeController->isms_scope_index('154', '9')
11 SYSTEMPATH\CodeIgniter.php(497): CodeIgniter\CodeIgniter->runController(Object(App\Controllers\ISMS_ScopeController))
12 SYSTEMPATH\CodeIgniter.php(366): CodeIgniter\CodeIgniter->handleRequest(null, Object(Config\Cache), false)
13 FCPATH\index.php(67): CodeIgniter\CodeIgniter->run()
CRITICAL - 2023-10-16 06:36:52 --> Undefined array key "topic_standart"
in APPPATH\Views\Modal\Requirement_Modal.php on line 7.
 1 APPPATH\Views\Modal\Requirement_Modal.php(7): CodeIgniter\Debug\Exceptions->errorHandler(2, 'Undefined array key "topic_standart"', 'C:\\xampp8\\htdocs\\e-iso-optimize\\app\\Views\\Modal\\Requirement_Modal.php', 7)
 2 SYSTEMPATH\View\View.php(224): include('C:\\xampp8\\htdocs\\e-iso-optimize\\app\\Views\\Modal\\Requirement_Modal.php')
 3 SYSTEMPATH\View\View.php(227): CodeIgniter\View\View->CodeIgniter\View\{closure}()
 4 SYSTEMPATH\View\View.php(452): CodeIgniter\View\View->render('Modal/Requirement_Modal', null, true)
 5 APPPATH\Views\Context\isms_scope.php(390): CodeIgniter\View\View->include('Modal/Requirement_Modal')
 6 SYSTEMPATH\View\View.php(224): include('C:\\xampp8\\htdocs\\e-iso-optimize\\app\\Views\\Context\\isms_scope.php')
 7 SYSTEMPATH\View\View.php(227): CodeIgniter\View\View->CodeIgniter\View\{closure}()
 8 SYSTEMPATH\Common.php(1180): CodeIgniter\View\View->render('Context/isms_scope', [], true)
 9 APPPATH\Controllers\ISMS_ScopeController.php(32): view('Context/isms_scope', [...])
10 SYSTEMPATH\CodeIgniter.php(932): App\Controllers\ISMS_ScopeController->isms_scope_index('154', '9')
11 SYSTEMPATH\CodeIgniter.php(497): CodeIgniter\CodeIgniter->runController(Object(App\Controllers\ISMS_ScopeController))
12 SYSTEMPATH\CodeIgniter.php(366): CodeIgniter\CodeIgniter->handleRequest(null, Object(Config\Cache), false)
13 FCPATH\index.php(67): CodeIgniter\CodeIgniter->run()
CRITICAL - 2023-10-16 06:38:12 --> Undefined variable $RequirementModels
in APPPATH\Controllers\Leadership_PolicyController.php on line 20.
 1 APPPATH\Controllers\Leadership_PolicyController.php(20): CodeIgniter\Debug\Exceptions->errorHandler(2, 'Undefined variable $RequirementModels', 'C:\\xampp8\\htdocs\\e-iso-optimize\\app\\Controllers\\Leadership_PolicyController.php', 20)
 2 SYSTEMPATH\CodeIgniter.php(932): App\Controllers\Leadership_PolicyController->is_policy_index('157', '1')
 3 SYSTEMPATH\CodeIgniter.php(497): CodeIgniter\CodeIgniter->runController(Object(App\Controllers\Leadership_PolicyController))
 4 SYSTEMPATH\CodeIgniter.php(366): CodeIgniter\CodeIgniter->handleRequest(null, Object(Config\Cache), false)
 5 FCPATH\index.php(67): CodeIgniter\CodeIgniter->run()
CRITICAL - 2023-10-16 06:59:48 --> Undefined array key "topic_standart"
in APPPATH\Views\Modal\Requirement_Modal.php on line 7.
 1 APPPATH\Views\Modal\Requirement_Modal.php(7): CodeIgniter\Debug\Exceptions->errorHandler(2, 'Undefined array key "topic_standart"', 'C:\\xampp8\\htdocs\\iso-optimize\\app\\Views\\Modal\\Requirement_Modal.php', 7)
 2 SYSTEMPATH\View\View.php(224): include('C:\\xampp8\\htdocs\\iso-optimize\\app\\Views\\Modal\\Requirement_Modal.php')
 3 SYSTEMPATH\View\View.php(227): CodeIgniter\View\View->CodeIgniter\View\{closure}()
 4 SYSTEMPATH\View\View.php(452): CodeIgniter\View\View->render('Modal/Requirement_Modal', null, true)
 5 APPPATH\Views\Context\context_allversion.php(113): CodeIgniter\View\View->include('Modal/Requirement_Modal')
 6 SYSTEMPATH\View\View.php(224): include('C:\\xampp8\\htdocs\\iso-optimize\\app\\Views\\Context\\context_allversion.php')
 7 SYSTEMPATH\View\View.php(227): CodeIgniter\View\View->CodeIgniter\View\{closure}()
 8 SYSTEMPATH\Common.php(1180): CodeIgniter\View\View->render('Context/context_allversion', [], true)
 9 APPPATH\Controllers\AllversionController.php(83): view('Context/context_allversion', [...])
10 SYSTEMPATH\CodeIgniter.php(932): App\Controllers\AllversionController->context_index('1')
11 SYSTEMPATH\CodeIgniter.php(497): CodeIgniter\CodeIgniter->runController(Object(App\Controllers\AllversionController))
12 SYSTEMPATH\CodeIgniter.php(366): CodeIgniter\CodeIgniter->handleRequest(null, Object(Config\Cache), false)
13 FCPATH\index.php(67): CodeIgniter\CodeIgniter->run()
