CRITICAL - 2023-07-10 03:01:38 --> Undefined array key "id_external_issues"
in APPPATH\Views\Context\context-ana\context_version.php on line 671.
 1 APPPATH\Views\Context\context-ana\context_version.php(671): CodeIgniter\Debug\Exceptions->errorHandler(2, 'Undefined array key "id_external_issues"', 'E:\\work\\ISMS\\isms-project\\app\\Views\\Context\\context-ana\\context_version.php', 671)
 2 SYSTEMPATH\View\View.php(224): include('E:\\work\\ISMS\\isms-project\\app\\Views\\Context\\context-ana\\context_version.php')
 3 SYSTEMPATH\View\View.php(227): CodeIgniter\View\View->CodeIgniter\View\{closure}()
 4 SYSTEMPATH\Common.php(1180): CodeIgniter\View\View->render('Context/context-ana/context_version', [], true)
 5 APPPATH\Controllers\ContextController.php(75): view('Context/context-ana/context_version', [...])
 6 SYSTEMPATH\CodeIgniter.php(932): App\Controllers\ContextController->context_analysis_version('1')
 7 SYSTEMPATH\CodeIgniter.php(497): CodeIgniter\CodeIgniter->runController(Object(App\Controllers\ContextController))
 8 SYSTEMPATH\CodeIgniter.php(366): CodeIgniter\CodeIgniter->handleRequest(null, Object(Config\Cache), false)
 9 FCPATH\index.php(67): CodeIgniter\CodeIgniter->run()
10 SYSTEMPATH\Commands\Server\rewrite.php(47): require_once('E:\\work\\ISMS\\isms-project\\public\\index.php')
CRITICAL - 2023-07-10 03:05:19 --> Undefined array key ""
in APPPATH\Views\Context\context-ana\context_version.php on line 211.
 1 APPPATH\Views\Context\context-ana\context_version.php(211): CodeIgniter\Debug\Exceptions->errorHandler(2, 'Undefined array key ""', 'E:\\work\\ISMS\\isms-project\\app\\Views\\Context\\context-ana\\context_version.php', 211)
 2 SYSTEMPATH\View\View.php(224): include('E:\\work\\ISMS\\isms-project\\app\\Views\\Context\\context-ana\\context_version.php')
 3 SYSTEMPATH\View\View.php(227): CodeIgniter\View\View->CodeIgniter\View\{closure}()
 4 SYSTEMPATH\Common.php(1180): CodeIgniter\View\View->render('Context/context-ana/context_version', [], true)
 5 APPPATH\Controllers\ContextController.php(75): view('Context/context-ana/context_version', [...])
 6 SYSTEMPATH\CodeIgniter.php(932): App\Controllers\ContextController->context_analysis_version('1')
 7 SYSTEMPATH\CodeIgniter.php(497): CodeIgniter\CodeIgniter->runController(Object(App\Controllers\ContextController))
 8 SYSTEMPATH\CodeIgniter.php(366): CodeIgniter\CodeIgniter->handleRequest(null, Object(Config\Cache), false)
 9 FCPATH\index.php(67): CodeIgniter\CodeIgniter->run()
10 SYSTEMPATH\Commands\Server\rewrite.php(47): require_once('E:\\work\\ISMS\\isms-project\\public\\index.php')
CRITICAL - 2023-07-10 03:07:36 --> Undefined array key ""
in APPPATH\Views\Context\context-ana\context_version.php on line 211.
 1 APPPATH\Views\Context\context-ana\context_version.php(211): CodeIgniter\Debug\Exceptions->errorHandler(2, 'Undefined array key ""', 'E:\\work\\ISMS\\isms-project\\app\\Views\\Context\\context-ana\\context_version.php', 211)
 2 SYSTEMPATH\View\View.php(224): include('E:\\work\\ISMS\\isms-project\\app\\Views\\Context\\context-ana\\context_version.php')
 3 SYSTEMPATH\View\View.php(227): CodeIgniter\View\View->CodeIgniter\View\{closure}()
 4 SYSTEMPATH\Common.php(1180): CodeIgniter\View\View->render('Context/context-ana/context_version', [], true)
 5 APPPATH\Controllers\ContextController.php(75): view('Context/context-ana/context_version', [...])
 6 SYSTEMPATH\CodeIgniter.php(932): App\Controllers\ContextController->context_analysis_version('1')
 7 SYSTEMPATH\CodeIgniter.php(497): CodeIgniter\CodeIgniter->runController(Object(App\Controllers\ContextController))
 8 SYSTEMPATH\CodeIgniter.php(366): CodeIgniter\CodeIgniter->handleRequest(null, Object(Config\Cache), false)
 9 FCPATH\index.php(67): CodeIgniter\CodeIgniter->run()
10 SYSTEMPATH\Commands\Server\rewrite.php(47): require_once('E:\\work\\ISMS\\isms-project\\public\\index.php')
CRITICAL - 2023-07-10 03:07:50 --> Undefined array key ""
in APPPATH\Views\Context\context-ana\context_version.php on line 211.
 1 APPPATH\Views\Context\context-ana\context_version.php(211): CodeIgniter\Debug\Exceptions->errorHandler(2, 'Undefined array key ""', 'E:\\work\\ISMS\\isms-project\\app\\Views\\Context\\context-ana\\context_version.php', 211)
 2 SYSTEMPATH\View\View.php(224): include('E:\\work\\ISMS\\isms-project\\app\\Views\\Context\\context-ana\\context_version.php')
 3 SYSTEMPATH\View\View.php(227): CodeIgniter\View\View->CodeIgniter\View\{closure}()
 4 SYSTEMPATH\Common.php(1180): CodeIgniter\View\View->render('Context/context-ana/context_version', [], true)
 5 APPPATH\Controllers\ContextController.php(75): view('Context/context-ana/context_version', [...])
 6 SYSTEMPATH\CodeIgniter.php(932): App\Controllers\ContextController->context_analysis_version('1')
 7 SYSTEMPATH\CodeIgniter.php(497): CodeIgniter\CodeIgniter->runController(Object(App\Controllers\ContextController))
 8 SYSTEMPATH\CodeIgniter.php(366): CodeIgniter\CodeIgniter->handleRequest(null, Object(Config\Cache), false)
 9 FCPATH\index.php(67): CodeIgniter\CodeIgniter->run()
10 SYSTEMPATH\Commands\Server\rewrite.php(47): require_once('E:\\work\\ISMS\\isms-project\\public\\index.php')
CRITICAL - 2023-07-10 03:08:58 --> Undefined array key ""
in APPPATH\Views\Context\context-ana\context_version.php on line 211.
 1 APPPATH\Views\Context\context-ana\context_version.php(211): CodeIgniter\Debug\Exceptions->errorHandler(2, 'Undefined array key ""', 'E:\\work\\ISMS\\isms-project\\app\\Views\\Context\\context-ana\\context_version.php', 211)
 2 SYSTEMPATH\View\View.php(224): include('E:\\work\\ISMS\\isms-project\\app\\Views\\Context\\context-ana\\context_version.php')
 3 SYSTEMPATH\View\View.php(227): CodeIgniter\View\View->CodeIgniter\View\{closure}()
 4 SYSTEMPATH\Common.php(1180): CodeIgniter\View\View->render('Context/context-ana/context_version', [], true)
 5 APPPATH\Controllers\ContextController.php(75): view('Context/context-ana/context_version', [...])
 6 SYSTEMPATH\CodeIgniter.php(932): App\Controllers\ContextController->context_analysis_version('1')
 7 SYSTEMPATH\CodeIgniter.php(497): CodeIgniter\CodeIgniter->runController(Object(App\Controllers\ContextController))
 8 SYSTEMPATH\CodeIgniter.php(366): CodeIgniter\CodeIgniter->handleRequest(null, Object(Config\Cache), false)
 9 FCPATH\index.php(67): CodeIgniter\CodeIgniter->run()
10 SYSTEMPATH\Commands\Server\rewrite.php(47): require_once('E:\\work\\ISMS\\isms-project\\public\\index.php')
CRITICAL - 2023-07-10 03:12:02 --> Undefined array key ""
in APPPATH\Views\Context\context-ana\context_version.php on line 211.
 1 APPPATH\Views\Context\context-ana\context_version.php(211): CodeIgniter\Debug\Exceptions->errorHandler(2, 'Undefined array key ""', 'E:\\work\\ISMS\\isms-project\\app\\Views\\Context\\context-ana\\context_version.php', 211)
 2 SYSTEMPATH\View\View.php(224): include('E:\\work\\ISMS\\isms-project\\app\\Views\\Context\\context-ana\\context_version.php')
 3 SYSTEMPATH\View\View.php(227): CodeIgniter\View\View->CodeIgniter\View\{closure}()
 4 SYSTEMPATH\Common.php(1180): CodeIgniter\View\View->render('Context/context-ana/context_version', [], true)
 5 APPPATH\Controllers\ContextController.php(75): view('Context/context-ana/context_version', [...])
 6 SYSTEMPATH\CodeIgniter.php(932): App\Controllers\ContextController->context_analysis_version('1')
 7 SYSTEMPATH\CodeIgniter.php(497): CodeIgniter\CodeIgniter->runController(Object(App\Controllers\ContextController))
 8 SYSTEMPATH\CodeIgniter.php(366): CodeIgniter\CodeIgniter->handleRequest(null, Object(Config\Cache), false)
 9 FCPATH\index.php(67): CodeIgniter\CodeIgniter->run()
10 SYSTEMPATH\Commands\Server\rewrite.php(47): require_once('E:\\work\\ISMS\\isms-project\\public\\index.php')
CRITICAL - 2023-07-10 03:12:55 --> Undefined array key ""
in APPPATH\Views\Context\context-ana\context_version.php on line 211.
 1 APPPATH\Views\Context\context-ana\context_version.php(211): CodeIgniter\Debug\Exceptions->errorHandler(2, 'Undefined array key ""', 'E:\\work\\ISMS\\isms-project\\app\\Views\\Context\\context-ana\\context_version.php', 211)
 2 SYSTEMPATH\View\View.php(224): include('E:\\work\\ISMS\\isms-project\\app\\Views\\Context\\context-ana\\context_version.php')
 3 SYSTEMPATH\View\View.php(227): CodeIgniter\View\View->CodeIgniter\View\{closure}()
 4 SYSTEMPATH\Common.php(1180): CodeIgniter\View\View->render('Context/context-ana/context_version', [], true)
 5 APPPATH\Controllers\ContextController.php(75): view('Context/context-ana/context_version', [...])
 6 SYSTEMPATH\CodeIgniter.php(932): App\Controllers\ContextController->context_analysis_version('1')
 7 SYSTEMPATH\CodeIgniter.php(497): CodeIgniter\CodeIgniter->runController(Object(App\Controllers\ContextController))
 8 SYSTEMPATH\CodeIgniter.php(366): CodeIgniter\CodeIgniter->handleRequest(null, Object(Config\Cache), false)
 9 FCPATH\index.php(67): CodeIgniter\CodeIgniter->run()
10 SYSTEMPATH\Commands\Server\rewrite.php(47): require_once('E:\\work\\ISMS\\isms-project\\public\\index.php')
CRITICAL - 2023-07-10 03:42:12 --> Undefined array key "id_interested_issues"
in APPPATH\Views\Context\context-ana\context_version.php on line 801.
 1 APPPATH\Views\Context\context-ana\context_version.php(801): CodeIgniter\Debug\Exceptions->errorHandler(2, 'Undefined array key "id_interested_issues"', 'E:\\work\\ISMS\\isms-project\\app\\Views\\Context\\context-ana\\context_version.php', 801)
 2 SYSTEMPATH\View\View.php(224): include('E:\\work\\ISMS\\isms-project\\app\\Views\\Context\\context-ana\\context_version.php')
 3 SYSTEMPATH\View\View.php(227): CodeIgniter\View\View->CodeIgniter\View\{closure}()
 4 SYSTEMPATH\Common.php(1180): CodeIgniter\View\View->render('Context/context-ana/context_version', [], true)
 5 APPPATH\Controllers\ContextController.php(80): view('Context/context-ana/context_version', [...])
 6 SYSTEMPATH\CodeIgniter.php(932): App\Controllers\ContextController->context_analysis_version('1')
 7 SYSTEMPATH\CodeIgniter.php(497): CodeIgniter\CodeIgniter->runController(Object(App\Controllers\ContextController))
 8 SYSTEMPATH\CodeIgniter.php(366): CodeIgniter\CodeIgniter->handleRequest(null, Object(Config\Cache), false)
 9 FCPATH\index.php(67): CodeIgniter\CodeIgniter->run()
10 SYSTEMPATH\Commands\Server\rewrite.php(47): require_once('E:\\work\\ISMS\\isms-project\\public\\index.php')
CRITICAL - 2023-07-10 03:59:49 --> Undefined variable $itemp
in APPPATH\Views\Context\context-ana\context_version.php on line 199.
 1 APPPATH\Views\Context\context-ana\context_version.php(199): CodeIgniter\Debug\Exceptions->errorHandler(2, 'Undefined variable $itemp', 'E:\\work\\ISMS\\isms-project\\app\\Views\\Context\\context-ana\\context_version.php', 199)
 2 SYSTEMPATH\View\View.php(224): include('E:\\work\\ISMS\\isms-project\\app\\Views\\Context\\context-ana\\context_version.php')
 3 SYSTEMPATH\View\View.php(227): CodeIgniter\View\View->CodeIgniter\View\{closure}()
 4 SYSTEMPATH\Common.php(1180): CodeIgniter\View\View->render('Context/context-ana/context_version', [], true)
 5 APPPATH\Controllers\ContextController.php(80): view('Context/context-ana/context_version', [...])
 6 SYSTEMPATH\CodeIgniter.php(932): App\Controllers\ContextController->context_analysis_version('1')
 7 SYSTEMPATH\CodeIgniter.php(497): CodeIgniter\CodeIgniter->runController(Object(App\Controllers\ContextController))
 8 SYSTEMPATH\CodeIgniter.php(366): CodeIgniter\CodeIgniter->handleRequest(null, Object(Config\Cache), false)
 9 FCPATH\index.php(67): CodeIgniter\CodeIgniter->run()
10 SYSTEMPATH\Commands\Server\rewrite.php(47): require_once('E:\\work\\ISMS\\isms-project\\public\\index.php')
CRITICAL - 2023-07-10 04:24:29 --> Array to string conversion
in APPPATH\Views\Context\context-ana\context_version.php on line 199.
 1 APPPATH\Views\Context\context-ana\context_version.php(199): CodeIgniter\Debug\Exceptions->errorHandler(2, 'Array to string conversion', 'E:\\work\\ISMS\\isms-project\\app\\Views\\Context\\context-ana\\context_version.php', 199)
 2 SYSTEMPATH\View\View.php(224): include('E:\\work\\ISMS\\isms-project\\app\\Views\\Context\\context-ana\\context_version.php')
 3 SYSTEMPATH\View\View.php(227): CodeIgniter\View\View->CodeIgniter\View\{closure}()
 4 SYSTEMPATH\Common.php(1180): CodeIgniter\View\View->render('Context/context-ana/context_version', [], true)
 5 APPPATH\Controllers\ContextController.php(80): view('Context/context-ana/context_version', [...])
 6 SYSTEMPATH\CodeIgniter.php(932): App\Controllers\ContextController->context_analysis_version('1')
 7 SYSTEMPATH\CodeIgniter.php(497): CodeIgniter\CodeIgniter->runController(Object(App\Controllers\ContextController))
 8 SYSTEMPATH\CodeIgniter.php(366): CodeIgniter\CodeIgniter->handleRequest(null, Object(Config\Cache), false)
 9 FCPATH\index.php(67): CodeIgniter\CodeIgniter->run()
10 SYSTEMPATH\Commands\Server\rewrite.php(47): require_once('E:\\work\\ISMS\\isms-project\\public\\index.php')
CRITICAL - 2023-07-10 04:24:53 --> Illegal offset type
in APPPATH\Views\Context\context-ana\context_version.php on line 199.
 1 SYSTEMPATH\View\View.php(224): include()
 2 SYSTEMPATH\View\View.php(227): CodeIgniter\View\View->CodeIgniter\View\{closure}()
 3 SYSTEMPATH\Common.php(1180): CodeIgniter\View\View->render('Context/context-ana/context_version', [], true)
 4 APPPATH\Controllers\ContextController.php(80): view('Context/context-ana/context_version', [...])
 5 SYSTEMPATH\CodeIgniter.php(932): App\Controllers\ContextController->context_analysis_version('1')
 6 SYSTEMPATH\CodeIgniter.php(497): CodeIgniter\CodeIgniter->runController(Object(App\Controllers\ContextController))
 7 SYSTEMPATH\CodeIgniter.php(366): CodeIgniter\CodeIgniter->handleRequest(null, Object(Config\Cache), false)
 8 FCPATH\index.php(67): CodeIgniter\CodeIgniter->run()
 9 SYSTEMPATH\Commands\Server\rewrite.php(47): require_once('E:\\work\\ISMS\\isms-project\\public\\index.php')
CRITICAL - 2023-07-10 07:04:33 --> Undefined array key "data_interested_iss"
in APPPATH\Views\Context\context-ana\context_version.php on line 469.
 1 APPPATH\Views\Context\context-ana\context_version.php(469): CodeIgniter\Debug\Exceptions->errorHandler(2, 'Undefined array key "data_interested_iss"', 'E:\\work\\ISMS\\isms-project\\app\\Views\\Context\\context-ana\\context_version.php', 469)
 2 SYSTEMPATH\View\View.php(224): include('E:\\work\\ISMS\\isms-project\\app\\Views\\Context\\context-ana\\context_version.php')
 3 SYSTEMPATH\View\View.php(227): CodeIgniter\View\View->CodeIgniter\View\{closure}()
 4 SYSTEMPATH\Common.php(1180): CodeIgniter\View\View->render('Context/context-ana/context_version', [], true)
 5 APPPATH\Controllers\ContextController.php(80): view('Context/context-ana/context_version', [...])
 6 SYSTEMPATH\CodeIgniter.php(932): App\Controllers\ContextController->context_analysis_version('1')
 7 SYSTEMPATH\CodeIgniter.php(497): CodeIgniter\CodeIgniter->runController(Object(App\Controllers\ContextController))
 8 SYSTEMPATH\CodeIgniter.php(366): CodeIgniter\CodeIgniter->handleRequest(null, Object(Config\Cache), false)
 9 FCPATH\index.php(67): CodeIgniter\CodeIgniter->run()
10 SYSTEMPATH\Commands\Server\rewrite.php(47): require_once('E:\\work\\ISMS\\isms-project\\public\\index.php')
CRITICAL - 2023-07-10 08:23:05 --> Undefined array key "id_interested "
in APPPATH\Views\Context\context-ana\context_version.php on line 457.
 1 APPPATH\Views\Context\context-ana\context_version.php(457): CodeIgniter\Debug\Exceptions->errorHandler(2, 'Undefined array key "id_interested "', 'E:\\work\\ISMS\\isms-project\\app\\Views\\Context\\context-ana\\context_version.php', 457)
 2 SYSTEMPATH\View\View.php(224): include('E:\\work\\ISMS\\isms-project\\app\\Views\\Context\\context-ana\\context_version.php')
 3 SYSTEMPATH\View\View.php(227): CodeIgniter\View\View->CodeIgniter\View\{closure}()
 4 SYSTEMPATH\Common.php(1180): CodeIgniter\View\View->render('Context/context-ana/context_version', [], true)
 5 APPPATH\Controllers\ContextController.php(78): view('Context/context-ana/context_version', [...])
 6 SYSTEMPATH\CodeIgniter.php(932): App\Controllers\ContextController->context_analysis_version('1')
 7 SYSTEMPATH\CodeIgniter.php(497): CodeIgniter\CodeIgniter->runController(Object(App\Controllers\ContextController))
 8 SYSTEMPATH\CodeIgniter.php(366): CodeIgniter\CodeIgniter->handleRequest(null, Object(Config\Cache), false)
 9 FCPATH\index.php(67): CodeIgniter\CodeIgniter->run()
10 SYSTEMPATH\Commands\Server\rewrite.php(47): require_once('E:\\work\\ISMS\\isms-project\\public\\index.php')
CRITICAL - 2023-07-10 09:35:08 --> Undefined array key "id_external"
in APPPATH\Views\Context\context-ana\context_version.php on line 202.
 1 APPPATH\Views\Context\context-ana\context_version.php(202): CodeIgniter\Debug\Exceptions->errorHandler(2, 'Undefined array key "id_external"', 'E:\\work\\ISMS\\isms-project\\app\\Views\\Context\\context-ana\\context_version.php', 202)
 2 SYSTEMPATH\View\View.php(224): include('E:\\work\\ISMS\\isms-project\\app\\Views\\Context\\context-ana\\context_version.php')
 3 SYSTEMPATH\View\View.php(227): CodeIgniter\View\View->CodeIgniter\View\{closure}()
 4 SYSTEMPATH\Common.php(1180): CodeIgniter\View\View->render('Context/context-ana/context_version', [], true)
 5 APPPATH\Controllers\ContextController.php(78): view('Context/context-ana/context_version', [...])
 6 SYSTEMPATH\CodeIgniter.php(932): App\Controllers\ContextController->context_analysis_version('1')
 7 SYSTEMPATH\CodeIgniter.php(497): CodeIgniter\CodeIgniter->runController(Object(App\Controllers\ContextController))
 8 SYSTEMPATH\CodeIgniter.php(366): CodeIgniter\CodeIgniter->handleRequest(null, Object(Config\Cache), false)
 9 FCPATH\index.php(67): CodeIgniter\CodeIgniter->run()
10 SYSTEMPATH\Commands\Server\rewrite.php(47): require_once('E:\\work\\ISMS\\isms-project\\public\\index.php')
CRITICAL - 2023-07-10 09:54:27 --> Undefined variable $data
in APPPATH\Views\Context\context-ana\context_ana.php on line 243.
 1 APPPATH\Views\Context\context-ana\context_ana.php(243): CodeIgniter\Debug\Exceptions->errorHandler(2, 'Undefined variable $data', 'E:\\work\\ISMS\\isms-project\\app\\Views\\Context\\context-ana\\context_ana.php', 243)
 2 SYSTEMPATH\View\View.php(224): include('E:\\work\\ISMS\\isms-project\\app\\Views\\Context\\context-ana\\context_ana.php')
 3 SYSTEMPATH\View\View.php(227): CodeIgniter\View\View->CodeIgniter\View\{closure}()
 4 SYSTEMPATH\Common.php(1180): CodeIgniter\View\View->render('Context/context-ana/context_ana', [], true)
 5 APPPATH\Controllers\ContextController.php(56): view('Context/context-ana/context_ana')
 6 SYSTEMPATH\CodeIgniter.php(932): App\Controllers\ContextController->context_analysis_index()
 7 SYSTEMPATH\CodeIgniter.php(497): CodeIgniter\CodeIgniter->runController(Object(App\Controllers\ContextController))
 8 SYSTEMPATH\CodeIgniter.php(366): CodeIgniter\CodeIgniter->handleRequest(null, Object(Config\Cache), false)
 9 FCPATH\index.php(67): CodeIgniter\CodeIgniter->run()
10 SYSTEMPATH\Commands\Server\rewrite.php(47): require_once('E:\\work\\ISMS\\isms-project\\public\\index.php')
