CRITICAL - 2023-08-16 02:10:04 --> Call to undefined method App\Models\internalModels::count
in SYSTEMPATH\Model.php on line 838.
 1 APPPATH\Controllers\InterController.php(43): CodeIgniter\Model->__call('count', [])
 2 SYSTEMPATH\CodeIgniter.php(932): App\Controllers\InterController->store('14')
 3 SYSTEMPATH\CodeIgniter.php(497): CodeIgniter\CodeIgniter->runController(Object(App\Controllers\InterController))
 4 SYSTEMPATH\CodeIgniter.php(366): CodeIgniter\CodeIgniter->handleRequest(null, Object(Config\Cache), false)
 5 FCPATH\index.php(67): CodeIgniter\CodeIgniter->run()
CRITICAL - 2023-08-16 02:10:17 --> Call to undefined method App\Models\internalModels::count
in SYSTEMPATH\Model.php on line 838.
 1 APPPATH\Controllers\InterController.php(43): CodeIgniter\Model->__call('count', [])
 2 SYSTEMPATH\CodeIgniter.php(932): App\Controllers\InterController->store('14')
 3 SYSTEMPATH\CodeIgniter.php(497): CodeIgniter\CodeIgniter->runController(Object(App\Controllers\InterController))
 4 SYSTEMPATH\CodeIgniter.php(366): CodeIgniter\CodeIgniter->handleRequest(null, Object(Config\Cache), false)
 5 FCPATH\index.php(67): CodeIgniter\CodeIgniter->run()
CRITICAL - 2023-08-16 03:07:40 --> preg_match(): Compilation failed: unmatched closing parenthesis at offset 73
in SYSTEMPATH\Router\Router.php on line 419.
 1 [internal function]: CodeIgniter\Debug\Exceptions->errorHandler(2, 'preg_match(): Compilation failed: unmatched closing parenthesis at offset 73', 'C:\\xampp\\htdocs\\isms-project\\vendor\\codeigniter4\\framework\\system\\Router\\Router.php', 419)
 2 SYSTEMPATH\Router\Router.php(419): preg_match('#^context/context_analysis/context_inter/delete/([0-9]+)/([0-9]+)/([0-9]+))/([0-9]+)$#u', 'context/context_analysis/context_inter/delete/40/0/1/14', [])
 3 SYSTEMPATH\Router\Router.php(182): CodeIgniter\Router\Router->checkRoutes('context/context_analysis/context_inter/delete/40/0/1/14')
 4 SYSTEMPATH\CodeIgniter.php(813): CodeIgniter\Router\Router->handle('context/context_analysis/context_inter/delete/40/0/1/14')
 5 SYSTEMPATH\CodeIgniter.php(447): CodeIgniter\CodeIgniter->tryToRouteIt(Object(CodeIgniter\Router\RouteCollection))
 6 SYSTEMPATH\CodeIgniter.php(366): CodeIgniter\CodeIgniter->handleRequest(null, Object(Config\Cache), false)
 7 FCPATH\index.php(67): CodeIgniter\CodeIgniter->run()
CRITICAL - 2023-08-16 03:08:21 --> preg_match(): Compilation failed: unmatched closing parenthesis at offset 73
in SYSTEMPATH\Router\Router.php on line 419.
 1 [internal function]: CodeIgniter\Debug\Exceptions->errorHandler(2, 'preg_match(): Compilation failed: unmatched closing parenthesis at offset 73', 'C:\\xampp\\htdocs\\isms-project\\vendor\\codeigniter4\\framework\\system\\Router\\Router.php', 419)
 2 SYSTEMPATH\Router\Router.php(419): preg_match('#^context/context_analysis/context_inter/delete/([0-9]+)/([0-9]+)/([0-9]+))/([0-9]+)$#u', 'context/context_analysis/context_inter/delete/40/0/1/14', [])
 3 SYSTEMPATH\Router\Router.php(182): CodeIgniter\Router\Router->checkRoutes('context/context_analysis/context_inter/delete/40/0/1/14')
 4 SYSTEMPATH\CodeIgniter.php(813): CodeIgniter\Router\Router->handle('context/context_analysis/context_inter/delete/40/0/1/14')
 5 SYSTEMPATH\CodeIgniter.php(447): CodeIgniter\CodeIgniter->tryToRouteIt(Object(CodeIgniter\Router\RouteCollection))
 6 SYSTEMPATH\CodeIgniter.php(366): CodeIgniter\CodeIgniter->handleRequest(null, Object(Config\Cache), false)
 7 FCPATH\index.php(67): CodeIgniter\CodeIgniter->run()
CRITICAL - 2023-08-16 03:10:03 --> preg_match(): Compilation failed: unmatched closing parenthesis at offset 73
in SYSTEMPATH\Router\Router.php on line 419.
 1 [internal function]: CodeIgniter\Debug\Exceptions->errorHandler(2, 'preg_match(): Compilation failed: unmatched closing parenthesis at offset 73', 'C:\\xampp\\htdocs\\isms-project\\vendor\\codeigniter4\\framework\\system\\Router\\Router.php', 419)
 2 SYSTEMPATH\Router\Router.php(419): preg_match('#^context/context_analysis/context_inter/delete/([0-9]+)/([0-9]+)/([0-9]+))/([0-9]+)$#u', 'context/context_analysis/context_inter/delete/49/0/9/14', [])
 3 SYSTEMPATH\Router\Router.php(182): CodeIgniter\Router\Router->checkRoutes('context/context_analysis/context_inter/delete/49/0/9/14')
 4 SYSTEMPATH\CodeIgniter.php(813): CodeIgniter\Router\Router->handle('context/context_analysis/context_inter/delete/49/0/9/14')
 5 SYSTEMPATH\CodeIgniter.php(447): CodeIgniter\CodeIgniter->tryToRouteIt(Object(CodeIgniter\Router\RouteCollection))
 6 SYSTEMPATH\CodeIgniter.php(366): CodeIgniter\CodeIgniter->handleRequest(null, Object(Config\Cache), false)
 7 FCPATH\index.php(67): CodeIgniter\CodeIgniter->run()
CRITICAL - 2023-08-16 03:10:10 --> preg_match(): Compilation failed: unmatched closing parenthesis at offset 73
in SYSTEMPATH\Router\Router.php on line 419.
 1 [internal function]: CodeIgniter\Debug\Exceptions->errorHandler(2, 'preg_match(): Compilation failed: unmatched closing parenthesis at offset 73', 'C:\\xampp\\htdocs\\isms-project\\vendor\\codeigniter4\\framework\\system\\Router\\Router.php', 419)
 2 SYSTEMPATH\Router\Router.php(419): preg_match('#^context/context_analysis/context_inter/delete/([0-9]+)/([0-9]+)/([0-9]+))/([0-9]+)$#u', 'context/context_analysis/context_inter/delete/49/0/9/14', [])
 3 SYSTEMPATH\Router\Router.php(182): CodeIgniter\Router\Router->checkRoutes('context/context_analysis/context_inter/delete/49/0/9/14')
 4 SYSTEMPATH\CodeIgniter.php(813): CodeIgniter\Router\Router->handle('context/context_analysis/context_inter/delete/49/0/9/14')
 5 SYSTEMPATH\CodeIgniter.php(447): CodeIgniter\CodeIgniter->tryToRouteIt(Object(CodeIgniter\Router\RouteCollection))
 6 SYSTEMPATH\CodeIgniter.php(366): CodeIgniter\CodeIgniter->handleRequest(null, Object(Config\Cache), false)
 7 FCPATH\index.php(67): CodeIgniter\CodeIgniter->run()
CRITICAL - 2023-08-16 03:11:12 --> preg_match(): Compilation failed: unmatched closing parenthesis at offset 73
in SYSTEMPATH\Router\Router.php on line 419.
 1 [internal function]: CodeIgniter\Debug\Exceptions->errorHandler(2, 'preg_match(): Compilation failed: unmatched closing parenthesis at offset 73', 'C:\\xampp\\htdocs\\isms-project\\vendor\\codeigniter4\\framework\\system\\Router\\Router.php', 419)
 2 SYSTEMPATH\Router\Router.php(419): preg_match('#^context/context_analysis/context_inter/delete/([0-9]+)/([0-9]+)/([0-9]+))/([0-9]+)$#u', 'database/log_list/index', [])
 3 SYSTEMPATH\Router\Router.php(182): CodeIgniter\Router\Router->checkRoutes('database/log_list/index')
 4 SYSTEMPATH\CodeIgniter.php(813): CodeIgniter\Router\Router->handle('database/log_list/index')
 5 SYSTEMPATH\CodeIgniter.php(447): CodeIgniter\CodeIgniter->tryToRouteIt(Object(CodeIgniter\Router\RouteCollection))
 6 SYSTEMPATH\CodeIgniter.php(366): CodeIgniter\CodeIgniter->handleRequest(null, Object(Config\Cache), false)
 7 FCPATH\index.php(67): CodeIgniter\CodeIgniter->run()
CRITICAL - 2023-08-16 03:11:29 --> preg_match(): Compilation failed: unmatched closing parenthesis at offset 73
in SYSTEMPATH\Router\Router.php on line 419.
 1 [internal function]: CodeIgniter\Debug\Exceptions->errorHandler(2, 'preg_match(): Compilation failed: unmatched closing parenthesis at offset 73', 'C:\\xampp\\htdocs\\isms-project\\vendor\\codeigniter4\\framework\\system\\Router\\Router.php', 419)
 2 SYSTEMPATH\Router\Router.php(419): preg_match('#^context/context_analysis/context_inter/delete/([0-9]+)/([0-9]+)/([0-9]+))/([0-9]+)$#u', 'database/log_list/index', [])
 3 SYSTEMPATH\Router\Router.php(182): CodeIgniter\Router\Router->checkRoutes('database/log_list/index')
 4 SYSTEMPATH\CodeIgniter.php(813): CodeIgniter\Router\Router->handle('database/log_list/index')
 5 SYSTEMPATH\CodeIgniter.php(447): CodeIgniter\CodeIgniter->tryToRouteIt(Object(CodeIgniter\Router\RouteCollection))
 6 SYSTEMPATH\CodeIgniter.php(366): CodeIgniter\CodeIgniter->handleRequest(null, Object(Config\Cache), false)
 7 FCPATH\index.php(67): CodeIgniter\CodeIgniter->run()
CRITICAL - 2023-08-16 03:12:31 --> preg_match(): Compilation failed: unmatched closing parenthesis at offset 73
in SYSTEMPATH\Router\Router.php on line 419.
 1 [internal function]: CodeIgniter\Debug\Exceptions->errorHandler(2, 'preg_match(): Compilation failed: unmatched closing parenthesis at offset 73', 'C:\\xampp\\htdocs\\isms-project\\vendor\\codeigniter4\\framework\\system\\Router\\Router.php', 419)
 2 SYSTEMPATH\Router\Router.php(419): preg_match('#^context/context_analysis/context_inter/delete/([0-9]+)/([0-9]+)/([0-9]+))/([0-9]+)$#u', 'context/context_analysis/context_inter/delete/49/0/9/14', [])
 3 SYSTEMPATH\Router\Router.php(182): CodeIgniter\Router\Router->checkRoutes('context/context_analysis/context_inter/delete/49/0/9/14')
 4 SYSTEMPATH\CodeIgniter.php(813): CodeIgniter\Router\Router->handle('context/context_analysis/context_inter/delete/49/0/9/14')
 5 SYSTEMPATH\CodeIgniter.php(447): CodeIgniter\CodeIgniter->tryToRouteIt(Object(CodeIgniter\Router\RouteCollection))
 6 SYSTEMPATH\CodeIgniter.php(366): CodeIgniter\CodeIgniter->handleRequest(null, Object(Config\Cache), false)
 7 FCPATH\index.php(67): CodeIgniter\CodeIgniter->run()
CRITICAL - 2023-08-16 03:13:57 --> preg_match(): Compilation failed: unmatched closing parenthesis at offset 73
in SYSTEMPATH\Router\Router.php on line 419.
 1 [internal function]: CodeIgniter\Debug\Exceptions->errorHandler(2, 'preg_match(): Compilation failed: unmatched closing parenthesis at offset 73', 'C:\\xampp\\htdocs\\isms-project\\vendor\\codeigniter4\\framework\\system\\Router\\Router.php', 419)
 2 SYSTEMPATH\Router\Router.php(419): preg_match('#^context/context_analysis/context_inter/delete/([0-9]+)/([0-9]+)/([0-9]+))/([0-9]+)$#u', 'context/context_analysis/context_inter/delete/49/0/9/14', [])
 3 SYSTEMPATH\Router\Router.php(182): CodeIgniter\Router\Router->checkRoutes('context/context_analysis/context_inter/delete/49/0/9/14')
 4 SYSTEMPATH\CodeIgniter.php(813): CodeIgniter\Router\Router->handle('context/context_analysis/context_inter/delete/49/0/9/14')
 5 SYSTEMPATH\CodeIgniter.php(447): CodeIgniter\CodeIgniter->tryToRouteIt(Object(CodeIgniter\Router\RouteCollection))
 6 SYSTEMPATH\CodeIgniter.php(366): CodeIgniter\CodeIgniter->handleRequest(null, Object(Config\Cache), false)
 7 FCPATH\index.php(67): CodeIgniter\CodeIgniter->run()
CRITICAL - 2023-08-16 03:14:30 --> preg_match(): Compilation failed: unmatched closing parenthesis at offset 73
in SYSTEMPATH\Router\Router.php on line 419.
 1 [internal function]: CodeIgniter\Debug\Exceptions->errorHandler(2, 'preg_match(): Compilation failed: unmatched closing parenthesis at offset 73', 'C:\\xampp\\htdocs\\isms-project\\vendor\\codeigniter4\\framework\\system\\Router\\Router.php', 419)
 2 SYSTEMPATH\Router\Router.php(419): preg_match('#^context/context_analysis/context_inter/delete/([0-9]+)/([0-9]+)/([0-9]+))/([0-9]+)$#u', 'context/context_analysis/context_All/edit/14', [])
 3 SYSTEMPATH\Router\Router.php(182): CodeIgniter\Router\Router->checkRoutes('context/context_analysis/context_All/edit/14')
 4 SYSTEMPATH\CodeIgniter.php(813): CodeIgniter\Router\Router->handle('context/context_analysis/context_All/edit/14')
 5 SYSTEMPATH\CodeIgniter.php(447): CodeIgniter\CodeIgniter->tryToRouteIt(Object(CodeIgniter\Router\RouteCollection))
 6 SYSTEMPATH\CodeIgniter.php(366): CodeIgniter\CodeIgniter->handleRequest(null, Object(Config\Cache), false)
 7 FCPATH\index.php(67): CodeIgniter\CodeIgniter->run()
CRITICAL - 2023-08-16 03:16:13 --> preg_match(): Compilation failed: unmatched closing parenthesis at offset 73
in SYSTEMPATH\Router\Router.php on line 419.
 1 [internal function]: CodeIgniter\Debug\Exceptions->errorHandler(2, 'preg_match(): Compilation failed: unmatched closing parenthesis at offset 73', 'C:\\xampp\\htdocs\\isms-project\\vendor\\codeigniter4\\framework\\system\\Router\\Router.php', 419)
 2 SYSTEMPATH\Router\Router.php(419): preg_match('#^context/context_analysis/context_inter/delete/([0-9]+)/([0-9]+)/([0-9]+))/([0-9]+)$#u', 'context/context_analysis/context_All/edit/14', [])
 3 SYSTEMPATH\Router\Router.php(182): CodeIgniter\Router\Router->checkRoutes('context/context_analysis/context_All/edit/14')
 4 SYSTEMPATH\CodeIgniter.php(813): CodeIgniter\Router\Router->handle('context/context_analysis/context_All/edit/14')
 5 SYSTEMPATH\CodeIgniter.php(447): CodeIgniter\CodeIgniter->tryToRouteIt(Object(CodeIgniter\Router\RouteCollection))
 6 SYSTEMPATH\CodeIgniter.php(366): CodeIgniter\CodeIgniter->handleRequest(null, Object(Config\Cache), false)
 7 FCPATH\index.php(67): CodeIgniter\CodeIgniter->run()
CRITICAL - 2023-08-16 03:16:13 --> preg_match(): Compilation failed: unmatched closing parenthesis at offset 73
in SYSTEMPATH\Router\Router.php on line 419.
 1 [internal function]: CodeIgniter\Debug\Exceptions->errorHandler(2, 'preg_match(): Compilation failed: unmatched closing parenthesis at offset 73', 'C:\\xampp\\htdocs\\isms-project\\vendor\\codeigniter4\\framework\\system\\Router\\Router.php', 419)
 2 SYSTEMPATH\Router\Router.php(419): preg_match('#^context/context_analysis/context_inter/delete/([0-9]+)/([0-9]+)/([0-9]+))/([0-9]+)$#u', 'context/context_analysis/context_inter/store/14', [])
 3 SYSTEMPATH\Router\Router.php(182): CodeIgniter\Router\Router->checkRoutes('context/context_analysis/context_inter/store/14')
 4 SYSTEMPATH\CodeIgniter.php(813): CodeIgniter\Router\Router->handle('context/context_analysis/context_inter/store/14')
 5 SYSTEMPATH\CodeIgniter.php(447): CodeIgniter\CodeIgniter->tryToRouteIt(Object(CodeIgniter\Router\RouteCollection))
 6 SYSTEMPATH\CodeIgniter.php(366): CodeIgniter\CodeIgniter->handleRequest(null, Object(Config\Cache), false)
 7 FCPATH\index.php(67): CodeIgniter\CodeIgniter->run()
CRITICAL - 2023-08-16 03:18:13 --> preg_match(): Compilation failed: unmatched closing parenthesis at offset 73
in SYSTEMPATH\Router\Router.php on line 419.
 1 [internal function]: CodeIgniter\Debug\Exceptions->errorHandler(2, 'preg_match(): Compilation failed: unmatched closing parenthesis at offset 73', 'C:\\xampp\\htdocs\\isms-project\\vendor\\codeigniter4\\framework\\system\\Router\\Router.php', 419)
 2 SYSTEMPATH\Router\Router.php(419): preg_match('#^context/context_analysis/context_inter/delete/([0-9]+)/([0-9]+)/([0-9]+))/([0-9]+)$#u', 'context/context_analysis/context_inter/store/14', [])
 3 SYSTEMPATH\Router\Router.php(182): CodeIgniter\Router\Router->checkRoutes('context/context_analysis/context_inter/store/14')
 4 SYSTEMPATH\CodeIgniter.php(813): CodeIgniter\Router\Router->handle('context/context_analysis/context_inter/store/14')
 5 SYSTEMPATH\CodeIgniter.php(447): CodeIgniter\CodeIgniter->tryToRouteIt(Object(CodeIgniter\Router\RouteCollection))
 6 SYSTEMPATH\CodeIgniter.php(366): CodeIgniter\CodeIgniter->handleRequest(null, Object(Config\Cache), false)
 7 FCPATH\index.php(67): CodeIgniter\CodeIgniter->run()
CRITICAL - 2023-08-16 03:18:52 --> preg_match(): Compilation failed: unmatched closing parenthesis at offset 73
in SYSTEMPATH\Router\Router.php on line 419.
 1 [internal function]: CodeIgniter\Debug\Exceptions->errorHandler(2, 'preg_match(): Compilation failed: unmatched closing parenthesis at offset 73', 'C:\\xampp\\htdocs\\isms-project\\vendor\\codeigniter4\\framework\\system\\Router\\Router.php', 419)
 2 SYSTEMPATH\Router\Router.php(419): preg_match('#^context/context_analysis/context_inter/delete/([0-9]+)/([0-9]+)/([0-9]+))/([0-9]+)$#u', 'context/context_analysis/context_inter/store/14', [])
 3 SYSTEMPATH\Router\Router.php(182): CodeIgniter\Router\Router->checkRoutes('context/context_analysis/context_inter/store/14')
 4 SYSTEMPATH\CodeIgniter.php(813): CodeIgniter\Router\Router->handle('context/context_analysis/context_inter/store/14')
 5 SYSTEMPATH\CodeIgniter.php(447): CodeIgniter\CodeIgniter->tryToRouteIt(Object(CodeIgniter\Router\RouteCollection))
 6 SYSTEMPATH\CodeIgniter.php(366): CodeIgniter\CodeIgniter->handleRequest(null, Object(Config\Cache), false)
 7 FCPATH\index.php(67): CodeIgniter\CodeIgniter->run()
CRITICAL - 2023-08-16 03:19:50 --> preg_match(): Compilation failed: unmatched closing parenthesis at offset 73
in SYSTEMPATH\Router\Router.php on line 419.
 1 [internal function]: CodeIgniter\Debug\Exceptions->errorHandler(2, 'preg_match(): Compilation failed: unmatched closing parenthesis at offset 73', 'C:\\xampp\\htdocs\\isms-project\\vendor\\codeigniter4\\framework\\system\\Router\\Router.php', 419)
 2 SYSTEMPATH\Router\Router.php(419): preg_match('#^context/context_analysis/context_inter/delete/([0-9]+)/([0-9]+)/([0-9]+))/([0-9]+)$#u', 'context/context_analysis/context_inter/store/38', [])
 3 SYSTEMPATH\Router\Router.php(182): CodeIgniter\Router\Router->checkRoutes('context/context_analysis/context_inter/store/38')
 4 SYSTEMPATH\CodeIgniter.php(813): CodeIgniter\Router\Router->handle('context/context_analysis/context_inter/store/38')
 5 SYSTEMPATH\CodeIgniter.php(447): CodeIgniter\CodeIgniter->tryToRouteIt(Object(CodeIgniter\Router\RouteCollection))
 6 SYSTEMPATH\CodeIgniter.php(366): CodeIgniter\CodeIgniter->handleRequest(null, Object(Config\Cache), false)
 7 FCPATH\index.php(67): CodeIgniter\CodeIgniter->run()
CRITICAL - 2023-08-16 03:19:59 --> preg_match(): Compilation failed: unmatched closing parenthesis at offset 73
in SYSTEMPATH\Router\Router.php on line 419.
 1 [internal function]: CodeIgniter\Debug\Exceptions->errorHandler(2, 'preg_match(): Compilation failed: unmatched closing parenthesis at offset 73', 'C:\\xampp\\htdocs\\isms-project\\vendor\\codeigniter4\\framework\\system\\Router\\Router.php', 419)
 2 SYSTEMPATH\Router\Router.php(419): preg_match('#^context/context_analysis/context_inter/delete/([0-9]+)/([0-9]+)/([0-9]+))/([0-9]+)$#u', 'context/context_analysis/context_inter/store/38', [])
 3 SYSTEMPATH\Router\Router.php(182): CodeIgniter\Router\Router->checkRoutes('context/context_analysis/context_inter/store/38')
 4 SYSTEMPATH\CodeIgniter.php(813): CodeIgniter\Router\Router->handle('context/context_analysis/context_inter/store/38')
 5 SYSTEMPATH\CodeIgniter.php(447): CodeIgniter\CodeIgniter->tryToRouteIt(Object(CodeIgniter\Router\RouteCollection))
 6 SYSTEMPATH\CodeIgniter.php(366): CodeIgniter\CodeIgniter->handleRequest(null, Object(Config\Cache), false)
 7 FCPATH\index.php(67): CodeIgniter\CodeIgniter->run()
CRITICAL - 2023-08-16 04:22:30 --> Undefined variable $id_file
in APPPATH\Controllers\InterController.php on line 195.
 1 APPPATH\Controllers\InterController.php(195): CodeIgniter\Debug\Exceptions->errorHandler(2, 'Undefined variable $id_file', 'C:\\xampp\\htdocs\\isms-project\\app\\Controllers\\InterController.php', 195)
 2 SYSTEMPATH\CodeIgniter.php(932): App\Controllers\InterController->copyData('41', '1', '38')
 3 SYSTEMPATH\CodeIgniter.php(497): CodeIgniter\CodeIgniter->runController(Object(App\Controllers\InterController))
 4 SYSTEMPATH\CodeIgniter.php(366): CodeIgniter\CodeIgniter->handleRequest(null, Object(Config\Cache), false)
 5 FCPATH\index.php(67): CodeIgniter\CodeIgniter->run()
CRITICAL - 2023-08-16 04:22:33 --> Undefined variable $id_file
in APPPATH\Controllers\InterController.php on line 195.
 1 APPPATH\Controllers\InterController.php(195): CodeIgniter\Debug\Exceptions->errorHandler(2, 'Undefined variable $id_file', 'C:\\xampp\\htdocs\\isms-project\\app\\Controllers\\InterController.php', 195)
 2 SYSTEMPATH\CodeIgniter.php(932): App\Controllers\InterController->copyData('41', '1', '38')
 3 SYSTEMPATH\CodeIgniter.php(497): CodeIgniter\CodeIgniter->runController(Object(App\Controllers\InterController))
 4 SYSTEMPATH\CodeIgniter.php(366): CodeIgniter\CodeIgniter->handleRequest(null, Object(Config\Cache), false)
 5 FCPATH\index.php(67): CodeIgniter\CodeIgniter->run()
CRITICAL - 2023-08-16 04:25:37 --> Undefined variable $id_file
in APPPATH\Controllers\InterController.php on line 195.
 1 APPPATH\Controllers\InterController.php(195): CodeIgniter\Debug\Exceptions->errorHandler(2, 'Undefined variable $id_file', 'C:\\xampp\\htdocs\\isms-project\\app\\Controllers\\InterController.php', 195)
 2 SYSTEMPATH\CodeIgniter.php(932): App\Controllers\InterController->copyData('41', '1', '38')
 3 SYSTEMPATH\CodeIgniter.php(497): CodeIgniter\CodeIgniter->runController(Object(App\Controllers\InterController))
 4 SYSTEMPATH\CodeIgniter.php(366): CodeIgniter\CodeIgniter->handleRequest(null, Object(Config\Cache), false)
 5 FCPATH\index.php(67): CodeIgniter\CodeIgniter->run()
CRITICAL - 2023-08-16 04:25:39 --> Undefined variable $id_file
in APPPATH\Controllers\InterController.php on line 195.
 1 APPPATH\Controllers\InterController.php(195): CodeIgniter\Debug\Exceptions->errorHandler(2, 'Undefined variable $id_file', 'C:\\xampp\\htdocs\\isms-project\\app\\Controllers\\InterController.php', 195)
 2 SYSTEMPATH\CodeIgniter.php(932): App\Controllers\InterController->copyData('41', '1', '38')
 3 SYSTEMPATH\CodeIgniter.php(497): CodeIgniter\CodeIgniter->runController(Object(App\Controllers\InterController))
 4 SYSTEMPATH\CodeIgniter.php(366): CodeIgniter\CodeIgniter->handleRequest(null, Object(Config\Cache), false)
 5 FCPATH\index.php(67): CodeIgniter\CodeIgniter->run()
CRITICAL - 2023-08-16 09:01:45 --> Illegal offset type
in SYSTEMPATH\Database\BaseBuilder.php on line 741.
 1 SYSTEMPATH\Database\BaseBuilder.php(698): CodeIgniter\Database\BaseBuilder->whereHaving('QBWhere', Object(Closure), null, 'AND ', null)
 2 SYSTEMPATH\Model.php(836): CodeIgniter\Database\BaseBuilder->where(Object(Closure))
 3 APPPATH\Controllers\ActivitesLogController.php(29): CodeIgniter\Model->__call('where', [...])
 4 SYSTEMPATH\CodeIgniter.php(932): App\Controllers\ActivitesLogController->getDatalog('0', '0')
 5 SYSTEMPATH\CodeIgniter.php(497): CodeIgniter\CodeIgniter->runController(Object(App\Controllers\ActivitesLogController))
 6 SYSTEMPATH\CodeIgniter.php(366): CodeIgniter\CodeIgniter->handleRequest(null, Object(Config\Cache), false)
 7 FCPATH\index.php(67): CodeIgniter\CodeIgniter->run()
CRITICAL - 2023-08-16 09:01:57 --> Illegal offset type
in SYSTEMPATH\Database\BaseBuilder.php on line 741.
 1 SYSTEMPATH\Database\BaseBuilder.php(698): CodeIgniter\Database\BaseBuilder->whereHaving('QBWhere', Object(Closure), null, 'AND ', null)
 2 SYSTEMPATH\Model.php(836): CodeIgniter\Database\BaseBuilder->where(Object(Closure))
 3 APPPATH\Controllers\ActivitesLogController.php(29): CodeIgniter\Model->__call('where', [...])
 4 SYSTEMPATH\CodeIgniter.php(932): App\Controllers\ActivitesLogController->getDatalog('0', '0')
 5 SYSTEMPATH\CodeIgniter.php(497): CodeIgniter\CodeIgniter->runController(Object(App\Controllers\ActivitesLogController))
 6 SYSTEMPATH\CodeIgniter.php(366): CodeIgniter\CodeIgniter->handleRequest(null, Object(Config\Cache), false)
 7 FCPATH\index.php(67): CodeIgniter\CodeIgniter->run()
CRITICAL - 2023-08-16 09:04:27 --> Illegal offset type
in SYSTEMPATH\Database\BaseBuilder.php on line 741.
 1 SYSTEMPATH\Database\BaseBuilder.php(698): CodeIgniter\Database\BaseBuilder->whereHaving('QBWhere', Object(Closure), null, 'AND ', null)
 2 SYSTEMPATH\Model.php(836): CodeIgniter\Database\BaseBuilder->where(Object(Closure))
 3 APPPATH\Controllers\ActivitesLogController.php(29): CodeIgniter\Model->__call('where', [...])
 4 SYSTEMPATH\CodeIgniter.php(932): App\Controllers\ActivitesLogController->getDatalog('0', '0')
 5 SYSTEMPATH\CodeIgniter.php(497): CodeIgniter\CodeIgniter->runController(Object(App\Controllers\ActivitesLogController))
 6 SYSTEMPATH\CodeIgniter.php(366): CodeIgniter\CodeIgniter->handleRequest(null, Object(Config\Cache), false)
 7 FCPATH\index.php(67): CodeIgniter\CodeIgniter->run()
CRITICAL - 2023-08-16 09:04:32 --> Illegal offset type
in SYSTEMPATH\Database\BaseBuilder.php on line 741.
 1 SYSTEMPATH\Database\BaseBuilder.php(698): CodeIgniter\Database\BaseBuilder->whereHaving('QBWhere', Object(Closure), null, 'AND ', null)
 2 SYSTEMPATH\Model.php(836): CodeIgniter\Database\BaseBuilder->where(Object(Closure))
 3 APPPATH\Controllers\ActivitesLogController.php(29): CodeIgniter\Model->__call('where', [...])
 4 SYSTEMPATH\CodeIgniter.php(932): App\Controllers\ActivitesLogController->getDatalog('0', '0')
 5 SYSTEMPATH\CodeIgniter.php(497): CodeIgniter\CodeIgniter->runController(Object(App\Controllers\ActivitesLogController))
 6 SYSTEMPATH\CodeIgniter.php(366): CodeIgniter\CodeIgniter->handleRequest(null, Object(Config\Cache), false)
 7 FCPATH\index.php(67): CodeIgniter\CodeIgniter->run()
CRITICAL - 2023-08-16 09:05:54 --> Illegal offset type
in SYSTEMPATH\Database\BaseBuilder.php on line 741.
 1 SYSTEMPATH\Database\BaseBuilder.php(698): CodeIgniter\Database\BaseBuilder->whereHaving('QBWhere', Object(Closure), null, 'AND ', null)
 2 SYSTEMPATH\Model.php(836): CodeIgniter\Database\BaseBuilder->where(Object(Closure))
 3 APPPATH\Controllers\ActivitesLogController.php(29): CodeIgniter\Model->__call('where', [...])
 4 SYSTEMPATH\CodeIgniter.php(932): App\Controllers\ActivitesLogController->getDatalog('0', '0')
 5 SYSTEMPATH\CodeIgniter.php(497): CodeIgniter\CodeIgniter->runController(Object(App\Controllers\ActivitesLogController))
 6 SYSTEMPATH\CodeIgniter.php(366): CodeIgniter\CodeIgniter->handleRequest(null, Object(Config\Cache), false)
 7 FCPATH\index.php(67): CodeIgniter\CodeIgniter->run()
CRITICAL - 2023-08-16 09:06:47 --> Illegal offset type
in SYSTEMPATH\Database\BaseBuilder.php on line 741.
 1 SYSTEMPATH\Database\BaseBuilder.php(698): CodeIgniter\Database\BaseBuilder->whereHaving('QBWhere', Object(Closure), null, 'AND ', null)
 2 SYSTEMPATH\Model.php(836): CodeIgniter\Database\BaseBuilder->where(Object(Closure))
 3 APPPATH\Controllers\ActivitesLogController.php(29): CodeIgniter\Model->__call('where', [...])
 4 SYSTEMPATH\CodeIgniter.php(932): App\Controllers\ActivitesLogController->getDatalog('0', '0')
 5 SYSTEMPATH\CodeIgniter.php(497): CodeIgniter\CodeIgniter->runController(Object(App\Controllers\ActivitesLogController))
 6 SYSTEMPATH\CodeIgniter.php(366): CodeIgniter\CodeIgniter->handleRequest(null, Object(Config\Cache), false)
 7 FCPATH\index.php(67): CodeIgniter\CodeIgniter->run()
CRITICAL - 2023-08-16 09:07:03 --> Illegal offset type
in SYSTEMPATH\Database\BaseBuilder.php on line 741.
 1 SYSTEMPATH\Database\BaseBuilder.php(698): CodeIgniter\Database\BaseBuilder->whereHaving('QBWhere', Object(Closure), null, 'AND ', null)
 2 SYSTEMPATH\Model.php(836): CodeIgniter\Database\BaseBuilder->where(Object(Closure))
 3 APPPATH\Controllers\ActivitesLogController.php(29): CodeIgniter\Model->__call('where', [...])
 4 SYSTEMPATH\CodeIgniter.php(932): App\Controllers\ActivitesLogController->getDatalog('0', '0')
 5 SYSTEMPATH\CodeIgniter.php(497): CodeIgniter\CodeIgniter->runController(Object(App\Controllers\ActivitesLogController))
 6 SYSTEMPATH\CodeIgniter.php(366): CodeIgniter\CodeIgniter->handleRequest(null, Object(Config\Cache), false)
 7 FCPATH\index.php(67): CodeIgniter\CodeIgniter->run()
CRITICAL - 2023-08-16 09:09:11 --> Illegal offset type
in SYSTEMPATH\Database\BaseBuilder.php on line 741.
 1 SYSTEMPATH\Database\BaseBuilder.php(698): CodeIgniter\Database\BaseBuilder->whereHaving('QBWhere', Object(Closure), null, 'AND ', null)
 2 SYSTEMPATH\Model.php(836): CodeIgniter\Database\BaseBuilder->where(Object(Closure))
 3 APPPATH\Controllers\ActivitesLogController.php(30): CodeIgniter\Model->__call('where', [...])
 4 SYSTEMPATH\CodeIgniter.php(932): App\Controllers\ActivitesLogController->getDatalog('0', '0')
 5 SYSTEMPATH\CodeIgniter.php(497): CodeIgniter\CodeIgniter->runController(Object(App\Controllers\ActivitesLogController))
 6 SYSTEMPATH\CodeIgniter.php(366): CodeIgniter\CodeIgniter->handleRequest(null, Object(Config\Cache), false)
 7 FCPATH\index.php(67): CodeIgniter\CodeIgniter->run()
CRITICAL - 2023-08-16 09:09:16 --> Illegal offset type
in SYSTEMPATH\Database\BaseBuilder.php on line 741.
 1 SYSTEMPATH\Database\BaseBuilder.php(698): CodeIgniter\Database\BaseBuilder->whereHaving('QBWhere', Object(Closure), null, 'AND ', null)
 2 SYSTEMPATH\Model.php(836): CodeIgniter\Database\BaseBuilder->where(Object(Closure))
 3 APPPATH\Controllers\ActivitesLogController.php(30): CodeIgniter\Model->__call('where', [...])
 4 SYSTEMPATH\CodeIgniter.php(932): App\Controllers\ActivitesLogController->getDatalog('0', '0')
 5 SYSTEMPATH\CodeIgniter.php(497): CodeIgniter\CodeIgniter->runController(Object(App\Controllers\ActivitesLogController))
 6 SYSTEMPATH\CodeIgniter.php(366): CodeIgniter\CodeIgniter->handleRequest(null, Object(Config\Cache), false)
 7 FCPATH\index.php(67): CodeIgniter\CodeIgniter->run()
CRITICAL - 2023-08-16 09:11:15 --> Illegal offset type
in SYSTEMPATH\Database\BaseBuilder.php on line 741.
 1 SYSTEMPATH\Database\BaseBuilder.php(698): CodeIgniter\Database\BaseBuilder->whereHaving('QBWhere', Object(Closure), null, 'AND ', null)
 2 SYSTEMPATH\Model.php(836): CodeIgniter\Database\BaseBuilder->where(Object(Closure))
 3 APPPATH\Controllers\ActivitesLogController.php(30): CodeIgniter\Model->__call('where', [...])
 4 SYSTEMPATH\CodeIgniter.php(932): App\Controllers\ActivitesLogController->getDatalog('0', '0')
 5 SYSTEMPATH\CodeIgniter.php(497): CodeIgniter\CodeIgniter->runController(Object(App\Controllers\ActivitesLogController))
 6 SYSTEMPATH\CodeIgniter.php(366): CodeIgniter\CodeIgniter->handleRequest(null, Object(Config\Cache), false)
 7 FCPATH\index.php(67): CodeIgniter\CodeIgniter->run()
CRITICAL - 2023-08-16 09:11:25 --> Illegal offset type
in SYSTEMPATH\Database\BaseBuilder.php on line 741.
 1 SYSTEMPATH\Database\BaseBuilder.php(698): CodeIgniter\Database\BaseBuilder->whereHaving('QBWhere', Object(Closure), null, 'AND ', null)
 2 SYSTEMPATH\Model.php(836): CodeIgniter\Database\BaseBuilder->where(Object(Closure))
 3 APPPATH\Controllers\ActivitesLogController.php(30): CodeIgniter\Model->__call('where', [...])
 4 SYSTEMPATH\CodeIgniter.php(932): App\Controllers\ActivitesLogController->getDatalog('0', '0')
 5 SYSTEMPATH\CodeIgniter.php(497): CodeIgniter\CodeIgniter->runController(Object(App\Controllers\ActivitesLogController))
 6 SYSTEMPATH\CodeIgniter.php(366): CodeIgniter\CodeIgniter->handleRequest(null, Object(Config\Cache), false)
 7 FCPATH\index.php(67): CodeIgniter\CodeIgniter->run()
ERROR - 2023-08-16 09:18:30 --> mysqli_sql_exception: You have an error in your SQL syntax; check the manual that corresponds to your MariaDB server version for the right syntax to use near '-1' at line 3 in C:\xampp\htdocs\isms-project\vendor\codeigniter4\framework\system\Database\MySQLi\Connection.php:295
Stack trace:
#0 C:\xampp\htdocs\isms-project\vendor\codeigniter4\framework\system\Database\MySQLi\Connection.php(295): mysqli->query('SELECT *\nFROM `...', 0)
#1 C:\xampp\htdocs\isms-project\vendor\codeigniter4\framework\system\Database\BaseConnection.php(692): CodeIgniter\Database\MySQLi\Connection->execute('SELECT *\nFROM `...')
#2 C:\xampp\htdocs\isms-project\vendor\codeigniter4\framework\system\Database\BaseConnection.php(606): CodeIgniter\Database\BaseConnection->simpleQuery('SELECT *\nFROM `...')
#3 C:\xampp\htdocs\isms-project\vendor\codeigniter4\framework\system\Database\BaseBuilder.php(1616): CodeIgniter\Database\BaseConnection->query('SELECT *\nFROM `...', Array, false)
#4 C:\xampp\htdocs\isms-project\vendor\codeigniter4\framework\system\Model.php(241): CodeIgniter\Database\BaseBuilder->get()
#5 C:\xampp\htdocs\isms-project\vendor\codeigniter4\framework\system\BaseModel.php(618): CodeIgniter\Model->doFindAll(-1, 0)
#6 C:\xampp\htdocs\isms-project\app\Controllers\ActivitesLogController.php(62): CodeIgniter\BaseModel->findAll(-1, 0)
#7 C:\xampp\htdocs\isms-project\vendor\codeigniter4\framework\system\CodeIgniter.php(932): App\Controllers\ActivitesLogController->getDatalog('0', '0')
#8 C:\xampp\htdocs\isms-project\vendor\codeigniter4\framework\system\CodeIgniter.php(497): CodeIgniter\CodeIgniter->runController(Object(App\Controllers\ActivitesLogController))
#9 C:\xampp\htdocs\isms-project\vendor\codeigniter4\framework\system\CodeIgniter.php(366): CodeIgniter\CodeIgniter->handleRequest(NULL, Object(Config\Cache), false)
#10 C:\xampp\htdocs\isms-project\index.php(67): CodeIgniter\CodeIgniter->run()
#11 {main}
CRITICAL - 2023-08-16 09:18:30 --> You have an error in your SQL syntax; check the manual that corresponds to your MariaDB server version for the right syntax to use near '-1' at line 3
in SYSTEMPATH\Database\MySQLi\Connection.php on line 295.
 1 SYSTEMPATH\Database\MySQLi\Connection.php(295): mysqli->query('SELECT *
FROM `activities_log`
 LIMIT -1', 0)
 2 SYSTEMPATH\Database\BaseConnection.php(692): CodeIgniter\Database\MySQLi\Connection->execute('SELECT *
FROM `activities_log`
 LIMIT -1')
 3 SYSTEMPATH\Database\BaseConnection.php(606): CodeIgniter\Database\BaseConnection->simpleQuery('SELECT *
FROM `activities_log`
 LIMIT -1')
 4 SYSTEMPATH\Database\BaseBuilder.php(1616): CodeIgniter\Database\BaseConnection->query('SELECT *
FROM `activities_log`
 LIMIT -1', [], false)
 5 SYSTEMPATH\Model.php(241): CodeIgniter\Database\BaseBuilder->get()
 6 SYSTEMPATH\BaseModel.php(618): CodeIgniter\Model->doFindAll(-1, 0)
 7 APPPATH\Controllers\ActivitesLogController.php(62): CodeIgniter\BaseModel->findAll(-1, 0)
 8 SYSTEMPATH\CodeIgniter.php(932): App\Controllers\ActivitesLogController->getDatalog('0', '0')
 9 SYSTEMPATH\CodeIgniter.php(497): CodeIgniter\CodeIgniter->runController(Object(App\Controllers\ActivitesLogController))
10 SYSTEMPATH\CodeIgniter.php(366): CodeIgniter\CodeIgniter->handleRequest(null, Object(Config\Cache), false)
11 FCPATH\index.php(67): CodeIgniter\CodeIgniter->run()
CRITICAL - 2023-08-16 09:19:16 --> Undefined variable $totalRecords
in APPPATH\Controllers\ActivitesLogController.php on line 67.
 1 APPPATH\Controllers\ActivitesLogController.php(67): CodeIgniter\Debug\Exceptions->errorHandler(2, 'Undefined variable $totalRecords', 'C:\\xampp\\htdocs\\isms-project\\app\\Controllers\\ActivitesLogController.php', 67)
 2 SYSTEMPATH\CodeIgniter.php(932): App\Controllers\ActivitesLogController->getDatalog('1', '1')
 3 SYSTEMPATH\CodeIgniter.php(497): CodeIgniter\CodeIgniter->runController(Object(App\Controllers\ActivitesLogController))
 4 SYSTEMPATH\CodeIgniter.php(366): CodeIgniter\CodeIgniter->handleRequest(null, Object(Config\Cache), false)
 5 FCPATH\index.php(67): CodeIgniter\CodeIgniter->run()
