CRITICAL - 2023-10-11 02:13:56 --> Undefined variable $text_path
in APPPATH\Views\timeline.php on line 2.
 1 APPPATH\Views\timeline.php(2): CodeIgniter\Debug\Exceptions->errorHandler(2, 'Undefined variable $text_path', 'C:\\xampp8\\htdocs\\e-iso-optimize\\app\\Views\\timeline.php', 2)
 2 SYSTEMPATH\View\View.php(224): include('C:\\xampp8\\htdocs\\e-iso-optimize\\app\\Views\\timeline.php')
 3 SYSTEMPATH\View\View.php(227): CodeIgniter\View\View->CodeIgniter\View\{closure}()
 4 SYSTEMPATH\Common.php(1180): CodeIgniter\View\View->render('timeline', [], true)
 5 APPPATH\Controllers\TimelineController.php(65): view('timeline', [...])
 6 SYSTEMPATH\CodeIgniter.php(932): App\Controllers\TimelineController->index('156', '7', '1')
 7 SYSTEMPATH\CodeIgniter.php(497): CodeIgniter\CodeIgniter->runController(Object(App\Controllers\TimelineController))
 8 SYSTEMPATH\CodeIgniter.php(366): CodeIgniter\CodeIgniter->handleRequest(null, Object(Config\Cache), false)
 9 FCPATH\index.php(67): CodeIgniter\CodeIgniter->run()
CRITICAL - 2023-10-11 02:13:59 --> Undefined variable $text_path
in APPPATH\Views\timeline.php on line 2.
 1 APPPATH\Views\timeline.php(2): CodeIgniter\Debug\Exceptions->errorHandler(2, 'Undefined variable $text_path', 'C:\\xampp8\\htdocs\\e-iso-optimize\\app\\Views\\timeline.php', 2)
 2 SYSTEMPATH\View\View.php(224): include('C:\\xampp8\\htdocs\\e-iso-optimize\\app\\Views\\timeline.php')
 3 SYSTEMPATH\View\View.php(227): CodeIgniter\View\View->CodeIgniter\View\{closure}()
 4 SYSTEMPATH\Common.php(1180): CodeIgniter\View\View->render('timeline', [], true)
 5 APPPATH\Controllers\TimelineController.php(65): view('timeline', [...])
 6 SYSTEMPATH\CodeIgniter.php(932): App\Controllers\TimelineController->index('156', '7', '1')
 7 SYSTEMPATH\CodeIgniter.php(497): CodeIgniter\CodeIgniter->runController(Object(App\Controllers\TimelineController))
 8 SYSTEMPATH\CodeIgniter.php(366): CodeIgniter\CodeIgniter->handleRequest(null, Object(Config\Cache), false)
 9 FCPATH\index.php(67): CodeIgniter\CodeIgniter->run()
CRITICAL - 2023-10-11 02:20:16 --> Undefined variable $text_path
in APPPATH\Views\timeline.php on line 2.
 1 APPPATH\Views\timeline.php(2): CodeIgniter\Debug\Exceptions->errorHandler(2, 'Undefined variable $text_path', 'C:\\xampp8\\htdocs\\e-iso-optimize\\app\\Views\\timeline.php', 2)
 2 SYSTEMPATH\View\View.php(224): include('C:\\xampp8\\htdocs\\e-iso-optimize\\app\\Views\\timeline.php')
 3 SYSTEMPATH\View\View.php(227): CodeIgniter\View\View->CodeIgniter\View\{closure}()
 4 SYSTEMPATH\Common.php(1180): CodeIgniter\View\View->render('timeline', [], true)
 5 APPPATH\Controllers\TimelineController.php(65): view('timeline', [...])
 6 SYSTEMPATH\CodeIgniter.php(932): App\Controllers\TimelineController->index('156', '7', '1')
 7 SYSTEMPATH\CodeIgniter.php(497): CodeIgniter\CodeIgniter->runController(Object(App\Controllers\TimelineController))
 8 SYSTEMPATH\CodeIgniter.php(366): CodeIgniter\CodeIgniter->handleRequest(null, Object(Config\Cache), false)
 9 FCPATH\index.php(67): CodeIgniter\CodeIgniter->run()
CRITICAL - 2023-10-11 02:25:43 --> Undefined variable $TimelineModels
in APPPATH\Controllers\Leadership_CommitmentController.php on line 92.
 1 APPPATH\Controllers\Leadership_CommitmentController.php(92): CodeIgniter\Debug\Exceptions->errorHandler(2, 'Undefined variable $TimelineModels', 'C:\\xampp8\\htdocs\\e-iso-optimize\\app\\Controllers\\Leadership_CommitmentController.php', 92)
 2 SYSTEMPATH\CodeIgniter.php(932): App\Controllers\Leadership_CommitmentController->is_objective_create('156', '')
 3 SYSTEMPATH\CodeIgniter.php(497): CodeIgniter\CodeIgniter->runController(Object(App\Controllers\Leadership_CommitmentController))
 4 SYSTEMPATH\CodeIgniter.php(366): CodeIgniter\CodeIgniter->handleRequest(null, Object(Config\Cache), false)
 5 FCPATH\index.php(67): CodeIgniter\CodeIgniter->run()
ERROR - 2023-10-11 02:25:51 --> mysqli_sql_exception: Column 'text' cannot be null in C:\xampp8\htdocs\e-iso-optimize\vendor\codeigniter4\framework\system\Database\MySQLi\Connection.php:295
Stack trace:
#0 C:\xampp8\htdocs\e-iso-optimize\vendor\codeigniter4\framework\system\Database\MySQLi\Connection.php(295): mysqli->query('INSERT INTO `le...', 0)
#1 C:\xampp8\htdocs\e-iso-optimize\vendor\codeigniter4\framework\system\Database\BaseConnection.php(692): CodeIgniter\Database\MySQLi\Connection->execute('INSERT INTO `le...')
#2 C:\xampp8\htdocs\e-iso-optimize\vendor\codeigniter4\framework\system\Database\BaseConnection.php(606): CodeIgniter\Database\BaseConnection->simpleQuery('INSERT INTO `le...')
#3 C:\xampp8\htdocs\e-iso-optimize\vendor\codeigniter4\framework\system\Database\BaseBuilder.php(2309): CodeIgniter\Database\BaseConnection->query('INSERT INTO `le...', Array, false)
#4 C:\xampp8\htdocs\e-iso-optimize\vendor\codeigniter4\framework\system\Model.php(330): CodeIgniter\Database\BaseBuilder->insert()
#5 C:\xampp8\htdocs\e-iso-optimize\vendor\codeigniter4\framework\system\BaseModel.php(782): CodeIgniter\Model->doInsert(Array)
#6 C:\xampp8\htdocs\e-iso-optimize\vendor\codeigniter4\framework\system\Model.php(730): CodeIgniter\BaseModel->insert(Array, false)
#7 C:\xampp8\htdocs\e-iso-optimize\vendor\codeigniter4\framework\system\BaseModel.php(692): CodeIgniter\Model->insert(Array, false)
#8 C:\xampp8\htdocs\e-iso-optimize\app\Controllers\Leadership_CommitmentController.php(82): CodeIgniter\BaseModel->save(Array)
#9 C:\xampp8\htdocs\e-iso-optimize\vendor\codeigniter4\framework\system\CodeIgniter.php(932): App\Controllers\Leadership_CommitmentController->is_objective_create('156', '')
#10 C:\xampp8\htdocs\e-iso-optimize\vendor\codeigniter4\framework\system\CodeIgniter.php(497): CodeIgniter\CodeIgniter->runController(Object(App\Controllers\Leadership_CommitmentController))
#11 C:\xampp8\htdocs\e-iso-optimize\vendor\codeigniter4\framework\system\CodeIgniter.php(366): CodeIgniter\CodeIgniter->handleRequest(NULL, Object(Config\Cache), false)
#12 C:\xampp8\htdocs\e-iso-optimize\index.php(67): CodeIgniter\CodeIgniter->run()
#13 {main}
CRITICAL - 2023-10-11 02:25:51 --> Column 'text' cannot be null
in SYSTEMPATH\Database\MySQLi\Connection.php on line 295.
 1 SYSTEMPATH\Database\MySQLi\Connection.php(295): mysqli->query('INSERT INTO `leadership_is_objective_table` (`text`, `id_version`) VALUES (NULL, \'156\')', 0)
 2 SYSTEMPATH\Database\BaseConnection.php(692): CodeIgniter\Database\MySQLi\Connection->execute('INSERT INTO `leadership_is_objective_table` (`text`, `id_version`) VALUES (NULL, \'156\')')
 3 SYSTEMPATH\Database\BaseConnection.php(606): CodeIgniter\Database\BaseConnection->simpleQuery('INSERT INTO `leadership_is_objective_table` (`text`, `id_version`) VALUES (NULL, \'156\')')
 4 SYSTEMPATH\Database\BaseBuilder.php(2309): CodeIgniter\Database\BaseConnection->query('INSERT INTO `leadership_is_objective_table` (`text`, `id_version`) VALUES (:text:, :id_version:)', [...], false)
 5 SYSTEMPATH\Model.php(330): CodeIgniter\Database\BaseBuilder->insert()
 6 SYSTEMPATH\BaseModel.php(782): CodeIgniter\Model->doInsert([...])
 7 SYSTEMPATH\Model.php(730): CodeIgniter\BaseModel->insert([...], false)
 8 SYSTEMPATH\BaseModel.php(692): CodeIgniter\Model->insert([...], false)
 9 APPPATH\Controllers\Leadership_CommitmentController.php(82): CodeIgniter\BaseModel->save([...])
10 SYSTEMPATH\CodeIgniter.php(932): App\Controllers\Leadership_CommitmentController->is_objective_create('156', '')
11 SYSTEMPATH\CodeIgniter.php(497): CodeIgniter\CodeIgniter->runController(Object(App\Controllers\Leadership_CommitmentController))
12 SYSTEMPATH\CodeIgniter.php(366): CodeIgniter\CodeIgniter->handleRequest(null, Object(Config\Cache), false)
13 FCPATH\index.php(67): CodeIgniter\CodeIgniter->run()
CRITICAL - 2023-10-11 02:32:51 --> Undefined variable $TimelineModels
in APPPATH\Controllers\Leadership_CommitmentController.php on line 92.
 1 APPPATH\Controllers\Leadership_CommitmentController.php(92): CodeIgniter\Debug\Exceptions->errorHandler(2, 'Undefined variable $TimelineModels', 'C:\\xampp8\\htdocs\\e-iso-optimize\\app\\Controllers\\Leadership_CommitmentController.php', 92)
 2 SYSTEMPATH\CodeIgniter.php(932): App\Controllers\Leadership_CommitmentController->is_objective_create('156', '')
 3 SYSTEMPATH\CodeIgniter.php(497): CodeIgniter\CodeIgniter->runController(Object(App\Controllers\Leadership_CommitmentController))
 4 SYSTEMPATH\CodeIgniter.php(366): CodeIgniter\CodeIgniter->handleRequest(null, Object(Config\Cache), false)
 5 FCPATH\index.php(67): CodeIgniter\CodeIgniter->run()
CRITICAL - 2023-10-11 02:38:57 --> Undefined variable $TimelineModels
in APPPATH\Controllers\Leadership_CommitmentController.php on line 92.
 1 APPPATH\Controllers\Leadership_CommitmentController.php(92): CodeIgniter\Debug\Exceptions->errorHandler(2, 'Undefined variable $TimelineModels', 'C:\\xampp8\\htdocs\\e-iso-optimize\\app\\Controllers\\Leadership_CommitmentController.php', 92)
 2 SYSTEMPATH\CodeIgniter.php(932): App\Controllers\Leadership_CommitmentController->is_objective_create('156', '')
 3 SYSTEMPATH\CodeIgniter.php(497): CodeIgniter\CodeIgniter->runController(Object(App\Controllers\Leadership_CommitmentController))
 4 SYSTEMPATH\CodeIgniter.php(366): CodeIgniter\CodeIgniter->handleRequest(null, Object(Config\Cache), false)
 5 FCPATH\index.php(67): CodeIgniter\CodeIgniter->run()
CRITICAL - 2023-10-11 02:41:25 --> Undefined variable $TimelineModels
in APPPATH\Controllers\Leadership_CommitmentController.php on line 92.
 1 APPPATH\Controllers\Leadership_CommitmentController.php(92): CodeIgniter\Debug\Exceptions->errorHandler(2, 'Undefined variable $TimelineModels', 'C:\\xampp8\\htdocs\\e-iso-optimize\\app\\Controllers\\Leadership_CommitmentController.php', 92)
 2 SYSTEMPATH\CodeIgniter.php(932): App\Controllers\Leadership_CommitmentController->is_objective_create('156', '')
 3 SYSTEMPATH\CodeIgniter.php(497): CodeIgniter\CodeIgniter->runController(Object(App\Controllers\Leadership_CommitmentController))
 4 SYSTEMPATH\CodeIgniter.php(366): CodeIgniter\CodeIgniter->handleRequest(null, Object(Config\Cache), false)
 5 FCPATH\index.php(67): CodeIgniter\CodeIgniter->run()
CRITICAL - 2023-10-11 02:41:55 --> Undefined variable $TimelineModels
in APPPATH\Controllers\Leadership_CommitmentController.php on line 92.
 1 APPPATH\Controllers\Leadership_CommitmentController.php(92): CodeIgniter\Debug\Exceptions->errorHandler(2, 'Undefined variable $TimelineModels', 'C:\\xampp8\\htdocs\\e-iso-optimize\\app\\Controllers\\Leadership_CommitmentController.php', 92)
 2 SYSTEMPATH\CodeIgniter.php(932): App\Controllers\Leadership_CommitmentController->is_objective_create('156', '')
 3 SYSTEMPATH\CodeIgniter.php(497): CodeIgniter\CodeIgniter->runController(Object(App\Controllers\Leadership_CommitmentController))
 4 SYSTEMPATH\CodeIgniter.php(366): CodeIgniter\CodeIgniter->handleRequest(null, Object(Config\Cache), false)
 5 FCPATH\index.php(67): CodeIgniter\CodeIgniter->run()
ERROR - 2023-10-11 02:42:07 --> mysqli_sql_exception: Column 'text' cannot be null in C:\xampp8\htdocs\e-iso-optimize\vendor\codeigniter4\framework\system\Database\MySQLi\Connection.php:295
Stack trace:
#0 C:\xampp8\htdocs\e-iso-optimize\vendor\codeigniter4\framework\system\Database\MySQLi\Connection.php(295): mysqli->query('INSERT INTO `le...', 0)
#1 C:\xampp8\htdocs\e-iso-optimize\vendor\codeigniter4\framework\system\Database\BaseConnection.php(692): CodeIgniter\Database\MySQLi\Connection->execute('INSERT INTO `le...')
#2 C:\xampp8\htdocs\e-iso-optimize\vendor\codeigniter4\framework\system\Database\BaseConnection.php(606): CodeIgniter\Database\BaseConnection->simpleQuery('INSERT INTO `le...')
#3 C:\xampp8\htdocs\e-iso-optimize\vendor\codeigniter4\framework\system\Database\BaseBuilder.php(2309): CodeIgniter\Database\BaseConnection->query('INSERT INTO `le...', Array, false)
#4 C:\xampp8\htdocs\e-iso-optimize\vendor\codeigniter4\framework\system\Model.php(330): CodeIgniter\Database\BaseBuilder->insert()
#5 C:\xampp8\htdocs\e-iso-optimize\vendor\codeigniter4\framework\system\BaseModel.php(782): CodeIgniter\Model->doInsert(Array)
#6 C:\xampp8\htdocs\e-iso-optimize\vendor\codeigniter4\framework\system\Model.php(730): CodeIgniter\BaseModel->insert(Array, false)
#7 C:\xampp8\htdocs\e-iso-optimize\vendor\codeigniter4\framework\system\BaseModel.php(692): CodeIgniter\Model->insert(Array, false)
#8 C:\xampp8\htdocs\e-iso-optimize\app\Controllers\Leadership_CommitmentController.php(82): CodeIgniter\BaseModel->save(Array)
#9 C:\xampp8\htdocs\e-iso-optimize\vendor\codeigniter4\framework\system\CodeIgniter.php(932): App\Controllers\Leadership_CommitmentController->is_objective_create('156', '')
#10 C:\xampp8\htdocs\e-iso-optimize\vendor\codeigniter4\framework\system\CodeIgniter.php(497): CodeIgniter\CodeIgniter->runController(Object(App\Controllers\Leadership_CommitmentController))
#11 C:\xampp8\htdocs\e-iso-optimize\vendor\codeigniter4\framework\system\CodeIgniter.php(366): CodeIgniter\CodeIgniter->handleRequest(NULL, Object(Config\Cache), false)
#12 C:\xampp8\htdocs\e-iso-optimize\index.php(67): CodeIgniter\CodeIgniter->run()
#13 {main}
CRITICAL - 2023-10-11 02:42:07 --> Column 'text' cannot be null
in SYSTEMPATH\Database\MySQLi\Connection.php on line 295.
 1 SYSTEMPATH\Database\MySQLi\Connection.php(295): mysqli->query('INSERT INTO `leadership_is_objective_table` (`text`, `id_version`) VALUES (NULL, \'156\')', 0)
 2 SYSTEMPATH\Database\BaseConnection.php(692): CodeIgniter\Database\MySQLi\Connection->execute('INSERT INTO `leadership_is_objective_table` (`text`, `id_version`) VALUES (NULL, \'156\')')
 3 SYSTEMPATH\Database\BaseConnection.php(606): CodeIgniter\Database\BaseConnection->simpleQuery('INSERT INTO `leadership_is_objective_table` (`text`, `id_version`) VALUES (NULL, \'156\')')
 4 SYSTEMPATH\Database\BaseBuilder.php(2309): CodeIgniter\Database\BaseConnection->query('INSERT INTO `leadership_is_objective_table` (`text`, `id_version`) VALUES (:text:, :id_version:)', [...], false)
 5 SYSTEMPATH\Model.php(330): CodeIgniter\Database\BaseBuilder->insert()
 6 SYSTEMPATH\BaseModel.php(782): CodeIgniter\Model->doInsert([...])
 7 SYSTEMPATH\Model.php(730): CodeIgniter\BaseModel->insert([...], false)
 8 SYSTEMPATH\BaseModel.php(692): CodeIgniter\Model->insert([...], false)
 9 APPPATH\Controllers\Leadership_CommitmentController.php(82): CodeIgniter\BaseModel->save([...])
10 SYSTEMPATH\CodeIgniter.php(932): App\Controllers\Leadership_CommitmentController->is_objective_create('156', '')
11 SYSTEMPATH\CodeIgniter.php(497): CodeIgniter\CodeIgniter->runController(Object(App\Controllers\Leadership_CommitmentController))
12 SYSTEMPATH\CodeIgniter.php(366): CodeIgniter\CodeIgniter->handleRequest(null, Object(Config\Cache), false)
13 FCPATH\index.php(67): CodeIgniter\CodeIgniter->run()
CRITICAL - 2023-10-11 02:43:06 --> Undefined variable $TimelineModels
in APPPATH\Controllers\Leadership_CommitmentController.php on line 92.
 1 APPPATH\Controllers\Leadership_CommitmentController.php(92): CodeIgniter\Debug\Exceptions->errorHandler(2, 'Undefined variable $TimelineModels', 'C:\\xampp8\\htdocs\\e-iso-optimize\\app\\Controllers\\Leadership_CommitmentController.php', 92)
 2 SYSTEMPATH\CodeIgniter.php(932): App\Controllers\Leadership_CommitmentController->is_objective_create('156', '')
 3 SYSTEMPATH\CodeIgniter.php(497): CodeIgniter\CodeIgniter->runController(Object(App\Controllers\Leadership_CommitmentController))
 4 SYSTEMPATH\CodeIgniter.php(366): CodeIgniter\CodeIgniter->handleRequest(null, Object(Config\Cache), false)
 5 FCPATH\index.php(67): CodeIgniter\CodeIgniter->run()
ERROR - 2023-10-11 02:43:18 --> mysqli_sql_exception: Column 'text' cannot be null in C:\xampp8\htdocs\e-iso-optimize\vendor\codeigniter4\framework\system\Database\MySQLi\Connection.php:295
Stack trace:
#0 C:\xampp8\htdocs\e-iso-optimize\vendor\codeigniter4\framework\system\Database\MySQLi\Connection.php(295): mysqli->query('INSERT INTO `le...', 0)
#1 C:\xampp8\htdocs\e-iso-optimize\vendor\codeigniter4\framework\system\Database\BaseConnection.php(692): CodeIgniter\Database\MySQLi\Connection->execute('INSERT INTO `le...')
#2 C:\xampp8\htdocs\e-iso-optimize\vendor\codeigniter4\framework\system\Database\BaseConnection.php(606): CodeIgniter\Database\BaseConnection->simpleQuery('INSERT INTO `le...')
#3 C:\xampp8\htdocs\e-iso-optimize\vendor\codeigniter4\framework\system\Database\BaseBuilder.php(2309): CodeIgniter\Database\BaseConnection->query('INSERT INTO `le...', Array, false)
#4 C:\xampp8\htdocs\e-iso-optimize\vendor\codeigniter4\framework\system\Model.php(330): CodeIgniter\Database\BaseBuilder->insert()
#5 C:\xampp8\htdocs\e-iso-optimize\vendor\codeigniter4\framework\system\BaseModel.php(782): CodeIgniter\Model->doInsert(Array)
#6 C:\xampp8\htdocs\e-iso-optimize\vendor\codeigniter4\framework\system\Model.php(730): CodeIgniter\BaseModel->insert(Array, false)
#7 C:\xampp8\htdocs\e-iso-optimize\vendor\codeigniter4\framework\system\BaseModel.php(692): CodeIgniter\Model->insert(Array, false)
#8 C:\xampp8\htdocs\e-iso-optimize\app\Controllers\Leadership_CommitmentController.php(82): CodeIgniter\BaseModel->save(Array)
#9 C:\xampp8\htdocs\e-iso-optimize\vendor\codeigniter4\framework\system\CodeIgniter.php(932): App\Controllers\Leadership_CommitmentController->is_objective_create('156', '')
#10 C:\xampp8\htdocs\e-iso-optimize\vendor\codeigniter4\framework\system\CodeIgniter.php(497): CodeIgniter\CodeIgniter->runController(Object(App\Controllers\Leadership_CommitmentController))
#11 C:\xampp8\htdocs\e-iso-optimize\vendor\codeigniter4\framework\system\CodeIgniter.php(366): CodeIgniter\CodeIgniter->handleRequest(NULL, Object(Config\Cache), false)
#12 C:\xampp8\htdocs\e-iso-optimize\index.php(67): CodeIgniter\CodeIgniter->run()
#13 {main}
CRITICAL - 2023-10-11 02:43:18 --> Column 'text' cannot be null
in SYSTEMPATH\Database\MySQLi\Connection.php on line 295.
 1 SYSTEMPATH\Database\MySQLi\Connection.php(295): mysqli->query('INSERT INTO `leadership_is_objective_table` (`text`, `id_version`) VALUES (NULL, \'156\')', 0)
 2 SYSTEMPATH\Database\BaseConnection.php(692): CodeIgniter\Database\MySQLi\Connection->execute('INSERT INTO `leadership_is_objective_table` (`text`, `id_version`) VALUES (NULL, \'156\')')
 3 SYSTEMPATH\Database\BaseConnection.php(606): CodeIgniter\Database\BaseConnection->simpleQuery('INSERT INTO `leadership_is_objective_table` (`text`, `id_version`) VALUES (NULL, \'156\')')
 4 SYSTEMPATH\Database\BaseBuilder.php(2309): CodeIgniter\Database\BaseConnection->query('INSERT INTO `leadership_is_objective_table` (`text`, `id_version`) VALUES (:text:, :id_version:)', [...], false)
 5 SYSTEMPATH\Model.php(330): CodeIgniter\Database\BaseBuilder->insert()
 6 SYSTEMPATH\BaseModel.php(782): CodeIgniter\Model->doInsert([...])
 7 SYSTEMPATH\Model.php(730): CodeIgniter\BaseModel->insert([...], false)
 8 SYSTEMPATH\BaseModel.php(692): CodeIgniter\Model->insert([...], false)
 9 APPPATH\Controllers\Leadership_CommitmentController.php(82): CodeIgniter\BaseModel->save([...])
10 SYSTEMPATH\CodeIgniter.php(932): App\Controllers\Leadership_CommitmentController->is_objective_create('156', '')
11 SYSTEMPATH\CodeIgniter.php(497): CodeIgniter\CodeIgniter->runController(Object(App\Controllers\Leadership_CommitmentController))
12 SYSTEMPATH\CodeIgniter.php(366): CodeIgniter\CodeIgniter->handleRequest(null, Object(Config\Cache), false)
13 FCPATH\index.php(67): CodeIgniter\CodeIgniter->run()
ERROR - 2023-10-11 03:35:47 --> mysqli_sql_exception: Column 'status_id' cannot be null in C:\xampp8\htdocs\e-iso-optimize\vendor\codeigniter4\framework\system\Database\MySQLi\Connection.php:295
Stack trace:
#0 C:\xampp8\htdocs\e-iso-optimize\vendor\codeigniter4\framework\system\Database\MySQLi\Connection.php(295): mysqli->query('INSERT INTO `ti...', 0)
#1 C:\xampp8\htdocs\e-iso-optimize\vendor\codeigniter4\framework\system\Database\BaseConnection.php(692): CodeIgniter\Database\MySQLi\Connection->execute('INSERT INTO `ti...')
#2 C:\xampp8\htdocs\e-iso-optimize\vendor\codeigniter4\framework\system\Database\BaseConnection.php(606): CodeIgniter\Database\BaseConnection->simpleQuery('INSERT INTO `ti...')
#3 C:\xampp8\htdocs\e-iso-optimize\vendor\codeigniter4\framework\system\Database\BaseBuilder.php(2309): CodeIgniter\Database\BaseConnection->query('INSERT INTO `ti...', Array, false)
#4 C:\xampp8\htdocs\e-iso-optimize\vendor\codeigniter4\framework\system\Model.php(330): CodeIgniter\Database\BaseBuilder->insert()
#5 C:\xampp8\htdocs\e-iso-optimize\vendor\codeigniter4\framework\system\BaseModel.php(782): CodeIgniter\Model->doInsert(Array)
#6 C:\xampp8\htdocs\e-iso-optimize\vendor\codeigniter4\framework\system\Model.php(730): CodeIgniter\BaseModel->insert(Array, false)
#7 C:\xampp8\htdocs\e-iso-optimize\vendor\codeigniter4\framework\system\BaseModel.php(692): CodeIgniter\Model->insert(Array, false)
#8 C:\xampp8\htdocs\e-iso-optimize\app\Controllers\Leadership_CommitmentController.php(174): CodeIgniter\BaseModel->save(Array)
#9 C:\xampp8\htdocs\e-iso-optimize\vendor\codeigniter4\framework\system\CodeIgniter.php(932): App\Controllers\Leadership_CommitmentController->is_objective_delete('11', '')
#10 C:\xampp8\htdocs\e-iso-optimize\vendor\codeigniter4\framework\system\CodeIgniter.php(497): CodeIgniter\CodeIgniter->runController(Object(App\Controllers\Leadership_CommitmentController))
#11 C:\xampp8\htdocs\e-iso-optimize\vendor\codeigniter4\framework\system\CodeIgniter.php(366): CodeIgniter\CodeIgniter->handleRequest(NULL, Object(Config\Cache), false)
#12 C:\xampp8\htdocs\e-iso-optimize\index.php(67): CodeIgniter\CodeIgniter->run()
#13 {main}
CRITICAL - 2023-10-11 03:35:47 --> Column 'status_id' cannot be null
in SYSTEMPATH\Database\MySQLi\Connection.php on line 295.
 1 SYSTEMPATH\Database\MySQLi\Connection.php(295): mysqli->query('INSERT INTO `timeline_log` (`text_timeline`, `type_timeline`, `status_id`, `id_note`, `id_user`) VALUES (\'TNET Developer Delete IS Objective\', 1, NULL, NULL, \'5\')', 0)
 2 SYSTEMPATH\Database\BaseConnection.php(692): CodeIgniter\Database\MySQLi\Connection->execute('INSERT INTO `timeline_log` (`text_timeline`, `type_timeline`, `status_id`, `id_note`, `id_user`) VALUES (\'TNET Developer Delete IS Objective\', 1, NULL, NULL, \'5\')')
 3 SYSTEMPATH\Database\BaseConnection.php(606): CodeIgniter\Database\BaseConnection->simpleQuery('INSERT INTO `timeline_log` (`text_timeline`, `type_timeline`, `status_id`, `id_note`, `id_user`) VALUES (\'TNET Developer Delete IS Objective\', 1, NULL, NULL, \'5\')')
 4 SYSTEMPATH\Database\BaseBuilder.php(2309): CodeIgniter\Database\BaseConnection->query('INSERT INTO `timeline_log` (`text_timeline`, `type_timeline`, `status_id`, `id_note`, `id_user`) VALUES (:text_timeline:, :type_timeline:, :status_id:, :id_note:, :id_user:)', [...], false)
 5 SYSTEMPATH\Model.php(330): CodeIgniter\Database\BaseBuilder->insert()
 6 SYSTEMPATH\BaseModel.php(782): CodeIgniter\Model->doInsert([...])
 7 SYSTEMPATH\Model.php(730): CodeIgniter\BaseModel->insert([...], false)
 8 SYSTEMPATH\BaseModel.php(692): CodeIgniter\Model->insert([...], false)
 9 APPPATH\Controllers\Leadership_CommitmentController.php(174): CodeIgniter\BaseModel->save([...])
10 SYSTEMPATH\CodeIgniter.php(932): App\Controllers\Leadership_CommitmentController->is_objective_delete('11', '')
11 SYSTEMPATH\CodeIgniter.php(497): CodeIgniter\CodeIgniter->runController(Object(App\Controllers\Leadership_CommitmentController))
12 SYSTEMPATH\CodeIgniter.php(366): CodeIgniter\CodeIgniter->handleRequest(null, Object(Config\Cache), false)
13 FCPATH\index.php(67): CodeIgniter\CodeIgniter->run()
ERROR - 2023-10-11 03:35:58 --> mysqli_sql_exception: Column 'status_id' cannot be null in C:\xampp8\htdocs\e-iso-optimize\vendor\codeigniter4\framework\system\Database\MySQLi\Connection.php:295
Stack trace:
#0 C:\xampp8\htdocs\e-iso-optimize\vendor\codeigniter4\framework\system\Database\MySQLi\Connection.php(295): mysqli->query('INSERT INTO `ti...', 0)
#1 C:\xampp8\htdocs\e-iso-optimize\vendor\codeigniter4\framework\system\Database\BaseConnection.php(692): CodeIgniter\Database\MySQLi\Connection->execute('INSERT INTO `ti...')
#2 C:\xampp8\htdocs\e-iso-optimize\vendor\codeigniter4\framework\system\Database\BaseConnection.php(606): CodeIgniter\Database\BaseConnection->simpleQuery('INSERT INTO `ti...')
#3 C:\xampp8\htdocs\e-iso-optimize\vendor\codeigniter4\framework\system\Database\BaseBuilder.php(2309): CodeIgniter\Database\BaseConnection->query('INSERT INTO `ti...', Array, false)
#4 C:\xampp8\htdocs\e-iso-optimize\vendor\codeigniter4\framework\system\Model.php(330): CodeIgniter\Database\BaseBuilder->insert()
#5 C:\xampp8\htdocs\e-iso-optimize\vendor\codeigniter4\framework\system\BaseModel.php(782): CodeIgniter\Model->doInsert(Array)
#6 C:\xampp8\htdocs\e-iso-optimize\vendor\codeigniter4\framework\system\Model.php(730): CodeIgniter\BaseModel->insert(Array, false)
#7 C:\xampp8\htdocs\e-iso-optimize\vendor\codeigniter4\framework\system\BaseModel.php(692): CodeIgniter\Model->insert(Array, false)
#8 C:\xampp8\htdocs\e-iso-optimize\app\Controllers\Leadership_CommitmentController.php(174): CodeIgniter\BaseModel->save(Array)
#9 C:\xampp8\htdocs\e-iso-optimize\vendor\codeigniter4\framework\system\CodeIgniter.php(932): App\Controllers\Leadership_CommitmentController->is_objective_delete('11', '')
#10 C:\xampp8\htdocs\e-iso-optimize\vendor\codeigniter4\framework\system\CodeIgniter.php(497): CodeIgniter\CodeIgniter->runController(Object(App\Controllers\Leadership_CommitmentController))
#11 C:\xampp8\htdocs\e-iso-optimize\vendor\codeigniter4\framework\system\CodeIgniter.php(366): CodeIgniter\CodeIgniter->handleRequest(NULL, Object(Config\Cache), false)
#12 C:\xampp8\htdocs\e-iso-optimize\index.php(67): CodeIgniter\CodeIgniter->run()
#13 {main}
CRITICAL - 2023-10-11 03:35:58 --> Column 'status_id' cannot be null
in SYSTEMPATH\Database\MySQLi\Connection.php on line 295.
 1 SYSTEMPATH\Database\MySQLi\Connection.php(295): mysqli->query('INSERT INTO `timeline_log` (`text_timeline`, `type_timeline`, `status_id`, `id_note`, `id_user`) VALUES (\'TNET Developer Delete IS Objective\', 1, NULL, NULL, \'5\')', 0)
 2 SYSTEMPATH\Database\BaseConnection.php(692): CodeIgniter\Database\MySQLi\Connection->execute('INSERT INTO `timeline_log` (`text_timeline`, `type_timeline`, `status_id`, `id_note`, `id_user`) VALUES (\'TNET Developer Delete IS Objective\', 1, NULL, NULL, \'5\')')
 3 SYSTEMPATH\Database\BaseConnection.php(606): CodeIgniter\Database\BaseConnection->simpleQuery('INSERT INTO `timeline_log` (`text_timeline`, `type_timeline`, `status_id`, `id_note`, `id_user`) VALUES (\'TNET Developer Delete IS Objective\', 1, NULL, NULL, \'5\')')
 4 SYSTEMPATH\Database\BaseBuilder.php(2309): CodeIgniter\Database\BaseConnection->query('INSERT INTO `timeline_log` (`text_timeline`, `type_timeline`, `status_id`, `id_note`, `id_user`) VALUES (:text_timeline:, :type_timeline:, :status_id:, :id_note:, :id_user:)', [...], false)
 5 SYSTEMPATH\Model.php(330): CodeIgniter\Database\BaseBuilder->insert()
 6 SYSTEMPATH\BaseModel.php(782): CodeIgniter\Model->doInsert([...])
 7 SYSTEMPATH\Model.php(730): CodeIgniter\BaseModel->insert([...], false)
 8 SYSTEMPATH\BaseModel.php(692): CodeIgniter\Model->insert([...], false)
 9 APPPATH\Controllers\Leadership_CommitmentController.php(174): CodeIgniter\BaseModel->save([...])
10 SYSTEMPATH\CodeIgniter.php(932): App\Controllers\Leadership_CommitmentController->is_objective_delete('11', '')
11 SYSTEMPATH\CodeIgniter.php(497): CodeIgniter\CodeIgniter->runController(Object(App\Controllers\Leadership_CommitmentController))
12 SYSTEMPATH\CodeIgniter.php(366): CodeIgniter\CodeIgniter->handleRequest(null, Object(Config\Cache), false)
13 FCPATH\index.php(67): CodeIgniter\CodeIgniter->run()
ERROR - 2023-10-11 06:50:28 --> mysqli_sql_exception: Column 'text' cannot be null in C:\xampp8\htdocs\e-iso-optimize\vendor\codeigniter4\framework\system\Database\MySQLi\Connection.php:295
Stack trace:
#0 C:\xampp8\htdocs\e-iso-optimize\vendor\codeigniter4\framework\system\Database\MySQLi\Connection.php(295): mysqli->query('INSERT INTO `le...', 0)
#1 C:\xampp8\htdocs\e-iso-optimize\vendor\codeigniter4\framework\system\Database\BaseConnection.php(692): CodeIgniter\Database\MySQLi\Connection->execute('INSERT INTO `le...')
#2 C:\xampp8\htdocs\e-iso-optimize\vendor\codeigniter4\framework\system\Database\BaseConnection.php(606): CodeIgniter\Database\BaseConnection->simpleQuery('INSERT INTO `le...')
#3 C:\xampp8\htdocs\e-iso-optimize\vendor\codeigniter4\framework\system\Database\BaseBuilder.php(2309): CodeIgniter\Database\BaseConnection->query('INSERT INTO `le...', Array, false)
#4 C:\xampp8\htdocs\e-iso-optimize\vendor\codeigniter4\framework\system\Model.php(330): CodeIgniter\Database\BaseBuilder->insert()
#5 C:\xampp8\htdocs\e-iso-optimize\vendor\codeigniter4\framework\system\BaseModel.php(782): CodeIgniter\Model->doInsert(Array)
#6 C:\xampp8\htdocs\e-iso-optimize\vendor\codeigniter4\framework\system\Model.php(730): CodeIgniter\BaseModel->insert(Array, false)
#7 C:\xampp8\htdocs\e-iso-optimize\vendor\codeigniter4\framework\system\BaseModel.php(692): CodeIgniter\Model->insert(Array, false)
#8 C:\xampp8\htdocs\e-iso-optimize\app\Controllers\Leadership_CommitmentController.php(84): CodeIgniter\BaseModel->save(Array)
#9 C:\xampp8\htdocs\e-iso-optimize\vendor\codeigniter4\framework\system\CodeIgniter.php(932): App\Controllers\Leadership_CommitmentController->is_objective_create('156', '5')
#10 C:\xampp8\htdocs\e-iso-optimize\vendor\codeigniter4\framework\system\CodeIgniter.php(497): CodeIgniter\CodeIgniter->runController(Object(App\Controllers\Leadership_CommitmentController))
#11 C:\xampp8\htdocs\e-iso-optimize\vendor\codeigniter4\framework\system\CodeIgniter.php(366): CodeIgniter\CodeIgniter->handleRequest(NULL, Object(Config\Cache), false)
#12 C:\xampp8\htdocs\e-iso-optimize\index.php(67): CodeIgniter\CodeIgniter->run()
#13 {main}
CRITICAL - 2023-10-11 06:50:28 --> Column 'text' cannot be null
in SYSTEMPATH\Database\MySQLi\Connection.php on line 295.
 1 SYSTEMPATH\Database\MySQLi\Connection.php(295): mysqli->query('INSERT INTO `leadership_is_objective_table` (`text`, `id_version`) VALUES (NULL, \'156\')', 0)
 2 SYSTEMPATH\Database\BaseConnection.php(692): CodeIgniter\Database\MySQLi\Connection->execute('INSERT INTO `leadership_is_objective_table` (`text`, `id_version`) VALUES (NULL, \'156\')')
 3 SYSTEMPATH\Database\BaseConnection.php(606): CodeIgniter\Database\BaseConnection->simpleQuery('INSERT INTO `leadership_is_objective_table` (`text`, `id_version`) VALUES (NULL, \'156\')')
 4 SYSTEMPATH\Database\BaseBuilder.php(2309): CodeIgniter\Database\BaseConnection->query('INSERT INTO `leadership_is_objective_table` (`text`, `id_version`) VALUES (:text:, :id_version:)', [...], false)
 5 SYSTEMPATH\Model.php(330): CodeIgniter\Database\BaseBuilder->insert()
 6 SYSTEMPATH\BaseModel.php(782): CodeIgniter\Model->doInsert([...])
 7 SYSTEMPATH\Model.php(730): CodeIgniter\BaseModel->insert([...], false)
 8 SYSTEMPATH\BaseModel.php(692): CodeIgniter\Model->insert([...], false)
 9 APPPATH\Controllers\Leadership_CommitmentController.php(84): CodeIgniter\BaseModel->save([...])
10 SYSTEMPATH\CodeIgniter.php(932): App\Controllers\Leadership_CommitmentController->is_objective_create('156', '5')
11 SYSTEMPATH\CodeIgniter.php(497): CodeIgniter\CodeIgniter->runController(Object(App\Controllers\Leadership_CommitmentController))
12 SYSTEMPATH\CodeIgniter.php(366): CodeIgniter\CodeIgniter->handleRequest(null, Object(Config\Cache), false)
13 FCPATH\index.php(67): CodeIgniter\CodeIgniter->run()
ERROR - 2023-10-11 06:50:40 --> mysqli_sql_exception: Column 'text' cannot be null in C:\xampp8\htdocs\e-iso-optimize\vendor\codeigniter4\framework\system\Database\MySQLi\Connection.php:295
Stack trace:
#0 C:\xampp8\htdocs\e-iso-optimize\vendor\codeigniter4\framework\system\Database\MySQLi\Connection.php(295): mysqli->query('INSERT INTO `le...', 0)
#1 C:\xampp8\htdocs\e-iso-optimize\vendor\codeigniter4\framework\system\Database\BaseConnection.php(692): CodeIgniter\Database\MySQLi\Connection->execute('INSERT INTO `le...')
#2 C:\xampp8\htdocs\e-iso-optimize\vendor\codeigniter4\framework\system\Database\BaseConnection.php(606): CodeIgniter\Database\BaseConnection->simpleQuery('INSERT INTO `le...')
#3 C:\xampp8\htdocs\e-iso-optimize\vendor\codeigniter4\framework\system\Database\BaseBuilder.php(2309): CodeIgniter\Database\BaseConnection->query('INSERT INTO `le...', Array, false)
#4 C:\xampp8\htdocs\e-iso-optimize\vendor\codeigniter4\framework\system\Model.php(330): CodeIgniter\Database\BaseBuilder->insert()
#5 C:\xampp8\htdocs\e-iso-optimize\vendor\codeigniter4\framework\system\BaseModel.php(782): CodeIgniter\Model->doInsert(Array)
#6 C:\xampp8\htdocs\e-iso-optimize\vendor\codeigniter4\framework\system\Model.php(730): CodeIgniter\BaseModel->insert(Array, false)
#7 C:\xampp8\htdocs\e-iso-optimize\vendor\codeigniter4\framework\system\BaseModel.php(692): CodeIgniter\Model->insert(Array, false)
#8 C:\xampp8\htdocs\e-iso-optimize\app\Controllers\Leadership_CommitmentController.php(84): CodeIgniter\BaseModel->save(Array)
#9 C:\xampp8\htdocs\e-iso-optimize\vendor\codeigniter4\framework\system\CodeIgniter.php(932): App\Controllers\Leadership_CommitmentController->is_objective_create('156', '5')
#10 C:\xampp8\htdocs\e-iso-optimize\vendor\codeigniter4\framework\system\CodeIgniter.php(497): CodeIgniter\CodeIgniter->runController(Object(App\Controllers\Leadership_CommitmentController))
#11 C:\xampp8\htdocs\e-iso-optimize\vendor\codeigniter4\framework\system\CodeIgniter.php(366): CodeIgniter\CodeIgniter->handleRequest(NULL, Object(Config\Cache), false)
#12 C:\xampp8\htdocs\e-iso-optimize\index.php(67): CodeIgniter\CodeIgniter->run()
#13 {main}
CRITICAL - 2023-10-11 06:50:40 --> Column 'text' cannot be null
in SYSTEMPATH\Database\MySQLi\Connection.php on line 295.
 1 SYSTEMPATH\Database\MySQLi\Connection.php(295): mysqli->query('INSERT INTO `leadership_is_objective_table` (`text`, `id_version`) VALUES (NULL, \'156\')', 0)
 2 SYSTEMPATH\Database\BaseConnection.php(692): CodeIgniter\Database\MySQLi\Connection->execute('INSERT INTO `leadership_is_objective_table` (`text`, `id_version`) VALUES (NULL, \'156\')')
 3 SYSTEMPATH\Database\BaseConnection.php(606): CodeIgniter\Database\BaseConnection->simpleQuery('INSERT INTO `leadership_is_objective_table` (`text`, `id_version`) VALUES (NULL, \'156\')')
 4 SYSTEMPATH\Database\BaseBuilder.php(2309): CodeIgniter\Database\BaseConnection->query('INSERT INTO `leadership_is_objective_table` (`text`, `id_version`) VALUES (:text:, :id_version:)', [...], false)
 5 SYSTEMPATH\Model.php(330): CodeIgniter\Database\BaseBuilder->insert()
 6 SYSTEMPATH\BaseModel.php(782): CodeIgniter\Model->doInsert([...])
 7 SYSTEMPATH\Model.php(730): CodeIgniter\BaseModel->insert([...], false)
 8 SYSTEMPATH\BaseModel.php(692): CodeIgniter\Model->insert([...], false)
 9 APPPATH\Controllers\Leadership_CommitmentController.php(84): CodeIgniter\BaseModel->save([...])
10 SYSTEMPATH\CodeIgniter.php(932): App\Controllers\Leadership_CommitmentController->is_objective_create('156', '5')
11 SYSTEMPATH\CodeIgniter.php(497): CodeIgniter\CodeIgniter->runController(Object(App\Controllers\Leadership_CommitmentController))
12 SYSTEMPATH\CodeIgniter.php(366): CodeIgniter\CodeIgniter->handleRequest(null, Object(Config\Cache), false)
13 FCPATH\index.php(67): CodeIgniter\CodeIgniter->run()
ERROR - 2023-10-11 06:50:50 --> mysqli_sql_exception: Column 'text' cannot be null in C:\xampp8\htdocs\e-iso-optimize\vendor\codeigniter4\framework\system\Database\MySQLi\Connection.php:295
Stack trace:
#0 C:\xampp8\htdocs\e-iso-optimize\vendor\codeigniter4\framework\system\Database\MySQLi\Connection.php(295): mysqli->query('INSERT INTO `le...', 0)
#1 C:\xampp8\htdocs\e-iso-optimize\vendor\codeigniter4\framework\system\Database\BaseConnection.php(692): CodeIgniter\Database\MySQLi\Connection->execute('INSERT INTO `le...')
#2 C:\xampp8\htdocs\e-iso-optimize\vendor\codeigniter4\framework\system\Database\BaseConnection.php(606): CodeIgniter\Database\BaseConnection->simpleQuery('INSERT INTO `le...')
#3 C:\xampp8\htdocs\e-iso-optimize\vendor\codeigniter4\framework\system\Database\BaseBuilder.php(2309): CodeIgniter\Database\BaseConnection->query('INSERT INTO `le...', Array, false)
#4 C:\xampp8\htdocs\e-iso-optimize\vendor\codeigniter4\framework\system\Model.php(330): CodeIgniter\Database\BaseBuilder->insert()
#5 C:\xampp8\htdocs\e-iso-optimize\vendor\codeigniter4\framework\system\BaseModel.php(782): CodeIgniter\Model->doInsert(Array)
#6 C:\xampp8\htdocs\e-iso-optimize\vendor\codeigniter4\framework\system\Model.php(730): CodeIgniter\BaseModel->insert(Array, false)
#7 C:\xampp8\htdocs\e-iso-optimize\vendor\codeigniter4\framework\system\BaseModel.php(692): CodeIgniter\Model->insert(Array, false)
#8 C:\xampp8\htdocs\e-iso-optimize\app\Controllers\Leadership_CommitmentController.php(84): CodeIgniter\BaseModel->save(Array)
#9 C:\xampp8\htdocs\e-iso-optimize\vendor\codeigniter4\framework\system\CodeIgniter.php(932): App\Controllers\Leadership_CommitmentController->is_objective_create('156', '5')
#10 C:\xampp8\htdocs\e-iso-optimize\vendor\codeigniter4\framework\system\CodeIgniter.php(497): CodeIgniter\CodeIgniter->runController(Object(App\Controllers\Leadership_CommitmentController))
#11 C:\xampp8\htdocs\e-iso-optimize\vendor\codeigniter4\framework\system\CodeIgniter.php(366): CodeIgniter\CodeIgniter->handleRequest(NULL, Object(Config\Cache), false)
#12 C:\xampp8\htdocs\e-iso-optimize\index.php(67): CodeIgniter\CodeIgniter->run()
#13 {main}
CRITICAL - 2023-10-11 06:50:50 --> Column 'text' cannot be null
in SYSTEMPATH\Database\MySQLi\Connection.php on line 295.
 1 SYSTEMPATH\Database\MySQLi\Connection.php(295): mysqli->query('INSERT INTO `leadership_is_objective_table` (`text`, `id_version`) VALUES (NULL, \'156\')', 0)
 2 SYSTEMPATH\Database\BaseConnection.php(692): CodeIgniter\Database\MySQLi\Connection->execute('INSERT INTO `leadership_is_objective_table` (`text`, `id_version`) VALUES (NULL, \'156\')')
 3 SYSTEMPATH\Database\BaseConnection.php(606): CodeIgniter\Database\BaseConnection->simpleQuery('INSERT INTO `leadership_is_objective_table` (`text`, `id_version`) VALUES (NULL, \'156\')')
 4 SYSTEMPATH\Database\BaseBuilder.php(2309): CodeIgniter\Database\BaseConnection->query('INSERT INTO `leadership_is_objective_table` (`text`, `id_version`) VALUES (:text:, :id_version:)', [...], false)
 5 SYSTEMPATH\Model.php(330): CodeIgniter\Database\BaseBuilder->insert()
 6 SYSTEMPATH\BaseModel.php(782): CodeIgniter\Model->doInsert([...])
 7 SYSTEMPATH\Model.php(730): CodeIgniter\BaseModel->insert([...], false)
 8 SYSTEMPATH\BaseModel.php(692): CodeIgniter\Model->insert([...], false)
 9 APPPATH\Controllers\Leadership_CommitmentController.php(84): CodeIgniter\BaseModel->save([...])
10 SYSTEMPATH\CodeIgniter.php(932): App\Controllers\Leadership_CommitmentController->is_objective_create('156', '5')
11 SYSTEMPATH\CodeIgniter.php(497): CodeIgniter\CodeIgniter->runController(Object(App\Controllers\Leadership_CommitmentController))
12 SYSTEMPATH\CodeIgniter.php(366): CodeIgniter\CodeIgniter->handleRequest(null, Object(Config\Cache), false)
13 FCPATH\index.php(67): CodeIgniter\CodeIgniter->run()
ERROR - 2023-10-11 06:50:59 --> mysqli_sql_exception: Column 'text' cannot be null in C:\xampp8\htdocs\e-iso-optimize\vendor\codeigniter4\framework\system\Database\MySQLi\Connection.php:295
Stack trace:
#0 C:\xampp8\htdocs\e-iso-optimize\vendor\codeigniter4\framework\system\Database\MySQLi\Connection.php(295): mysqli->query('INSERT INTO `le...', 0)
#1 C:\xampp8\htdocs\e-iso-optimize\vendor\codeigniter4\framework\system\Database\BaseConnection.php(692): CodeIgniter\Database\MySQLi\Connection->execute('INSERT INTO `le...')
#2 C:\xampp8\htdocs\e-iso-optimize\vendor\codeigniter4\framework\system\Database\BaseConnection.php(606): CodeIgniter\Database\BaseConnection->simpleQuery('INSERT INTO `le...')
#3 C:\xampp8\htdocs\e-iso-optimize\vendor\codeigniter4\framework\system\Database\BaseBuilder.php(2309): CodeIgniter\Database\BaseConnection->query('INSERT INTO `le...', Array, false)
#4 C:\xampp8\htdocs\e-iso-optimize\vendor\codeigniter4\framework\system\Model.php(330): CodeIgniter\Database\BaseBuilder->insert()
#5 C:\xampp8\htdocs\e-iso-optimize\vendor\codeigniter4\framework\system\BaseModel.php(782): CodeIgniter\Model->doInsert(Array)
#6 C:\xampp8\htdocs\e-iso-optimize\vendor\codeigniter4\framework\system\Model.php(730): CodeIgniter\BaseModel->insert(Array, false)
#7 C:\xampp8\htdocs\e-iso-optimize\vendor\codeigniter4\framework\system\BaseModel.php(692): CodeIgniter\Model->insert(Array, false)
#8 C:\xampp8\htdocs\e-iso-optimize\app\Controllers\Leadership_CommitmentController.php(84): CodeIgniter\BaseModel->save(Array)
#9 C:\xampp8\htdocs\e-iso-optimize\vendor\codeigniter4\framework\system\CodeIgniter.php(932): App\Controllers\Leadership_CommitmentController->is_objective_create('156', '5')
#10 C:\xampp8\htdocs\e-iso-optimize\vendor\codeigniter4\framework\system\CodeIgniter.php(497): CodeIgniter\CodeIgniter->runController(Object(App\Controllers\Leadership_CommitmentController))
#11 C:\xampp8\htdocs\e-iso-optimize\vendor\codeigniter4\framework\system\CodeIgniter.php(366): CodeIgniter\CodeIgniter->handleRequest(NULL, Object(Config\Cache), false)
#12 C:\xampp8\htdocs\e-iso-optimize\index.php(67): CodeIgniter\CodeIgniter->run()
#13 {main}
CRITICAL - 2023-10-11 06:50:59 --> Column 'text' cannot be null
in SYSTEMPATH\Database\MySQLi\Connection.php on line 295.
 1 SYSTEMPATH\Database\MySQLi\Connection.php(295): mysqli->query('INSERT INTO `leadership_is_objective_table` (`text`, `id_version`) VALUES (NULL, \'156\')', 0)
 2 SYSTEMPATH\Database\BaseConnection.php(692): CodeIgniter\Database\MySQLi\Connection->execute('INSERT INTO `leadership_is_objective_table` (`text`, `id_version`) VALUES (NULL, \'156\')')
 3 SYSTEMPATH\Database\BaseConnection.php(606): CodeIgniter\Database\BaseConnection->simpleQuery('INSERT INTO `leadership_is_objective_table` (`text`, `id_version`) VALUES (NULL, \'156\')')
 4 SYSTEMPATH\Database\BaseBuilder.php(2309): CodeIgniter\Database\BaseConnection->query('INSERT INTO `leadership_is_objective_table` (`text`, `id_version`) VALUES (:text:, :id_version:)', [...], false)
 5 SYSTEMPATH\Model.php(330): CodeIgniter\Database\BaseBuilder->insert()
 6 SYSTEMPATH\BaseModel.php(782): CodeIgniter\Model->doInsert([...])
 7 SYSTEMPATH\Model.php(730): CodeIgniter\BaseModel->insert([...], false)
 8 SYSTEMPATH\BaseModel.php(692): CodeIgniter\Model->insert([...], false)
 9 APPPATH\Controllers\Leadership_CommitmentController.php(84): CodeIgniter\BaseModel->save([...])
10 SYSTEMPATH\CodeIgniter.php(932): App\Controllers\Leadership_CommitmentController->is_objective_create('156', '5')
11 SYSTEMPATH\CodeIgniter.php(497): CodeIgniter\CodeIgniter->runController(Object(App\Controllers\Leadership_CommitmentController))
12 SYSTEMPATH\CodeIgniter.php(366): CodeIgniter\CodeIgniter->handleRequest(null, Object(Config\Cache), false)
13 FCPATH\index.php(67): CodeIgniter\CodeIgniter->run()
ERROR - 2023-10-11 06:53:27 --> mysqli_sql_exception: Column 'text' cannot be null in C:\xampp8\htdocs\e-iso-optimize\vendor\codeigniter4\framework\system\Database\MySQLi\Connection.php:295
Stack trace:
#0 C:\xampp8\htdocs\e-iso-optimize\vendor\codeigniter4\framework\system\Database\MySQLi\Connection.php(295): mysqli->query('INSERT INTO `le...', 0)
#1 C:\xampp8\htdocs\e-iso-optimize\vendor\codeigniter4\framework\system\Database\BaseConnection.php(692): CodeIgniter\Database\MySQLi\Connection->execute('INSERT INTO `le...')
#2 C:\xampp8\htdocs\e-iso-optimize\vendor\codeigniter4\framework\system\Database\BaseConnection.php(606): CodeIgniter\Database\BaseConnection->simpleQuery('INSERT INTO `le...')
#3 C:\xampp8\htdocs\e-iso-optimize\vendor\codeigniter4\framework\system\Database\BaseBuilder.php(2309): CodeIgniter\Database\BaseConnection->query('INSERT INTO `le...', Array, false)
#4 C:\xampp8\htdocs\e-iso-optimize\vendor\codeigniter4\framework\system\Model.php(330): CodeIgniter\Database\BaseBuilder->insert()
#5 C:\xampp8\htdocs\e-iso-optimize\vendor\codeigniter4\framework\system\BaseModel.php(782): CodeIgniter\Model->doInsert(Array)
#6 C:\xampp8\htdocs\e-iso-optimize\vendor\codeigniter4\framework\system\Model.php(730): CodeIgniter\BaseModel->insert(Array, false)
#7 C:\xampp8\htdocs\e-iso-optimize\vendor\codeigniter4\framework\system\BaseModel.php(692): CodeIgniter\Model->insert(Array, false)
#8 C:\xampp8\htdocs\e-iso-optimize\app\Controllers\Leadership_CommitmentController.php(84): CodeIgniter\BaseModel->save(Array)
#9 C:\xampp8\htdocs\e-iso-optimize\vendor\codeigniter4\framework\system\CodeIgniter.php(932): App\Controllers\Leadership_CommitmentController->is_objective_create('156', '5')
#10 C:\xampp8\htdocs\e-iso-optimize\vendor\codeigniter4\framework\system\CodeIgniter.php(497): CodeIgniter\CodeIgniter->runController(Object(App\Controllers\Leadership_CommitmentController))
#11 C:\xampp8\htdocs\e-iso-optimize\vendor\codeigniter4\framework\system\CodeIgniter.php(366): CodeIgniter\CodeIgniter->handleRequest(NULL, Object(Config\Cache), false)
#12 C:\xampp8\htdocs\e-iso-optimize\index.php(67): CodeIgniter\CodeIgniter->run()
#13 {main}
CRITICAL - 2023-10-11 06:53:27 --> Column 'text' cannot be null
in SYSTEMPATH\Database\MySQLi\Connection.php on line 295.
 1 SYSTEMPATH\Database\MySQLi\Connection.php(295): mysqli->query('INSERT INTO `leadership_is_objective_table` (`text`, `id_version`) VALUES (NULL, \'156\')', 0)
 2 SYSTEMPATH\Database\BaseConnection.php(692): CodeIgniter\Database\MySQLi\Connection->execute('INSERT INTO `leadership_is_objective_table` (`text`, `id_version`) VALUES (NULL, \'156\')')
 3 SYSTEMPATH\Database\BaseConnection.php(606): CodeIgniter\Database\BaseConnection->simpleQuery('INSERT INTO `leadership_is_objective_table` (`text`, `id_version`) VALUES (NULL, \'156\')')
 4 SYSTEMPATH\Database\BaseBuilder.php(2309): CodeIgniter\Database\BaseConnection->query('INSERT INTO `leadership_is_objective_table` (`text`, `id_version`) VALUES (:text:, :id_version:)', [...], false)
 5 SYSTEMPATH\Model.php(330): CodeIgniter\Database\BaseBuilder->insert()
 6 SYSTEMPATH\BaseModel.php(782): CodeIgniter\Model->doInsert([...])
 7 SYSTEMPATH\Model.php(730): CodeIgniter\BaseModel->insert([...], false)
 8 SYSTEMPATH\BaseModel.php(692): CodeIgniter\Model->insert([...], false)
 9 APPPATH\Controllers\Leadership_CommitmentController.php(84): CodeIgniter\BaseModel->save([...])
10 SYSTEMPATH\CodeIgniter.php(932): App\Controllers\Leadership_CommitmentController->is_objective_create('156', '5')
11 SYSTEMPATH\CodeIgniter.php(497): CodeIgniter\CodeIgniter->runController(Object(App\Controllers\Leadership_CommitmentController))
12 SYSTEMPATH\CodeIgniter.php(366): CodeIgniter\CodeIgniter->handleRequest(null, Object(Config\Cache), false)
13 FCPATH\index.php(67): CodeIgniter\CodeIgniter->run()
ERROR - 2023-10-11 06:53:40 --> mysqli_sql_exception: Column 'text' cannot be null in C:\xampp8\htdocs\e-iso-optimize\vendor\codeigniter4\framework\system\Database\MySQLi\Connection.php:295
Stack trace:
#0 C:\xampp8\htdocs\e-iso-optimize\vendor\codeigniter4\framework\system\Database\MySQLi\Connection.php(295): mysqli->query('INSERT INTO `le...', 0)
#1 C:\xampp8\htdocs\e-iso-optimize\vendor\codeigniter4\framework\system\Database\BaseConnection.php(692): CodeIgniter\Database\MySQLi\Connection->execute('INSERT INTO `le...')
#2 C:\xampp8\htdocs\e-iso-optimize\vendor\codeigniter4\framework\system\Database\BaseConnection.php(606): CodeIgniter\Database\BaseConnection->simpleQuery('INSERT INTO `le...')
#3 C:\xampp8\htdocs\e-iso-optimize\vendor\codeigniter4\framework\system\Database\BaseBuilder.php(2309): CodeIgniter\Database\BaseConnection->query('INSERT INTO `le...', Array, false)
#4 C:\xampp8\htdocs\e-iso-optimize\vendor\codeigniter4\framework\system\Model.php(330): CodeIgniter\Database\BaseBuilder->insert()
#5 C:\xampp8\htdocs\e-iso-optimize\vendor\codeigniter4\framework\system\BaseModel.php(782): CodeIgniter\Model->doInsert(Array)
#6 C:\xampp8\htdocs\e-iso-optimize\vendor\codeigniter4\framework\system\Model.php(730): CodeIgniter\BaseModel->insert(Array, false)
#7 C:\xampp8\htdocs\e-iso-optimize\vendor\codeigniter4\framework\system\BaseModel.php(692): CodeIgniter\Model->insert(Array, false)
#8 C:\xampp8\htdocs\e-iso-optimize\app\Controllers\Leadership_CommitmentController.php(84): CodeIgniter\BaseModel->save(Array)
#9 C:\xampp8\htdocs\e-iso-optimize\vendor\codeigniter4\framework\system\CodeIgniter.php(932): App\Controllers\Leadership_CommitmentController->is_objective_create('156', '5')
#10 C:\xampp8\htdocs\e-iso-optimize\vendor\codeigniter4\framework\system\CodeIgniter.php(497): CodeIgniter\CodeIgniter->runController(Object(App\Controllers\Leadership_CommitmentController))
#11 C:\xampp8\htdocs\e-iso-optimize\vendor\codeigniter4\framework\system\CodeIgniter.php(366): CodeIgniter\CodeIgniter->handleRequest(NULL, Object(Config\Cache), false)
#12 C:\xampp8\htdocs\e-iso-optimize\index.php(67): CodeIgniter\CodeIgniter->run()
#13 {main}
CRITICAL - 2023-10-11 06:53:40 --> Column 'text' cannot be null
in SYSTEMPATH\Database\MySQLi\Connection.php on line 295.
 1 SYSTEMPATH\Database\MySQLi\Connection.php(295): mysqli->query('INSERT INTO `leadership_is_objective_table` (`text`, `id_version`) VALUES (NULL, \'156\')', 0)
 2 SYSTEMPATH\Database\BaseConnection.php(692): CodeIgniter\Database\MySQLi\Connection->execute('INSERT INTO `leadership_is_objective_table` (`text`, `id_version`) VALUES (NULL, \'156\')')
 3 SYSTEMPATH\Database\BaseConnection.php(606): CodeIgniter\Database\BaseConnection->simpleQuery('INSERT INTO `leadership_is_objective_table` (`text`, `id_version`) VALUES (NULL, \'156\')')
 4 SYSTEMPATH\Database\BaseBuilder.php(2309): CodeIgniter\Database\BaseConnection->query('INSERT INTO `leadership_is_objective_table` (`text`, `id_version`) VALUES (:text:, :id_version:)', [...], false)
 5 SYSTEMPATH\Model.php(330): CodeIgniter\Database\BaseBuilder->insert()
 6 SYSTEMPATH\BaseModel.php(782): CodeIgniter\Model->doInsert([...])
 7 SYSTEMPATH\Model.php(730): CodeIgniter\BaseModel->insert([...], false)
 8 SYSTEMPATH\BaseModel.php(692): CodeIgniter\Model->insert([...], false)
 9 APPPATH\Controllers\Leadership_CommitmentController.php(84): CodeIgniter\BaseModel->save([...])
10 SYSTEMPATH\CodeIgniter.php(932): App\Controllers\Leadership_CommitmentController->is_objective_create('156', '5')
11 SYSTEMPATH\CodeIgniter.php(497): CodeIgniter\CodeIgniter->runController(Object(App\Controllers\Leadership_CommitmentController))
12 SYSTEMPATH\CodeIgniter.php(366): CodeIgniter\CodeIgniter->handleRequest(null, Object(Config\Cache), false)
13 FCPATH\index.php(67): CodeIgniter\CodeIgniter->run()
CRITICAL - 2023-10-11 09:24:05 --> rmdir(public/uploads/Leadership/4/): No such file or directory
in APPPATH\Controllers\Leadership_FilesController.php on line 87.
 1 [internal function]: CodeIgniter\Debug\Exceptions->errorHandler(2, 'rmdir(public/uploads/Leadership/4/): No such file or directory', 'C:\\xampp8\\htdocs\\e-iso-optimize\\app\\Controllers\\Leadership_FilesController.php', 87)
 2 APPPATH\Controllers\Leadership_FilesController.php(87): rmdir('public/uploads/Leadership/4/')
 3 SYSTEMPATH\CodeIgniter.php(932): App\Controllers\Leadership_FilesController->file_ls_delete('4')
 4 SYSTEMPATH\CodeIgniter.php(497): CodeIgniter\CodeIgniter->runController(Object(App\Controllers\Leadership_FilesController))
 5 SYSTEMPATH\CodeIgniter.php(366): CodeIgniter\CodeIgniter->handleRequest(null, Object(Config\Cache), false)
 6 FCPATH\index.php(67): CodeIgniter\CodeIgniter->run()
