CRITICAL - 2023-08-17 04:25:38 --> Trying to access array offset on value of type null
in APPPATH\Controllers\ActivitesLogController.php on line 45.
 1 APPPATH\Controllers\ActivitesLogController.php(45): CodeIgniter\Debug\Exceptions->errorHandler(2, 'Trying to access array offset on value of type null', 'C:\\xampp\\htdocs\\isms-project\\app\\Controllers\\ActivitesLogController.php', 45)
 2 SYSTEMPATH\CodeIgniter.php(932): App\Controllers\ActivitesLogController->getDatalog('0', '0', '1')
 3 SYSTEMPATH\CodeIgniter.php(497): CodeIgniter\CodeIgniter->runController(Object(App\Controllers\ActivitesLogController))
 4 SYSTEMPATH\CodeIgniter.php(366): CodeIgniter\CodeIgniter->handleRequest(null, Object(Config\Cache), false)
 5 FCPATH\index.php(67): CodeIgniter\CodeIgniter->run()
CRITICAL - 2023-08-17 07:43:23 --> Call to a member function toDateString() on string
in APPPATH\Controllers\ActivitesLogController.php on line 80.
 1 SYSTEMPATH\CodeIgniter.php(932): App\Controllers\ActivitesLogController->getDatalog('0', '0', '0')
 2 SYSTEMPATH\CodeIgniter.php(497): CodeIgniter\CodeIgniter->runController(Object(App\Controllers\ActivitesLogController))
 3 SYSTEMPATH\CodeIgniter.php(366): CodeIgniter\CodeIgniter->handleRequest(null, Object(Config\Cache), false)
 4 FCPATH\index.php(67): CodeIgniter\CodeIgniter->run()
CRITICAL - 2023-08-17 07:43:26 --> Call to a member function toDateString() on string
in APPPATH\Controllers\ActivitesLogController.php on line 80.
 1 SYSTEMPATH\CodeIgniter.php(932): App\Controllers\ActivitesLogController->getDatalog('0', '0', '0')
 2 SYSTEMPATH\CodeIgniter.php(497): CodeIgniter\CodeIgniter->runController(Object(App\Controllers\ActivitesLogController))
 3 SYSTEMPATH\CodeIgniter.php(366): CodeIgniter\CodeIgniter->handleRequest(null, Object(Config\Cache), false)
 4 FCPATH\index.php(67): CodeIgniter\CodeIgniter->run()
CRITICAL - 2023-08-17 07:43:28 --> Call to a member function toDateString() on string
in APPPATH\Controllers\ActivitesLogController.php on line 80.
 1 SYSTEMPATH\CodeIgniter.php(932): App\Controllers\ActivitesLogController->getDatalog('0', '0', '1692205200000')
 2 SYSTEMPATH\CodeIgniter.php(497): CodeIgniter\CodeIgniter->runController(Object(App\Controllers\ActivitesLogController))
 3 SYSTEMPATH\CodeIgniter.php(366): CodeIgniter\CodeIgniter->handleRequest(null, Object(Config\Cache), false)
 4 FCPATH\index.php(67): CodeIgniter\CodeIgniter->run()
CRITICAL - 2023-08-17 07:50:06 --> Undefined variable $data
in APPPATH\Controllers\ActivitesLogController.php on line 86.
 1 APPPATH\Controllers\ActivitesLogController.php(86): CodeIgniter\Debug\Exceptions->errorHandler(2, 'Undefined variable $data', 'C:\\xampp\\htdocs\\isms-project\\app\\Controllers\\ActivitesLogController.php', 86)
 2 SYSTEMPATH\CodeIgniter.php(932): App\Controllers\ActivitesLogController->getDatalog('0', '0', '0')
 3 SYSTEMPATH\CodeIgniter.php(497): CodeIgniter\CodeIgniter->runController(Object(App\Controllers\ActivitesLogController))
 4 SYSTEMPATH\CodeIgniter.php(366): CodeIgniter\CodeIgniter->handleRequest(null, Object(Config\Cache), false)
 5 FCPATH\index.php(67): CodeIgniter\CodeIgniter->run()
CRITICAL - 2023-08-17 07:52:25 --> Call to a member function toLocalizedString() on string
in APPPATH\Controllers\ActivitesLogController.php on line 75.
 1 SYSTEMPATH\CodeIgniter.php(932): App\Controllers\ActivitesLogController->getDatalog('0', '0', '0')
 2 SYSTEMPATH\CodeIgniter.php(497): CodeIgniter\CodeIgniter->runController(Object(App\Controllers\ActivitesLogController))
 3 SYSTEMPATH\CodeIgniter.php(366): CodeIgniter\CodeIgniter->handleRequest(null, Object(Config\Cache), false)
 4 FCPATH\index.php(67): CodeIgniter\CodeIgniter->run()
CRITICAL - 2023-08-17 08:29:20 --> Call to a member function toLocalizedString() on string
in APPPATH\Controllers\ActivitesLogController.php on line 75.
 1 SYSTEMPATH\CodeIgniter.php(932): App\Controllers\ActivitesLogController->getDatalog('0', '0', '0')
 2 SYSTEMPATH\CodeIgniter.php(497): CodeIgniter\CodeIgniter->runController(Object(App\Controllers\ActivitesLogController))
 3 SYSTEMPATH\CodeIgniter.php(366): CodeIgniter\CodeIgniter->handleRequest(null, Object(Config\Cache), false)
 4 FCPATH\index.php(67): CodeIgniter\CodeIgniter->run()
CRITICAL - 2023-08-17 08:29:23 --> Call to a member function toLocalizedString() on string
in APPPATH\Controllers\ActivitesLogController.php on line 75.
 1 SYSTEMPATH\CodeIgniter.php(932): App\Controllers\ActivitesLogController->getDatalog('0', '0', '0')
 2 SYSTEMPATH\CodeIgniter.php(497): CodeIgniter\CodeIgniter->runController(Object(App\Controllers\ActivitesLogController))
 3 SYSTEMPATH\CodeIgniter.php(366): CodeIgniter\CodeIgniter->handleRequest(null, Object(Config\Cache), false)
 4 FCPATH\index.php(67): CodeIgniter\CodeIgniter->run()
CRITICAL - 2023-08-17 09:04:09 --> Undefined variable $formattedDate
in APPPATH\Controllers\ActivitesLogController.php on line 79.
 1 APPPATH\Controllers\ActivitesLogController.php(79): CodeIgniter\Debug\Exceptions->errorHandler(2, 'Undefined variable $formattedDate', 'C:\\xampp\\htdocs\\isms-project\\app\\Controllers\\ActivitesLogController.php', 79)
 2 SYSTEMPATH\CodeIgniter.php(932): App\Controllers\ActivitesLogController->getDatalog('0', '0', '0')
 3 SYSTEMPATH\CodeIgniter.php(497): CodeIgniter\CodeIgniter->runController(Object(App\Controllers\ActivitesLogController))
 4 SYSTEMPATH\CodeIgniter.php(366): CodeIgniter\CodeIgniter->handleRequest(null, Object(Config\Cache), false)
 5 FCPATH\index.php(67): CodeIgniter\CodeIgniter->run()
CRITICAL - 2023-08-17 09:04:30 --> Undefined variable $formattedDate
in APPPATH\Controllers\ActivitesLogController.php on line 88.
 1 APPPATH\Controllers\ActivitesLogController.php(88): CodeIgniter\Debug\Exceptions->errorHandler(2, 'Undefined variable $formattedDate', 'C:\\xampp\\htdocs\\isms-project\\app\\Controllers\\ActivitesLogController.php', 88)
 2 SYSTEMPATH\CodeIgniter.php(932): App\Controllers\ActivitesLogController->getDatalog('0', '0', '0')
 3 SYSTEMPATH\CodeIgniter.php(497): CodeIgniter\CodeIgniter->runController(Object(App\Controllers\ActivitesLogController))
 4 SYSTEMPATH\CodeIgniter.php(366): CodeIgniter\CodeIgniter->handleRequest(null, Object(Config\Cache), false)
 5 FCPATH\index.php(67): CodeIgniter\CodeIgniter->run()
CRITICAL - 2023-08-17 09:21:28 --> Undefined variable $totalRecords
in APPPATH\Controllers\ActivitesLogController.php on line 66.
 1 APPPATH\Controllers\ActivitesLogController.php(66): CodeIgniter\Debug\Exceptions->errorHandler(2, 'Undefined variable $totalRecords', 'C:\\xampp\\htdocs\\isms-project\\app\\Controllers\\ActivitesLogController.php', 66)
 2 SYSTEMPATH\CodeIgniter.php(932): App\Controllers\ActivitesLogController->getDatalog('0', '0', '1692118800000')
 3 SYSTEMPATH\CodeIgniter.php(497): CodeIgniter\CodeIgniter->runController(Object(App\Controllers\ActivitesLogController))
 4 SYSTEMPATH\CodeIgniter.php(366): CodeIgniter\CodeIgniter->handleRequest(null, Object(Config\Cache), false)
 5 FCPATH\index.php(67): CodeIgniter\CodeIgniter->run()
CRITICAL - 2023-08-17 09:21:47 --> Undefined variable $totalRecords
in APPPATH\Controllers\ActivitesLogController.php on line 66.
 1 APPPATH\Controllers\ActivitesLogController.php(66): CodeIgniter\Debug\Exceptions->errorHandler(2, 'Undefined variable $totalRecords', 'C:\\xampp\\htdocs\\isms-project\\app\\Controllers\\ActivitesLogController.php', 66)
 2 SYSTEMPATH\CodeIgniter.php(932): App\Controllers\ActivitesLogController->getDatalog('0', '0', '1692118800000')
 3 SYSTEMPATH\CodeIgniter.php(497): CodeIgniter\CodeIgniter->runController(Object(App\Controllers\ActivitesLogController))
 4 SYSTEMPATH\CodeIgniter.php(366): CodeIgniter\CodeIgniter->handleRequest(null, Object(Config\Cache), false)
 5 FCPATH\index.php(67): CodeIgniter\CodeIgniter->run()
CRITICAL - 2023-08-17 09:27:50 --> Undefined variable $totalRecords
in APPPATH\Controllers\ActivitesLogController.php on line 66.
 1 APPPATH\Controllers\ActivitesLogController.php(66): CodeIgniter\Debug\Exceptions->errorHandler(2, 'Undefined variable $totalRecords', 'C:\\xampp\\htdocs\\isms-project\\app\\Controllers\\ActivitesLogController.php', 66)
 2 SYSTEMPATH\CodeIgniter.php(932): App\Controllers\ActivitesLogController->getDatalog('0', '1', '1692032400000')
 3 SYSTEMPATH\CodeIgniter.php(497): CodeIgniter\CodeIgniter->runController(Object(App\Controllers\ActivitesLogController))
 4 SYSTEMPATH\CodeIgniter.php(366): CodeIgniter\CodeIgniter->handleRequest(null, Object(Config\Cache), false)
 5 FCPATH\index.php(67): CodeIgniter\CodeIgniter->run()
CRITICAL - 2023-08-17 09:27:57 --> Undefined variable $totalRecords
in APPPATH\Controllers\ActivitesLogController.php on line 66.
 1 APPPATH\Controllers\ActivitesLogController.php(66): CodeIgniter\Debug\Exceptions->errorHandler(2, 'Undefined variable $totalRecords', 'C:\\xampp\\htdocs\\isms-project\\app\\Controllers\\ActivitesLogController.php', 66)
 2 SYSTEMPATH\CodeIgniter.php(932): App\Controllers\ActivitesLogController->getDatalog('0', '1', '1692032400000')
 3 SYSTEMPATH\CodeIgniter.php(497): CodeIgniter\CodeIgniter->runController(Object(App\Controllers\ActivitesLogController))
 4 SYSTEMPATH\CodeIgniter.php(366): CodeIgniter\CodeIgniter->handleRequest(null, Object(Config\Cache), false)
 5 FCPATH\index.php(67): CodeIgniter\CodeIgniter->run()
CRITICAL - 2023-08-17 09:28:23 --> Undefined variable $totalRecords
in APPPATH\Controllers\ActivitesLogController.php on line 66.
 1 APPPATH\Controllers\ActivitesLogController.php(66): CodeIgniter\Debug\Exceptions->errorHandler(2, 'Undefined variable $totalRecords', 'C:\\xampp\\htdocs\\isms-project\\app\\Controllers\\ActivitesLogController.php', 66)
 2 SYSTEMPATH\CodeIgniter.php(932): App\Controllers\ActivitesLogController->getDatalog('0', '1', '1692032400000')
 3 SYSTEMPATH\CodeIgniter.php(497): CodeIgniter\CodeIgniter->runController(Object(App\Controllers\ActivitesLogController))
 4 SYSTEMPATH\CodeIgniter.php(366): CodeIgniter\CodeIgniter->handleRequest(null, Object(Config\Cache), false)
 5 FCPATH\index.php(67): CodeIgniter\CodeIgniter->run()
CRITICAL - 2023-08-17 09:28:26 --> Undefined variable $totalRecords
in APPPATH\Controllers\ActivitesLogController.php on line 66.
 1 APPPATH\Controllers\ActivitesLogController.php(66): CodeIgniter\Debug\Exceptions->errorHandler(2, 'Undefined variable $totalRecords', 'C:\\xampp\\htdocs\\isms-project\\app\\Controllers\\ActivitesLogController.php', 66)
 2 SYSTEMPATH\CodeIgniter.php(932): App\Controllers\ActivitesLogController->getDatalog('0', '1', '1692032400000')
 3 SYSTEMPATH\CodeIgniter.php(497): CodeIgniter\CodeIgniter->runController(Object(App\Controllers\ActivitesLogController))
 4 SYSTEMPATH\CodeIgniter.php(366): CodeIgniter\CodeIgniter->handleRequest(null, Object(Config\Cache), false)
 5 FCPATH\index.php(67): CodeIgniter\CodeIgniter->run()
CRITICAL - 2023-08-17 09:29:08 --> Undefined variable $totalRecords
in APPPATH\Controllers\ActivitesLogController.php on line 67.
 1 APPPATH\Controllers\ActivitesLogController.php(67): CodeIgniter\Debug\Exceptions->errorHandler(2, 'Undefined variable $totalRecords', 'C:\\xampp\\htdocs\\isms-project\\app\\Controllers\\ActivitesLogController.php', 67)
 2 SYSTEMPATH\CodeIgniter.php(932): App\Controllers\ActivitesLogController->getDatalog('0', '1', '1692032400000')
 3 SYSTEMPATH\CodeIgniter.php(497): CodeIgniter\CodeIgniter->runController(Object(App\Controllers\ActivitesLogController))
 4 SYSTEMPATH\CodeIgniter.php(366): CodeIgniter\CodeIgniter->handleRequest(null, Object(Config\Cache), false)
 5 FCPATH\index.php(67): CodeIgniter\CodeIgniter->run()
CRITICAL - 2023-08-17 09:30:36 --> Undefined variable $totalRecords
in APPPATH\Controllers\ActivitesLogController.php on line 77.
 1 APPPATH\Controllers\ActivitesLogController.php(77): CodeIgniter\Debug\Exceptions->errorHandler(2, 'Undefined variable $totalRecords', 'C:\\xampp\\htdocs\\isms-project\\app\\Controllers\\ActivitesLogController.php', 77)
 2 SYSTEMPATH\CodeIgniter.php(932): App\Controllers\ActivitesLogController->getDatalog('0', '1', '1692032400000')
 3 SYSTEMPATH\CodeIgniter.php(497): CodeIgniter\CodeIgniter->runController(Object(App\Controllers\ActivitesLogController))
 4 SYSTEMPATH\CodeIgniter.php(366): CodeIgniter\CodeIgniter->handleRequest(null, Object(Config\Cache), false)
 5 FCPATH\index.php(67): CodeIgniter\CodeIgniter->run()
CRITICAL - 2023-08-17 09:31:24 --> Undefined variable $data
in APPPATH\Controllers\ActivitesLogController.php on line 106.
 1 APPPATH\Controllers\ActivitesLogController.php(106): CodeIgniter\Debug\Exceptions->errorHandler(2, 'Undefined variable $data', 'C:\\xampp\\htdocs\\isms-project\\app\\Controllers\\ActivitesLogController.php', 106)
 2 SYSTEMPATH\CodeIgniter.php(932): App\Controllers\ActivitesLogController->getDatalog('0', '1', '1692032400000')
 3 SYSTEMPATH\CodeIgniter.php(497): CodeIgniter\CodeIgniter->runController(Object(App\Controllers\ActivitesLogController))
 4 SYSTEMPATH\CodeIgniter.php(366): CodeIgniter\CodeIgniter->handleRequest(null, Object(Config\Cache), false)
 5 FCPATH\index.php(67): CodeIgniter\CodeIgniter->run()
CRITICAL - 2023-08-17 09:31:40 --> Undefined variable $data
in APPPATH\Controllers\ActivitesLogController.php on line 106.
 1 APPPATH\Controllers\ActivitesLogController.php(106): CodeIgniter\Debug\Exceptions->errorHandler(2, 'Undefined variable $data', 'C:\\xampp\\htdocs\\isms-project\\app\\Controllers\\ActivitesLogController.php', 106)
 2 SYSTEMPATH\CodeIgniter.php(932): App\Controllers\ActivitesLogController->getDatalog('0', '1', '1692205200000')
 3 SYSTEMPATH\CodeIgniter.php(497): CodeIgniter\CodeIgniter->runController(Object(App\Controllers\ActivitesLogController))
 4 SYSTEMPATH\CodeIgniter.php(366): CodeIgniter\CodeIgniter->handleRequest(null, Object(Config\Cache), false)
 5 FCPATH\index.php(67): CodeIgniter\CodeIgniter->run()
CRITICAL - 2023-08-17 09:31:45 --> Undefined variable $data
in APPPATH\Controllers\ActivitesLogController.php on line 106.
 1 APPPATH\Controllers\ActivitesLogController.php(106): CodeIgniter\Debug\Exceptions->errorHandler(2, 'Undefined variable $data', 'C:\\xampp\\htdocs\\isms-project\\app\\Controllers\\ActivitesLogController.php', 106)
 2 SYSTEMPATH\CodeIgniter.php(932): App\Controllers\ActivitesLogController->getDatalog('0', '1', '1692205200000')
 3 SYSTEMPATH\CodeIgniter.php(497): CodeIgniter\CodeIgniter->runController(Object(App\Controllers\ActivitesLogController))
 4 SYSTEMPATH\CodeIgniter.php(366): CodeIgniter\CodeIgniter->handleRequest(null, Object(Config\Cache), false)
 5 FCPATH\index.php(67): CodeIgniter\CodeIgniter->run()
CRITICAL - 2023-08-17 09:32:22 --> Undefined variable $data
in APPPATH\Controllers\ActivitesLogController.php on line 121.
 1 APPPATH\Controllers\ActivitesLogController.php(121): CodeIgniter\Debug\Exceptions->errorHandler(2, 'Undefined variable $data', 'C:\\xampp\\htdocs\\isms-project\\app\\Controllers\\ActivitesLogController.php', 121)
 2 SYSTEMPATH\CodeIgniter.php(932): App\Controllers\ActivitesLogController->getDatalog('0', '1', '1692205200000')
 3 SYSTEMPATH\CodeIgniter.php(497): CodeIgniter\CodeIgniter->runController(Object(App\Controllers\ActivitesLogController))
 4 SYSTEMPATH\CodeIgniter.php(366): CodeIgniter\CodeIgniter->handleRequest(null, Object(Config\Cache), false)
 5 FCPATH\index.php(67): CodeIgniter\CodeIgniter->run()
CRITICAL - 2023-08-17 09:32:25 --> Undefined variable $data
in APPPATH\Controllers\ActivitesLogController.php on line 121.
 1 APPPATH\Controllers\ActivitesLogController.php(121): CodeIgniter\Debug\Exceptions->errorHandler(2, 'Undefined variable $data', 'C:\\xampp\\htdocs\\isms-project\\app\\Controllers\\ActivitesLogController.php', 121)
 2 SYSTEMPATH\CodeIgniter.php(932): App\Controllers\ActivitesLogController->getDatalog('0', '1', '1692205200000')
 3 SYSTEMPATH\CodeIgniter.php(497): CodeIgniter\CodeIgniter->runController(Object(App\Controllers\ActivitesLogController))
 4 SYSTEMPATH\CodeIgniter.php(366): CodeIgniter\CodeIgniter->handleRequest(null, Object(Config\Cache), false)
 5 FCPATH\index.php(67): CodeIgniter\CodeIgniter->run()
