ERROR - 2023-07-11 02:46:46 --> mysqli_sql_exception: Unknown column 'id' in 'where clause' in E:\work\ISMS\isms-project\vendor\codeigniter4\framework\system\Database\MySQLi\Connection.php:295
Stack trace:
#0 E:\work\ISMS\isms-project\vendor\codeigniter4\framework\system\Database\MySQLi\Connection.php(295): mysqli->query('SELECT *\nFROM `...', 0)
#1 E:\work\ISMS\isms-project\vendor\codeigniter4\framework\system\Database\BaseConnection.php(692): CodeIgniter\Database\MySQLi\Connection->execute('SELECT *\nFROM `...')
#2 E:\work\ISMS\isms-project\vendor\codeigniter4\framework\system\Database\BaseConnection.php(606): CodeIgniter\Database\BaseConnection->simpleQuery('SELECT *\nFROM `...')
#3 E:\work\ISMS\isms-project\vendor\codeigniter4\framework\system\Database\BaseBuilder.php(1749): CodeIgniter\Database\BaseConnection->query('SELECT *\nFROM `...', Array, false)
#4 E:\work\ISMS\isms-project\vendor\codeigniter4\framework\system\Model.php(836): CodeIgniter\Database\BaseBuilder->getWhere(Array)
#5 E:\work\ISMS\isms-project\app\Models\InternalModels.php(17): CodeIgniter\Model->__call('getWhere', Array)
#6 E:\work\ISMS\isms-project\app\Controllers\InterController.php(63): App\Models\internalModels->copyDataById('2')
#7 E:\work\ISMS\isms-project\vendor\codeigniter4\framework\system\CodeIgniter.php(932): App\Controllers\InterController->copyData('2', '4')
#8 E:\work\ISMS\isms-project\vendor\codeigniter4\framework\system\CodeIgniter.php(497): CodeIgniter\CodeIgniter->runController(Object(App\Controllers\InterController))
#9 E:\work\ISMS\isms-project\vendor\codeigniter4\framework\system\CodeIgniter.php(366): CodeIgniter\CodeIgniter->handleRequest(NULL, Object(Config\Cache), false)
#10 E:\work\ISMS\isms-project\public\index.php(67): CodeIgniter\CodeIgniter->run()
#11 E:\work\ISMS\isms-project\vendor\codeigniter4\framework\system\Commands\Server\rewrite.php(47): require_once('E:\\work\\ISMS\\is...')
#12 {main}
CRITICAL - 2023-07-11 02:46:46 --> Unknown column 'id' in 'where clause'
in SYSTEMPATH\Database\MySQLi\Connection.php on line 295.
 1 SYSTEMPATH\Database\MySQLi\Connection.php(295): mysqli->query('SELECT *
FROM `internal_table`
WHERE `id` = \'2\'', 0)
 2 SYSTEMPATH\Database\BaseConnection.php(692): CodeIgniter\Database\MySQLi\Connection->execute('SELECT *
FROM `internal_table`
WHERE `id` = \'2\'')
 3 SYSTEMPATH\Database\BaseConnection.php(606): CodeIgniter\Database\BaseConnection->simpleQuery('SELECT *
FROM `internal_table`
WHERE `id` = \'2\'')
 4 SYSTEMPATH\Database\BaseBuilder.php(1749): CodeIgniter\Database\BaseConnection->query('SELECT *
FROM `internal_table`
WHERE `id` = :id:', [...], false)
 5 SYSTEMPATH\Model.php(836): CodeIgniter\Database\BaseBuilder->getWhere([...])
 6 APPPATH\Models\InternalModels.php(17): CodeIgniter\Model->__call('getWhere', [...])
 7 APPPATH\Controllers\InterController.php(63): App\Models\internalModels->copyDataById('2')
 8 SYSTEMPATH\CodeIgniter.php(932): App\Controllers\InterController->copyData('2', '4')
 9 SYSTEMPATH\CodeIgniter.php(497): CodeIgniter\CodeIgniter->runController(Object(App\Controllers\InterController))
10 SYSTEMPATH\CodeIgniter.php(366): CodeIgniter\CodeIgniter->handleRequest(null, Object(Config\Cache), false)
11 FCPATH\index.php(67): CodeIgniter\CodeIgniter->run()
12 SYSTEMPATH\Commands\Server\rewrite.php(47): require_once('E:\\work\\ISMS\\isms-project\\public\\index.php')
CRITICAL - 2023-07-11 02:51:36 --> Call to undefined method CodeIgniter\Database\MySQLi\Result::get()
in APPPATH\Models\InternalModels.php on line 17.
 1 APPPATH\Controllers\InterController.php(63): App\Models\internalModels->copyDataById('2')
 2 SYSTEMPATH\CodeIgniter.php(932): App\Controllers\InterController->copyData('2', '4')
 3 SYSTEMPATH\CodeIgniter.php(497): CodeIgniter\CodeIgniter->runController(Object(App\Controllers\InterController))
 4 SYSTEMPATH\CodeIgniter.php(366): CodeIgniter\CodeIgniter->handleRequest(null, Object(Config\Cache), false)
 5 FCPATH\index.php(67): CodeIgniter\CodeIgniter->run()
 6 SYSTEMPATH\Commands\Server\rewrite.php(47): require_once('E:\\work\\ISMS\\isms-project\\public\\index.php')
CRITICAL - 2023-07-11 02:53:11 --> Call to undefined method stdClass::getResult()
in APPPATH\Models\InternalModels.php on line 19.
 1 APPPATH\Controllers\InterController.php(63): App\Models\internalModels->copyDataById('2')
 2 SYSTEMPATH\CodeIgniter.php(932): App\Controllers\InterController->copyData('2', '4')
 3 SYSTEMPATH\CodeIgniter.php(497): CodeIgniter\CodeIgniter->runController(Object(App\Controllers\InterController))
 4 SYSTEMPATH\CodeIgniter.php(366): CodeIgniter\CodeIgniter->handleRequest(null, Object(Config\Cache), false)
 5 FCPATH\index.php(67): CodeIgniter\CodeIgniter->run()
 6 SYSTEMPATH\Commands\Server\rewrite.php(47): require_once('E:\\work\\ISMS\\isms-project\\public\\index.php')
CRITICAL - 2023-07-11 03:22:24 --> Undefined variable $item
in APPPATH\Views\Context\context-ana\context_version.php on line 103.
 1 APPPATH\Views\Context\context-ana\context_version.php(103): CodeIgniter\Debug\Exceptions->errorHandler(2, 'Undefined variable $item', 'E:\\work\\ISMS\\isms-project\\app\\Views\\Context\\context-ana\\context_version.php', 103)
 2 SYSTEMPATH\View\View.php(224): include('E:\\work\\ISMS\\isms-project\\app\\Views\\Context\\context-ana\\context_version.php')
 3 SYSTEMPATH\View\View.php(227): CodeIgniter\View\View->CodeIgniter\View\{closure}()
 4 SYSTEMPATH\Common.php(1180): CodeIgniter\View\View->render('Context/context-ana/context_version', [], true)
 5 APPPATH\Controllers\ContextController.php(78): view('Context/context-ana/context_version', [...])
 6 SYSTEMPATH\CodeIgniter.php(932): App\Controllers\ContextController->context_analysis_version('4')
 7 SYSTEMPATH\CodeIgniter.php(497): CodeIgniter\CodeIgniter->runController(Object(App\Controllers\ContextController))
 8 SYSTEMPATH\CodeIgniter.php(366): CodeIgniter\CodeIgniter->handleRequest(null, Object(Config\Cache), false)
 9 FCPATH\index.php(67): CodeIgniter\CodeIgniter->run()
10 SYSTEMPATH\Commands\Server\rewrite.php(47): require_once('E:\\work\\ISMS\\isms-project\\public\\index.php')
CRITICAL - 2023-07-11 04:44:53 --> Array to string conversion
in APPPATH\Views\Context\context-ana\context_version.php on line 1253.
 1 APPPATH\Views\Context\context-ana\context_version.php(1253): CodeIgniter\Debug\Exceptions->errorHandler(2, 'Array to string conversion', 'E:\\work\\ISMS\\isms-project\\app\\Views\\Context\\context-ana\\context_version.php', 1253)
 2 SYSTEMPATH\View\View.php(224): include('E:\\work\\ISMS\\isms-project\\app\\Views\\Context\\context-ana\\context_version.php')
 3 SYSTEMPATH\View\View.php(227): CodeIgniter\View\View->CodeIgniter\View\{closure}()
 4 SYSTEMPATH\Common.php(1180): CodeIgniter\View\View->render('Context/context-ana/context_version', [], true)
 5 APPPATH\Controllers\ContextController.php(78): view('Context/context-ana/context_version', [...])
 6 SYSTEMPATH\CodeIgniter.php(932): App\Controllers\ContextController->context_analysis_version('4')
 7 SYSTEMPATH\CodeIgniter.php(497): CodeIgniter\CodeIgniter->runController(Object(App\Controllers\ContextController))
 8 SYSTEMPATH\CodeIgniter.php(366): CodeIgniter\CodeIgniter->handleRequest(null, Object(Config\Cache), false)
 9 FCPATH\index.php(67): CodeIgniter\CodeIgniter->run()
10 SYSTEMPATH\Commands\Server\rewrite.php(47): require_once('E:\\work\\ISMS\\isms-project\\public\\index.php')
CRITICAL - 2023-07-11 06:51:08 --> Undefined variable $row
in APPPATH\Views\Context\context-ana\context_ana.php on line 278.
 1 APPPATH\Views\Context\context-ana\context_ana.php(278): CodeIgniter\Debug\Exceptions->errorHandler(2, 'Undefined variable $row', 'E:\\work\\ISMS\\isms-project\\app\\Views\\Context\\context-ana\\context_ana.php', 278)
 2 SYSTEMPATH\View\View.php(224): include('E:\\work\\ISMS\\isms-project\\app\\Views\\Context\\context-ana\\context_ana.php')
 3 SYSTEMPATH\View\View.php(227): CodeIgniter\View\View->CodeIgniter\View\{closure}()
 4 SYSTEMPATH\Common.php(1180): CodeIgniter\View\View->render('Context/context-ana/context_ana', [], true)
 5 APPPATH\Controllers\ContextController.php(56): view('Context/context-ana/context_ana')
 6 SYSTEMPATH\CodeIgniter.php(932): App\Controllers\ContextController->context_analysis_index()
 7 SYSTEMPATH\CodeIgniter.php(497): CodeIgniter\CodeIgniter->runController(Object(App\Controllers\ContextController))
 8 SYSTEMPATH\CodeIgniter.php(366): CodeIgniter\CodeIgniter->handleRequest(null, Object(Config\Cache), false)
 9 FCPATH\index.php(67): CodeIgniter\CodeIgniter->run()
10 SYSTEMPATH\Commands\Server\rewrite.php(47): require_once('E:\\work\\ISMS\\isms-project\\public\\index.php')
CRITICAL - 2023-07-11 08:32:32 --> CodeIgniter\Router\RouteCollection::get(): Argument #1 ($from) must be of type string, array given, called in E:\work\ISMS\isms-project\app\Config\Routes.php on line 41
in SYSTEMPATH\Router\RouteCollection.php on line 917.
 1 APPPATH\Config\Routes.php(41): CodeIgniter\Router\RouteCollection->get([...], 'status_update_reject', 'ContextController::update_status_reject')
 2 SYSTEMPATH\Router\RouteCollection.php(678): CodeIgniter\Router\RouteCollection->Config\{closure}(Object(CodeIgniter\Router\RouteCollection))
 3 APPPATH\Config\Routes.php(33): CodeIgniter\Router\RouteCollection->group('context/context_analysis', Object(Closure))
 4 SYSTEMPATH\Router\RouteCollection.php(267): require('E:\\work\\ISMS\\isms-project\\app\\Config\\Routes.php')
 5 SYSTEMPATH\CodeIgniter.php(800): CodeIgniter\Router\RouteCollection->loadRoutes()
 6 SYSTEMPATH\CodeIgniter.php(447): CodeIgniter\CodeIgniter->tryToRouteIt(null)
 7 SYSTEMPATH\CodeIgniter.php(366): CodeIgniter\CodeIgniter->handleRequest(null, Object(Config\Cache), false)
 8 FCPATH\index.php(67): CodeIgniter\CodeIgniter->run()
 9 SYSTEMPATH\Commands\Server\rewrite.php(47): require_once('E:\\work\\ISMS\\isms-project\\public\\index.php')
CRITICAL - 2023-07-11 08:32:35 --> CodeIgniter\Router\RouteCollection::get(): Argument #1 ($from) must be of type string, array given, called in E:\work\ISMS\isms-project\app\Config\Routes.php on line 41
in SYSTEMPATH\Router\RouteCollection.php on line 917.
 1 APPPATH\Config\Routes.php(41): CodeIgniter\Router\RouteCollection->get([...], 'status_update_reject', 'ContextController::update_status_reject')
 2 SYSTEMPATH\Router\RouteCollection.php(678): CodeIgniter\Router\RouteCollection->Config\{closure}(Object(CodeIgniter\Router\RouteCollection))
 3 APPPATH\Config\Routes.php(33): CodeIgniter\Router\RouteCollection->group('context/context_analysis', Object(Closure))
 4 SYSTEMPATH\Router\RouteCollection.php(267): require('E:\\work\\ISMS\\isms-project\\app\\Config\\Routes.php')
 5 SYSTEMPATH\CodeIgniter.php(800): CodeIgniter\Router\RouteCollection->loadRoutes()
 6 SYSTEMPATH\CodeIgniter.php(447): CodeIgniter\CodeIgniter->tryToRouteIt(null)
 7 SYSTEMPATH\CodeIgniter.php(366): CodeIgniter\CodeIgniter->handleRequest(null, Object(Config\Cache), false)
 8 FCPATH\index.php(67): CodeIgniter\CodeIgniter->run()
 9 SYSTEMPATH\Commands\Server\rewrite.php(47): require_once('E:\\work\\ISMS\\isms-project\\public\\index.php')
CRITICAL - 2023-07-11 09:36:08 --> Call to undefined function App\Controllers\delete_files()
in APPPATH\Controllers\InterController.php on line 59.
 1 SYSTEMPATH\CodeIgniter.php(932): App\Controllers\InterController->delete('9', '4', '1')
 2 SYSTEMPATH\CodeIgniter.php(497): CodeIgniter\CodeIgniter->runController(Object(App\Controllers\InterController))
 3 SYSTEMPATH\CodeIgniter.php(366): CodeIgniter\CodeIgniter->handleRequest(null, Object(Config\Cache), false)
 4 FCPATH\index.php(67): CodeIgniter\CodeIgniter->run()
 5 SYSTEMPATH\Commands\Server\rewrite.php(47): require_once('E:\\work\\ISMS\\isms-project\\public\\index.php')
CRITICAL - 2023-07-11 09:36:14 --> Call to undefined function App\Controllers\delete_files()
in APPPATH\Controllers\InterController.php on line 59.
 1 SYSTEMPATH\CodeIgniter.php(932): App\Controllers\InterController->delete('9', '4', '1')
 2 SYSTEMPATH\CodeIgniter.php(497): CodeIgniter\CodeIgniter->runController(Object(App\Controllers\InterController))
 3 SYSTEMPATH\CodeIgniter.php(366): CodeIgniter\CodeIgniter->handleRequest(null, Object(Config\Cache), false)
 4 FCPATH\index.php(67): CodeIgniter\CodeIgniter->run()
 5 SYSTEMPATH\Commands\Server\rewrite.php(47): require_once('E:\\work\\ISMS\\isms-project\\public\\index.php')
CRITICAL - 2023-07-11 09:38:06 --> Call to undefined function App\Controllers\delete_files()
in APPPATH\Controllers\InterController.php on line 59.
 1 SYSTEMPATH\CodeIgniter.php(932): App\Controllers\InterController->delete('9', '4', '1')
 2 SYSTEMPATH\CodeIgniter.php(497): CodeIgniter\CodeIgniter->runController(Object(App\Controllers\InterController))
 3 SYSTEMPATH\CodeIgniter.php(366): CodeIgniter\CodeIgniter->handleRequest(null, Object(Config\Cache), false)
 4 FCPATH\index.php(67): CodeIgniter\CodeIgniter->run()
 5 SYSTEMPATH\Commands\Server\rewrite.php(47): require_once('E:\\work\\ISMS\\isms-project\\public\\index.php')
CRITICAL - 2023-07-11 09:55:06 --> Call to undefined function App\Controllers\delete_files()
in APPPATH\Controllers\InterController.php on line 60.
 1 SYSTEMPATH\CodeIgniter.php(932): App\Controllers\InterController->delete('9', '4', '1')
 2 SYSTEMPATH\CodeIgniter.php(497): CodeIgniter\CodeIgniter->runController(Object(App\Controllers\InterController))
 3 SYSTEMPATH\CodeIgniter.php(366): CodeIgniter\CodeIgniter->handleRequest(null, Object(Config\Cache), false)
 4 FCPATH\index.php(67): CodeIgniter\CodeIgniter->run()
 5 SYSTEMPATH\Commands\Server\rewrite.php(47): require_once('E:\\work\\ISMS\\isms-project\\public\\index.php')
CRITICAL - 2023-07-11 10:02:08 --> Call to undefined function App\Controllers\delete_files()
in APPPATH\Controllers\InterController.php on line 60.
 1 SYSTEMPATH\CodeIgniter.php(932): App\Controllers\InterController->delete('9', '4', '1')
 2 SYSTEMPATH\CodeIgniter.php(497): CodeIgniter\CodeIgniter->runController(Object(App\Controllers\InterController))
 3 SYSTEMPATH\CodeIgniter.php(366): CodeIgniter\CodeIgniter->handleRequest(null, Object(Config\Cache), false)
 4 FCPATH\index.php(67): CodeIgniter\CodeIgniter->run()
 5 SYSTEMPATH\Commands\Server\rewrite.php(47): require_once('E:\\work\\ISMS\\isms-project\\public\\index.php')
CRITICAL - 2023-07-11 10:02:09 --> Call to undefined function App\Controllers\delete_files()
in APPPATH\Controllers\InterController.php on line 60.
 1 SYSTEMPATH\CodeIgniter.php(932): App\Controllers\InterController->delete('9', '4', '1')
 2 SYSTEMPATH\CodeIgniter.php(497): CodeIgniter\CodeIgniter->runController(Object(App\Controllers\InterController))
 3 SYSTEMPATH\CodeIgniter.php(366): CodeIgniter\CodeIgniter->handleRequest(null, Object(Config\Cache), false)
 4 FCPATH\index.php(67): CodeIgniter\CodeIgniter->run()
 5 SYSTEMPATH\Commands\Server\rewrite.php(47): require_once('E:\\work\\ISMS\\isms-project\\public\\index.php')
CRITICAL - 2023-07-11 10:02:13 --> Call to undefined function App\Controllers\delete_files()
in APPPATH\Controllers\InterController.php on line 60.
 1 SYSTEMPATH\CodeIgniter.php(932): App\Controllers\InterController->delete('9', '4', '1')
 2 SYSTEMPATH\CodeIgniter.php(497): CodeIgniter\CodeIgniter->runController(Object(App\Controllers\InterController))
 3 SYSTEMPATH\CodeIgniter.php(366): CodeIgniter\CodeIgniter->handleRequest(null, Object(Config\Cache), false)
 4 FCPATH\index.php(67): CodeIgniter\CodeIgniter->run()
 5 SYSTEMPATH\Commands\Server\rewrite.php(47): require_once('E:\\work\\ISMS\\isms-project\\public\\index.php')
CRITICAL - 2023-07-11 10:02:14 --> Call to undefined function App\Controllers\delete_files()
in APPPATH\Controllers\InterController.php on line 60.
 1 SYSTEMPATH\CodeIgniter.php(932): App\Controllers\InterController->delete('9', '4', '1')
 2 SYSTEMPATH\CodeIgniter.php(497): CodeIgniter\CodeIgniter->runController(Object(App\Controllers\InterController))
 3 SYSTEMPATH\CodeIgniter.php(366): CodeIgniter\CodeIgniter->handleRequest(null, Object(Config\Cache), false)
 4 FCPATH\index.php(67): CodeIgniter\CodeIgniter->run()
 5 SYSTEMPATH\Commands\Server\rewrite.php(47): require_once('E:\\work\\ISMS\\isms-project\\public\\index.php')
CRITICAL - 2023-07-11 10:02:15 --> Call to undefined function App\Controllers\delete_files()
in APPPATH\Controllers\InterController.php on line 60.
 1 SYSTEMPATH\CodeIgniter.php(932): App\Controllers\InterController->delete('9', '4', '1')
 2 SYSTEMPATH\CodeIgniter.php(497): CodeIgniter\CodeIgniter->runController(Object(App\Controllers\InterController))
 3 SYSTEMPATH\CodeIgniter.php(366): CodeIgniter\CodeIgniter->handleRequest(null, Object(Config\Cache), false)
 4 FCPATH\index.php(67): CodeIgniter\CodeIgniter->run()
 5 SYSTEMPATH\Commands\Server\rewrite.php(47): require_once('E:\\work\\ISMS\\isms-project\\public\\index.php')
CRITICAL - 2023-07-11 10:02:15 --> Call to undefined function App\Controllers\delete_files()
in APPPATH\Controllers\InterController.php on line 60.
 1 SYSTEMPATH\CodeIgniter.php(932): App\Controllers\InterController->delete('9', '4', '1')
 2 SYSTEMPATH\CodeIgniter.php(497): CodeIgniter\CodeIgniter->runController(Object(App\Controllers\InterController))
 3 SYSTEMPATH\CodeIgniter.php(366): CodeIgniter\CodeIgniter->handleRequest(null, Object(Config\Cache), false)
 4 FCPATH\index.php(67): CodeIgniter\CodeIgniter->run()
 5 SYSTEMPATH\Commands\Server\rewrite.php(47): require_once('E:\\work\\ISMS\\isms-project\\public\\index.php')
CRITICAL - 2023-07-11 10:03:05 --> Call to undefined function App\Controllers\delete_files()
in APPPATH\Controllers\InterController.php on line 60.
 1 SYSTEMPATH\CodeIgniter.php(932): App\Controllers\InterController->delete('9', '4', '1')
 2 SYSTEMPATH\CodeIgniter.php(497): CodeIgniter\CodeIgniter->runController(Object(App\Controllers\InterController))
 3 SYSTEMPATH\CodeIgniter.php(366): CodeIgniter\CodeIgniter->handleRequest(null, Object(Config\Cache), false)
 4 FCPATH\index.php(67): CodeIgniter\CodeIgniter->run()
 5 SYSTEMPATH\Commands\Server\rewrite.php(47): require_once('E:\\work\\ISMS\\isms-project\\public\\index.php')
CRITICAL - 2023-07-11 10:03:08 --> Call to undefined function App\Controllers\delete_files()
in APPPATH\Controllers\InterController.php on line 60.
 1 SYSTEMPATH\CodeIgniter.php(932): App\Controllers\InterController->delete('9', '4', '1')
 2 SYSTEMPATH\CodeIgniter.php(497): CodeIgniter\CodeIgniter->runController(Object(App\Controllers\InterController))
 3 SYSTEMPATH\CodeIgniter.php(366): CodeIgniter\CodeIgniter->handleRequest(null, Object(Config\Cache), false)
 4 FCPATH\index.php(67): CodeIgniter\CodeIgniter->run()
 5 SYSTEMPATH\Commands\Server\rewrite.php(47): require_once('E:\\work\\ISMS\\isms-project\\public\\index.php')
CRITICAL - 2023-07-11 10:07:36 --> unlink(E:\work\ISMS\isms-project\public/uploads/2): Is a directory
in APPPATH\Controllers\InterController.php on line 59.
 1 [internal function]: CodeIgniter\Debug\Exceptions->errorHandler(2, 'unlink(E:\\work\\ISMS\\isms-project\\public/uploads/2): Is a directory', 'E:\\work\\ISMS\\isms-project\\app\\Controllers\\InterController.php', 59)
 2 APPPATH\Controllers\InterController.php(59): unlink('E:\\work\\ISMS\\isms-project\\public/uploads/2')
 3 SYSTEMPATH\CodeIgniter.php(932): App\Controllers\InterController->delete('10', '4', '2')
 4 SYSTEMPATH\CodeIgniter.php(497): CodeIgniter\CodeIgniter->runController(Object(App\Controllers\InterController))
 5 SYSTEMPATH\CodeIgniter.php(366): CodeIgniter\CodeIgniter->handleRequest(null, Object(Config\Cache), false)
 6 FCPATH\index.php(67): CodeIgniter\CodeIgniter->run()
 7 SYSTEMPATH\Commands\Server\rewrite.php(47): require_once('E:\\work\\ISMS\\isms-project\\public\\index.php')
CRITICAL - 2023-07-11 10:09:24 --> Call to undefined function App\Controllers\delete_files()
in APPPATH\Controllers\InterController.php on line 57.
 1 SYSTEMPATH\CodeIgniter.php(932): App\Controllers\InterController->delete('11', '4', '3')
 2 SYSTEMPATH\CodeIgniter.php(497): CodeIgniter\CodeIgniter->runController(Object(App\Controllers\InterController))
 3 SYSTEMPATH\CodeIgniter.php(366): CodeIgniter\CodeIgniter->handleRequest(null, Object(Config\Cache), false)
 4 FCPATH\index.php(67): CodeIgniter\CodeIgniter->run()
 5 SYSTEMPATH\Commands\Server\rewrite.php(47): require_once('E:\\work\\ISMS\\isms-project\\public\\index.php')
CRITICAL - 2023-07-11 10:12:21 --> Call to undefined function App\Controllers\delete_files()
in APPPATH\Controllers\InterController.php on line 57.
 1 SYSTEMPATH\CodeIgniter.php(932): App\Controllers\InterController->delete('11', '4', '3')
 2 SYSTEMPATH\CodeIgniter.php(497): CodeIgniter\CodeIgniter->runController(Object(App\Controllers\InterController))
 3 SYSTEMPATH\CodeIgniter.php(366): CodeIgniter\CodeIgniter->handleRequest(null, Object(Config\Cache), false)
 4 FCPATH\index.php(67): CodeIgniter\CodeIgniter->run()
 5 SYSTEMPATH\Commands\Server\rewrite.php(47): require_once('E:\\work\\ISMS\\isms-project\\public\\index.php')
CRITICAL - 2023-07-11 10:13:20 --> Call to undefined function App\Controllers\delete_files()
in APPPATH\Controllers\InterController.php on line 57.
 1 SYSTEMPATH\CodeIgniter.php(932): App\Controllers\InterController->delete('11', '4', '3')
 2 SYSTEMPATH\CodeIgniter.php(497): CodeIgniter\CodeIgniter->runController(Object(App\Controllers\InterController))
 3 SYSTEMPATH\CodeIgniter.php(366): CodeIgniter\CodeIgniter->handleRequest(null, Object(Config\Cache), false)
 4 FCPATH\index.php(67): CodeIgniter\CodeIgniter->run()
 5 SYSTEMPATH\Commands\Server\rewrite.php(47): require_once('E:\\work\\ISMS\\isms-project\\public\\index.php')
CRITICAL - 2023-07-11 10:13:23 --> Call to undefined function App\Controllers\delete_files()
in APPPATH\Controllers\InterController.php on line 57.
 1 SYSTEMPATH\CodeIgniter.php(932): App\Controllers\InterController->delete('11', '4', '3')
 2 SYSTEMPATH\CodeIgniter.php(497): CodeIgniter\CodeIgniter->runController(Object(App\Controllers\InterController))
 3 SYSTEMPATH\CodeIgniter.php(366): CodeIgniter\CodeIgniter->handleRequest(null, Object(Config\Cache), false)
 4 FCPATH\index.php(67): CodeIgniter\CodeIgniter->run()
 5 SYSTEMPATH\Commands\Server\rewrite.php(47): require_once('E:\\work\\ISMS\\isms-project\\public\\index.php')
CRITICAL - 2023-07-11 10:13:24 --> Call to undefined function App\Controllers\delete_files()
in APPPATH\Controllers\InterController.php on line 57.
 1 SYSTEMPATH\CodeIgniter.php(932): App\Controllers\InterController->delete('11', '4', '3')
 2 SYSTEMPATH\CodeIgniter.php(497): CodeIgniter\CodeIgniter->runController(Object(App\Controllers\InterController))
 3 SYSTEMPATH\CodeIgniter.php(366): CodeIgniter\CodeIgniter->handleRequest(null, Object(Config\Cache), false)
 4 FCPATH\index.php(67): CodeIgniter\CodeIgniter->run()
 5 SYSTEMPATH\Commands\Server\rewrite.php(47): require_once('E:\\work\\ISMS\\isms-project\\public\\index.php')
CRITICAL - 2023-07-11 10:13:25 --> Call to undefined function App\Controllers\delete_files()
in APPPATH\Controllers\InterController.php on line 57.
 1 SYSTEMPATH\CodeIgniter.php(932): App\Controllers\InterController->delete('11', '4', '3')
 2 SYSTEMPATH\CodeIgniter.php(497): CodeIgniter\CodeIgniter->runController(Object(App\Controllers\InterController))
 3 SYSTEMPATH\CodeIgniter.php(366): CodeIgniter\CodeIgniter->handleRequest(null, Object(Config\Cache), false)
 4 FCPATH\index.php(67): CodeIgniter\CodeIgniter->run()
 5 SYSTEMPATH\Commands\Server\rewrite.php(47): require_once('E:\\work\\ISMS\\isms-project\\public\\index.php')
CRITICAL - 2023-07-11 10:13:25 --> Call to undefined function App\Controllers\delete_files()
in APPPATH\Controllers\InterController.php on line 57.
 1 SYSTEMPATH\CodeIgniter.php(932): App\Controllers\InterController->delete('11', '4', '3')
 2 SYSTEMPATH\CodeIgniter.php(497): CodeIgniter\CodeIgniter->runController(Object(App\Controllers\InterController))
 3 SYSTEMPATH\CodeIgniter.php(366): CodeIgniter\CodeIgniter->handleRequest(null, Object(Config\Cache), false)
 4 FCPATH\index.php(67): CodeIgniter\CodeIgniter->run()
 5 SYSTEMPATH\Commands\Server\rewrite.php(47): require_once('E:\\work\\ISMS\\isms-project\\public\\index.php')
CRITICAL - 2023-07-11 10:13:40 --> Call to undefined function App\Controllers\delete_files()
in APPPATH\Controllers\InterController.php on line 57.
 1 SYSTEMPATH\CodeIgniter.php(932): App\Controllers\InterController->delete('11', '4', '3')
 2 SYSTEMPATH\CodeIgniter.php(497): CodeIgniter\CodeIgniter->runController(Object(App\Controllers\InterController))
 3 SYSTEMPATH\CodeIgniter.php(366): CodeIgniter\CodeIgniter->handleRequest(null, Object(Config\Cache), false)
 4 FCPATH\index.php(67): CodeIgniter\CodeIgniter->run()
 5 SYSTEMPATH\Commands\Server\rewrite.php(47): require_once('E:\\work\\ISMS\\isms-project\\public\\index.php')
CRITICAL - 2023-07-11 10:13:42 --> Call to undefined function App\Controllers\delete_files()
in APPPATH\Controllers\InterController.php on line 57.
 1 SYSTEMPATH\CodeIgniter.php(932): App\Controllers\InterController->delete('11', '4', '3')
 2 SYSTEMPATH\CodeIgniter.php(497): CodeIgniter\CodeIgniter->runController(Object(App\Controllers\InterController))
 3 SYSTEMPATH\CodeIgniter.php(366): CodeIgniter\CodeIgniter->handleRequest(null, Object(Config\Cache), false)
 4 FCPATH\index.php(67): CodeIgniter\CodeIgniter->run()
 5 SYSTEMPATH\Commands\Server\rewrite.php(47): require_once('E:\\work\\ISMS\\isms-project\\public\\index.php')
CRITICAL - 2023-07-11 10:13:55 --> Call to undefined function App\Controllers\delete_files()
in APPPATH\Controllers\InterController.php on line 57.
 1 SYSTEMPATH\CodeIgniter.php(932): App\Controllers\InterController->delete('11', '4', '3')
 2 SYSTEMPATH\CodeIgniter.php(497): CodeIgniter\CodeIgniter->runController(Object(App\Controllers\InterController))
 3 SYSTEMPATH\CodeIgniter.php(366): CodeIgniter\CodeIgniter->handleRequest(null, Object(Config\Cache), false)
 4 FCPATH\index.php(67): CodeIgniter\CodeIgniter->run()
 5 SYSTEMPATH\Commands\Server\rewrite.php(47): require_once('E:\\work\\ISMS\\isms-project\\public\\index.php')
CRITICAL - 2023-07-11 10:13:56 --> Call to undefined function App\Controllers\delete_files()
in APPPATH\Controllers\InterController.php on line 57.
 1 SYSTEMPATH\CodeIgniter.php(932): App\Controllers\InterController->delete('11', '4', '3')
 2 SYSTEMPATH\CodeIgniter.php(497): CodeIgniter\CodeIgniter->runController(Object(App\Controllers\InterController))
 3 SYSTEMPATH\CodeIgniter.php(366): CodeIgniter\CodeIgniter->handleRequest(null, Object(Config\Cache), false)
 4 FCPATH\index.php(67): CodeIgniter\CodeIgniter->run()
 5 SYSTEMPATH\Commands\Server\rewrite.php(47): require_once('E:\\work\\ISMS\\isms-project\\public\\index.php')
CRITICAL - 2023-07-11 10:17:58 --> unlink(E:\work\ISMS\isms-project\public\uploads/3): Is a directory
in APPPATH\Controllers\InterController.php on line 57.
 1 [internal function]: CodeIgniter\Debug\Exceptions->errorHandler(2, 'unlink(E:\\work\\ISMS\\isms-project\\public\\uploads/3): Is a directory', 'E:\\work\\ISMS\\isms-project\\app\\Controllers\\InterController.php', 57)
 2 APPPATH\Controllers\InterController.php(57): unlink('E:\\work\\ISMS\\isms-project\\public\\uploads/3')
 3 SYSTEMPATH\CodeIgniter.php(932): App\Controllers\InterController->delete('11', '4', '3')
 4 SYSTEMPATH\CodeIgniter.php(497): CodeIgniter\CodeIgniter->runController(Object(App\Controllers\InterController))
 5 SYSTEMPATH\CodeIgniter.php(366): CodeIgniter\CodeIgniter->handleRequest(null, Object(Config\Cache), false)
 6 FCPATH\index.php(67): CodeIgniter\CodeIgniter->run()
 7 SYSTEMPATH\Commands\Server\rewrite.php(47): require_once('E:\\work\\ISMS\\isms-project\\public\\index.php')
CRITICAL - 2023-07-11 10:19:11 --> unlink(E:\work\ISMS\isms-project\public\uploads3): No such file or directory
in APPPATH\Controllers\InterController.php on line 57.
 1 [internal function]: CodeIgniter\Debug\Exceptions->errorHandler(2, 'unlink(E:\\work\\ISMS\\isms-project\\public\\uploads3): No such file or directory', 'E:\\work\\ISMS\\isms-project\\app\\Controllers\\InterController.php', 57)
 2 APPPATH\Controllers\InterController.php(57): unlink('E:\\work\\ISMS\\isms-project\\public\\uploads3')
 3 SYSTEMPATH\CodeIgniter.php(932): App\Controllers\InterController->delete('11', '4', '3')
 4 SYSTEMPATH\CodeIgniter.php(497): CodeIgniter\CodeIgniter->runController(Object(App\Controllers\InterController))
 5 SYSTEMPATH\CodeIgniter.php(366): CodeIgniter\CodeIgniter->handleRequest(null, Object(Config\Cache), false)
 6 FCPATH\index.php(67): CodeIgniter\CodeIgniter->run()
 7 SYSTEMPATH\Commands\Server\rewrite.php(47): require_once('E:\\work\\ISMS\\isms-project\\public\\index.php')
CRITICAL - 2023-07-11 10:19:22 --> syntax error, unexpected identifier "id_internal", expecting ")"
in APPPATH\Controllers\InterController.php on line 60.
 1 SYSTEMPATH\Autoloader\Autoloader.php(289): CodeIgniter\Autoloader\Autoloader->includeFile('E:\\work\\ISMS\\isms-project\\app\\Controllers\\InterController.php')
 2 SYSTEMPATH\Autoloader\Autoloader.php(267): CodeIgniter\Autoloader\Autoloader->loadInNamespace('App\\Controllers\\InterController')
 3 [internal function]: CodeIgniter\Autoloader\Autoloader->loadClass('App\\Controllers\\InterController')
 4 SYSTEMPATH\CodeIgniter.php(890): class_exists('\\App\\Controllers\\InterController', true)
 5 SYSTEMPATH\CodeIgniter.php(484): CodeIgniter\CodeIgniter->startController()
 6 SYSTEMPATH\CodeIgniter.php(366): CodeIgniter\CodeIgniter->handleRequest(null, Object(Config\Cache), false)
 7 FCPATH\index.php(67): CodeIgniter\CodeIgniter->run()
 8 SYSTEMPATH\Commands\Server\rewrite.php(47): require_once('E:\\work\\ISMS\\isms-project\\public\\index.php')
CRITICAL - 2023-07-11 10:19:32 --> unlink(E:\work\ISMS\isms-project\public\uploads/3): Is a directory
in APPPATH\Controllers\InterController.php on line 57.
 1 [internal function]: CodeIgniter\Debug\Exceptions->errorHandler(2, 'unlink(E:\\work\\ISMS\\isms-project\\public\\uploads/3): Is a directory', 'E:\\work\\ISMS\\isms-project\\app\\Controllers\\InterController.php', 57)
 2 APPPATH\Controllers\InterController.php(57): unlink('E:\\work\\ISMS\\isms-project\\public\\uploads/3')
 3 SYSTEMPATH\CodeIgniter.php(932): App\Controllers\InterController->delete('11', '4', '3')
 4 SYSTEMPATH\CodeIgniter.php(497): CodeIgniter\CodeIgniter->runController(Object(App\Controllers\InterController))
 5 SYSTEMPATH\CodeIgniter.php(366): CodeIgniter\CodeIgniter->handleRequest(null, Object(Config\Cache), false)
 6 FCPATH\index.php(67): CodeIgniter\CodeIgniter->run()
 7 SYSTEMPATH\Commands\Server\rewrite.php(47): require_once('E:\\work\\ISMS\\isms-project\\public\\index.php')
CRITICAL - 2023-07-11 13:27:43 --> rmdir(./uploads/3/): Directory not empty
in APPPATH\Controllers\InterController.php on line 59.
 1 [internal function]: CodeIgniter\Debug\Exceptions->errorHandler(2, 'rmdir(./uploads/3/): Directory not empty', 'E:\\work\\ISMS\\isms-project\\app\\Controllers\\InterController.php', 59)
 2 APPPATH\Controllers\InterController.php(59): rmdir('./uploads/3/')
 3 SYSTEMPATH\CodeIgniter.php(932): App\Controllers\InterController->delete('11', '4', '3')
 4 SYSTEMPATH\CodeIgniter.php(497): CodeIgniter\CodeIgniter->runController(Object(App\Controllers\InterController))
 5 SYSTEMPATH\CodeIgniter.php(366): CodeIgniter\CodeIgniter->handleRequest(null, Object(Config\Cache), false)
 6 FCPATH\index.php(67): CodeIgniter\CodeIgniter->run()
 7 SYSTEMPATH\Commands\Server\rewrite.php(47): require_once('E:\\work\\ISMS\\isms-project\\public\\index.php')
CRITICAL - 2023-07-11 13:27:58 --> rmdir(./uploads/3): Directory not empty
in APPPATH\Controllers\InterController.php on line 59.
 1 [internal function]: CodeIgniter\Debug\Exceptions->errorHandler(2, 'rmdir(./uploads/3): Directory not empty', 'E:\\work\\ISMS\\isms-project\\app\\Controllers\\InterController.php', 59)
 2 APPPATH\Controllers\InterController.php(59): rmdir('./uploads/3')
 3 SYSTEMPATH\CodeIgniter.php(932): App\Controllers\InterController->delete('11', '4', '3')
 4 SYSTEMPATH\CodeIgniter.php(497): CodeIgniter\CodeIgniter->runController(Object(App\Controllers\InterController))
 5 SYSTEMPATH\CodeIgniter.php(366): CodeIgniter\CodeIgniter->handleRequest(null, Object(Config\Cache), false)
 6 FCPATH\index.php(67): CodeIgniter\CodeIgniter->run()
 7 SYSTEMPATH\Commands\Server\rewrite.php(47): require_once('E:\\work\\ISMS\\isms-project\\public\\index.php')
CRITICAL - 2023-07-11 13:28:58 --> Call to undefined function App\Controllers\delete_files()
in APPPATH\Controllers\InterController.php on line 58.
 1 SYSTEMPATH\CodeIgniter.php(932): App\Controllers\InterController->delete('11', '4', '3')
 2 SYSTEMPATH\CodeIgniter.php(497): CodeIgniter\CodeIgniter->runController(Object(App\Controllers\InterController))
 3 SYSTEMPATH\CodeIgniter.php(366): CodeIgniter\CodeIgniter->handleRequest(null, Object(Config\Cache), false)
 4 FCPATH\index.php(67): CodeIgniter\CodeIgniter->run()
 5 SYSTEMPATH\Commands\Server\rewrite.php(47): require_once('E:\\work\\ISMS\\isms-project\\public\\index.php')
CRITICAL - 2023-07-11 13:29:47 --> Call to undefined function App\Controllers\delete_files()
in APPPATH\Controllers\InterController.php on line 59.
 1 SYSTEMPATH\CodeIgniter.php(932): App\Controllers\InterController->delete('11', '4', '3')
 2 SYSTEMPATH\CodeIgniter.php(497): CodeIgniter\CodeIgniter->runController(Object(App\Controllers\InterController))
 3 SYSTEMPATH\CodeIgniter.php(366): CodeIgniter\CodeIgniter->handleRequest(null, Object(Config\Cache), false)
 4 FCPATH\index.php(67): CodeIgniter\CodeIgniter->run()
 5 SYSTEMPATH\Commands\Server\rewrite.php(47): require_once('E:\\work\\ISMS\\isms-project\\public\\index.php')
CRITICAL - 2023-07-11 13:29:48 --> Call to undefined function App\Controllers\delete_files()
in APPPATH\Controllers\InterController.php on line 59.
 1 SYSTEMPATH\CodeIgniter.php(932): App\Controllers\InterController->delete('11', '4', '3')
 2 SYSTEMPATH\CodeIgniter.php(497): CodeIgniter\CodeIgniter->runController(Object(App\Controllers\InterController))
 3 SYSTEMPATH\CodeIgniter.php(366): CodeIgniter\CodeIgniter->handleRequest(null, Object(Config\Cache), false)
 4 FCPATH\index.php(67): CodeIgniter\CodeIgniter->run()
 5 SYSTEMPATH\Commands\Server\rewrite.php(47): require_once('E:\\work\\ISMS\\isms-project\\public\\index.php')
CRITICAL - 2023-07-11 13:32:41 --> Call to undefined function App\Controllers\delete_files()
in APPPATH\Controllers\InterController.php on line 61.
 1 SYSTEMPATH\CodeIgniter.php(932): App\Controllers\InterController->delete('11', '4', '3')
 2 SYSTEMPATH\CodeIgniter.php(497): CodeIgniter\CodeIgniter->runController(Object(App\Controllers\InterController))
 3 SYSTEMPATH\CodeIgniter.php(366): CodeIgniter\CodeIgniter->handleRequest(null, Object(Config\Cache), false)
 4 FCPATH\index.php(67): CodeIgniter\CodeIgniter->run()
 5 SYSTEMPATH\Commands\Server\rewrite.php(47): require_once('E:\\work\\ISMS\\isms-project\\public\\index.php')
CRITICAL - 2023-07-11 13:32:43 --> Call to undefined function App\Controllers\delete_files()
in APPPATH\Controllers\InterController.php on line 61.
 1 SYSTEMPATH\CodeIgniter.php(932): App\Controllers\InterController->delete('11', '4', '3')
 2 SYSTEMPATH\CodeIgniter.php(497): CodeIgniter\CodeIgniter->runController(Object(App\Controllers\InterController))
 3 SYSTEMPATH\CodeIgniter.php(366): CodeIgniter\CodeIgniter->handleRequest(null, Object(Config\Cache), false)
 4 FCPATH\index.php(67): CodeIgniter\CodeIgniter->run()
 5 SYSTEMPATH\Commands\Server\rewrite.php(47): require_once('E:\\work\\ISMS\\isms-project\\public\\index.php')
CRITICAL - 2023-07-11 13:32:51 --> Call to undefined function App\Controllers\delete_files()
in APPPATH\Controllers\InterController.php on line 61.
 1 SYSTEMPATH\CodeIgniter.php(932): App\Controllers\InterController->delete('11', '4', '3')
 2 SYSTEMPATH\CodeIgniter.php(497): CodeIgniter\CodeIgniter->runController(Object(App\Controllers\InterController))
 3 SYSTEMPATH\CodeIgniter.php(366): CodeIgniter\CodeIgniter->handleRequest(null, Object(Config\Cache), false)
 4 FCPATH\index.php(67): CodeIgniter\CodeIgniter->run()
 5 SYSTEMPATH\Commands\Server\rewrite.php(47): require_once('E:\\work\\ISMS\\isms-project\\public\\index.php')
