ERROR - 2023-10-27 08:39:12 --> mysqli_sql_exception: Unknown column 'id_internal' in 'where clause' in C:\xampp\htdocs\iso-optimize-test\vendor\codeigniter4\framework\system\Database\MySQLi\Connection.php:295
Stack trace:
#0 C:\xampp\htdocs\iso-optimize-test\vendor\codeigniter4\framework\system\Database\MySQLi\Connection.php(295): mysqli->query('SELECT *\nFROM `...', 0)
#1 C:\xampp\htdocs\iso-optimize-test\vendor\codeigniter4\framework\system\Database\BaseConnection.php(692): CodeIgniter\Database\MySQLi\Connection->execute('SELECT *\nFROM `...')
#2 C:\xampp\htdocs\iso-optimize-test\vendor\codeigniter4\framework\system\Database\BaseConnection.php(606): CodeIgniter\Database\BaseConnection->simpleQuery('SELECT *\nFROM `...')
#3 C:\xampp\htdocs\iso-optimize-test\vendor\codeigniter4\framework\system\Database\BaseBuilder.php(1616): CodeIgniter\Database\BaseConnection->query('SELECT *\nFROM `...', Array, false)
#4 C:\xampp\htdocs\iso-optimize-test\vendor\codeigniter4\framework\system\Model.php(241): CodeIgniter\Database\BaseBuilder->get()
#5 C:\xampp\htdocs\iso-optimize-test\vendor\codeigniter4\framework\system\BaseModel.php(618): CodeIgniter\Model->doFindAll(0, 0)
#6 C:\xampp\htdocs\iso-optimize-test\app\Controllers\ExterController.php(301): CodeIgniter\BaseModel->findAll()
#7 C:\xampp\htdocs\iso-optimize-test\vendor\codeigniter4\framework\system\CodeIgniter.php(932): App\Controllers\ExterController->edit('102', '1')
#8 C:\xampp\htdocs\iso-optimize-test\vendor\codeigniter4\framework\system\CodeIgniter.php(497): CodeIgniter\CodeIgniter->runController(Object(App\Controllers\ExterController))
#9 C:\xampp\htdocs\iso-optimize-test\vendor\codeigniter4\framework\system\CodeIgniter.php(366): CodeIgniter\CodeIgniter->handleRequest(NULL, Object(Config\Cache), false)
#10 C:\xampp\htdocs\iso-optimize-test\index.php(67): CodeIgniter\CodeIgniter->run()
#11 {main}
CRITICAL - 2023-10-27 08:39:12 --> Unknown column 'id_internal' in 'where clause'
in SYSTEMPATH\Database\MySQLi\Connection.php on line 295.
 1 SYSTEMPATH\Database\MySQLi\Connection.php(295): mysqli->query('SELECT *
FROM `external_table`
WHERE `id_internal` = \'22\'', 0)
 2 SYSTEMPATH\Database\BaseConnection.php(692): CodeIgniter\Database\MySQLi\Connection->execute('SELECT *
FROM `external_table`
WHERE `id_internal` = \'22\'')
 3 SYSTEMPATH\Database\BaseConnection.php(606): CodeIgniter\Database\BaseConnection->simpleQuery('SELECT *
FROM `external_table`
WHERE `id_internal` = \'22\'')
 4 SYSTEMPATH\Database\BaseBuilder.php(1616): CodeIgniter\Database\BaseConnection->query('SELECT *
FROM `external_table`
WHERE `id_internal` = :id_internal:', [...], false)
 5 SYSTEMPATH\Model.php(241): CodeIgniter\Database\BaseBuilder->get()
 6 SYSTEMPATH\BaseModel.php(618): CodeIgniter\Model->doFindAll(0, 0)
 7 APPPATH\Controllers\ExterController.php(301): CodeIgniter\BaseModel->findAll()
 8 SYSTEMPATH\CodeIgniter.php(932): App\Controllers\ExterController->edit('102', '1')
 9 SYSTEMPATH\CodeIgniter.php(497): CodeIgniter\CodeIgniter->runController(Object(App\Controllers\ExterController))
10 SYSTEMPATH\CodeIgniter.php(366): CodeIgniter\CodeIgniter->handleRequest(null, Object(Config\Cache), false)
11 FCPATH\index.php(67): CodeIgniter\CodeIgniter->run()
CRITICAL - 2023-10-27 08:39:16 --> Updates are not allowed unless they contain a "where" or "like" clause.
in SYSTEMPATH\Model.php on line 391.
 1 SYSTEMPATH\BaseModel.php(943): CodeIgniter\Model->doUpdate(null, [...])
 2 SYSTEMPATH\Model.php(756): CodeIgniter\BaseModel->update(null, [...])
 3 APPPATH\Controllers\ExterController.php(334): CodeIgniter\Model->update(null, [...])
 4 SYSTEMPATH\CodeIgniter.php(932): App\Controllers\ExterController->edit('102', '1')
 5 SYSTEMPATH\CodeIgniter.php(497): CodeIgniter\CodeIgniter->runController(Object(App\Controllers\ExterController))
 6 SYSTEMPATH\CodeIgniter.php(366): CodeIgniter\CodeIgniter->handleRequest(null, Object(Config\Cache), false)
 7 FCPATH\index.php(67): CodeIgniter\CodeIgniter->run()
CRITICAL - 2023-10-27 09:09:53 --> Undefined variable $data_inter_iss
in APPPATH\Views\Context\interested.php on line 664.
 1 APPPATH\Views\Context\interested.php(664): CodeIgniter\Debug\Exceptions->errorHandler(2, 'Undefined variable $data_inter_iss', 'C:\\xampp\\htdocs\\iso-optimize-test\\app\\Views\\Context\\interested.php', 664)
 2 SYSTEMPATH\View\View.php(224): include('C:\\xampp\\htdocs\\iso-optimize-test\\app\\Views\\Context\\interested.php')
 3 SYSTEMPATH\View\View.php(227): CodeIgniter\View\View->CodeIgniter\View\{closure}()
 4 SYSTEMPATH\Common.php(1180): CodeIgniter\View\View->render('Context/interested', [], true)
 5 APPPATH\Controllers\InterestedController.php(31): view('Context/interested', [...])
 6 SYSTEMPATH\CodeIgniter.php(932): App\Controllers\InterestedController->interested_index('120', '1')
 7 SYSTEMPATH\CodeIgniter.php(497): CodeIgniter\CodeIgniter->runController(Object(App\Controllers\InterestedController))
 8 SYSTEMPATH\CodeIgniter.php(366): CodeIgniter\CodeIgniter->handleRequest(null, Object(Config\Cache), false)
 9 FCPATH\index.php(67): CodeIgniter\CodeIgniter->run()
