CRITICAL - 2023-08-04 02:26:04 --> Undefined variable $details
in APPPATH\Views\Context\context-ana\context_version.php on line 286.
 1 APPPATH\Views\Context\context-ana\context_version.php(286): CodeIgniter\Debug\Exceptions->errorHandler(2, 'Undefined variable $details', 'C:\\xampp\\htdocs\\isms-project\\app\\Views\\Context\\context-ana\\context_version.php', 286)
 2 SYSTEMPATH\View\View.php(224): include('C:\\xampp\\htdocs\\isms-project\\app\\Views\\Context\\context-ana\\context_version.php')
 3 SYSTEMPATH\View\View.php(227): CodeIgniter\View\View->CodeIgniter\View\{closure}()
 4 SYSTEMPATH\Common.php(1180): CodeIgniter\View\View->render('Context/context-ana/context_version', [], true)
 5 APPPATH\Controllers\ContextController.php(98): view('Context/context-ana/context_version', [...])
 6 SYSTEMPATH\CodeIgniter.php(932): App\Controllers\ContextController->context_analysis_version('13')
 7 SYSTEMPATH\CodeIgniter.php(497): CodeIgniter\CodeIgniter->runController(Object(App\Controllers\ContextController))
 8 SYSTEMPATH\CodeIgniter.php(366): CodeIgniter\CodeIgniter->handleRequest(null, Object(Config\Cache), false)
 9 FCPATH\index.php(67): CodeIgniter\CodeIgniter->run()
ERROR - 2023-08-04 03:31:06 --> mysqli_sql_exception: You have an error in your SQL syntax; check the manual that corresponds to your MariaDB server version for the right syntax to use near ')' at line 4 in C:\xampp\htdocs\isms-project\vendor\codeigniter4\framework\system\Database\MySQLi\Connection.php:295
Stack trace:
#0 C:\xampp\htdocs\isms-project\vendor\codeigniter4\framework\system\Database\MySQLi\Connection.php(295): mysqli->query('SELECT *, GROUP...', 0)
#1 C:\xampp\htdocs\isms-project\vendor\codeigniter4\framework\system\Database\BaseConnection.php(692): CodeIgniter\Database\MySQLi\Connection->execute('SELECT *, GROUP...')
#2 C:\xampp\htdocs\isms-project\vendor\codeigniter4\framework\system\Database\BaseConnection.php(606): CodeIgniter\Database\BaseConnection->simpleQuery('SELECT *, GROUP...')
#3 C:\xampp\htdocs\isms-project\vendor\codeigniter4\framework\system\Database\BaseBuilder.php(1616): CodeIgniter\Database\BaseConnection->query('SELECT *, GROUP...', Array, false)
#4 C:\xampp\htdocs\isms-project\vendor\codeigniter4\framework\system\Model.php(836): CodeIgniter\Database\BaseBuilder->get()
#5 C:\xampp\htdocs\isms-project\app\Controllers\ContextController.php(89): CodeIgniter\Model->__call('get', Array)
#6 C:\xampp\htdocs\isms-project\vendor\codeigniter4\framework\system\CodeIgniter.php(932): App\Controllers\ContextController->context_analysis_version('13')
#7 C:\xampp\htdocs\isms-project\vendor\codeigniter4\framework\system\CodeIgniter.php(497): CodeIgniter\CodeIgniter->runController(Object(App\Controllers\ContextController))
#8 C:\xampp\htdocs\isms-project\vendor\codeigniter4\framework\system\CodeIgniter.php(366): CodeIgniter\CodeIgniter->handleRequest(NULL, Object(Config\Cache), false)
#9 C:\xampp\htdocs\isms-project\index.php(67): CodeIgniter\CodeIgniter->run()
#10 {main}
CRITICAL - 2023-08-04 03:31:06 --> You have an error in your SQL syntax; check the manual that corresponds to your MariaDB server version for the right syntax to use near ')' at line 4
in SYSTEMPATH\Database\MySQLi\Connection.php on line 295.
 1 SYSTEMPATH\Database\MySQLi\Connection.php(295): mysqli->query('SELECT *, GROUP_CONCAT(id_internal_issues) as id_select
FROM `internal_issues_table`
WHERE   (
 )', 0)
 2 SYSTEMPATH\Database\BaseConnection.php(692): CodeIgniter\Database\MySQLi\Connection->execute('SELECT *, GROUP_CONCAT(id_internal_issues) as id_select
FROM `internal_issues_table`
WHERE   (
 )')
 3 SYSTEMPATH\Database\BaseConnection.php(606): CodeIgniter\Database\BaseConnection->simpleQuery('SELECT *, GROUP_CONCAT(id_internal_issues) as id_select
FROM `internal_issues_table`
WHERE   (
 )')
 4 SYSTEMPATH\Database\BaseBuilder.php(1616): CodeIgniter\Database\BaseConnection->query('SELECT *, GROUP_CONCAT(id_internal_issues) as id_select
FROM `internal_issues_table`
WHERE   (
 )', [], false)
 5 SYSTEMPATH\Model.php(836): CodeIgniter\Database\BaseBuilder->get()
 6 APPPATH\Controllers\ContextController.php(89): CodeIgniter\Model->__call('get', [])
 7 SYSTEMPATH\CodeIgniter.php(932): App\Controllers\ContextController->context_analysis_version('13')
 8 SYSTEMPATH\CodeIgniter.php(497): CodeIgniter\CodeIgniter->runController(Object(App\Controllers\ContextController))
 9 SYSTEMPATH\CodeIgniter.php(366): CodeIgniter\CodeIgniter->handleRequest(null, Object(Config\Cache), false)
10 FCPATH\index.php(67): CodeIgniter\CodeIgniter->run()
ERROR - 2023-08-04 03:31:24 --> mysqli_sql_exception: You have an error in your SQL syntax; check the manual that corresponds to your MariaDB server version for the right syntax to use near ')' at line 4 in C:\xampp\htdocs\isms-project\vendor\codeigniter4\framework\system\Database\MySQLi\Connection.php:295
Stack trace:
#0 C:\xampp\htdocs\isms-project\vendor\codeigniter4\framework\system\Database\MySQLi\Connection.php(295): mysqli->query('SELECT *, GROUP...', 0)
#1 C:\xampp\htdocs\isms-project\vendor\codeigniter4\framework\system\Database\BaseConnection.php(692): CodeIgniter\Database\MySQLi\Connection->execute('SELECT *, GROUP...')
#2 C:\xampp\htdocs\isms-project\vendor\codeigniter4\framework\system\Database\BaseConnection.php(606): CodeIgniter\Database\BaseConnection->simpleQuery('SELECT *, GROUP...')
#3 C:\xampp\htdocs\isms-project\vendor\codeigniter4\framework\system\Database\BaseBuilder.php(1616): CodeIgniter\Database\BaseConnection->query('SELECT *, GROUP...', Array, false)
#4 C:\xampp\htdocs\isms-project\vendor\codeigniter4\framework\system\Model.php(836): CodeIgniter\Database\BaseBuilder->get()
#5 C:\xampp\htdocs\isms-project\app\Controllers\ContextController.php(89): CodeIgniter\Model->__call('get', Array)
#6 C:\xampp\htdocs\isms-project\vendor\codeigniter4\framework\system\CodeIgniter.php(932): App\Controllers\ContextController->context_analysis_version('13')
#7 C:\xampp\htdocs\isms-project\vendor\codeigniter4\framework\system\CodeIgniter.php(497): CodeIgniter\CodeIgniter->runController(Object(App\Controllers\ContextController))
#8 C:\xampp\htdocs\isms-project\vendor\codeigniter4\framework\system\CodeIgniter.php(366): CodeIgniter\CodeIgniter->handleRequest(NULL, Object(Config\Cache), false)
#9 C:\xampp\htdocs\isms-project\index.php(67): CodeIgniter\CodeIgniter->run()
#10 {main}
CRITICAL - 2023-08-04 03:31:24 --> You have an error in your SQL syntax; check the manual that corresponds to your MariaDB server version for the right syntax to use near ')' at line 4
in SYSTEMPATH\Database\MySQLi\Connection.php on line 295.
 1 SYSTEMPATH\Database\MySQLi\Connection.php(295): mysqli->query('SELECT *, GROUP_CONCAT(id_internal_issues) as id_select
FROM `internal_issues_table`
WHERE   (
 )', 0)
 2 SYSTEMPATH\Database\BaseConnection.php(692): CodeIgniter\Database\MySQLi\Connection->execute('SELECT *, GROUP_CONCAT(id_internal_issues) as id_select
FROM `internal_issues_table`
WHERE   (
 )')
 3 SYSTEMPATH\Database\BaseConnection.php(606): CodeIgniter\Database\BaseConnection->simpleQuery('SELECT *, GROUP_CONCAT(id_internal_issues) as id_select
FROM `internal_issues_table`
WHERE   (
 )')
 4 SYSTEMPATH\Database\BaseBuilder.php(1616): CodeIgniter\Database\BaseConnection->query('SELECT *, GROUP_CONCAT(id_internal_issues) as id_select
FROM `internal_issues_table`
WHERE   (
 )', [], false)
 5 SYSTEMPATH\Model.php(836): CodeIgniter\Database\BaseBuilder->get()
 6 APPPATH\Controllers\ContextController.php(89): CodeIgniter\Model->__call('get', [])
 7 SYSTEMPATH\CodeIgniter.php(932): App\Controllers\ContextController->context_analysis_version('13')
 8 SYSTEMPATH\CodeIgniter.php(497): CodeIgniter\CodeIgniter->runController(Object(App\Controllers\ContextController))
 9 SYSTEMPATH\CodeIgniter.php(366): CodeIgniter\CodeIgniter->handleRequest(null, Object(Config\Cache), false)
10 FCPATH\index.php(67): CodeIgniter\CodeIgniter->run()
ERROR - 2023-08-04 03:31:26 --> mysqli_sql_exception: You have an error in your SQL syntax; check the manual that corresponds to your MariaDB server version for the right syntax to use near ')' at line 4 in C:\xampp\htdocs\isms-project\vendor\codeigniter4\framework\system\Database\MySQLi\Connection.php:295
Stack trace:
#0 C:\xampp\htdocs\isms-project\vendor\codeigniter4\framework\system\Database\MySQLi\Connection.php(295): mysqli->query('SELECT *, GROUP...', 0)
#1 C:\xampp\htdocs\isms-project\vendor\codeigniter4\framework\system\Database\BaseConnection.php(692): CodeIgniter\Database\MySQLi\Connection->execute('SELECT *, GROUP...')
#2 C:\xampp\htdocs\isms-project\vendor\codeigniter4\framework\system\Database\BaseConnection.php(606): CodeIgniter\Database\BaseConnection->simpleQuery('SELECT *, GROUP...')
#3 C:\xampp\htdocs\isms-project\vendor\codeigniter4\framework\system\Database\BaseBuilder.php(1616): CodeIgniter\Database\BaseConnection->query('SELECT *, GROUP...', Array, false)
#4 C:\xampp\htdocs\isms-project\vendor\codeigniter4\framework\system\Model.php(836): CodeIgniter\Database\BaseBuilder->get()
#5 C:\xampp\htdocs\isms-project\app\Controllers\ContextController.php(89): CodeIgniter\Model->__call('get', Array)
#6 C:\xampp\htdocs\isms-project\vendor\codeigniter4\framework\system\CodeIgniter.php(932): App\Controllers\ContextController->context_analysis_version('13')
#7 C:\xampp\htdocs\isms-project\vendor\codeigniter4\framework\system\CodeIgniter.php(497): CodeIgniter\CodeIgniter->runController(Object(App\Controllers\ContextController))
#8 C:\xampp\htdocs\isms-project\vendor\codeigniter4\framework\system\CodeIgniter.php(366): CodeIgniter\CodeIgniter->handleRequest(NULL, Object(Config\Cache), false)
#9 C:\xampp\htdocs\isms-project\index.php(67): CodeIgniter\CodeIgniter->run()
#10 {main}
CRITICAL - 2023-08-04 03:31:26 --> You have an error in your SQL syntax; check the manual that corresponds to your MariaDB server version for the right syntax to use near ')' at line 4
in SYSTEMPATH\Database\MySQLi\Connection.php on line 295.
 1 SYSTEMPATH\Database\MySQLi\Connection.php(295): mysqli->query('SELECT *, GROUP_CONCAT(id_internal_issues) as id_select
FROM `internal_issues_table`
WHERE   (
 )', 0)
 2 SYSTEMPATH\Database\BaseConnection.php(692): CodeIgniter\Database\MySQLi\Connection->execute('SELECT *, GROUP_CONCAT(id_internal_issues) as id_select
FROM `internal_issues_table`
WHERE   (
 )')
 3 SYSTEMPATH\Database\BaseConnection.php(606): CodeIgniter\Database\BaseConnection->simpleQuery('SELECT *, GROUP_CONCAT(id_internal_issues) as id_select
FROM `internal_issues_table`
WHERE   (
 )')
 4 SYSTEMPATH\Database\BaseBuilder.php(1616): CodeIgniter\Database\BaseConnection->query('SELECT *, GROUP_CONCAT(id_internal_issues) as id_select
FROM `internal_issues_table`
WHERE   (
 )', [], false)
 5 SYSTEMPATH\Model.php(836): CodeIgniter\Database\BaseBuilder->get()
 6 APPPATH\Controllers\ContextController.php(89): CodeIgniter\Model->__call('get', [])
 7 SYSTEMPATH\CodeIgniter.php(932): App\Controllers\ContextController->context_analysis_version('13')
 8 SYSTEMPATH\CodeIgniter.php(497): CodeIgniter\CodeIgniter->runController(Object(App\Controllers\ContextController))
 9 SYSTEMPATH\CodeIgniter.php(366): CodeIgniter\CodeIgniter->handleRequest(null, Object(Config\Cache), false)
10 FCPATH\index.php(67): CodeIgniter\CodeIgniter->run()
ERROR - 2023-08-04 03:32:19 --> mysqli_sql_exception: You have an error in your SQL syntax; check the manual that corresponds to your MariaDB server version for the right syntax to use near ')' at line 4 in C:\xampp\htdocs\isms-project\vendor\codeigniter4\framework\system\Database\MySQLi\Connection.php:295
Stack trace:
#0 C:\xampp\htdocs\isms-project\vendor\codeigniter4\framework\system\Database\MySQLi\Connection.php(295): mysqli->query('SELECT *, GROUP...', 0)
#1 C:\xampp\htdocs\isms-project\vendor\codeigniter4\framework\system\Database\BaseConnection.php(692): CodeIgniter\Database\MySQLi\Connection->execute('SELECT *, GROUP...')
#2 C:\xampp\htdocs\isms-project\vendor\codeigniter4\framework\system\Database\BaseConnection.php(606): CodeIgniter\Database\BaseConnection->simpleQuery('SELECT *, GROUP...')
#3 C:\xampp\htdocs\isms-project\vendor\codeigniter4\framework\system\Database\BaseBuilder.php(1616): CodeIgniter\Database\BaseConnection->query('SELECT *, GROUP...', Array, false)
#4 C:\xampp\htdocs\isms-project\vendor\codeigniter4\framework\system\Model.php(836): CodeIgniter\Database\BaseBuilder->get()
#5 C:\xampp\htdocs\isms-project\app\Controllers\ContextController.php(89): CodeIgniter\Model->__call('get', Array)
#6 C:\xampp\htdocs\isms-project\vendor\codeigniter4\framework\system\CodeIgniter.php(932): App\Controllers\ContextController->context_analysis_version('13')
#7 C:\xampp\htdocs\isms-project\vendor\codeigniter4\framework\system\CodeIgniter.php(497): CodeIgniter\CodeIgniter->runController(Object(App\Controllers\ContextController))
#8 C:\xampp\htdocs\isms-project\vendor\codeigniter4\framework\system\CodeIgniter.php(366): CodeIgniter\CodeIgniter->handleRequest(NULL, Object(Config\Cache), false)
#9 C:\xampp\htdocs\isms-project\index.php(67): CodeIgniter\CodeIgniter->run()
#10 {main}
CRITICAL - 2023-08-04 03:32:19 --> You have an error in your SQL syntax; check the manual that corresponds to your MariaDB server version for the right syntax to use near ')' at line 4
in SYSTEMPATH\Database\MySQLi\Connection.php on line 295.
 1 SYSTEMPATH\Database\MySQLi\Connection.php(295): mysqli->query('SELECT *, GROUP_CONCAT(id_internal_issues) as id_select
FROM `internal_issues_table`
WHERE   (
 )', 0)
 2 SYSTEMPATH\Database\BaseConnection.php(692): CodeIgniter\Database\MySQLi\Connection->execute('SELECT *, GROUP_CONCAT(id_internal_issues) as id_select
FROM `internal_issues_table`
WHERE   (
 )')
 3 SYSTEMPATH\Database\BaseConnection.php(606): CodeIgniter\Database\BaseConnection->simpleQuery('SELECT *, GROUP_CONCAT(id_internal_issues) as id_select
FROM `internal_issues_table`
WHERE   (
 )')
 4 SYSTEMPATH\Database\BaseBuilder.php(1616): CodeIgniter\Database\BaseConnection->query('SELECT *, GROUP_CONCAT(id_internal_issues) as id_select
FROM `internal_issues_table`
WHERE   (
 )', [], false)
 5 SYSTEMPATH\Model.php(836): CodeIgniter\Database\BaseBuilder->get()
 6 APPPATH\Controllers\ContextController.php(89): CodeIgniter\Model->__call('get', [])
 7 SYSTEMPATH\CodeIgniter.php(932): App\Controllers\ContextController->context_analysis_version('13')
 8 SYSTEMPATH\CodeIgniter.php(497): CodeIgniter\CodeIgniter->runController(Object(App\Controllers\ContextController))
 9 SYSTEMPATH\CodeIgniter.php(366): CodeIgniter\CodeIgniter->handleRequest(null, Object(Config\Cache), false)
10 FCPATH\index.php(67): CodeIgniter\CodeIgniter->run()
ERROR - 2023-08-04 03:32:46 --> mysqli_sql_exception: You have an error in your SQL syntax; check the manual that corresponds to your MariaDB server version for the right syntax to use near ')' at line 4 in C:\xampp\htdocs\isms-project\vendor\codeigniter4\framework\system\Database\MySQLi\Connection.php:295
Stack trace:
#0 C:\xampp\htdocs\isms-project\vendor\codeigniter4\framework\system\Database\MySQLi\Connection.php(295): mysqli->query('SELECT *, GROUP...', 0)
#1 C:\xampp\htdocs\isms-project\vendor\codeigniter4\framework\system\Database\BaseConnection.php(692): CodeIgniter\Database\MySQLi\Connection->execute('SELECT *, GROUP...')
#2 C:\xampp\htdocs\isms-project\vendor\codeigniter4\framework\system\Database\BaseConnection.php(606): CodeIgniter\Database\BaseConnection->simpleQuery('SELECT *, GROUP...')
#3 C:\xampp\htdocs\isms-project\vendor\codeigniter4\framework\system\Database\BaseBuilder.php(1616): CodeIgniter\Database\BaseConnection->query('SELECT *, GROUP...', Array, false)
#4 C:\xampp\htdocs\isms-project\vendor\codeigniter4\framework\system\Model.php(836): CodeIgniter\Database\BaseBuilder->get()
#5 C:\xampp\htdocs\isms-project\app\Controllers\ContextController.php(89): CodeIgniter\Model->__call('get', Array)
#6 C:\xampp\htdocs\isms-project\vendor\codeigniter4\framework\system\CodeIgniter.php(932): App\Controllers\ContextController->context_analysis_version('13')
#7 C:\xampp\htdocs\isms-project\vendor\codeigniter4\framework\system\CodeIgniter.php(497): CodeIgniter\CodeIgniter->runController(Object(App\Controllers\ContextController))
#8 C:\xampp\htdocs\isms-project\vendor\codeigniter4\framework\system\CodeIgniter.php(366): CodeIgniter\CodeIgniter->handleRequest(NULL, Object(Config\Cache), false)
#9 C:\xampp\htdocs\isms-project\index.php(67): CodeIgniter\CodeIgniter->run()
#10 {main}
CRITICAL - 2023-08-04 03:32:46 --> You have an error in your SQL syntax; check the manual that corresponds to your MariaDB server version for the right syntax to use near ')' at line 4
in SYSTEMPATH\Database\MySQLi\Connection.php on line 295.
 1 SYSTEMPATH\Database\MySQLi\Connection.php(295): mysqli->query('SELECT *, GROUP_CONCAT(id_internal_issues) as id_select
FROM `internal_issues_table`
WHERE   (
 )', 0)
 2 SYSTEMPATH\Database\BaseConnection.php(692): CodeIgniter\Database\MySQLi\Connection->execute('SELECT *, GROUP_CONCAT(id_internal_issues) as id_select
FROM `internal_issues_table`
WHERE   (
 )')
 3 SYSTEMPATH\Database\BaseConnection.php(606): CodeIgniter\Database\BaseConnection->simpleQuery('SELECT *, GROUP_CONCAT(id_internal_issues) as id_select
FROM `internal_issues_table`
WHERE   (
 )')
 4 SYSTEMPATH\Database\BaseBuilder.php(1616): CodeIgniter\Database\BaseConnection->query('SELECT *, GROUP_CONCAT(id_internal_issues) as id_select
FROM `internal_issues_table`
WHERE   (
 )', [], false)
 5 SYSTEMPATH\Model.php(836): CodeIgniter\Database\BaseBuilder->get()
 6 APPPATH\Controllers\ContextController.php(89): CodeIgniter\Model->__call('get', [])
 7 SYSTEMPATH\CodeIgniter.php(932): App\Controllers\ContextController->context_analysis_version('13')
 8 SYSTEMPATH\CodeIgniter.php(497): CodeIgniter\CodeIgniter->runController(Object(App\Controllers\ContextController))
 9 SYSTEMPATH\CodeIgniter.php(366): CodeIgniter\CodeIgniter->handleRequest(null, Object(Config\Cache), false)
10 FCPATH\index.php(67): CodeIgniter\CodeIgniter->run()
ERROR - 2023-08-04 03:34:37 --> mysqli_sql_exception: You have an error in your SQL syntax; check the manual that corresponds to your MariaDB server version for the right syntax to use near ')' at line 4 in C:\xampp\htdocs\isms-project\vendor\codeigniter4\framework\system\Database\MySQLi\Connection.php:295
Stack trace:
#0 C:\xampp\htdocs\isms-project\vendor\codeigniter4\framework\system\Database\MySQLi\Connection.php(295): mysqli->query('SELECT *, GROUP...', 0)
#1 C:\xampp\htdocs\isms-project\vendor\codeigniter4\framework\system\Database\BaseConnection.php(692): CodeIgniter\Database\MySQLi\Connection->execute('SELECT *, GROUP...')
#2 C:\xampp\htdocs\isms-project\vendor\codeigniter4\framework\system\Database\BaseConnection.php(606): CodeIgniter\Database\BaseConnection->simpleQuery('SELECT *, GROUP...')
#3 C:\xampp\htdocs\isms-project\vendor\codeigniter4\framework\system\Database\BaseBuilder.php(1616): CodeIgniter\Database\BaseConnection->query('SELECT *, GROUP...', Array, false)
#4 C:\xampp\htdocs\isms-project\app\Models\Internal_issuesModels.php(30): CodeIgniter\Database\BaseBuilder->get()
#5 C:\xampp\htdocs\isms-project\app\Controllers\ContextController.php(90): App\Models\Internal_issuesModels->getData()
#6 C:\xampp\htdocs\isms-project\vendor\codeigniter4\framework\system\CodeIgniter.php(932): App\Controllers\ContextController->context_analysis_version('13')
#7 C:\xampp\htdocs\isms-project\vendor\codeigniter4\framework\system\CodeIgniter.php(497): CodeIgniter\CodeIgniter->runController(Object(App\Controllers\ContextController))
#8 C:\xampp\htdocs\isms-project\vendor\codeigniter4\framework\system\CodeIgniter.php(366): CodeIgniter\CodeIgniter->handleRequest(NULL, Object(Config\Cache), false)
#9 C:\xampp\htdocs\isms-project\index.php(67): CodeIgniter\CodeIgniter->run()
#10 {main}
CRITICAL - 2023-08-04 03:34:37 --> You have an error in your SQL syntax; check the manual that corresponds to your MariaDB server version for the right syntax to use near ')' at line 4
in SYSTEMPATH\Database\MySQLi\Connection.php on line 295.
 1 SYSTEMPATH\Database\MySQLi\Connection.php(295): mysqli->query('SELECT *, GROUP_CONCAT(id_internal_issues) as id_select
FROM `internal_issues_table`
WHERE   (
 )', 0)
 2 SYSTEMPATH\Database\BaseConnection.php(692): CodeIgniter\Database\MySQLi\Connection->execute('SELECT *, GROUP_CONCAT(id_internal_issues) as id_select
FROM `internal_issues_table`
WHERE   (
 )')
 3 SYSTEMPATH\Database\BaseConnection.php(606): CodeIgniter\Database\BaseConnection->simpleQuery('SELECT *, GROUP_CONCAT(id_internal_issues) as id_select
FROM `internal_issues_table`
WHERE   (
 )')
 4 SYSTEMPATH\Database\BaseBuilder.php(1616): CodeIgniter\Database\BaseConnection->query('SELECT *, GROUP_CONCAT(id_internal_issues) as id_select
FROM `internal_issues_table`
WHERE   (
 )', [], false)
 5 APPPATH\Models\Internal_issuesModels.php(30): CodeIgniter\Database\BaseBuilder->get()
 6 APPPATH\Controllers\ContextController.php(90): App\Models\Internal_issuesModels->getData()
 7 SYSTEMPATH\CodeIgniter.php(932): App\Controllers\ContextController->context_analysis_version('13')
 8 SYSTEMPATH\CodeIgniter.php(497): CodeIgniter\CodeIgniter->runController(Object(App\Controllers\ContextController))
 9 SYSTEMPATH\CodeIgniter.php(366): CodeIgniter\CodeIgniter->handleRequest(null, Object(Config\Cache), false)
10 FCPATH\index.php(67): CodeIgniter\CodeIgniter->run()
CRITICAL - 2023-08-04 03:36:49 --> Call to undefined method App\Models\Interested_issuesModels::getData
in SYSTEMPATH\Model.php on line 838.
 1 APPPATH\Controllers\ContextController.php(96): CodeIgniter\Model->__call('getData', [])
 2 SYSTEMPATH\CodeIgniter.php(932): App\Controllers\ContextController->context_analysis_version('13')
 3 SYSTEMPATH\CodeIgniter.php(497): CodeIgniter\CodeIgniter->runController(Object(App\Controllers\ContextController))
 4 SYSTEMPATH\CodeIgniter.php(366): CodeIgniter\CodeIgniter->handleRequest(null, Object(Config\Cache), false)
 5 FCPATH\index.php(67): CodeIgniter\CodeIgniter->run()
CRITICAL - 2023-08-04 04:50:56 --> Invalid file: "Modal/Requirement_Modal.php"
in SYSTEMPATH\Exceptions\FrameworkException.php on line 33.
 1 SYSTEMPATH\View\View.php(212): CodeIgniter\Exceptions\FrameworkException::forInvalidFile('Modal/Requirement_Modal.php')
 2 SYSTEMPATH\View\View.php(452): CodeIgniter\View\View->render('Modal/Requirement_Modal', null, true)
 3 APPPATH\Views\Context\context-ana\context_version.php(72): CodeIgniter\View\View->include('Modal/Requirement_Modal')
 4 SYSTEMPATH\View\View.php(224): include('C:\\xampp\\htdocs\\isms-project\\app\\Views\\Context\\context-ana\\context_version.php')
 5 SYSTEMPATH\View\View.php(227): CodeIgniter\View\View->CodeIgniter\View\{closure}()
 6 SYSTEMPATH\Common.php(1180): CodeIgniter\View\View->render('Context/context-ana/context_version', [], true)
 7 APPPATH\Controllers\ContextController.php(99): view('Context/context-ana/context_version', [...])
 8 SYSTEMPATH\CodeIgniter.php(932): App\Controllers\ContextController->context_analysis_version('13')
 9 SYSTEMPATH\CodeIgniter.php(497): CodeIgniter\CodeIgniter->runController(Object(App\Controllers\ContextController))
10 SYSTEMPATH\CodeIgniter.php(366): CodeIgniter\CodeIgniter->handleRequest(null, Object(Config\Cache), false)
11 FCPATH\index.php(67): CodeIgniter\CodeIgniter->run()
CRITICAL - 2023-08-04 04:53:37 --> Invalid file: "requirement_modal.php"
in SYSTEMPATH\Exceptions\FrameworkException.php on line 33.
 1 SYSTEMPATH\View\View.php(212): CodeIgniter\Exceptions\FrameworkException::forInvalidFile('requirement_modal.php')
 2 SYSTEMPATH\Common.php(1180): CodeIgniter\View\View->render('requirement_modal', [], true)
 3 APPPATH\Views\Context\context-ana\context_version.php(72): view('requirement_modal')
 4 SYSTEMPATH\View\View.php(224): include('C:\\xampp\\htdocs\\isms-project\\app\\Views\\Context\\context-ana\\context_version.php')
 5 SYSTEMPATH\View\View.php(227): CodeIgniter\View\View->CodeIgniter\View\{closure}()
 6 SYSTEMPATH\Common.php(1180): CodeIgniter\View\View->render('Context/context-ana/context_version', [], true)
 7 APPPATH\Controllers\ContextController.php(99): view('Context/context-ana/context_version', [...])
 8 SYSTEMPATH\CodeIgniter.php(932): App\Controllers\ContextController->context_analysis_version('13')
 9 SYSTEMPATH\CodeIgniter.php(497): CodeIgniter\CodeIgniter->runController(Object(App\Controllers\ContextController))
10 SYSTEMPATH\CodeIgniter.php(366): CodeIgniter\CodeIgniter->handleRequest(null, Object(Config\Cache), false)
11 FCPATH\index.php(67): CodeIgniter\CodeIgniter->run()
CRITICAL - 2023-08-04 05:56:23 --> include(Modal/Requirement_Modal): Failed to open stream: No such file or directory
in APPPATH\Views\Context\context-ana\context_version.php on line 366.
 1 APPPATH\Views\Context\context-ana\context_version.php(366): CodeIgniter\Debug\Exceptions->errorHandler(2, 'include(Modal/Requirement_Modal): Failed to open stream: No such file or directory', 'C:\\xampp\\htdocs\\isms-project\\app\\Views\\Context\\context-ana\\context_version.php', 366)
 2 APPPATH\Views\Context\context-ana\context_version.php(366): include()
 3 SYSTEMPATH\View\View.php(224): include('C:\\xampp\\htdocs\\isms-project\\app\\Views\\Context\\context-ana\\context_version.php')
 4 SYSTEMPATH\View\View.php(227): CodeIgniter\View\View->CodeIgniter\View\{closure}()
 5 SYSTEMPATH\Common.php(1180): CodeIgniter\View\View->render('Context/context-ana/context_version', [], true)
 6 APPPATH\Controllers\ContextController.php(99): view('Context/context-ana/context_version', [...])
 7 SYSTEMPATH\CodeIgniter.php(932): App\Controllers\ContextController->context_analysis_version('13')
 8 SYSTEMPATH\CodeIgniter.php(497): CodeIgniter\CodeIgniter->runController(Object(App\Controllers\ContextController))
 9 SYSTEMPATH\CodeIgniter.php(366): CodeIgniter\CodeIgniter->handleRequest(null, Object(Config\Cache), false)
10 FCPATH\index.php(67): CodeIgniter\CodeIgniter->run()
CRITICAL - 2023-08-04 07:15:16 --> Invalid file: "context_analysis/context_analysis_edit.php"
in SYSTEMPATH\Exceptions\FrameworkException.php on line 33.
 1 SYSTEMPATH\View\View.php(212): CodeIgniter\Exceptions\FrameworkException::forInvalidFile('context_analysis/context_analysis_edit.php')
 2 SYSTEMPATH\View\View.php(452): CodeIgniter\View\View->render('context_analysis/context_analysis_edit', null, true)
 3 APPPATH\Views\Context\context-ana\context_version.php(205): CodeIgniter\View\View->include('context_analysis/context_analysis_edit')
 4 SYSTEMPATH\View\View.php(224): include('C:\\xampp\\htdocs\\isms-project\\app\\Views\\Context\\context-ana\\context_version.php')
 5 SYSTEMPATH\View\View.php(227): CodeIgniter\View\View->CodeIgniter\View\{closure}()
 6 SYSTEMPATH\Common.php(1180): CodeIgniter\View\View->render('Context/context-ana/context_version', [], true)
 7 APPPATH\Controllers\ContextController.php(99): view('Context/context-ana/context_version', [...])
 8 SYSTEMPATH\CodeIgniter.php(932): App\Controllers\ContextController->context_analysis_version('13')
 9 SYSTEMPATH\CodeIgniter.php(497): CodeIgniter\CodeIgniter->runController(Object(App\Controllers\ContextController))
10 SYSTEMPATH\CodeIgniter.php(366): CodeIgniter\CodeIgniter->handleRequest(null, Object(Config\Cache), false)
11 FCPATH\index.php(67): CodeIgniter\CodeIgniter->run()
CRITICAL - 2023-08-04 07:26:57 --> Cannot use object of type stdClass as array
in APPPATH\Views\Modal\CRUD_Context_modal.php on line 15.
 1 SYSTEMPATH\View\View.php(224): include()
 2 SYSTEMPATH\View\View.php(227): CodeIgniter\View\View->CodeIgniter\View\{closure}()
 3 SYSTEMPATH\View\View.php(452): CodeIgniter\View\View->render('Modal/CRUD_Context_modal', null, true)
 4 APPPATH\Views\Context\context-ana\context_version.php(209): CodeIgniter\View\View->include('Modal/CRUD_Context_modal')
 5 SYSTEMPATH\View\View.php(224): include('C:\\xampp\\htdocs\\isms-project\\app\\Views\\Context\\context-ana\\context_version.php')
 6 SYSTEMPATH\View\View.php(227): CodeIgniter\View\View->CodeIgniter\View\{closure}()
 7 SYSTEMPATH\Common.php(1180): CodeIgniter\View\View->render('Context/context-ana/context_version', [], true)
 8 APPPATH\Controllers\ContextController.php(99): view('Context/context-ana/context_version', [...])
 9 SYSTEMPATH\CodeIgniter.php(932): App\Controllers\ContextController->context_analysis_version('13')
10 SYSTEMPATH\CodeIgniter.php(497): CodeIgniter\CodeIgniter->runController(Object(App\Controllers\ContextController))
11 SYSTEMPATH\CodeIgniter.php(366): CodeIgniter\CodeIgniter->handleRequest(null, Object(Config\Cache), false)
12 FCPATH\index.php(67): CodeIgniter\CodeIgniter->run()
CRITICAL - 2023-08-04 07:27:28 --> Cannot use object of type stdClass as array
in APPPATH\Views\Modal\CRUD_Context_modal.php on line 15.
 1 SYSTEMPATH\View\View.php(224): include()
 2 SYSTEMPATH\View\View.php(227): CodeIgniter\View\View->CodeIgniter\View\{closure}()
 3 SYSTEMPATH\View\View.php(452): CodeIgniter\View\View->render('Modal/CRUD_Context_modal', null, true)
 4 APPPATH\Views\Context\context-ana\context_version.php(209): CodeIgniter\View\View->include('Modal/CRUD_Context_modal')
 5 SYSTEMPATH\View\View.php(224): include('C:\\xampp\\htdocs\\isms-project\\app\\Views\\Context\\context-ana\\context_version.php')
 6 SYSTEMPATH\View\View.php(227): CodeIgniter\View\View->CodeIgniter\View\{closure}()
 7 SYSTEMPATH\Common.php(1180): CodeIgniter\View\View->render('Context/context-ana/context_version', [], true)
 8 APPPATH\Controllers\ContextController.php(99): view('Context/context-ana/context_version', [...])
 9 SYSTEMPATH\CodeIgniter.php(932): App\Controllers\ContextController->context_analysis_version('13')
10 SYSTEMPATH\CodeIgniter.php(497): CodeIgniter\CodeIgniter->runController(Object(App\Controllers\ContextController))
11 SYSTEMPATH\CodeIgniter.php(366): CodeIgniter\CodeIgniter->handleRequest(null, Object(Config\Cache), false)
12 FCPATH\index.php(67): CodeIgniter\CodeIgniter->run()
CRITICAL - 2023-08-04 07:27:31 --> Cannot use object of type stdClass as array
in APPPATH\Views\Modal\CRUD_Context_modal.php on line 15.
 1 SYSTEMPATH\View\View.php(224): include()
 2 SYSTEMPATH\View\View.php(227): CodeIgniter\View\View->CodeIgniter\View\{closure}()
 3 SYSTEMPATH\View\View.php(452): CodeIgniter\View\View->render('Modal/CRUD_Context_modal', null, true)
 4 APPPATH\Views\Context\context-ana\context_version.php(209): CodeIgniter\View\View->include('Modal/CRUD_Context_modal')
 5 SYSTEMPATH\View\View.php(224): include('C:\\xampp\\htdocs\\isms-project\\app\\Views\\Context\\context-ana\\context_version.php')
 6 SYSTEMPATH\View\View.php(227): CodeIgniter\View\View->CodeIgniter\View\{closure}()
 7 SYSTEMPATH\Common.php(1180): CodeIgniter\View\View->render('Context/context-ana/context_version', [], true)
 8 APPPATH\Controllers\ContextController.php(99): view('Context/context-ana/context_version', [...])
 9 SYSTEMPATH\CodeIgniter.php(932): App\Controllers\ContextController->context_analysis_version('13')
10 SYSTEMPATH\CodeIgniter.php(497): CodeIgniter\CodeIgniter->runController(Object(App\Controllers\ContextController))
11 SYSTEMPATH\CodeIgniter.php(366): CodeIgniter\CodeIgniter->handleRequest(null, Object(Config\Cache), false)
12 FCPATH\index.php(67): CodeIgniter\CodeIgniter->run()
CRITICAL - 2023-08-04 07:30:28 --> Undefined variable $item
in APPPATH\Views\Context\context-ana\context_version.php on line 261.
 1 APPPATH\Views\Context\context-ana\context_version.php(261): CodeIgniter\Debug\Exceptions->errorHandler(2, 'Undefined variable $item', 'C:\\xampp\\htdocs\\isms-project\\app\\Views\\Context\\context-ana\\context_version.php', 261)
 2 SYSTEMPATH\View\View.php(224): include('C:\\xampp\\htdocs\\isms-project\\app\\Views\\Context\\context-ana\\context_version.php')
 3 SYSTEMPATH\View\View.php(227): CodeIgniter\View\View->CodeIgniter\View\{closure}()
 4 SYSTEMPATH\Common.php(1180): CodeIgniter\View\View->render('Context/context-ana/context_version', [], true)
 5 APPPATH\Controllers\ContextController.php(99): view('Context/context-ana/context_version', [...])
 6 SYSTEMPATH\CodeIgniter.php(932): App\Controllers\ContextController->context_analysis_version('13')
 7 SYSTEMPATH\CodeIgniter.php(497): CodeIgniter\CodeIgniter->runController(Object(App\Controllers\ContextController))
 8 SYSTEMPATH\CodeIgniter.php(366): CodeIgniter\CodeIgniter->handleRequest(null, Object(Config\Cache), false)
 9 FCPATH\index.php(67): CodeIgniter\CodeIgniter->run()
CRITICAL - 2023-08-04 07:37:39 --> Cannot use object of type stdClass as array
in APPPATH\Views\Modal\CRUD_Context_modal.php on line 15.
 1 SYSTEMPATH\View\View.php(224): include()
 2 SYSTEMPATH\View\View.php(227): CodeIgniter\View\View->CodeIgniter\View\{closure}()
 3 SYSTEMPATH\View\View.php(452): CodeIgniter\View\View->render('Modal/CRUD_Context_modal', null, true)
 4 APPPATH\Views\Context\context-ana\context_version.php(209): CodeIgniter\View\View->include('Modal/CRUD_Context_modal')
 5 SYSTEMPATH\View\View.php(224): include('C:\\xampp\\htdocs\\isms-project\\app\\Views\\Context\\context-ana\\context_version.php')
 6 SYSTEMPATH\View\View.php(227): CodeIgniter\View\View->CodeIgniter\View\{closure}()
 7 SYSTEMPATH\Common.php(1180): CodeIgniter\View\View->render('Context/context-ana/context_version', [], true)
 8 APPPATH\Controllers\ContextController.php(99): view('Context/context-ana/context_version', [...])
 9 SYSTEMPATH\CodeIgniter.php(932): App\Controllers\ContextController->context_analysis_version('13')
10 SYSTEMPATH\CodeIgniter.php(497): CodeIgniter\CodeIgniter->runController(Object(App\Controllers\ContextController))
11 SYSTEMPATH\CodeIgniter.php(366): CodeIgniter\CodeIgniter->handleRequest(null, Object(Config\Cache), false)
12 FCPATH\index.php(67): CodeIgniter\CodeIgniter->run()
CRITICAL - 2023-08-04 07:39:30 --> Cannot use object of type stdClass as array
in APPPATH\Views\Modal\CRUD_Context_modal.php on line 15.
 1 SYSTEMPATH\View\View.php(224): include()
 2 SYSTEMPATH\View\View.php(227): CodeIgniter\View\View->CodeIgniter\View\{closure}()
 3 SYSTEMPATH\View\View.php(452): CodeIgniter\View\View->render('Modal/CRUD_Context_modal', null, true)
 4 APPPATH\Views\Context\context-ana\context_version.php(209): CodeIgniter\View\View->include('Modal/CRUD_Context_modal')
 5 SYSTEMPATH\View\View.php(224): include('C:\\xampp\\htdocs\\isms-project\\app\\Views\\Context\\context-ana\\context_version.php')
 6 SYSTEMPATH\View\View.php(227): CodeIgniter\View\View->CodeIgniter\View\{closure}()
 7 SYSTEMPATH\Common.php(1180): CodeIgniter\View\View->render('Context/context-ana/context_version', [], true)
 8 APPPATH\Controllers\ContextController.php(99): view('Context/context-ana/context_version', [...])
 9 SYSTEMPATH\CodeIgniter.php(932): App\Controllers\ContextController->context_analysis_version('13')
10 SYSTEMPATH\CodeIgniter.php(497): CodeIgniter\CodeIgniter->runController(Object(App\Controllers\ContextController))
11 SYSTEMPATH\CodeIgniter.php(366): CodeIgniter\CodeIgniter->handleRequest(null, Object(Config\Cache), false)
12 FCPATH\index.php(67): CodeIgniter\CodeIgniter->run()
CRITICAL - 2023-08-04 07:40:38 --> Cannot use object of type stdClass as array
in APPPATH\Views\Modal\CRUD_Context_modal.php on line 15.
 1 SYSTEMPATH\View\View.php(224): include()
 2 SYSTEMPATH\View\View.php(227): CodeIgniter\View\View->CodeIgniter\View\{closure}()
 3 SYSTEMPATH\View\View.php(452): CodeIgniter\View\View->render('Modal/CRUD_Context_modal', null, true)
 4 APPPATH\Views\Context\context-ana\context_version.php(209): CodeIgniter\View\View->include('Modal/CRUD_Context_modal')
 5 SYSTEMPATH\View\View.php(224): include('C:\\xampp\\htdocs\\isms-project\\app\\Views\\Context\\context-ana\\context_version.php')
 6 SYSTEMPATH\View\View.php(227): CodeIgniter\View\View->CodeIgniter\View\{closure}()
 7 SYSTEMPATH\Common.php(1180): CodeIgniter\View\View->render('Context/context-ana/context_version', [], true)
 8 APPPATH\Controllers\ContextController.php(99): view('Context/context-ana/context_version', [...])
 9 SYSTEMPATH\CodeIgniter.php(932): App\Controllers\ContextController->context_analysis_version('13')
10 SYSTEMPATH\CodeIgniter.php(497): CodeIgniter\CodeIgniter->runController(Object(App\Controllers\ContextController))
11 SYSTEMPATH\CodeIgniter.php(366): CodeIgniter\CodeIgniter->handleRequest(null, Object(Config\Cache), false)
12 FCPATH\index.php(67): CodeIgniter\CodeIgniter->run()
CRITICAL - 2023-08-04 07:44:21 --> Cannot use object of type stdClass as array
in APPPATH\Views\Modal\CRUD_Context_modal.php on line 15.
 1 SYSTEMPATH\View\View.php(224): include()
 2 SYSTEMPATH\View\View.php(227): CodeIgniter\View\View->CodeIgniter\View\{closure}()
 3 SYSTEMPATH\View\View.php(452): CodeIgniter\View\View->render('Modal/CRUD_Context_modal', null, true)
 4 APPPATH\Views\Context\context-ana\context_version.php(209): CodeIgniter\View\View->include('Modal/CRUD_Context_modal')
 5 SYSTEMPATH\View\View.php(224): include('C:\\xampp\\htdocs\\isms-project\\app\\Views\\Context\\context-ana\\context_version.php')
 6 SYSTEMPATH\View\View.php(227): CodeIgniter\View\View->CodeIgniter\View\{closure}()
 7 SYSTEMPATH\Common.php(1180): CodeIgniter\View\View->render('Context/context-ana/context_version', [], true)
 8 APPPATH\Controllers\ContextController.php(99): view('Context/context-ana/context_version', [...])
 9 SYSTEMPATH\CodeIgniter.php(932): App\Controllers\ContextController->context_analysis_version('13')
10 SYSTEMPATH\CodeIgniter.php(497): CodeIgniter\CodeIgniter->runController(Object(App\Controllers\ContextController))
11 SYSTEMPATH\CodeIgniter.php(366): CodeIgniter\CodeIgniter->handleRequest(null, Object(Config\Cache), false)
12 FCPATH\index.php(67): CodeIgniter\CodeIgniter->run()
CRITICAL - 2023-08-04 07:44:22 --> Cannot use object of type stdClass as array
in APPPATH\Views\Modal\CRUD_Context_modal.php on line 15.
 1 SYSTEMPATH\View\View.php(224): include()
 2 SYSTEMPATH\View\View.php(227): CodeIgniter\View\View->CodeIgniter\View\{closure}()
 3 SYSTEMPATH\View\View.php(452): CodeIgniter\View\View->render('Modal/CRUD_Context_modal', null, true)
 4 APPPATH\Views\Context\context-ana\context_version.php(209): CodeIgniter\View\View->include('Modal/CRUD_Context_modal')
 5 SYSTEMPATH\View\View.php(224): include('C:\\xampp\\htdocs\\isms-project\\app\\Views\\Context\\context-ana\\context_version.php')
 6 SYSTEMPATH\View\View.php(227): CodeIgniter\View\View->CodeIgniter\View\{closure}()
 7 SYSTEMPATH\Common.php(1180): CodeIgniter\View\View->render('Context/context-ana/context_version', [], true)
 8 APPPATH\Controllers\ContextController.php(99): view('Context/context-ana/context_version', [...])
 9 SYSTEMPATH\CodeIgniter.php(932): App\Controllers\ContextController->context_analysis_version('13')
10 SYSTEMPATH\CodeIgniter.php(497): CodeIgniter\CodeIgniter->runController(Object(App\Controllers\ContextController))
11 SYSTEMPATH\CodeIgniter.php(366): CodeIgniter\CodeIgniter->handleRequest(null, Object(Config\Cache), false)
12 FCPATH\index.php(67): CodeIgniter\CodeIgniter->run()
CRITICAL - 2023-08-04 07:44:59 --> Cannot use object of type stdClass as array
in APPPATH\Views\Modal\CRUD_Context_modal.php on line 15.
 1 SYSTEMPATH\View\View.php(224): include()
 2 SYSTEMPATH\View\View.php(227): CodeIgniter\View\View->CodeIgniter\View\{closure}()
 3 SYSTEMPATH\View\View.php(452): CodeIgniter\View\View->render('Modal/CRUD_Context_modal', null, true)
 4 APPPATH\Views\Context\context-ana\context_version.php(209): CodeIgniter\View\View->include('Modal/CRUD_Context_modal')
 5 SYSTEMPATH\View\View.php(224): include('C:\\xampp\\htdocs\\isms-project\\app\\Views\\Context\\context-ana\\context_version.php')
 6 SYSTEMPATH\View\View.php(227): CodeIgniter\View\View->CodeIgniter\View\{closure}()
 7 SYSTEMPATH\Common.php(1180): CodeIgniter\View\View->render('Context/context-ana/context_version', [], true)
 8 APPPATH\Controllers\ContextController.php(99): view('Context/context-ana/context_version', [...])
 9 SYSTEMPATH\CodeIgniter.php(932): App\Controllers\ContextController->context_analysis_version('13')
10 SYSTEMPATH\CodeIgniter.php(497): CodeIgniter\CodeIgniter->runController(Object(App\Controllers\ContextController))
11 SYSTEMPATH\CodeIgniter.php(366): CodeIgniter\CodeIgniter->handleRequest(null, Object(Config\Cache), false)
12 FCPATH\index.php(67): CodeIgniter\CodeIgniter->run()
CRITICAL - 2023-08-04 07:45:26 --> Cannot use object of type stdClass as array
in APPPATH\Views\Modal\CRUD_Context_modal.php on line 15.
 1 SYSTEMPATH\View\View.php(224): include()
 2 SYSTEMPATH\View\View.php(227): CodeIgniter\View\View->CodeIgniter\View\{closure}()
 3 SYSTEMPATH\View\View.php(452): CodeIgniter\View\View->render('Modal/CRUD_Context_modal', null, true)
 4 APPPATH\Views\Context\context-ana\context_version.php(209): CodeIgniter\View\View->include('Modal/CRUD_Context_modal')
 5 SYSTEMPATH\View\View.php(224): include('C:\\xampp\\htdocs\\isms-project\\app\\Views\\Context\\context-ana\\context_version.php')
 6 SYSTEMPATH\View\View.php(227): CodeIgniter\View\View->CodeIgniter\View\{closure}()
 7 SYSTEMPATH\Common.php(1180): CodeIgniter\View\View->render('Context/context-ana/context_version', [], true)
 8 APPPATH\Controllers\ContextController.php(99): view('Context/context-ana/context_version', [...])
 9 SYSTEMPATH\CodeIgniter.php(932): App\Controllers\ContextController->context_analysis_version('13')
10 SYSTEMPATH\CodeIgniter.php(497): CodeIgniter\CodeIgniter->runController(Object(App\Controllers\ContextController))
11 SYSTEMPATH\CodeIgniter.php(366): CodeIgniter\CodeIgniter->handleRequest(null, Object(Config\Cache), false)
12 FCPATH\index.php(67): CodeIgniter\CodeIgniter->run()
CRITICAL - 2023-08-04 18:35:25 --> rmdir(public/uploads/1/): No such file or directory
in APPPATH\Controllers\InterController.php on line 69.
 1 [internal function]: CodeIgniter\Debug\Exceptions->errorHandler(2, 'rmdir(public/uploads/1/): No such file or directory', 'C:\\xampp\\htdocs\\isms-project\\app\\Controllers\\InterController.php', 69)
 2 APPPATH\Controllers\InterController.php(69): rmdir('public/uploads/1/')
 3 SYSTEMPATH\CodeIgniter.php(932): App\Controllers\InterController->delete('35', '1', '6')
 4 SYSTEMPATH\CodeIgniter.php(497): CodeIgniter\CodeIgniter->runController(Object(App\Controllers\InterController))
 5 SYSTEMPATH\CodeIgniter.php(366): CodeIgniter\CodeIgniter->handleRequest(null, Object(Config\Cache), false)
 6 FCPATH\index.php(67): CodeIgniter\CodeIgniter->run()
CRITICAL - 2023-08-04 18:35:30 --> rmdir(public/uploads/1/): No such file or directory
in APPPATH\Controllers\InterController.php on line 69.
 1 [internal function]: CodeIgniter\Debug\Exceptions->errorHandler(2, 'rmdir(public/uploads/1/): No such file or directory', 'C:\\xampp\\htdocs\\isms-project\\app\\Controllers\\InterController.php', 69)
 2 APPPATH\Controllers\InterController.php(69): rmdir('public/uploads/1/')
 3 SYSTEMPATH\CodeIgniter.php(932): App\Controllers\InterController->delete('35', '1', '6')
 4 SYSTEMPATH\CodeIgniter.php(497): CodeIgniter\CodeIgniter->runController(Object(App\Controllers\InterController))
 5 SYSTEMPATH\CodeIgniter.php(366): CodeIgniter\CodeIgniter->handleRequest(null, Object(Config\Cache), false)
 6 FCPATH\index.php(67): CodeIgniter\CodeIgniter->run()
CRITICAL - 2023-08-04 19:05:12 --> rmdir(public/uploads/1/): No such file or directory
in APPPATH\Controllers\InterController.php on line 69.
 1 [internal function]: CodeIgniter\Debug\Exceptions->errorHandler(2, 'rmdir(public/uploads/1/): No such file or directory', 'C:\\xampp\\htdocs\\isms-project\\app\\Controllers\\InterController.php', 69)
 2 APPPATH\Controllers\InterController.php(69): rmdir('public/uploads/1/')
 3 SYSTEMPATH\CodeIgniter.php(932): App\Controllers\InterController->delete('35', '1', '6')
 4 SYSTEMPATH\CodeIgniter.php(497): CodeIgniter\CodeIgniter->runController(Object(App\Controllers\InterController))
 5 SYSTEMPATH\CodeIgniter.php(366): CodeIgniter\CodeIgniter->handleRequest(null, Object(Config\Cache), false)
 6 FCPATH\index.php(67): CodeIgniter\CodeIgniter->run()
