CRITICAL - 2023-07-05 04:01:13 --> Undefined variable $data
in APPPATH\Views\Context\hello.php on line 92.
 1 APPPATH\Views\Context\hello.php(92): CodeIgniter\Debug\Exceptions->errorHandler(2, 'Undefined variable $data', 'E:\\work\\ISMS\\isms-project\\app\\Views\\Context\\hello.php', 92)
 2 SYSTEMPATH\View\View.php(224): include('E:\\work\\ISMS\\isms-project\\app\\Views\\Context\\hello.php')
 3 SYSTEMPATH\View\View.php(227): CodeIgniter\View\View->CodeIgniter\View\{closure}()
 4 SYSTEMPATH\Common.php(1180): CodeIgniter\View\View->render('Context/hello', [], true)
 5 APPPATH\Controllers\Home.php(14): view('Context/hello')
 6 SYSTEMPATH\CodeIgniter.php(932): App\Controllers\Home->context_analysis()
 7 SYSTEMPATH\CodeIgniter.php(497): CodeIgniter\CodeIgniter->runController(Object(App\Controllers\Home))
 8 SYSTEMPATH\CodeIgniter.php(366): CodeIgniter\CodeIgniter->handleRequest(null, Object(Config\Cache), false)
 9 FCPATH\index.php(67): CodeIgniter\CodeIgniter->run()
10 SYSTEMPATH\Commands\Server\rewrite.php(47): require_once('E:\\work\\ISMS\\isms-project\\public\\index.php')
CRITICAL - 2023-07-05 04:02:11 --> Undefined variable $data
in APPPATH\Views\Context\hello.php on line 92.
 1 APPPATH\Views\Context\hello.php(92): CodeIgniter\Debug\Exceptions->errorHandler(2, 'Undefined variable $data', 'E:\\work\\ISMS\\isms-project\\app\\Views\\Context\\hello.php', 92)
 2 SYSTEMPATH\View\View.php(224): include('E:\\work\\ISMS\\isms-project\\app\\Views\\Context\\hello.php')
 3 SYSTEMPATH\View\View.php(227): CodeIgniter\View\View->CodeIgniter\View\{closure}()
 4 SYSTEMPATH\Common.php(1180): CodeIgniter\View\View->render('Context/hello', [], true)
 5 APPPATH\Controllers\Home.php(14): view('Context/hello')
 6 SYSTEMPATH\CodeIgniter.php(932): App\Controllers\Home->context_analysis()
 7 SYSTEMPATH\CodeIgniter.php(497): CodeIgniter\CodeIgniter->runController(Object(App\Controllers\Home))
 8 SYSTEMPATH\CodeIgniter.php(366): CodeIgniter\CodeIgniter->handleRequest(null, Object(Config\Cache), false)
 9 FCPATH\index.php(67): CodeIgniter\CodeIgniter->run()
10 SYSTEMPATH\Commands\Server\rewrite.php(47): require_once('E:\\work\\ISMS\\isms-project\\public\\index.php')
CRITICAL - 2023-07-05 04:02:38 --> Undefined variable $data
in APPPATH\Views\Context\hello.php on line 92.
 1 APPPATH\Views\Context\hello.php(92): CodeIgniter\Debug\Exceptions->errorHandler(2, 'Undefined variable $data', 'E:\\work\\ISMS\\isms-project\\app\\Views\\Context\\hello.php', 92)
 2 SYSTEMPATH\View\View.php(224): include('E:\\work\\ISMS\\isms-project\\app\\Views\\Context\\hello.php')
 3 SYSTEMPATH\View\View.php(227): CodeIgniter\View\View->CodeIgniter\View\{closure}()
 4 SYSTEMPATH\Common.php(1180): CodeIgniter\View\View->render('Context/hello', [], true)
 5 APPPATH\Controllers\Home.php(15): view('Context/hello', [])
 6 SYSTEMPATH\CodeIgniter.php(932): App\Controllers\Home->context_analysis()
 7 SYSTEMPATH\CodeIgniter.php(497): CodeIgniter\CodeIgniter->runController(Object(App\Controllers\Home))
 8 SYSTEMPATH\CodeIgniter.php(366): CodeIgniter\CodeIgniter->handleRequest(null, Object(Config\Cache), false)
 9 FCPATH\index.php(67): CodeIgniter\CodeIgniter->run()
10 SYSTEMPATH\Commands\Server\rewrite.php(47): require_once('E:\\work\\ISMS\\isms-project\\public\\index.php')
CRITICAL - 2023-07-05 04:03:24 --> Undefined variable $data
in APPPATH\Views\Context\hello.php on line 93.
 1 APPPATH\Views\Context\hello.php(93): CodeIgniter\Debug\Exceptions->errorHandler(2, 'Undefined variable $data', 'E:\\work\\ISMS\\isms-project\\app\\Views\\Context\\hello.php', 93)
 2 SYSTEMPATH\View\View.php(224): include('E:\\work\\ISMS\\isms-project\\app\\Views\\Context\\hello.php')
 3 SYSTEMPATH\View\View.php(227): CodeIgniter\View\View->CodeIgniter\View\{closure}()
 4 SYSTEMPATH\Common.php(1180): CodeIgniter\View\View->render('Context/hello', [], true)
 5 APPPATH\Controllers\Home.php(15): view('Context/hello', [])
 6 SYSTEMPATH\CodeIgniter.php(932): App\Controllers\Home->context_analysis()
 7 SYSTEMPATH\CodeIgniter.php(497): CodeIgniter\CodeIgniter->runController(Object(App\Controllers\Home))
 8 SYSTEMPATH\CodeIgniter.php(366): CodeIgniter\CodeIgniter->handleRequest(null, Object(Config\Cache), false)
 9 FCPATH\index.php(67): CodeIgniter\CodeIgniter->run()
10 SYSTEMPATH\Commands\Server\rewrite.php(47): require_once('E:\\work\\ISMS\\isms-project\\public\\index.php')
CRITICAL - 2023-07-05 04:03:34 --> Undefined variable $data
in APPPATH\Views\Context\hello.php on line 94.
 1 APPPATH\Views\Context\hello.php(94): CodeIgniter\Debug\Exceptions->errorHandler(2, 'Undefined variable $data', 'E:\\work\\ISMS\\isms-project\\app\\Views\\Context\\hello.php', 94)
 2 SYSTEMPATH\View\View.php(224): include('E:\\work\\ISMS\\isms-project\\app\\Views\\Context\\hello.php')
 3 SYSTEMPATH\View\View.php(227): CodeIgniter\View\View->CodeIgniter\View\{closure}()
 4 SYSTEMPATH\Common.php(1180): CodeIgniter\View\View->render('Context/hello', [], true)
 5 APPPATH\Controllers\Home.php(15): view('Context/hello', [])
 6 SYSTEMPATH\CodeIgniter.php(932): App\Controllers\Home->context_analysis()
 7 SYSTEMPATH\CodeIgniter.php(497): CodeIgniter\CodeIgniter->runController(Object(App\Controllers\Home))
 8 SYSTEMPATH\CodeIgniter.php(366): CodeIgniter\CodeIgniter->handleRequest(null, Object(Config\Cache), false)
 9 FCPATH\index.php(67): CodeIgniter\CodeIgniter->run()
10 SYSTEMPATH\Commands\Server\rewrite.php(47): require_once('E:\\work\\ISMS\\isms-project\\public\\index.php')
CRITICAL - 2023-07-05 04:04:23 --> Undefined variable $data
in APPPATH\Views\Context\hello.php on line 93.
 1 APPPATH\Views\Context\hello.php(93): CodeIgniter\Debug\Exceptions->errorHandler(2, 'Undefined variable $data', 'E:\\work\\ISMS\\isms-project\\app\\Views\\Context\\hello.php', 93)
 2 SYSTEMPATH\View\View.php(224): include('E:\\work\\ISMS\\isms-project\\app\\Views\\Context\\hello.php')
 3 SYSTEMPATH\View\View.php(227): CodeIgniter\View\View->CodeIgniter\View\{closure}()
 4 SYSTEMPATH\Common.php(1180): CodeIgniter\View\View->render('Context/hello', [], true)
 5 APPPATH\Controllers\Home.php(15): view('Context/hello', [])
 6 SYSTEMPATH\CodeIgniter.php(932): App\Controllers\Home->context_analysis()
 7 SYSTEMPATH\CodeIgniter.php(497): CodeIgniter\CodeIgniter->runController(Object(App\Controllers\Home))
 8 SYSTEMPATH\CodeIgniter.php(366): CodeIgniter\CodeIgniter->handleRequest(null, Object(Config\Cache), false)
 9 FCPATH\index.php(67): CodeIgniter\CodeIgniter->run()
10 SYSTEMPATH\Commands\Server\rewrite.php(47): require_once('E:\\work\\ISMS\\isms-project\\public\\index.php')
CRITICAL - 2023-07-05 05:11:58 --> Invalid file: "Context/contextversion.php"
in SYSTEMPATH\Exceptions\FrameworkException.php on line 33.
 1 SYSTEMPATH\View\View.php(212): CodeIgniter\Exceptions\FrameworkException::forInvalidFile('Context/contextversion.php')
 2 SYSTEMPATH\Common.php(1180): CodeIgniter\View\View->render('Context/contextversion', [], true)
 3 APPPATH\Controllers\Home.php(21): view('Context/contextversion', [...])
 4 SYSTEMPATH\CodeIgniter.php(932): App\Controllers\Home->context_analysis_version()
 5 SYSTEMPATH\CodeIgniter.php(497): CodeIgniter\CodeIgniter->runController(Object(App\Controllers\Home))
 6 SYSTEMPATH\CodeIgniter.php(366): CodeIgniter\CodeIgniter->handleRequest(null, Object(Config\Cache), false)
 7 FCPATH\index.php(67): CodeIgniter\CodeIgniter->run()
 8 SYSTEMPATH\Commands\Server\rewrite.php(47): require_once('E:\\work\\ISMS\\isms-project\\public\\index.php')
CRITICAL - 2023-07-05 07:28:17 --> Undefined variable $data
in APPPATH\Views\Context\context_version.php on line 126.
 1 APPPATH\Views\Context\context_version.php(126): CodeIgniter\Debug\Exceptions->errorHandler(2, 'Undefined variable $data', 'E:\\work\\ISMS\\isms-project\\app\\Views\\Context\\context_version.php', 126)
 2 SYSTEMPATH\View\View.php(224): include('E:\\work\\ISMS\\isms-project\\app\\Views\\Context\\context_version.php')
 3 SYSTEMPATH\View\View.php(227): CodeIgniter\View\View->CodeIgniter\View\{closure}()
 4 SYSTEMPATH\Common.php(1180): CodeIgniter\View\View->render('Context/context_version', [], true)
 5 APPPATH\Controllers\Home.php(38): view('Context/context_version', [...])
 6 SYSTEMPATH\CodeIgniter.php(932): App\Controllers\Home->context_analysis_version_create()
 7 SYSTEMPATH\CodeIgniter.php(497): CodeIgniter\CodeIgniter->runController(Object(App\Controllers\Home))
 8 SYSTEMPATH\CodeIgniter.php(366): CodeIgniter\CodeIgniter->handleRequest(null, Object(Config\Cache), false)
 9 FCPATH\index.php(67): CodeIgniter\CodeIgniter->run()
10 SYSTEMPATH\Commands\Server\rewrite.php(47): require_once('E:\\work\\ISMS\\isms-project\\public\\index.php')
CRITICAL - 2023-07-05 07:29:04 --> Undefined variable $data
in APPPATH\Views\Context\context_version.php on line 126.
 1 APPPATH\Views\Context\context_version.php(126): CodeIgniter\Debug\Exceptions->errorHandler(2, 'Undefined variable $data', 'E:\\work\\ISMS\\isms-project\\app\\Views\\Context\\context_version.php', 126)
 2 SYSTEMPATH\View\View.php(224): include('E:\\work\\ISMS\\isms-project\\app\\Views\\Context\\context_version.php')
 3 SYSTEMPATH\View\View.php(227): CodeIgniter\View\View->CodeIgniter\View\{closure}()
 4 SYSTEMPATH\Common.php(1180): CodeIgniter\View\View->render('Context/context_version', [], true)
 5 APPPATH\Controllers\Home.php(38): view('Context/context_version', [...])
 6 SYSTEMPATH\CodeIgniter.php(932): App\Controllers\Home->context_analysis_version_create()
 7 SYSTEMPATH\CodeIgniter.php(497): CodeIgniter\CodeIgniter->runController(Object(App\Controllers\Home))
 8 SYSTEMPATH\CodeIgniter.php(366): CodeIgniter\CodeIgniter->handleRequest(null, Object(Config\Cache), false)
 9 FCPATH\index.php(67): CodeIgniter\CodeIgniter->run()
10 SYSTEMPATH\Commands\Server\rewrite.php(47): require_once('E:\\work\\ISMS\\isms-project\\public\\index.php')
CRITICAL - 2023-07-05 09:08:00 --> Invalid file: "Context/context_version.php"
in SYSTEMPATH\Exceptions\FrameworkException.php on line 33.
 1 SYSTEMPATH\View\View.php(212): CodeIgniter\Exceptions\FrameworkException::forInvalidFile('Context/context_version.php')
 2 SYSTEMPATH\Common.php(1180): CodeIgniter\View\View->render('Context/context_version', [], true)
 3 APPPATH\Controllers\Context.php(22): view('Context/context_version', [...])
 4 SYSTEMPATH\CodeIgniter.php(932): App\Controllers\Context->context_analysis_version()
 5 SYSTEMPATH\CodeIgniter.php(497): CodeIgniter\CodeIgniter->runController(Object(App\Controllers\Context))
 6 SYSTEMPATH\CodeIgniter.php(366): CodeIgniter\CodeIgniter->handleRequest(null, Object(Config\Cache), false)
 7 FCPATH\index.php(67): CodeIgniter\CodeIgniter->run()
 8 SYSTEMPATH\Commands\Server\rewrite.php(47): require_once('E:\\work\\ISMS\\isms-project\\public\\index.php')
CRITICAL - 2023-07-05 10:51:41 --> Unsupported operand types: string + string
in APPPATH\Views\Context\context-ana\context_ana.php on line 100.
 1 SYSTEMPATH\View\View.php(224): include()
 2 SYSTEMPATH\View\View.php(227): CodeIgniter\View\View->CodeIgniter\View\{closure}()
 3 SYSTEMPATH\Common.php(1180): CodeIgniter\View\View->render('Context/context-ana/context_ana', [], true)
 4 APPPATH\Controllers\Context.php(15): view('Context/context-ana/context_ana', [...])
 5 SYSTEMPATH\CodeIgniter.php(932): App\Controllers\Context->context_analysis_index()
 6 SYSTEMPATH\CodeIgniter.php(497): CodeIgniter\CodeIgniter->runController(Object(App\Controllers\Context))
 7 SYSTEMPATH\CodeIgniter.php(366): CodeIgniter\CodeIgniter->handleRequest(null, Object(Config\Cache), false)
 8 FCPATH\index.php(67): CodeIgniter\CodeIgniter->run()
 9 SYSTEMPATH\Commands\Server\rewrite.php(47): require_once('E:\\work\\ISMS\\isms-project\\public\\index.php')
CRITICAL - 2023-07-05 10:51:42 --> Unsupported operand types: string + string
in APPPATH\Views\Context\context-ana\context_ana.php on line 100.
 1 SYSTEMPATH\View\View.php(224): include()
 2 SYSTEMPATH\View\View.php(227): CodeIgniter\View\View->CodeIgniter\View\{closure}()
 3 SYSTEMPATH\Common.php(1180): CodeIgniter\View\View->render('Context/context-ana/context_ana', [], true)
 4 APPPATH\Controllers\Context.php(15): view('Context/context-ana/context_ana', [...])
 5 SYSTEMPATH\CodeIgniter.php(932): App\Controllers\Context->context_analysis_index()
 6 SYSTEMPATH\CodeIgniter.php(497): CodeIgniter\CodeIgniter->runController(Object(App\Controllers\Context))
 7 SYSTEMPATH\CodeIgniter.php(366): CodeIgniter\CodeIgniter->handleRequest(null, Object(Config\Cache), false)
 8 FCPATH\index.php(67): CodeIgniter\CodeIgniter->run()
 9 SYSTEMPATH\Commands\Server\rewrite.php(47): require_once('E:\\work\\ISMS\\isms-project\\public\\index.php')
CRITICAL - 2023-07-05 10:51:45 --> Unsupported operand types: string + string
in APPPATH\Views\Context\context-ana\context_ana.php on line 100.
 1 SYSTEMPATH\View\View.php(224): include()
 2 SYSTEMPATH\View\View.php(227): CodeIgniter\View\View->CodeIgniter\View\{closure}()
 3 SYSTEMPATH\Common.php(1180): CodeIgniter\View\View->render('Context/context-ana/context_ana', [], true)
 4 APPPATH\Controllers\Context.php(15): view('Context/context-ana/context_ana', [...])
 5 SYSTEMPATH\CodeIgniter.php(932): App\Controllers\Context->context_analysis_index()
 6 SYSTEMPATH\CodeIgniter.php(497): CodeIgniter\CodeIgniter->runController(Object(App\Controllers\Context))
 7 SYSTEMPATH\CodeIgniter.php(366): CodeIgniter\CodeIgniter->handleRequest(null, Object(Config\Cache), false)
 8 FCPATH\index.php(67): CodeIgniter\CodeIgniter->run()
 9 SYSTEMPATH\Commands\Server\rewrite.php(47): require_once('E:\\work\\ISMS\\isms-project\\public\\index.php')
ERROR - 2023-07-05 10:53:56 --> mysqli_sql_exception: Unknown column 'id' in 'where clause' in E:\work\ISMS\isms-project\vendor\codeigniter4\framework\system\Database\MySQLi\Connection.php:295
Stack trace:
#0 E:\work\ISMS\isms-project\vendor\codeigniter4\framework\system\Database\MySQLi\Connection.php(295): mysqli->query('SELECT *\nFROM `...', 0)
#1 E:\work\ISMS\isms-project\vendor\codeigniter4\framework\system\Database\BaseConnection.php(692): CodeIgniter\Database\MySQLi\Connection->execute('SELECT *\nFROM `...')
#2 E:\work\ISMS\isms-project\vendor\codeigniter4\framework\system\Database\BaseConnection.php(606): CodeIgniter\Database\BaseConnection->simpleQuery('SELECT *\nFROM `...')
#3 E:\work\ISMS\isms-project\vendor\codeigniter4\framework\system\Database\BaseBuilder.php(1616): CodeIgniter\Database\BaseConnection->query('SELECT *\nFROM `...', Array, false)
#4 E:\work\ISMS\isms-project\vendor\codeigniter4\framework\system\Model.php(268): CodeIgniter\Database\BaseBuilder->get()
#5 E:\work\ISMS\isms-project\vendor\codeigniter4\framework\system\BaseModel.php(656): CodeIgniter\Model->doFirst()
#6 E:\work\ISMS\isms-project\app\Controllers\Context.php(21): CodeIgniter\BaseModel->first()
#7 E:\work\ISMS\isms-project\vendor\codeigniter4\framework\system\CodeIgniter.php(932): App\Controllers\Context->context_analysis_version('1')
#8 E:\work\ISMS\isms-project\vendor\codeigniter4\framework\system\CodeIgniter.php(497): CodeIgniter\CodeIgniter->runController(Object(App\Controllers\Context))
#9 E:\work\ISMS\isms-project\vendor\codeigniter4\framework\system\CodeIgniter.php(366): CodeIgniter\CodeIgniter->handleRequest(NULL, Object(Config\Cache), false)
#10 E:\work\ISMS\isms-project\public\index.php(67): CodeIgniter\CodeIgniter->run()
#11 E:\work\ISMS\isms-project\vendor\codeigniter4\framework\system\Commands\Server\rewrite.php(47): require_once('E:\\work\\ISMS\\is...')
#12 {main}
CRITICAL - 2023-07-05 10:53:56 --> Unknown column 'id' in 'where clause'
in SYSTEMPATH\Database\MySQLi\Connection.php on line 295.
 1 SYSTEMPATH\Database\MySQLi\Connection.php(295): mysqli->query('SELECT *
FROM `context_table`
WHERE `id` = \'1\'
 LIMIT 1', 0)
 2 SYSTEMPATH\Database\BaseConnection.php(692): CodeIgniter\Database\MySQLi\Connection->execute('SELECT *
FROM `context_table`
WHERE `id` = \'1\'
 LIMIT 1')
 3 SYSTEMPATH\Database\BaseConnection.php(606): CodeIgniter\Database\BaseConnection->simpleQuery('SELECT *
FROM `context_table`
WHERE `id` = \'1\'
 LIMIT 1')
 4 SYSTEMPATH\Database\BaseBuilder.php(1616): CodeIgniter\Database\BaseConnection->query('SELECT *
FROM `context_table`
WHERE `id` = :id:
 LIMIT 1', [...], false)
 5 SYSTEMPATH\Model.php(268): CodeIgniter\Database\BaseBuilder->get()
 6 SYSTEMPATH\BaseModel.php(656): CodeIgniter\Model->doFirst()
 7 APPPATH\Controllers\Context.php(21): CodeIgniter\BaseModel->first()
 8 SYSTEMPATH\CodeIgniter.php(932): App\Controllers\Context->context_analysis_version('1')
 9 SYSTEMPATH\CodeIgniter.php(497): CodeIgniter\CodeIgniter->runController(Object(App\Controllers\Context))
10 SYSTEMPATH\CodeIgniter.php(366): CodeIgniter\CodeIgniter->handleRequest(null, Object(Config\Cache), false)
11 FCPATH\index.php(67): CodeIgniter\CodeIgniter->run()
12 SYSTEMPATH\Commands\Server\rewrite.php(47): require_once('E:\\work\\ISMS\\isms-project\\public\\index.php')
ERROR - 2023-07-05 10:53:58 --> mysqli_sql_exception: Unknown column 'id' in 'where clause' in E:\work\ISMS\isms-project\vendor\codeigniter4\framework\system\Database\MySQLi\Connection.php:295
Stack trace:
#0 E:\work\ISMS\isms-project\vendor\codeigniter4\framework\system\Database\MySQLi\Connection.php(295): mysqli->query('SELECT *\nFROM `...', 0)
#1 E:\work\ISMS\isms-project\vendor\codeigniter4\framework\system\Database\BaseConnection.php(692): CodeIgniter\Database\MySQLi\Connection->execute('SELECT *\nFROM `...')
#2 E:\work\ISMS\isms-project\vendor\codeigniter4\framework\system\Database\BaseConnection.php(606): CodeIgniter\Database\BaseConnection->simpleQuery('SELECT *\nFROM `...')
#3 E:\work\ISMS\isms-project\vendor\codeigniter4\framework\system\Database\BaseBuilder.php(1616): CodeIgniter\Database\BaseConnection->query('SELECT *\nFROM `...', Array, false)
#4 E:\work\ISMS\isms-project\vendor\codeigniter4\framework\system\Model.php(268): CodeIgniter\Database\BaseBuilder->get()
#5 E:\work\ISMS\isms-project\vendor\codeigniter4\framework\system\BaseModel.php(656): CodeIgniter\Model->doFirst()
#6 E:\work\ISMS\isms-project\app\Controllers\Context.php(21): CodeIgniter\BaseModel->first()
#7 E:\work\ISMS\isms-project\vendor\codeigniter4\framework\system\CodeIgniter.php(932): App\Controllers\Context->context_analysis_version('1')
#8 E:\work\ISMS\isms-project\vendor\codeigniter4\framework\system\CodeIgniter.php(497): CodeIgniter\CodeIgniter->runController(Object(App\Controllers\Context))
#9 E:\work\ISMS\isms-project\vendor\codeigniter4\framework\system\CodeIgniter.php(366): CodeIgniter\CodeIgniter->handleRequest(NULL, Object(Config\Cache), false)
#10 E:\work\ISMS\isms-project\public\index.php(67): CodeIgniter\CodeIgniter->run()
#11 E:\work\ISMS\isms-project\vendor\codeigniter4\framework\system\Commands\Server\rewrite.php(47): require_once('E:\\work\\ISMS\\is...')
#12 {main}
CRITICAL - 2023-07-05 10:53:58 --> Unknown column 'id' in 'where clause'
in SYSTEMPATH\Database\MySQLi\Connection.php on line 295.
 1 SYSTEMPATH\Database\MySQLi\Connection.php(295): mysqli->query('SELECT *
FROM `context_table`
WHERE `id` = \'1\'
 LIMIT 1', 0)
 2 SYSTEMPATH\Database\BaseConnection.php(692): CodeIgniter\Database\MySQLi\Connection->execute('SELECT *
FROM `context_table`
WHERE `id` = \'1\'
 LIMIT 1')
 3 SYSTEMPATH\Database\BaseConnection.php(606): CodeIgniter\Database\BaseConnection->simpleQuery('SELECT *
FROM `context_table`
WHERE `id` = \'1\'
 LIMIT 1')
 4 SYSTEMPATH\Database\BaseBuilder.php(1616): CodeIgniter\Database\BaseConnection->query('SELECT *
FROM `context_table`
WHERE `id` = :id:
 LIMIT 1', [...], false)
 5 SYSTEMPATH\Model.php(268): CodeIgniter\Database\BaseBuilder->get()
 6 SYSTEMPATH\BaseModel.php(656): CodeIgniter\Model->doFirst()
 7 APPPATH\Controllers\Context.php(21): CodeIgniter\BaseModel->first()
 8 SYSTEMPATH\CodeIgniter.php(932): App\Controllers\Context->context_analysis_version('1')
 9 SYSTEMPATH\CodeIgniter.php(497): CodeIgniter\CodeIgniter->runController(Object(App\Controllers\Context))
10 SYSTEMPATH\CodeIgniter.php(366): CodeIgniter\CodeIgniter->handleRequest(null, Object(Config\Cache), false)
11 FCPATH\index.php(67): CodeIgniter\CodeIgniter->run()
12 SYSTEMPATH\Commands\Server\rewrite.php(47): require_once('E:\\work\\ISMS\\isms-project\\public\\index.php')
ERROR - 2023-07-05 10:54:29 --> mysqli_sql_exception: Unknown column 'id' in 'where clause' in E:\work\ISMS\isms-project\vendor\codeigniter4\framework\system\Database\MySQLi\Connection.php:295
Stack trace:
#0 E:\work\ISMS\isms-project\vendor\codeigniter4\framework\system\Database\MySQLi\Connection.php(295): mysqli->query('SELECT *\nFROM `...', 0)
#1 E:\work\ISMS\isms-project\vendor\codeigniter4\framework\system\Database\BaseConnection.php(692): CodeIgniter\Database\MySQLi\Connection->execute('SELECT *\nFROM `...')
#2 E:\work\ISMS\isms-project\vendor\codeigniter4\framework\system\Database\BaseConnection.php(606): CodeIgniter\Database\BaseConnection->simpleQuery('SELECT *\nFROM `...')
#3 E:\work\ISMS\isms-project\vendor\codeigniter4\framework\system\Database\BaseBuilder.php(1616): CodeIgniter\Database\BaseConnection->query('SELECT *\nFROM `...', Array, false)
#4 E:\work\ISMS\isms-project\vendor\codeigniter4\framework\system\Model.php(268): CodeIgniter\Database\BaseBuilder->get()
#5 E:\work\ISMS\isms-project\vendor\codeigniter4\framework\system\BaseModel.php(656): CodeIgniter\Model->doFirst()
#6 E:\work\ISMS\isms-project\app\Controllers\Context.php(21): CodeIgniter\BaseModel->first()
#7 E:\work\ISMS\isms-project\vendor\codeigniter4\framework\system\CodeIgniter.php(932): App\Controllers\Context->context_analysis_version('1')
#8 E:\work\ISMS\isms-project\vendor\codeigniter4\framework\system\CodeIgniter.php(497): CodeIgniter\CodeIgniter->runController(Object(App\Controllers\Context))
#9 E:\work\ISMS\isms-project\vendor\codeigniter4\framework\system\CodeIgniter.php(366): CodeIgniter\CodeIgniter->handleRequest(NULL, Object(Config\Cache), false)
#10 E:\work\ISMS\isms-project\public\index.php(67): CodeIgniter\CodeIgniter->run()
#11 E:\work\ISMS\isms-project\vendor\codeigniter4\framework\system\Commands\Server\rewrite.php(47): require_once('E:\\work\\ISMS\\is...')
#12 {main}
CRITICAL - 2023-07-05 10:54:29 --> Unknown column 'id' in 'where clause'
in SYSTEMPATH\Database\MySQLi\Connection.php on line 295.
 1 SYSTEMPATH\Database\MySQLi\Connection.php(295): mysqli->query('SELECT *
FROM `context_table`
WHERE `id` = \'1\'
 LIMIT 1', 0)
 2 SYSTEMPATH\Database\BaseConnection.php(692): CodeIgniter\Database\MySQLi\Connection->execute('SELECT *
FROM `context_table`
WHERE `id` = \'1\'
 LIMIT 1')
 3 SYSTEMPATH\Database\BaseConnection.php(606): CodeIgniter\Database\BaseConnection->simpleQuery('SELECT *
FROM `context_table`
WHERE `id` = \'1\'
 LIMIT 1')
 4 SYSTEMPATH\Database\BaseBuilder.php(1616): CodeIgniter\Database\BaseConnection->query('SELECT *
FROM `context_table`
WHERE `id` = :id:
 LIMIT 1', [...], false)
 5 SYSTEMPATH\Model.php(268): CodeIgniter\Database\BaseBuilder->get()
 6 SYSTEMPATH\BaseModel.php(656): CodeIgniter\Model->doFirst()
 7 APPPATH\Controllers\Context.php(21): CodeIgniter\BaseModel->first()
 8 SYSTEMPATH\CodeIgniter.php(932): App\Controllers\Context->context_analysis_version('1')
 9 SYSTEMPATH\CodeIgniter.php(497): CodeIgniter\CodeIgniter->runController(Object(App\Controllers\Context))
10 SYSTEMPATH\CodeIgniter.php(366): CodeIgniter\CodeIgniter->handleRequest(null, Object(Config\Cache), false)
11 FCPATH\index.php(67): CodeIgniter\CodeIgniter->run()
12 SYSTEMPATH\Commands\Server\rewrite.php(47): require_once('E:\\work\\ISMS\\isms-project\\public\\index.php')
CRITICAL - 2023-07-05 10:55:45 --> Invalid file: "Context/context-ana/context_version/.php"
in SYSTEMPATH\Exceptions\FrameworkException.php on line 33.
 1 SYSTEMPATH\View\View.php(212): CodeIgniter\Exceptions\FrameworkException::forInvalidFile('Context/context-ana/context_version/.php')
 2 SYSTEMPATH\Common.php(1180): CodeIgniter\View\View->render('Context/context-ana/context_version/', [], true)
 3 APPPATH\Controllers\Context.php(25): view('Context/context-ana/context_version/', [...])
 4 SYSTEMPATH\CodeIgniter.php(932): App\Controllers\Context->context_analysis_version('1')
 5 SYSTEMPATH\CodeIgniter.php(497): CodeIgniter\CodeIgniter->runController(Object(App\Controllers\Context))
 6 SYSTEMPATH\CodeIgniter.php(366): CodeIgniter\CodeIgniter->handleRequest(null, Object(Config\Cache), false)
 7 FCPATH\index.php(67): CodeIgniter\CodeIgniter->run()
 8 SYSTEMPATH\Commands\Server\rewrite.php(47): require_once('E:\\work\\ISMS\\isms-project\\public\\index.php')
