CRITICAL - 2023-09-28 04:28:50 --> Undefined variable $text_path
in APPPATH\Views\under_construction.php on line 2.
 1 APPPATH\Views\under_construction.php(2): CodeIgniter\Debug\Exceptions->errorHandler(2, 'Undefined variable $text_path', 'C:\\xampp8\\htdocs\\iso-optimize\\app\\Views\\under_construction.php', 2)
 2 SYSTEMPATH\View\View.php(224): include('C:\\xampp8\\htdocs\\iso-optimize\\app\\Views\\under_construction.php')
 3 SYSTEMPATH\View\View.php(227): CodeIgniter\View\View->CodeIgniter\View\{closure}()
 4 SYSTEMPATH\Common.php(1180): CodeIgniter\View\View->render('under_construction', [], true)
 5 APPPATH\Controllers\Under_Construction.php(10): view('under_construction')
 6 SYSTEMPATH\CodeIgniter.php(932): App\Controllers\Under_Construction->index()
 7 SYSTEMPATH\CodeIgniter.php(497): CodeIgniter\CodeIgniter->runController(Object(App\Controllers\Under_Construction))
 8 SYSTEMPATH\CodeIgniter.php(366): CodeIgniter\CodeIgniter->handleRequest(null, Object(Config\Cache), false)
 9 FCPATH\index.php(67): CodeIgniter\CodeIgniter->run()
CRITICAL - 2023-09-28 04:32:51 --> Undefined variable $users
in APPPATH\Views\under_construction.php on line 105.
 1 APPPATH\Views\under_construction.php(105): CodeIgniter\Debug\Exceptions->errorHandler(2, 'Undefined variable $users', 'C:\\xampp8\\htdocs\\iso-optimize\\app\\Views\\under_construction.php', 105)
 2 SYSTEMPATH\View\View.php(224): include('C:\\xampp8\\htdocs\\iso-optimize\\app\\Views\\under_construction.php')
 3 SYSTEMPATH\View\View.php(227): CodeIgniter\View\View->CodeIgniter\View\{closure}()
 4 SYSTEMPATH\Common.php(1180): CodeIgniter\View\View->render('under_construction', [], true)
 5 APPPATH\Controllers\Under_Construction.php(10): view('under_construction')
 6 SYSTEMPATH\CodeIgniter.php(932): App\Controllers\Under_Construction->index()
 7 SYSTEMPATH\CodeIgniter.php(497): CodeIgniter\CodeIgniter->runController(Object(App\Controllers\Under_Construction))
 8 SYSTEMPATH\CodeIgniter.php(366): CodeIgniter\CodeIgniter->handleRequest(null, Object(Config\Cache), false)
 9 FCPATH\index.php(67): CodeIgniter\CodeIgniter->run()
CRITICAL - 2023-09-28 04:34:32 --> Undefined variable $data_requirement
in APPPATH\Views\Modal\Requirement_Modal.php on line 7.
 1 APPPATH\Views\Modal\Requirement_Modal.php(7): CodeIgniter\Debug\Exceptions->errorHandler(2, 'Undefined variable $data_requirement', 'C:\\xampp8\\htdocs\\iso-optimize\\app\\Views\\Modal\\Requirement_Modal.php', 7)
 2 SYSTEMPATH\View\View.php(224): include('C:\\xampp8\\htdocs\\iso-optimize\\app\\Views\\Modal\\Requirement_Modal.php')
 3 SYSTEMPATH\View\View.php(227): CodeIgniter\View\View->CodeIgniter\View\{closure}()
 4 SYSTEMPATH\View\View.php(452): CodeIgniter\View\View->render('Modal/Requirement_Modal', null, true)
 5 APPPATH\Views\under_construction.php(151): CodeIgniter\View\View->include('Modal/Requirement_Modal')
 6 SYSTEMPATH\View\View.php(224): include('C:\\xampp8\\htdocs\\iso-optimize\\app\\Views\\under_construction.php')
 7 SYSTEMPATH\View\View.php(227): CodeIgniter\View\View->CodeIgniter\View\{closure}()
 8 SYSTEMPATH\Common.php(1180): CodeIgniter\View\View->render('under_construction', [], true)
 9 APPPATH\Controllers\Under_Construction.php(10): view('under_construction')
10 SYSTEMPATH\CodeIgniter.php(932): App\Controllers\Under_Construction->index()
11 SYSTEMPATH\CodeIgniter.php(497): CodeIgniter\CodeIgniter->runController(Object(App\Controllers\Under_Construction))
12 SYSTEMPATH\CodeIgniter.php(366): CodeIgniter\CodeIgniter->handleRequest(null, Object(Config\Cache), false)
13 FCPATH\index.php(67): CodeIgniter\CodeIgniter->run()
CRITICAL - 2023-09-28 04:35:08 --> Undefined variable $data_requirement
in APPPATH\Views\Modal\Requirement_Modal.php on line 7.
 1 APPPATH\Views\Modal\Requirement_Modal.php(7): CodeIgniter\Debug\Exceptions->errorHandler(2, 'Undefined variable $data_requirement', 'C:\\xampp8\\htdocs\\iso-optimize\\app\\Views\\Modal\\Requirement_Modal.php', 7)
 2 SYSTEMPATH\View\View.php(224): include('C:\\xampp8\\htdocs\\iso-optimize\\app\\Views\\Modal\\Requirement_Modal.php')
 3 SYSTEMPATH\View\View.php(227): CodeIgniter\View\View->CodeIgniter\View\{closure}()
 4 SYSTEMPATH\View\View.php(452): CodeIgniter\View\View->render('Modal/Requirement_Modal', null, true)
 5 APPPATH\Views\under_construction.php(151): CodeIgniter\View\View->include('Modal/Requirement_Modal')
 6 SYSTEMPATH\View\View.php(224): include('C:\\xampp8\\htdocs\\iso-optimize\\app\\Views\\under_construction.php')
 7 SYSTEMPATH\View\View.php(227): CodeIgniter\View\View->CodeIgniter\View\{closure}()
 8 SYSTEMPATH\Common.php(1180): CodeIgniter\View\View->render('under_construction', [], true)
 9 APPPATH\Controllers\Under_Construction.php(10): view('under_construction')
10 SYSTEMPATH\CodeIgniter.php(932): App\Controllers\Under_Construction->index()
11 SYSTEMPATH\CodeIgniter.php(497): CodeIgniter\CodeIgniter->runController(Object(App\Controllers\Under_Construction))
12 SYSTEMPATH\CodeIgniter.php(366): CodeIgniter\CodeIgniter->handleRequest(null, Object(Config\Cache), false)
13 FCPATH\index.php(67): CodeIgniter\CodeIgniter->run()
CRITICAL - 2023-09-28 04:35:41 --> Undefined variable $data_requirement
in APPPATH\Views\Modal\Requirement_Modal.php on line 7.
 1 APPPATH\Views\Modal\Requirement_Modal.php(7): CodeIgniter\Debug\Exceptions->errorHandler(2, 'Undefined variable $data_requirement', 'C:\\xampp8\\htdocs\\iso-optimize\\app\\Views\\Modal\\Requirement_Modal.php', 7)
 2 SYSTEMPATH\View\View.php(224): include('C:\\xampp8\\htdocs\\iso-optimize\\app\\Views\\Modal\\Requirement_Modal.php')
 3 SYSTEMPATH\View\View.php(227): CodeIgniter\View\View->CodeIgniter\View\{closure}()
 4 SYSTEMPATH\View\View.php(452): CodeIgniter\View\View->render('Modal/Requirement_Modal', null, true)
 5 APPPATH\Views\under_construction.php(151): CodeIgniter\View\View->include('Modal/Requirement_Modal')
 6 SYSTEMPATH\View\View.php(224): include('C:\\xampp8\\htdocs\\iso-optimize\\app\\Views\\under_construction.php')
 7 SYSTEMPATH\View\View.php(227): CodeIgniter\View\View->CodeIgniter\View\{closure}()
 8 SYSTEMPATH\Common.php(1180): CodeIgniter\View\View->render('under_construction', [], true)
 9 APPPATH\Controllers\Under_Construction.php(10): view('under_construction')
10 SYSTEMPATH\CodeIgniter.php(932): App\Controllers\Under_Construction->index()
11 SYSTEMPATH\CodeIgniter.php(497): CodeIgniter\CodeIgniter->runController(Object(App\Controllers\Under_Construction))
12 SYSTEMPATH\CodeIgniter.php(366): CodeIgniter\CodeIgniter->handleRequest(null, Object(Config\Cache), false)
13 FCPATH\index.php(67): CodeIgniter\CodeIgniter->run()
