CRITICAL - 2023-08-22 06:39:17 --> Undefined variable $data
in APPPATH\Views\Modal\Context_Ver.php on line 14.
 1 APPPATH\Views\Modal\Context_Ver.php(14): CodeIgniter\Debug\Exceptions->errorHandler(2, 'Undefined variable $data', 'C:\\xampp\\htdocs\\isms-project\\app\\Views\\Modal\\Context_Ver.php', 14)
 2 SYSTEMPATH\View\View.php(224): include('C:\\xampp\\htdocs\\isms-project\\app\\Views\\Modal\\Context_Ver.php')
 3 SYSTEMPATH\View\View.php(227): CodeIgniter\View\View->CodeIgniter\View\{closure}()
 4 SYSTEMPATH\View\View.php(452): CodeIgniter\View\View->render('Modal/Context_Ver', null, true)
 5 APPPATH\Views\Context\context-ana\context_ana.php(222): CodeIgniter\View\View->include('Modal/Context_Ver')
 6 SYSTEMPATH\View\View.php(224): include('C:\\xampp\\htdocs\\isms-project\\app\\Views\\Context\\context-ana\\context_ana.php')
 7 SYSTEMPATH\View\View.php(227): CodeIgniter\View\View->CodeIgniter\View\{closure}()
 8 SYSTEMPATH\Common.php(1180): CodeIgniter\View\View->render('Context/context-ana/context_ana', [], true)
 9 APPPATH\Controllers\ContextController.php(71): view('Context/context-ana/context_ana', [...])
10 SYSTEMPATH\CodeIgniter.php(932): App\Controllers\ContextController->context_analysis_index()
11 SYSTEMPATH\CodeIgniter.php(497): CodeIgniter\CodeIgniter->runController(Object(App\Controllers\ContextController))
12 SYSTEMPATH\CodeIgniter.php(366): CodeIgniter\CodeIgniter->handleRequest(null, Object(Config\Cache), false)
13 FCPATH\index.php(67): CodeIgniter\CodeIgniter->run()
CRITICAL - 2023-08-22 06:40:48 --> Undefined variable $data
in APPPATH\Views\Modal\Context_Ver.php on line 71.
 1 APPPATH\Views\Modal\Context_Ver.php(71): CodeIgniter\Debug\Exceptions->errorHandler(2, 'Undefined variable $data', 'C:\\xampp\\htdocs\\isms-project\\app\\Views\\Modal\\Context_Ver.php', 71)
 2 SYSTEMPATH\View\View.php(224): include('C:\\xampp\\htdocs\\isms-project\\app\\Views\\Modal\\Context_Ver.php')
 3 SYSTEMPATH\View\View.php(227): CodeIgniter\View\View->CodeIgniter\View\{closure}()
 4 SYSTEMPATH\View\View.php(452): CodeIgniter\View\View->render('Modal/Context_Ver', null, true)
 5 APPPATH\Views\Context\context-ana\context_ana.php(222): CodeIgniter\View\View->include('Modal/Context_Ver')
 6 SYSTEMPATH\View\View.php(224): include('C:\\xampp\\htdocs\\isms-project\\app\\Views\\Context\\context-ana\\context_ana.php')
 7 SYSTEMPATH\View\View.php(227): CodeIgniter\View\View->CodeIgniter\View\{closure}()
 8 SYSTEMPATH\Common.php(1180): CodeIgniter\View\View->render('Context/context-ana/context_ana', [], true)
 9 APPPATH\Controllers\ContextController.php(71): view('Context/context-ana/context_ana', [...])
10 SYSTEMPATH\CodeIgniter.php(932): App\Controllers\ContextController->context_analysis_index()
11 SYSTEMPATH\CodeIgniter.php(497): CodeIgniter\CodeIgniter->runController(Object(App\Controllers\ContextController))
12 SYSTEMPATH\CodeIgniter.php(366): CodeIgniter\CodeIgniter->handleRequest(null, Object(Config\Cache), false)
13 FCPATH\index.php(67): CodeIgniter\CodeIgniter->run()
CRITICAL - 2023-08-22 06:41:02 --> Undefined variable $data
in APPPATH\Views\Modal\Context_Ver.php on line 71.
 1 APPPATH\Views\Modal\Context_Ver.php(71): CodeIgniter\Debug\Exceptions->errorHandler(2, 'Undefined variable $data', 'C:\\xampp\\htdocs\\isms-project\\app\\Views\\Modal\\Context_Ver.php', 71)
 2 SYSTEMPATH\View\View.php(224): include('C:\\xampp\\htdocs\\isms-project\\app\\Views\\Modal\\Context_Ver.php')
 3 SYSTEMPATH\View\View.php(227): CodeIgniter\View\View->CodeIgniter\View\{closure}()
 4 SYSTEMPATH\View\View.php(452): CodeIgniter\View\View->render('Modal/Context_Ver', null, true)
 5 APPPATH\Views\Context\context-ana\context_ana.php(222): CodeIgniter\View\View->include('Modal/Context_Ver')
 6 SYSTEMPATH\View\View.php(224): include('C:\\xampp\\htdocs\\isms-project\\app\\Views\\Context\\context-ana\\context_ana.php')
 7 SYSTEMPATH\View\View.php(227): CodeIgniter\View\View->CodeIgniter\View\{closure}()
 8 SYSTEMPATH\Common.php(1180): CodeIgniter\View\View->render('Context/context-ana/context_ana', [], true)
 9 APPPATH\Controllers\ContextController.php(71): view('Context/context-ana/context_ana', [...])
10 SYSTEMPATH\CodeIgniter.php(932): App\Controllers\ContextController->context_analysis_index()
11 SYSTEMPATH\CodeIgniter.php(497): CodeIgniter\CodeIgniter->runController(Object(App\Controllers\ContextController))
12 SYSTEMPATH\CodeIgniter.php(366): CodeIgniter\CodeIgniter->handleRequest(null, Object(Config\Cache), false)
13 FCPATH\index.php(67): CodeIgniter\CodeIgniter->run()
CRITICAL - 2023-08-22 06:41:51 --> Undefined variable $data
in APPPATH\Views\Modal\Context_Ver.php on line 71.
 1 APPPATH\Views\Modal\Context_Ver.php(71): CodeIgniter\Debug\Exceptions->errorHandler(2, 'Undefined variable $data', 'C:\\xampp\\htdocs\\isms-project\\app\\Views\\Modal\\Context_Ver.php', 71)
 2 SYSTEMPATH\View\View.php(224): include('C:\\xampp\\htdocs\\isms-project\\app\\Views\\Modal\\Context_Ver.php')
 3 SYSTEMPATH\View\View.php(227): CodeIgniter\View\View->CodeIgniter\View\{closure}()
 4 SYSTEMPATH\View\View.php(452): CodeIgniter\View\View->render('Modal/Context_Ver', null, true)
 5 APPPATH\Views\Context\context-ana\context_ana.php(222): CodeIgniter\View\View->include('Modal/Context_Ver')
 6 SYSTEMPATH\View\View.php(224): include('C:\\xampp\\htdocs\\isms-project\\app\\Views\\Context\\context-ana\\context_ana.php')
 7 SYSTEMPATH\View\View.php(227): CodeIgniter\View\View->CodeIgniter\View\{closure}()
 8 SYSTEMPATH\Common.php(1180): CodeIgniter\View\View->render('Context/context-ana/context_ana', [], true)
 9 APPPATH\Controllers\ContextController.php(71): view('Context/context-ana/context_ana', [...])
10 SYSTEMPATH\CodeIgniter.php(932): App\Controllers\ContextController->context_analysis_index()
11 SYSTEMPATH\CodeIgniter.php(497): CodeIgniter\CodeIgniter->runController(Object(App\Controllers\ContextController))
12 SYSTEMPATH\CodeIgniter.php(366): CodeIgniter\CodeIgniter->handleRequest(null, Object(Config\Cache), false)
13 FCPATH\index.php(67): CodeIgniter\CodeIgniter->run()
CRITICAL - 2023-08-22 06:41:55 --> Undefined variable $data
in APPPATH\Views\Modal\Context_Ver.php on line 71.
 1 APPPATH\Views\Modal\Context_Ver.php(71): CodeIgniter\Debug\Exceptions->errorHandler(2, 'Undefined variable $data', 'C:\\xampp\\htdocs\\isms-project\\app\\Views\\Modal\\Context_Ver.php', 71)
 2 SYSTEMPATH\View\View.php(224): include('C:\\xampp\\htdocs\\isms-project\\app\\Views\\Modal\\Context_Ver.php')
 3 SYSTEMPATH\View\View.php(227): CodeIgniter\View\View->CodeIgniter\View\{closure}()
 4 SYSTEMPATH\View\View.php(452): CodeIgniter\View\View->render('Modal/Context_Ver', null, true)
 5 APPPATH\Views\Context\context-ana\context_ana.php(222): CodeIgniter\View\View->include('Modal/Context_Ver')
 6 SYSTEMPATH\View\View.php(224): include('C:\\xampp\\htdocs\\isms-project\\app\\Views\\Context\\context-ana\\context_ana.php')
 7 SYSTEMPATH\View\View.php(227): CodeIgniter\View\View->CodeIgniter\View\{closure}()
 8 SYSTEMPATH\Common.php(1180): CodeIgniter\View\View->render('Context/context-ana/context_ana', [], true)
 9 APPPATH\Controllers\ContextController.php(71): view('Context/context-ana/context_ana', [...])
10 SYSTEMPATH\CodeIgniter.php(932): App\Controllers\ContextController->context_analysis_index()
11 SYSTEMPATH\CodeIgniter.php(497): CodeIgniter\CodeIgniter->runController(Object(App\Controllers\ContextController))
12 SYSTEMPATH\CodeIgniter.php(366): CodeIgniter\CodeIgniter->handleRequest(null, Object(Config\Cache), false)
13 FCPATH\index.php(67): CodeIgniter\CodeIgniter->run()
CRITICAL - 2023-08-22 07:14:58 --> Undefined variable $data
in APPPATH\Views\Modal\CRUD_Context_modal.php on line 65.
 1 APPPATH\Views\Modal\CRUD_Context_modal.php(65): CodeIgniter\Debug\Exceptions->errorHandler(2, 'Undefined variable $data', 'C:\\xampp\\htdocs\\isms-project\\app\\Views\\Modal\\CRUD_Context_modal.php', 65)
 2 SYSTEMPATH\View\View.php(224): include('C:\\xampp\\htdocs\\isms-project\\app\\Views\\Modal\\CRUD_Context_modal.php')
 3 SYSTEMPATH\View\View.php(227): CodeIgniter\View\View->CodeIgniter\View\{closure}()
 4 SYSTEMPATH\View\View.php(452): CodeIgniter\View\View->render('Modal/CRUD_Context_modal', null, true)
 5 APPPATH\Views\Context\context-ana\context_ana.php(115): CodeIgniter\View\View->include('Modal/CRUD_Context_modal')
 6 SYSTEMPATH\View\View.php(224): include('C:\\xampp\\htdocs\\isms-project\\app\\Views\\Context\\context-ana\\context_ana.php')
 7 SYSTEMPATH\View\View.php(227): CodeIgniter\View\View->CodeIgniter\View\{closure}()
 8 SYSTEMPATH\Common.php(1180): CodeIgniter\View\View->render('Context/context-ana/context_ana', [], true)
 9 APPPATH\Controllers\ContextController.php(71): view('Context/context-ana/context_ana', [...])
10 SYSTEMPATH\CodeIgniter.php(932): App\Controllers\ContextController->context_analysis_index()
11 SYSTEMPATH\CodeIgniter.php(497): CodeIgniter\CodeIgniter->runController(Object(App\Controllers\ContextController))
12 SYSTEMPATH\CodeIgniter.php(366): CodeIgniter\CodeIgniter->handleRequest(null, Object(Config\Cache), false)
13 FCPATH\index.php(67): CodeIgniter\CodeIgniter->run()
