CRITICAL - 2023-09-21 08:06:54 --> Undefined variable $check
in APPPATH\Controllers\ISMS_ProcessController.php on line 62.
 1 APPPATH\Controllers\ISMS_ProcessController.php(62): CodeIgniter\Debug\Exceptions->errorHandler(2, 'Undefined variable $check', 'C:\\xampp8\\htdocs\\iso-optimize\\app\\Controllers\\ISMS_ProcessController.php', 62)
 2 SYSTEMPATH\CodeIgniter.php(932): App\Controllers\ISMS_ProcessController->store('78', '0')
 3 SYSTEMPATH\CodeIgniter.php(497): CodeIgniter\CodeIgniter->runController(Object(App\Controllers\ISMS_ProcessController))
 4 SYSTEMPATH\CodeIgniter.php(366): CodeIgniter\CodeIgniter->handleRequest(null, Object(Config\Cache), false)
 5 FCPATH\index.php(67): CodeIgniter\CodeIgniter->run()
CRITICAL - 2023-09-21 08:12:47 --> Undefined variable $check
in APPPATH\Controllers\ISMS_ProcessController.php on line 62.
 1 APPPATH\Controllers\ISMS_ProcessController.php(62): CodeIgniter\Debug\Exceptions->errorHandler(2, 'Undefined variable $check', 'C:\\xampp8\\htdocs\\iso-optimize\\app\\Controllers\\ISMS_ProcessController.php', 62)
 2 SYSTEMPATH\CodeIgniter.php(932): App\Controllers\ISMS_ProcessController->store('78', '0')
 3 SYSTEMPATH\CodeIgniter.php(497): CodeIgniter\CodeIgniter->runController(Object(App\Controllers\ISMS_ProcessController))
 4 SYSTEMPATH\CodeIgniter.php(366): CodeIgniter\CodeIgniter->handleRequest(null, Object(Config\Cache), false)
 5 FCPATH\index.php(67): CodeIgniter\CodeIgniter->run()
CRITICAL - 2023-09-21 08:13:04 --> Call to a member function isValid() on null
in APPPATH\Controllers\ISMS_ProcessController.php on line 45.
 1 SYSTEMPATH\CodeIgniter.php(932): App\Controllers\ISMS_ProcessController->store('78', '0')
 2 SYSTEMPATH\CodeIgniter.php(497): CodeIgniter\CodeIgniter->runController(Object(App\Controllers\ISMS_ProcessController))
 3 SYSTEMPATH\CodeIgniter.php(366): CodeIgniter\CodeIgniter->handleRequest(null, Object(Config\Cache), false)
 4 FCPATH\index.php(67): CodeIgniter\CodeIgniter->run()
CRITICAL - 2023-09-21 08:15:10 --> Undefined variable $check
in APPPATH\Controllers\ISMS_ProcessController.php on line 61.
 1 APPPATH\Controllers\ISMS_ProcessController.php(61): CodeIgniter\Debug\Exceptions->errorHandler(2, 'Undefined variable $check', 'C:\\xampp8\\htdocs\\iso-optimize\\app\\Controllers\\ISMS_ProcessController.php', 61)
 2 SYSTEMPATH\CodeIgniter.php(932): App\Controllers\ISMS_ProcessController->store('78', '0')
 3 SYSTEMPATH\CodeIgniter.php(497): CodeIgniter\CodeIgniter->runController(Object(App\Controllers\ISMS_ProcessController))
 4 SYSTEMPATH\CodeIgniter.php(366): CodeIgniter\CodeIgniter->handleRequest(null, Object(Config\Cache), false)
 5 FCPATH\index.php(67): CodeIgniter\CodeIgniter->run()
CRITICAL - 2023-09-21 08:20:47 --> Undefined variable $check
in APPPATH\Controllers\ISMS_ProcessController.php on line 61.
 1 APPPATH\Controllers\ISMS_ProcessController.php(61): CodeIgniter\Debug\Exceptions->errorHandler(2, 'Undefined variable $check', 'C:\\xampp8\\htdocs\\iso-optimize\\app\\Controllers\\ISMS_ProcessController.php', 61)
 2 SYSTEMPATH\CodeIgniter.php(932): App\Controllers\ISMS_ProcessController->store('78', '0')
 3 SYSTEMPATH\CodeIgniter.php(497): CodeIgniter\CodeIgniter->runController(Object(App\Controllers\ISMS_ProcessController))
 4 SYSTEMPATH\CodeIgniter.php(366): CodeIgniter\CodeIgniter->handleRequest(null, Object(Config\Cache), false)
 5 FCPATH\index.php(67): CodeIgniter\CodeIgniter->run()
CRITICAL - 2023-09-21 08:27:38 --> Undefined variable $check
in APPPATH\Controllers\ISMS_ProcessController.php on line 61.
 1 APPPATH\Controllers\ISMS_ProcessController.php(61): CodeIgniter\Debug\Exceptions->errorHandler(2, 'Undefined variable $check', 'C:\\xampp8\\htdocs\\iso-optimize\\app\\Controllers\\ISMS_ProcessController.php', 61)
 2 SYSTEMPATH\CodeIgniter.php(932): App\Controllers\ISMS_ProcessController->store('78', '0')
 3 SYSTEMPATH\CodeIgniter.php(497): CodeIgniter\CodeIgniter->runController(Object(App\Controllers\ISMS_ProcessController))
 4 SYSTEMPATH\CodeIgniter.php(366): CodeIgniter\CodeIgniter->handleRequest(null, Object(Config\Cache), false)
 5 FCPATH\index.php(67): CodeIgniter\CodeIgniter->run()
CRITICAL - 2023-09-21 08:28:03 --> Call to a member function isValid() on null
in APPPATH\Controllers\ISMS_ProcessController.php on line 44.
 1 SYSTEMPATH\CodeIgniter.php(932): App\Controllers\ISMS_ProcessController->store('78', '0')
 2 SYSTEMPATH\CodeIgniter.php(497): CodeIgniter\CodeIgniter->runController(Object(App\Controllers\ISMS_ProcessController))
 3 SYSTEMPATH\CodeIgniter.php(366): CodeIgniter\CodeIgniter->handleRequest(null, Object(Config\Cache), false)
 4 FCPATH\index.php(67): CodeIgniter\CodeIgniter->run()
CRITICAL - 2023-09-21 08:29:17 --> Undefined variable $check
in APPPATH\Controllers\ISMS_ProcessController.php on line 61.
 1 APPPATH\Controllers\ISMS_ProcessController.php(61): CodeIgniter\Debug\Exceptions->errorHandler(2, 'Undefined variable $check', 'C:\\xampp8\\htdocs\\iso-optimize\\app\\Controllers\\ISMS_ProcessController.php', 61)
 2 SYSTEMPATH\CodeIgniter.php(932): App\Controllers\ISMS_ProcessController->store('78', '0')
 3 SYSTEMPATH\CodeIgniter.php(497): CodeIgniter\CodeIgniter->runController(Object(App\Controllers\ISMS_ProcessController))
 4 SYSTEMPATH\CodeIgniter.php(366): CodeIgniter\CodeIgniter->handleRequest(null, Object(Config\Cache), false)
 5 FCPATH\index.php(67): CodeIgniter\CodeIgniter->run()
CRITICAL - 2023-09-21 08:29:27 --> Call to a member function isValid() on null
in APPPATH\Controllers\ISMS_ProcessController.php on line 44.
 1 SYSTEMPATH\CodeIgniter.php(932): App\Controllers\ISMS_ProcessController->store('78', '0')
 2 SYSTEMPATH\CodeIgniter.php(497): CodeIgniter\CodeIgniter->runController(Object(App\Controllers\ISMS_ProcessController))
 3 SYSTEMPATH\CodeIgniter.php(366): CodeIgniter\CodeIgniter->handleRequest(null, Object(Config\Cache), false)
 4 FCPATH\index.php(67): CodeIgniter\CodeIgniter->run()
CRITICAL - 2023-09-21 08:30:14 --> Undefined variable $check
in APPPATH\Controllers\ISMS_ProcessController.php on line 61.
 1 APPPATH\Controllers\ISMS_ProcessController.php(61): CodeIgniter\Debug\Exceptions->errorHandler(2, 'Undefined variable $check', 'C:\\xampp8\\htdocs\\iso-optimize\\app\\Controllers\\ISMS_ProcessController.php', 61)
 2 SYSTEMPATH\CodeIgniter.php(932): App\Controllers\ISMS_ProcessController->store('78', '0')
 3 SYSTEMPATH\CodeIgniter.php(497): CodeIgniter\CodeIgniter->runController(Object(App\Controllers\ISMS_ProcessController))
 4 SYSTEMPATH\CodeIgniter.php(366): CodeIgniter\CodeIgniter->handleRequest(null, Object(Config\Cache), false)
 5 FCPATH\index.php(67): CodeIgniter\CodeIgniter->run()
CRITICAL - 2023-09-21 08:30:26 --> Call to a member function isValid() on null
in APPPATH\Controllers\ISMS_ProcessController.php on line 44.
 1 SYSTEMPATH\CodeIgniter.php(932): App\Controllers\ISMS_ProcessController->store('78', '0')
 2 SYSTEMPATH\CodeIgniter.php(497): CodeIgniter\CodeIgniter->runController(Object(App\Controllers\ISMS_ProcessController))
 3 SYSTEMPATH\CodeIgniter.php(366): CodeIgniter\CodeIgniter->handleRequest(null, Object(Config\Cache), false)
 4 FCPATH\index.php(67): CodeIgniter\CodeIgniter->run()
CRITICAL - 2023-09-21 08:57:19 --> syntax error, unexpected token ";"
in APPPATH\Controllers\AllversionController.php on line 294.
 1 SYSTEMPATH\Autoloader\Autoloader.php(289): CodeIgniter\Autoloader\Autoloader->includeFile('C:\\xampp8\\htdocs\\iso-optimize\\app\\Controllers\\AllversionController.php')
 2 SYSTEMPATH\Autoloader\Autoloader.php(267): CodeIgniter\Autoloader\Autoloader->loadInNamespace('App\\Controllers\\AllversionController')
 3 [internal function]: CodeIgniter\Autoloader\Autoloader->loadClass('App\\Controllers\\AllversionController')
 4 SYSTEMPATH\CodeIgniter.php(890): class_exists('\\App\\Controllers\\AllversionController', true)
 5 SYSTEMPATH\CodeIgniter.php(484): CodeIgniter\CodeIgniter->startController()
 6 SYSTEMPATH\CodeIgniter.php(366): CodeIgniter\CodeIgniter->handleRequest(null, Object(Config\Cache), false)
 7 FCPATH\index.php(67): CodeIgniter\CodeIgniter->run()
CRITICAL - 2023-09-21 08:58:24 --> syntax error, unexpected token ";"
in APPPATH\Controllers\AllversionController.php on line 294.
 1 SYSTEMPATH\Autoloader\Autoloader.php(289): CodeIgniter\Autoloader\Autoloader->includeFile('C:\\xampp8\\htdocs\\iso-optimize\\app\\Controllers\\AllversionController.php')
 2 SYSTEMPATH\Autoloader\Autoloader.php(267): CodeIgniter\Autoloader\Autoloader->loadInNamespace('App\\Controllers\\AllversionController')
 3 [internal function]: CodeIgniter\Autoloader\Autoloader->loadClass('App\\Controllers\\AllversionController')
 4 SYSTEMPATH\CodeIgniter.php(890): class_exists('\\App\\Controllers\\AllversionController', true)
 5 SYSTEMPATH\CodeIgniter.php(484): CodeIgniter\CodeIgniter->startController()
 6 SYSTEMPATH\CodeIgniter.php(366): CodeIgniter\CodeIgniter->handleRequest(null, Object(Config\Cache), false)
 7 FCPATH\index.php(67): CodeIgniter\CodeIgniter->run()
CRITICAL - 2023-09-21 08:58:53 --> syntax error, unexpected token ";"
in APPPATH\Controllers\AllversionController.php on line 294.
 1 SYSTEMPATH\Autoloader\Autoloader.php(289): CodeIgniter\Autoloader\Autoloader->includeFile('C:\\xampp8\\htdocs\\iso-optimize\\app\\Controllers\\AllversionController.php')
 2 SYSTEMPATH\Autoloader\Autoloader.php(267): CodeIgniter\Autoloader\Autoloader->loadInNamespace('App\\Controllers\\AllversionController')
 3 [internal function]: CodeIgniter\Autoloader\Autoloader->loadClass('App\\Controllers\\AllversionController')
 4 SYSTEMPATH\CodeIgniter.php(890): class_exists('\\App\\Controllers\\AllversionController', true)
 5 SYSTEMPATH\CodeIgniter.php(484): CodeIgniter\CodeIgniter->startController()
 6 SYSTEMPATH\CodeIgniter.php(366): CodeIgniter\CodeIgniter->handleRequest(null, Object(Config\Cache), false)
 7 FCPATH\index.php(67): CodeIgniter\CodeIgniter->run()
CRITICAL - 2023-09-21 09:04:45 --> syntax error, unexpected token ";"
in APPPATH\Controllers\AllversionController.php on line 294.
 1 SYSTEMPATH\Autoloader\Autoloader.php(289): CodeIgniter\Autoloader\Autoloader->includeFile('C:\\xampp8\\htdocs\\iso-optimize\\app\\Controllers\\AllversionController.php')
 2 SYSTEMPATH\Autoloader\Autoloader.php(267): CodeIgniter\Autoloader\Autoloader->loadInNamespace('App\\Controllers\\AllversionController')
 3 [internal function]: CodeIgniter\Autoloader\Autoloader->loadClass('App\\Controllers\\AllversionController')
 4 SYSTEMPATH\CodeIgniter.php(890): class_exists('\\App\\Controllers\\AllversionController', true)
 5 SYSTEMPATH\CodeIgniter.php(484): CodeIgniter\CodeIgniter->startController()
 6 SYSTEMPATH\CodeIgniter.php(366): CodeIgniter\CodeIgniter->handleRequest(null, Object(Config\Cache), false)
 7 FCPATH\index.php(67): CodeIgniter\CodeIgniter->run()
CRITICAL - 2023-09-21 09:05:00 --> syntax error, unexpected token ";"
in APPPATH\Controllers\AllversionController.php on line 294.
 1 SYSTEMPATH\Autoloader\Autoloader.php(289): CodeIgniter\Autoloader\Autoloader->includeFile('C:\\xampp8\\htdocs\\iso-optimize\\app\\Controllers\\AllversionController.php')
 2 SYSTEMPATH\Autoloader\Autoloader.php(267): CodeIgniter\Autoloader\Autoloader->loadInNamespace('App\\Controllers\\AllversionController')
 3 [internal function]: CodeIgniter\Autoloader\Autoloader->loadClass('App\\Controllers\\AllversionController')
 4 SYSTEMPATH\CodeIgniter.php(890): class_exists('\\App\\Controllers\\AllversionController', true)
 5 SYSTEMPATH\CodeIgniter.php(484): CodeIgniter\CodeIgniter->startController()
 6 SYSTEMPATH\CodeIgniter.php(366): CodeIgniter\CodeIgniter->handleRequest(null, Object(Config\Cache), false)
 7 FCPATH\index.php(67): CodeIgniter\CodeIgniter->run()
CRITICAL - 2023-09-21 09:05:03 --> syntax error, unexpected token ";"
in APPPATH\Controllers\AllversionController.php on line 294.
 1 SYSTEMPATH\Autoloader\Autoloader.php(289): CodeIgniter\Autoloader\Autoloader->includeFile('C:\\xampp8\\htdocs\\iso-optimize\\app\\Controllers\\AllversionController.php')
 2 SYSTEMPATH\Autoloader\Autoloader.php(267): CodeIgniter\Autoloader\Autoloader->loadInNamespace('App\\Controllers\\AllversionController')
 3 [internal function]: CodeIgniter\Autoloader\Autoloader->loadClass('App\\Controllers\\AllversionController')
 4 SYSTEMPATH\CodeIgniter.php(890): class_exists('\\App\\Controllers\\AllversionController', true)
 5 SYSTEMPATH\CodeIgniter.php(484): CodeIgniter\CodeIgniter->startController()
 6 SYSTEMPATH\CodeIgniter.php(366): CodeIgniter\CodeIgniter->handleRequest(null, Object(Config\Cache), false)
 7 FCPATH\index.php(67): CodeIgniter\CodeIgniter->run()
CRITICAL - 2023-09-21 09:09:26 --> syntax error, unexpected token ";"
in APPPATH\Controllers\AllversionController.php on line 294.
 1 SYSTEMPATH\Autoloader\Autoloader.php(289): CodeIgniter\Autoloader\Autoloader->includeFile('C:\\xampp8\\htdocs\\iso-optimize\\app\\Controllers\\AllversionController.php')
 2 SYSTEMPATH\Autoloader\Autoloader.php(267): CodeIgniter\Autoloader\Autoloader->loadInNamespace('App\\Controllers\\AllversionController')
 3 [internal function]: CodeIgniter\Autoloader\Autoloader->loadClass('App\\Controllers\\AllversionController')
 4 SYSTEMPATH\CodeIgniter.php(890): class_exists('\\App\\Controllers\\AllversionController', true)
 5 SYSTEMPATH\CodeIgniter.php(484): CodeIgniter\CodeIgniter->startController()
 6 SYSTEMPATH\CodeIgniter.php(366): CodeIgniter\CodeIgniter->handleRequest(null, Object(Config\Cache), false)
 7 FCPATH\index.php(67): CodeIgniter\CodeIgniter->run()
CRITICAL - 2023-09-21 09:21:50 --> syntax error, unexpected token ";"
in APPPATH\Controllers\AllversionController.php on line 383.
 1 SYSTEMPATH\Autoloader\Autoloader.php(289): CodeIgniter\Autoloader\Autoloader->includeFile('C:\\xampp8\\htdocs\\iso-optimize\\app\\Controllers\\AllversionController.php')
 2 SYSTEMPATH\Autoloader\Autoloader.php(267): CodeIgniter\Autoloader\Autoloader->loadInNamespace('App\\Controllers\\AllversionController')
 3 [internal function]: CodeIgniter\Autoloader\Autoloader->loadClass('App\\Controllers\\AllversionController')
 4 SYSTEMPATH\CodeIgniter.php(890): class_exists('\\App\\Controllers\\AllversionController', true)
 5 SYSTEMPATH\CodeIgniter.php(484): CodeIgniter\CodeIgniter->startController()
 6 SYSTEMPATH\CodeIgniter.php(366): CodeIgniter\CodeIgniter->handleRequest(null, Object(Config\Cache), false)
 7 FCPATH\index.php(67): CodeIgniter\CodeIgniter->run()
