CRITICAL - 2023-08-29 04:04:06 --> rmdir(public/uploads/1/): No such file or directory
in APPPATH\Controllers\ContextController.php on line 335.
 1 [internal function]: CodeIgniter\Debug\Exceptions->errorHandler(2, 'rmdir(public/uploads/1/): No such file or directory', 'C:\\xampp\\htdocs\\isms-project\\app\\Controllers\\ContextController.php', 335)
 2 APPPATH\Controllers\ContextController.php(335): rmdir('public/uploads/1/')
 3 SYSTEMPATH\CodeIgniter.php(932): App\Controllers\ContextController->delete('2')
 4 SYSTEMPATH\CodeIgniter.php(497): CodeIgniter\CodeIgniter->runController(Object(App\Controllers\ContextController))
 5 SYSTEMPATH\CodeIgniter.php(366): CodeIgniter\CodeIgniter->handleRequest(null, Object(Config\Cache), false)
 6 FCPATH\index.php(67): CodeIgniter\CodeIgniter->run()
CRITICAL - 2023-08-29 04:04:14 --> rmdir(public/uploads/1/): No such file or directory
in APPPATH\Controllers\ContextController.php on line 335.
 1 [internal function]: CodeIgniter\Debug\Exceptions->errorHandler(2, 'rmdir(public/uploads/1/): No such file or directory', 'C:\\xampp\\htdocs\\isms-project\\app\\Controllers\\ContextController.php', 335)
 2 APPPATH\Controllers\ContextController.php(335): rmdir('public/uploads/1/')
 3 SYSTEMPATH\CodeIgniter.php(932): App\Controllers\ContextController->delete('2')
 4 SYSTEMPATH\CodeIgniter.php(497): CodeIgniter\CodeIgniter->runController(Object(App\Controllers\ContextController))
 5 SYSTEMPATH\CodeIgniter.php(366): CodeIgniter\CodeIgniter->handleRequest(null, Object(Config\Cache), false)
 6 FCPATH\index.php(67): CodeIgniter\CodeIgniter->run()
CRITICAL - 2023-08-29 04:04:17 --> rmdir(public/uploads/1/): No such file or directory
in APPPATH\Controllers\ContextController.php on line 335.
 1 [internal function]: CodeIgniter\Debug\Exceptions->errorHandler(2, 'rmdir(public/uploads/1/): No such file or directory', 'C:\\xampp\\htdocs\\isms-project\\app\\Controllers\\ContextController.php', 335)
 2 APPPATH\Controllers\ContextController.php(335): rmdir('public/uploads/1/')
 3 SYSTEMPATH\CodeIgniter.php(932): App\Controllers\ContextController->delete('2')
 4 SYSTEMPATH\CodeIgniter.php(497): CodeIgniter\CodeIgniter->runController(Object(App\Controllers\ContextController))
 5 SYSTEMPATH\CodeIgniter.php(366): CodeIgniter\CodeIgniter->handleRequest(null, Object(Config\Cache), false)
 6 FCPATH\index.php(67): CodeIgniter\CodeIgniter->run()
CRITICAL - 2023-08-29 08:57:07 --> Undefined variable $data
in APPPATH\Views\dashboard.php on line 235.
 1 APPPATH\Views\dashboard.php(235): CodeIgniter\Debug\Exceptions->errorHandler(2, 'Undefined variable $data', 'C:\\xampp\\htdocs\\isms-project\\app\\Views\\dashboard.php', 235)
 2 SYSTEMPATH\View\View.php(224): include('C:\\xampp\\htdocs\\isms-project\\app\\Views\\dashboard.php')
 3 SYSTEMPATH\View\View.php(227): CodeIgniter\View\View->CodeIgniter\View\{closure}()
 4 SYSTEMPATH\Common.php(1180): CodeIgniter\View\View->render('dashboard', [], true)
 5 APPPATH\Controllers\Home.php(28): view('dashboard', [...])
 6 SYSTEMPATH\CodeIgniter.php(932): App\Controllers\Home->index()
 7 SYSTEMPATH\CodeIgniter.php(497): CodeIgniter\CodeIgniter->runController(Object(App\Controllers\Home))
 8 SYSTEMPATH\CodeIgniter.php(366): CodeIgniter\CodeIgniter->handleRequest(null, Object(Config\Cache), false)
 9 FCPATH\index.php(67): CodeIgniter\CodeIgniter->run()
